#
# There is insufficient memory for the Java Runtime Environment to continue.
# Native memory allocation (malloc) failed to allocate 32744 bytes for ChunkPool::allocate
# Possible reasons:
#   The system is out of physical RAM or swap space
#   The process is running with CompressedOops enabled, and the Java Heap may be blocking the growth of the native heap
# Possible solutions:
#   Reduce memory load on the system
#   Increase physical memory or swap space
#   Check if swap backing store is full
#   Decrease Java heap size (-Xmx/-Xms)
#   Decrease number of Java threads
#   Decrease Java thread stack sizes (-Xss)
#   Set larger code cache with -XX:ReservedCodeCacheSize=
#   JVM is running with Unscaled Compressed Oops mode in which the Java heap is
#     placed in the first 4GB address space. The Java Heap base address is the
#     maximum limit for the native heap growth. Please use -XX:HeapBaseMinAddress
#     to set the Java Heap base and to place the Java Heap above 4GB virtual address.
# This output file may be truncated or incomplete.
#
#  Out of Memory Error (arena.cpp:78), pid=1948, tid=2308
#
# JRE version: Java(TM) SE Runtime Environment (17.0.6+9) (build 17.0.6+9-LTS-190)
# Java VM: Java HotSpot(TM) 64-Bit Server VM (17.0.6+9-LTS-190, mixed mode, sharing, tiered, compressed oops, compressed class ptrs, parallel gc, windows-amd64)
# No core dump will be written. Minidumps are not enabled by default on client versions of Windows
#

---------------  S U M M A R Y ------------

Command Line: --add-modules=ALL-SYSTEM --add-opens=java.base/java.util=ALL-UNNAMED --add-opens=java.base/java.lang=ALL-UNNAMED --add-opens=java.base/sun.nio.fs=ALL-UNNAMED -Declipse.application=org.eclipse.jdt.ls.core.id1 -Dosgi.bundles.defaultStartLevel=4 -Declipse.product=org.eclipse.jdt.ls.core.product -Djava.import.generatesMetadataFilesAtProjectRoot=false -Dfile.encoding=utf8 -XX:+UseParallelGC -XX:GCTimeRatio=4 -XX:AdaptiveSizePolicyWeight=90 -Dsun.zip.disableMemoryMapping=true -Xmx1G -Xms100m -Xlog:disable -javaagent:c:\Users\nat24\.vscode\extensions\redhat.java-1.16.0-win32-x64\lombok\lombok-1.18.24.jar -XX:+HeapDumpOnOutOfMemoryError -XX:HeapDumpPath=c:\Users\nat24\AppData\Roaming\Code\User\workspaceStorage\7ee068461fea0a2cbf1ecac1b635f22a\redhat.java c:\Users\nat24\.vscode\extensions\redhat.java-1.16.0-win32-x64\server\plugins\org.eclipse.equinox.launcher_1.6.400.v20210924-0641.jar -configuration c:\Users\nat24\AppData\Roaming\Code\User\globalStorage\redhat.java\1.16.0\config_win -data c:\Users\nat24\AppData\Roaming\Code\User\workspaceStorage\7ee068461fea0a2cbf1ecac1b635f22a\redhat.java\jdt_ws

Host: 11th Gen Intel(R) Core(TM) i7-1165G7 @ 2.80GHz, 8 cores, 15G,  Windows 11 , 64 bit Build 22621 (10.0.22621.1485)
Time: Thu Apr 13 11:33:26 2023 AUS Eastern Standard Time elapsed time: 3.874864 seconds (0d 0h 0m 3s)

---------------  T H R E A D  ---------------

Current thread (0x000001b1f7fa0ae0):  JavaThread "C2 CompilerThread0" daemon [_thread_in_native, id=2308, stack(0x00000044bb900000,0x00000044bba00000)]


Current CompileTask:
C2:   3874 4141       4       org.eclipse.osgi.internal.loader.BundleLoader::addExportedProvidersFor (167 bytes)

Stack: [0x00000044bb900000,0x00000044bba00000]
Native frames: (J=compiled Java code, j=interpreted, Vv=VM code, C=native code)
V  [jvm.dll+0x6734ea]
V  [jvm.dll+0x7d18f4]
V  [jvm.dll+0x7d309e]
V  [jvm.dll+0x7d3703]
V  [jvm.dll+0x2433c5]
V  [jvm.dll+0xaa6c0]
V  [jvm.dll+0xaaa0c]
V  [jvm.dll+0x11bd75]
V  [jvm.dll+0x69cbf8]
V  [jvm.dll+0x1b9937]
V  [jvm.dll+0x215f37]
V  [jvm.dll+0x215211]
V  [jvm.dll+0x1a1730]
V  [jvm.dll+0x224b6e]
V  [jvm.dll+0x222f15]
V  [jvm.dll+0x78753c]
V  [jvm.dll+0x781a7a]
V  [jvm.dll+0x672375]
C  [ucrtbase.dll+0x29363]
C  [KERNEL32.DLL+0x1269d]
C  [ntdll.dll+0x5a9f8]


---------------  P R O C E S S  ---------------

Threads class SMR info:
_java_thread_list=0x000001b1fe329490, length=27, elements={
0x000001b1ee551670, 0x000001b1f7f81950, 0x000001b1f7f82f20, 0x000001b1f7f984d0,
0x000001b1f7f99080, 0x000001b1f7f9de50, 0x000001b1f7f9f5b0, 0x000001b1f7fa0ae0,
0x000001b1f7fa29a0, 0x000001b1f7fb7f90, 0x000001b1fa8ce900, 0x000001b1fa9df350,
0x000001b1fa9f8b00, 0x000001b1fb185a80, 0x000001b1fb036b20, 0x000001b1fb892780,
0x000001b1fb97ea50, 0x000001b1fb5d3350, 0x000001b1fb4a10b0, 0x000001b1fb7052f0,
0x000001b1fb6afee0, 0x000001b1fb6b03b0, 0x000001b1fb6af070, 0x000001b1fb6b0880,
0x000001b1fb6af540, 0x000001b1fb6afa10, 0x000001b1fc09c280
}

Java Threads: ( => current thread )
  0x000001b1ee551670 JavaThread "main" [_thread_blocked, id=16664, stack(0x00000044bb000000,0x00000044bb100000)]
  0x000001b1f7f81950 JavaThread "Reference Handler" daemon [_thread_blocked, id=17556, stack(0x00000044bb300000,0x00000044bb400000)]
  0x000001b1f7f82f20 JavaThread "Finalizer" daemon [_thread_blocked, id=6708, stack(0x00000044bb400000,0x00000044bb500000)]
  0x000001b1f7f984d0 JavaThread "Signal Dispatcher" daemon [_thread_blocked, id=15264, stack(0x00000044bb500000,0x00000044bb600000)]
  0x000001b1f7f99080 JavaThread "Attach Listener" daemon [_thread_blocked, id=16372, stack(0x00000044bb600000,0x00000044bb700000)]
  0x000001b1f7f9de50 JavaThread "Service Thread" daemon [_thread_blocked, id=2936, stack(0x00000044bb700000,0x00000044bb800000)]
  0x000001b1f7f9f5b0 JavaThread "Monitor Deflation Thread" daemon [_thread_blocked, id=12984, stack(0x00000044bb800000,0x00000044bb900000)]
=>0x000001b1f7fa0ae0 JavaThread "C2 CompilerThread0" daemon [_thread_in_native, id=2308, stack(0x00000044bb900000,0x00000044bba00000)]
  0x000001b1f7fa29a0 JavaThread "C1 CompilerThread0" daemon [_thread_in_vm, id=1316, stack(0x00000044bba00000,0x00000044bbb00000)]
  0x000001b1f7fb7f90 JavaThread "Sweeper thread" daemon [_thread_blocked, id=12956, stack(0x00000044bbb00000,0x00000044bbc00000)]
  0x000001b1fa8ce900 JavaThread "Common-Cleaner" daemon [_thread_blocked, id=19408, stack(0x00000044bbc00000,0x00000044bbd00000)]
  0x000001b1fa9df350 JavaThread "Notification Thread" daemon [_thread_blocked, id=4532, stack(0x00000044bbd00000,0x00000044bbe00000)]
  0x000001b1fa9f8b00 JavaThread "C2 CompilerThread1" daemon [_thread_in_native, id=3376, stack(0x00000044bbf00000,0x00000044bc000000)]
  0x000001b1fb185a80 JavaThread "C2 CompilerThread2" daemon [_thread_in_native, id=3700, stack(0x00000044bc000000,0x00000044bc100000)]
  0x000001b1fb036b20 JavaThread "Active Thread: Equinox Container: a1144d07-fc5e-45fd-b9a5-13d7b6041c4d" [_thread_blocked, id=15552, stack(0x00000044bc700000,0x00000044bc800000)]
  0x000001b1fb892780 JavaThread "Framework Event Dispatcher: Equinox Container: a1144d07-fc5e-45fd-b9a5-13d7b6041c4d" daemon [_thread_blocked, id=9136, stack(0x00000044bc800000,0x00000044bc900000)]
  0x000001b1fb97ea50 JavaThread "Start Level: Equinox Container: a1144d07-fc5e-45fd-b9a5-13d7b6041c4d" daemon [_thread_blocked, id=12036, stack(0x00000044bc900000,0x00000044bca00000)]
  0x000001b1fb5d3350 JavaThread "SCR Component Actor" daemon [_thread_blocked, id=19392, stack(0x00000044bca00000,0x00000044bcb00000)]
  0x000001b1fb4a10b0 JavaThread "SCR Component Registry" daemon [_thread_blocked, id=5100, stack(0x00000044bcc00000,0x00000044bcd00000)]
  0x000001b1fb7052f0 JavaThread "Worker-JM" [_thread_blocked, id=14952, stack(0x00000044bcd00000,0x00000044bce00000)]
  0x000001b1fb6afee0 JavaThread "Worker-0: Initialize Workspace" [_thread_in_vm, id=7744, stack(0x00000044bce00000,0x00000044bcf00000)]
  0x000001b1fb6b03b0 JavaThread "Worker-1" [_thread_blocked, id=4556, stack(0x00000044bcf00000,0x00000044bd000000)]
  0x000001b1fb6af070 JavaThread "Java indexing" daemon [_thread_blocked, id=19172, stack(0x00000044bd000000,0x00000044bd100000)]
  0x000001b1fb6b0880 JavaThread "JNA Cleaner" daemon [_thread_blocked, id=312, stack(0x00000044bd100000,0x00000044bd200000)]
  0x000001b1fb6af540 JavaThread "pool-2-thread-1" [_thread_blocked, id=17876, stack(0x00000044bd400000,0x00000044bd500000)]
  0x000001b1fb6afa10 JavaThread "pool-1-thread-1" [_thread_in_native, id=4972, stack(0x00000044bd500000,0x00000044bd600000)]
  0x000001b1fc09c280 JavaThread "Worker-2" [_thread_blocked, id=14780, stack(0x00000044bd600000,0x00000044bd700000)]

Other Threads:
  0x000001b1ee61eb60 VMThread "VM Thread" [stack: 0x00000044bb200000,0x00000044bb300000] [id=1872]
  0x000001b1fa9ef510 WatcherThread [stack: 0x00000044bbe00000,0x00000044bbf00000] [id=3436]
  0x000001b1ee566870 GCTaskThread "GC Thread#0" [stack: 0x00000044bb100000,0x00000044bb200000] [id=15312]
  0x000001b1fb0bfe20 GCTaskThread "GC Thread#1" [stack: 0x00000044bc100000,0x00000044bc200000] [id=19152]
  0x000001b1fb62b020 GCTaskThread "GC Thread#2" [stack: 0x00000044bc200000,0x00000044bc300000] [id=11408]
  0x000001b1fb62b2d0 GCTaskThread "GC Thread#3" [stack: 0x00000044bc300000,0x00000044bc400000] [id=16784]
  0x000001b1fb62b580 GCTaskThread "GC Thread#4" [stack: 0x00000044bc400000,0x00000044bc500000] [id=15392]
  0x000001b1fb62b830 GCTaskThread "GC Thread#5" [stack: 0x00000044bc500000,0x00000044bc600000] [id=10264]
  0x000001b1fb0bce10 GCTaskThread "GC Thread#6" [stack: 0x00000044bc600000,0x00000044bc700000] [id=17644]
  0x000001b1fb08a860 GCTaskThread "GC Thread#7" [stack: 0x00000044bcb00000,0x00000044bcc00000] [id=16340]

Threads with active compile tasks:
C2 CompilerThread0     3892 4141       4       org.eclipse.osgi.internal.loader.BundleLoader::addExportedProvidersFor (167 bytes)
C1 CompilerThread0     3892 4642       3       org.eclipse.jdt.internal.core.JrtPackageFragmentRoot$1::visitModule (10 bytes)
C2 CompilerThread1     3892 4633       4       jdk.internal.jimage.ImageReader$SharedImageReader::makeDirectories (54 bytes)
C2 CompilerThread2     3892 4147   !   4       org.eclipse.osgi.internal.loader.BundleLoader::findRequiredSource (283 bytes)

VM state: not at safepoint (normal execution)

VM Mutex/Monitor currently owned by a thread: None

Heap address: 0x00000000c0000000, size: 1024 MB, Compressed Oops mode: 32-bit

CDS archive(s) mapped at: [0x0000000800000000-0x0000000800bd0000-0x0000000800bd0000), size 12386304, SharedBaseAddress: 0x0000000800000000, ArchiveRelocationMode: 0.
Compressed class space mapped at: 0x0000000800c00000-0x0000000840c00000, reserved size: 1073741824
Narrow klass base: 0x0000000800000000, Narrow klass shift: 0, Narrow klass range: 0x100000000

GC Precious Log:
 CPUs: 8 total, 8 available
 Memory: 16064M
 Large Page Support: Disabled
 NUMA Support: Disabled
 Compressed Oops: Enabled (32-bit)
 Alignments: Space 512K, Generation 512K, Heap 2M
 Heap Min Capacity: 100M
 Heap Initial Capacity: 100M
 Heap Max Capacity: 1G
 Pre-touch: Disabled
 Parallel Workers: 8

Heap:
 PSYoungGen      total 24576K, used 5522K [0x00000000eab00000, 0x00000000ec600000, 0x0000000100000000)
  eden space 22016K, 15% used [0x00000000eab00000,0x00000000eae54870,0x00000000ec080000)
  from space 2560K, 82% used [0x00000000ec200000,0x00000000ec410020,0x00000000ec480000)
  to   space 1536K, 0% used [0x00000000ec480000,0x00000000ec480000,0x00000000ec600000)
 ParOldGen       total 68608K, used 16307K [0x00000000c0000000, 0x00000000c4300000, 0x00000000eab00000)
  object space 68608K, 23% used [0x00000000c0000000,0x00000000c0fecf28,0x00000000c4300000)
 Metaspace       used 39322K, committed 40192K, reserved 1089536K
  class space    used 4231K, committed 4608K, reserved 1048576K

Card table byte_map: [0x000001b1edf30000,0x000001b1ee140000] _byte_map_base: 0x000001b1ed930000

Marking Bits: (ParMarkBitMap*) 0x00007ff96f7195f0
 Begin Bits: [0x000001b1f5dd0000, 0x000001b1f6dd0000)
 End Bits:   [0x000001b1f6dd0000, 0x000001b1f7dd0000)

Polling page: 0x000001b1edd20000

Metaspace:

Usage:
  Non-class:     34.27 MB used.
      Class:      4.13 MB used.
       Both:     38.40 MB used.

Virtual space:
  Non-class space:       40.00 MB reserved,      34.75 MB ( 87%) committed,  5 nodes.
      Class space:        1.00 GB reserved,       4.50 MB ( <1%) committed,  1 nodes.
             Both:        1.04 GB reserved,      39.25 MB (  4%) committed. 

Chunk freelists:
   Non-Class:  1.23 MB
       Class:  3.53 MB
        Both:  4.77 MB

MaxMetaspaceSize: unlimited
CompressedClassSpaceSize: 1.00 GB
Initial GC threshold: 21.00 MB
Current GC threshold: 58.38 MB
CDS: on
MetaspaceReclaimPolicy: balanced
 - commit_granule_bytes: 65536.
 - commit_granule_words: 8192.
 - virtual_space_node_default_size: 1048576.
 - enlarge_chunks_in_place: 1.
 - new_chunks_are_fully_committed: 0.
 - uncommit_free_chunks: 1.
 - use_allocation_guard: 0.
 - handle_deallocations: 1.


Internal statistics:

num_allocs_failed_limit: 6.
num_arena_births: 366.
num_arena_deaths: 14.
num_vsnodes_births: 6.
num_vsnodes_deaths: 0.
num_space_committed: 628.
num_space_uncommitted: 0.
num_chunks_returned_to_freelist: 20.
num_chunks_taken_from_freelist: 1940.
num_chunk_merges: 10.
num_chunk_splits: 1291.
num_chunks_enlarged: 875.
num_purges: 2.
num_inconsistent_stats: 0.

CodeHeap 'non-profiled nmethods': size=120000Kb used=2383Kb max_used=2383Kb free=117616Kb
 bounds [0x000001b187ad0000, 0x000001b187d40000, 0x000001b18f000000]
CodeHeap 'profiled nmethods': size=120000Kb used=9536Kb max_used=9536Kb free=110463Kb
 bounds [0x000001b180000000, 0x000001b180960000, 0x000001b187530000]
CodeHeap 'non-nmethods': size=5760Kb used=1287Kb max_used=1365Kb free=4472Kb
 bounds [0x000001b187530000, 0x000001b1877a0000, 0x000001b187ad0000]
 total_blobs=5228 nmethods=4631 adapters=511
 compilation: enabled
              stopped_count=0, restarted_count=0
 full_count=0

Compilation events (20 events):
Event: 3.840 Thread 0x000001b1f7fa29a0 4629       1       org.eclipse.core.runtime.Status::getSeverity (5 bytes)
Event: 3.841 Thread 0x000001b1f7fa29a0 nmethod 4629 0x000001b187d21f90 code [0x000001b187d22120, 0x000001b187d221f8]
Event: 3.841 Thread 0x000001b1f7fa29a0 4630       3       org.eclipse.jdt.internal.compiler.util.JrtFileSystem$2::preVisitDirectory (136 bytes)
Event: 3.841 Thread 0x000001b1f7fa29a0 nmethod 4630 0x000001b18094cf10 code [0x000001b18094d180, 0x000001b18094dc88]
Event: 3.842 Thread 0x000001b1fa9f8b00 nmethod 4628 0x000001b187d22290 code [0x000001b187d22420, 0x000001b187d229d8]
Event: 3.842 Thread 0x000001b1fa9f8b00 4623       4       java.util.ArrayList$ArrayListSpliterator::tryAdvance (79 bytes)
Event: 3.844 Thread 0x000001b1fa9f8b00 nmethod 4623 0x000001b187d22d90 code [0x000001b187d22f20, 0x000001b187d230f8]
Event: 3.844 Thread 0x000001b1fa9f8b00 4631       4       jdk.internal.misc.Unsafe::getIntUnaligned (12 bytes)
Event: 3.844 Thread 0x000001b1fa9f8b00 nmethod 4631 0x000001b187d23390 code [0x000001b187d23500, 0x000001b187d235b8]
Event: 3.844 Thread 0x000001b1fa9f8b00 4632       4       org.eclipse.jdt.internal.core.util.Util::equalArrays (64 bytes)
Event: 3.847 Thread 0x000001b1fa9f8b00 nmethod 4632 0x000001b187d23690 code [0x000001b187d23820, 0x000001b187d23b58]
Event: 3.848 Thread 0x000001b1fa9f8b00 4633       4       jdk.internal.jimage.ImageReader$SharedImageReader::makeDirectories (54 bytes)
Event: 3.854 Thread 0x000001b1f7fa29a0 4637   !   3       java.lang.ref.ReferenceQueue::remove (125 bytes)
Event: 3.855 Thread 0x000001b1f7fa29a0 nmethod 4637 0x000001b18094df90 code [0x000001b18094e1a0, 0x000001b18094e958]
Event: 3.855 Thread 0x000001b1f7fa29a0 4638   !   3       jdk.internal.ref.PhantomCleanable::isListEmpty (34 bytes)
Event: 3.855 Thread 0x000001b1f7fa29a0 nmethod 4638 0x000001b18094ec90 code [0x000001b18094ee20, 0x000001b18094f078]
Event: 3.855 Thread 0x000001b1f7fa29a0 4639       3       jdk.internal.misc.InnocuousThread::eraseThreadLocals (23 bytes)
Event: 3.855 Thread 0x000001b1f7fa29a0 nmethod 4639 0x000001b18094f190 code [0x000001b18094f320, 0x000001b18094f478]
Event: 3.861 Thread 0x000001b1f7fa29a0 4641       3       org.eclipse.jdt.internal.core.util.HashtableOfArrayToObject::put (114 bytes)
Event: 3.862 Thread 0x000001b1f7fa29a0 nmethod 4641 0x000001b18094f510 code [0x000001b18094f720, 0x000001b180950008]

GC Heap History (20 events):
Event: 1.783 GC heap before
{Heap before GC invocations=6 (full 0):
 PSYoungGen      total 29184K, used 12708K [0x00000000eab00000, 0x00000000ece80000, 0x0000000100000000)
  eden space 25088K, 34% used [0x00000000eab00000,0x00000000eb369aa8,0x00000000ec380000)
  from space 4096K, 99% used [0x00000000ec400000,0x00000000ec7ff5f8,0x00000000ec800000)
  to   space 5632K, 0% used [0x00000000ec900000,0x00000000ec900000,0x00000000ece80000)
 ParOldGen       total 68608K, used 6330K [0x00000000c0000000, 0x00000000c4300000, 0x00000000eab00000)
  object space 68608K, 9% used [0x00000000c0000000,0x00000000c062ea90,0x00000000c4300000)
 Metaspace       used 20992K, committed 21504K, reserved 1073152K
  class space    used 2024K, committed 2240K, reserved 1048576K
}
Event: 1.785 GC heap after
{Heap after GC invocations=6 (full 0):
 PSYoungGen      total 29696K, used 4245K [0x00000000eab00000, 0x00000000ecd80000, 0x0000000100000000)
  eden space 25088K, 0% used [0x00000000eab00000,0x00000000eab00000,0x00000000ec380000)
  from space 4608K, 92% used [0x00000000ec900000,0x00000000ecd25540,0x00000000ecd80000)
  to   space 4608K, 0% used [0x00000000ec480000,0x00000000ec480000,0x00000000ec900000)
 ParOldGen       total 68608K, used 6330K [0x00000000c0000000, 0x00000000c4300000, 0x00000000eab00000)
  object space 68608K, 9% used [0x00000000c0000000,0x00000000c062ea90,0x00000000c4300000)
 Metaspace       used 20992K, committed 21504K, reserved 1073152K
  class space    used 2024K, committed 2240K, reserved 1048576K
}
Event: 1.785 GC heap before
{Heap before GC invocations=7 (full 1):
 PSYoungGen      total 29696K, used 4245K [0x00000000eab00000, 0x00000000ecd80000, 0x0000000100000000)
  eden space 25088K, 0% used [0x00000000eab00000,0x00000000eab00000,0x00000000ec380000)
  from space 4608K, 92% used [0x00000000ec900000,0x00000000ecd25540,0x00000000ecd80000)
  to   space 4608K, 0% used [0x00000000ec480000,0x00000000ec480000,0x00000000ec900000)
 ParOldGen       total 68608K, used 6330K [0x00000000c0000000, 0x00000000c4300000, 0x00000000eab00000)
  object space 68608K, 9% used [0x00000000c0000000,0x00000000c062ea90,0x00000000c4300000)
 Metaspace       used 20992K, committed 21504K, reserved 1073152K
  class space    used 2024K, committed 2240K, reserved 1048576K
}
Event: 1.805 GC heap after
{Heap after GC invocations=7 (full 1):
 PSYoungGen      total 29696K, used 0K [0x00000000eab00000, 0x00000000ecd80000, 0x0000000100000000)
  eden space 25088K, 0% used [0x00000000eab00000,0x00000000eab00000,0x00000000ec380000)
  from space 4608K, 0% used [0x00000000ec900000,0x00000000ec900000,0x00000000ecd80000)
  to   space 4608K, 0% used [0x00000000ec480000,0x00000000ec480000,0x00000000ec900000)
 ParOldGen       total 68608K, used 9840K [0x00000000c0000000, 0x00000000c4300000, 0x00000000eab00000)
  object space 68608K, 14% used [0x00000000c0000000,0x00000000c099c098,0x00000000c4300000)
 Metaspace       used 20979K, committed 21504K, reserved 1073152K
  class space    used 2020K, committed 2240K, reserved 1048576K
}
Event: 2.130 GC heap before
{Heap before GC invocations=8 (full 1):
 PSYoungGen      total 29696K, used 25088K [0x00000000eab00000, 0x00000000ecd80000, 0x0000000100000000)
  eden space 25088K, 100% used [0x00000000eab00000,0x00000000ec380000,0x00000000ec380000)
  from space 4608K, 0% used [0x00000000ec900000,0x00000000ec900000,0x00000000ecd80000)
  to   space 4608K, 0% used [0x00000000ec480000,0x00000000ec480000,0x00000000ec900000)
 ParOldGen       total 68608K, used 9840K [0x00000000c0000000, 0x00000000c4300000, 0x00000000eab00000)
  object space 68608K, 14% used [0x00000000c0000000,0x00000000c099c098,0x00000000c4300000)
 Metaspace       used 24419K, committed 25024K, reserved 1073152K
  class space    used 2347K, committed 2560K, reserved 1048576K
}
Event: 2.131 GC heap after
{Heap after GC invocations=8 (full 1):
 PSYoungGen      total 26112K, used 1371K [0x00000000eab00000, 0x00000000ec980000, 0x0000000100000000)
  eden space 24576K, 0% used [0x00000000eab00000,0x00000000eab00000,0x00000000ec300000)
  from space 1536K, 89% used [0x00000000ec480000,0x00000000ec5d6f00,0x00000000ec600000)
  to   space 2560K, 0% used [0x00000000ec700000,0x00000000ec700000,0x00000000ec980000)
 ParOldGen       total 68608K, used 9848K [0x00000000c0000000, 0x00000000c4300000, 0x00000000eab00000)
  object space 68608K, 14% used [0x00000000c0000000,0x00000000c099e098,0x00000000c4300000)
 Metaspace       used 24419K, committed 25024K, reserved 1073152K
  class space    used 2347K, committed 2560K, reserved 1048576K
}
Event: 2.398 GC heap before
{Heap before GC invocations=9 (full 1):
 PSYoungGen      total 26112K, used 25947K [0x00000000eab00000, 0x00000000ec980000, 0x0000000100000000)
  eden space 24576K, 100% used [0x00000000eab00000,0x00000000ec300000,0x00000000ec300000)
  from space 1536K, 89% used [0x00000000ec480000,0x00000000ec5d6f00,0x00000000ec600000)
  to   space 2560K, 0% used [0x00000000ec700000,0x00000000ec700000,0x00000000ec980000)
 ParOldGen       total 68608K, used 9848K [0x00000000c0000000, 0x00000000c4300000, 0x00000000eab00000)
  object space 68608K, 14% used [0x00000000c0000000,0x00000000c099e098,0x00000000c4300000)
 Metaspace       used 28322K, committed 29056K, reserved 1081344K
  class space    used 2840K, committed 3136K, reserved 1048576K
}
Event: 2.399 GC heap after
{Heap after GC invocations=9 (full 1):
 PSYoungGen      total 26624K, used 2557K [0x00000000eab00000, 0x00000000ec980000, 0x0000000100000000)
  eden space 24064K, 0% used [0x00000000eab00000,0x00000000eab00000,0x00000000ec280000)
  from space 2560K, 99% used [0x00000000ec700000,0x00000000ec97f798,0x00000000ec980000)
  to   space 3072K, 0% used [0x00000000ec380000,0x00000000ec380000,0x00000000ec680000)
 ParOldGen       total 68608K, used 9904K [0x00000000c0000000, 0x00000000c4300000, 0x00000000eab00000)
  object space 68608K, 14% used [0x00000000c0000000,0x00000000c09ac098,0x00000000c4300000)
 Metaspace       used 28322K, committed 29056K, reserved 1081344K
  class space    used 2840K, committed 3136K, reserved 1048576K
}
Event: 2.708 GC heap before
{Heap before GC invocations=10 (full 1):
 PSYoungGen      total 26624K, used 26621K [0x00000000eab00000, 0x00000000ec980000, 0x0000000100000000)
  eden space 24064K, 100% used [0x00000000eab00000,0x00000000ec280000,0x00000000ec280000)
  from space 2560K, 99% used [0x00000000ec700000,0x00000000ec97f798,0x00000000ec980000)
  to   space 3072K, 0% used [0x00000000ec380000,0x00000000ec380000,0x00000000ec680000)
 ParOldGen       total 68608K, used 9904K [0x00000000c0000000, 0x00000000c4300000, 0x00000000eab00000)
  object space 68608K, 14% used [0x00000000c0000000,0x00000000c09ac098,0x00000000c4300000)
 Metaspace       used 31276K, committed 31936K, reserved 1081344K
  class space    used 3213K, committed 3456K, reserved 1048576K
}
Event: 2.711 GC heap after
{Heap after GC invocations=10 (full 1):
 PSYoungGen      total 26624K, used 3052K [0x00000000eab00000, 0x00000000eca00000, 0x0000000100000000)
  eden space 23552K, 0% used [0x00000000eab00000,0x00000000eab00000,0x00000000ec200000)
  from space 3072K, 99% used [0x00000000ec380000,0x00000000ec67b2d0,0x00000000ec680000)
  to   space 3584K, 0% used [0x00000000ec680000,0x00000000ec680000,0x00000000eca00000)
 ParOldGen       total 68608K, used 10356K [0x00000000c0000000, 0x00000000c4300000, 0x00000000eab00000)
  object space 68608K, 15% used [0x00000000c0000000,0x00000000c0a1d238,0x00000000c4300000)
 Metaspace       used 31276K, committed 31936K, reserved 1081344K
  class space    used 3213K, committed 3456K, reserved 1048576K
}
Event: 2.922 GC heap before
{Heap before GC invocations=11 (full 1):
 PSYoungGen      total 26624K, used 26604K [0x00000000eab00000, 0x00000000eca00000, 0x0000000100000000)
  eden space 23552K, 100% used [0x00000000eab00000,0x00000000ec200000,0x00000000ec200000)
  from space 3072K, 99% used [0x00000000ec380000,0x00000000ec67b2d0,0x00000000ec680000)
  to   space 3584K, 0% used [0x00000000ec680000,0x00000000ec680000,0x00000000eca00000)
 ParOldGen       total 68608K, used 10356K [0x00000000c0000000, 0x00000000c4300000, 0x00000000eab00000)
  object space 68608K, 15% used [0x00000000c0000000,0x00000000c0a1d238,0x00000000c4300000)
 Metaspace       used 33932K, committed 34624K, reserved 1081344K
  class space    used 3552K, committed 3840K, reserved 1048576K
}
Event: 2.926 GC heap after
{Heap after GC invocations=11 (full 1):
 PSYoungGen      total 24576K, used 1536K [0x00000000eab00000, 0x00000000ec800000, 0x0000000100000000)
  eden space 23040K, 0% used [0x00000000eab00000,0x00000000eab00000,0x00000000ec180000)
  from space 1536K, 100% used [0x00000000ec680000,0x00000000ec800000,0x00000000ec800000)
  to   space 2560K, 0% used [0x00000000ec300000,0x00000000ec300000,0x00000000ec580000)
 ParOldGen       total 68608K, used 12657K [0x00000000c0000000, 0x00000000c4300000, 0x00000000eab00000)
  object space 68608K, 18% used [0x00000000c0000000,0x00000000c0c5c518,0x00000000c4300000)
 Metaspace       used 33932K, committed 34624K, reserved 1081344K
  class space    used 3552K, committed 3840K, reserved 1048576K
}
Event: 3.086 GC heap before
{Heap before GC invocations=12 (full 1):
 PSYoungGen      total 24576K, used 11956K [0x00000000eab00000, 0x00000000ec800000, 0x0000000100000000)
  eden space 23040K, 45% used [0x00000000eab00000,0x00000000eb52d360,0x00000000ec180000)
  from space 1536K, 100% used [0x00000000ec680000,0x00000000ec800000,0x00000000ec800000)
  to   space 2560K, 0% used [0x00000000ec300000,0x00000000ec300000,0x00000000ec580000)
 ParOldGen       total 68608K, used 12657K [0x00000000c0000000, 0x00000000c4300000, 0x00000000eab00000)
  object space 68608K, 18% used [0x00000000c0000000,0x00000000c0c5c518,0x00000000c4300000)
 Metaspace       used 35106K, committed 35840K, reserved 1081344K
  class space    used 3730K, committed 4096K, reserved 1048576K
}
Event: 3.088 GC heap after
{Heap after GC invocations=12 (full 1):
 PSYoungGen      total 25600K, used 800K [0x00000000eab00000, 0x00000000ec700000, 0x0000000100000000)
  eden space 23040K, 0% used [0x00000000eab00000,0x00000000eab00000,0x00000000ec180000)
  from space 2560K, 31% used [0x00000000ec300000,0x00000000ec3c8000,0x00000000ec580000)
  to   space 1536K, 0% used [0x00000000ec580000,0x00000000ec580000,0x00000000ec700000)
 ParOldGen       total 68608K, used 14038K [0x00000000c0000000, 0x00000000c4300000, 0x00000000eab00000)
  object space 68608K, 20% used [0x00000000c0000000,0x00000000c0db5b38,0x00000000c4300000)
 Metaspace       used 35106K, committed 35840K, reserved 1081344K
  class space    used 3730K, committed 4096K, reserved 1048576K
}
Event: 3.088 GC heap before
{Heap before GC invocations=13 (full 2):
 PSYoungGen      total 25600K, used 800K [0x00000000eab00000, 0x00000000ec700000, 0x0000000100000000)
  eden space 23040K, 0% used [0x00000000eab00000,0x00000000eab00000,0x00000000ec180000)
  from space 2560K, 31% used [0x00000000ec300000,0x00000000ec3c8000,0x00000000ec580000)
  to   space 1536K, 0% used [0x00000000ec580000,0x00000000ec580000,0x00000000ec700000)
 ParOldGen       total 68608K, used 14038K [0x00000000c0000000, 0x00000000c4300000, 0x00000000eab00000)
  object space 68608K, 20% used [0x00000000c0000000,0x00000000c0db5b38,0x00000000c4300000)
 Metaspace       used 35106K, committed 35840K, reserved 1081344K
  class space    used 3730K, committed 4096K, reserved 1048576K
}
Event: 3.110 GC heap after
{Heap after GC invocations=13 (full 2):
 PSYoungGen      total 25600K, used 0K [0x00000000eab00000, 0x00000000ec700000, 0x0000000100000000)
  eden space 23040K, 0% used [0x00000000eab00000,0x00000000eab00000,0x00000000ec180000)
  from space 2560K, 0% used [0x00000000ec300000,0x00000000ec300000,0x00000000ec580000)
  to   space 1536K, 0% used [0x00000000ec580000,0x00000000ec580000,0x00000000ec700000)
 ParOldGen       total 68608K, used 14422K [0x00000000c0000000, 0x00000000c4300000, 0x00000000eab00000)
  object space 68608K, 21% used [0x00000000c0000000,0x00000000c0e15b70,0x00000000c4300000)
 Metaspace       used 35106K, committed 35840K, reserved 1081344K
  class space    used 3730K, committed 4096K, reserved 1048576K
}
Event: 3.492 GC heap before
{Heap before GC invocations=14 (full 2):
 PSYoungGen      total 25600K, used 23040K [0x00000000eab00000, 0x00000000ec700000, 0x0000000100000000)
  eden space 23040K, 100% used [0x00000000eab00000,0x00000000ec180000,0x00000000ec180000)
  from space 2560K, 0% used [0x00000000ec300000,0x00000000ec300000,0x00000000ec580000)
  to   space 1536K, 0% used [0x00000000ec580000,0x00000000ec580000,0x00000000ec700000)
 ParOldGen       total 68608K, used 14422K [0x00000000c0000000, 0x00000000c4300000, 0x00000000eab00000)
  object space 68608K, 21% used [0x00000000c0000000,0x00000000c0e15b70,0x00000000c4300000)
 Metaspace       used 37841K, committed 38720K, reserved 1089536K
  class space    used 4072K, committed 4416K, reserved 1048576K
}
Event: 3.493 GC heap after
{Heap after GC invocations=14 (full 2):
 PSYoungGen      total 24064K, used 1512K [0x00000000eab00000, 0x00000000ec700000, 0x0000000100000000)
  eden space 22528K, 0% used [0x00000000eab00000,0x00000000eab00000,0x00000000ec100000)
  from space 1536K, 98% used [0x00000000ec580000,0x00000000ec6fa160,0x00000000ec700000)
  to   space 2560K, 0% used [0x00000000ec200000,0x00000000ec200000,0x00000000ec480000)
 ParOldGen       total 68608K, used 14774K [0x00000000c0000000, 0x00000000c4300000, 0x00000000eab00000)
  object space 68608K, 21% used [0x00000000c0000000,0x00000000c0e6db90,0x00000000c4300000)
 Metaspace       used 37841K, committed 38720K, reserved 1089536K
  class space    used 4072K, committed 4416K, reserved 1048576K
}
Event: 3.848 GC heap before
{Heap before GC invocations=15 (full 2):
 PSYoungGen      total 24064K, used 24040K [0x00000000eab00000, 0x00000000ec700000, 0x0000000100000000)
  eden space 22528K, 100% used [0x00000000eab00000,0x00000000ec100000,0x00000000ec100000)
  from space 1536K, 98% used [0x00000000ec580000,0x00000000ec6fa160,0x00000000ec700000)
  to   space 2560K, 0% used [0x00000000ec200000,0x00000000ec200000,0x00000000ec480000)
 ParOldGen       total 68608K, used 14774K [0x00000000c0000000, 0x00000000c4300000, 0x00000000eab00000)
  object space 68608K, 21% used [0x00000000c0000000,0x00000000c0e6db90,0x00000000c4300000)
 Metaspace       used 39320K, committed 40192K, reserved 1089536K
  class space    used 4231K, committed 4608K, reserved 1048576K
}
Event: 3.852 GC heap after
{Heap after GC invocations=15 (full 2):
 PSYoungGen      total 24576K, used 2112K [0x00000000eab00000, 0x00000000ec600000, 0x0000000100000000)
  eden space 22016K, 0% used [0x00000000eab00000,0x00000000eab00000,0x00000000ec080000)
  from space 2560K, 82% used [0x00000000ec200000,0x00000000ec410020,0x00000000ec480000)
  to   space 1536K, 0% used [0x00000000ec480000,0x00000000ec480000,0x00000000ec600000)
 ParOldGen       total 68608K, used 16307K [0x00000000c0000000, 0x00000000c4300000, 0x00000000eab00000)
  object space 68608K, 23% used [0x00000000c0000000,0x00000000c0fecf28,0x00000000c4300000)
 Metaspace       used 39320K, committed 40192K, reserved 1089536K
  class space    used 4231K, committed 4608K, reserved 1048576K
}

Deoptimization events (20 events):
Event: 3.503 Thread 0x000001b1fb6afee0 DEOPT PACKING pc=0x000001b18083fe76 sp=0x00000044bcefdc80
Event: 3.503 Thread 0x000001b1fb6afee0 DEOPT UNPACKING pc=0x000001b1875863e3 sp=0x00000044bcefd170 mode 0
Event: 3.504 Thread 0x000001b1fb6afee0 DEOPT PACKING pc=0x000001b18083fe76 sp=0x00000044bcefdc80
Event: 3.504 Thread 0x000001b1fb6afee0 DEOPT UNPACKING pc=0x000001b1875863e3 sp=0x00000044bcefd170 mode 0
Event: 3.531 Thread 0x000001b1fb6afee0 Uncommon trap: trap_request=0xffffffde fr.pc=0x000001b187ce847c relative=0x000000000000061c
Event: 3.531 Thread 0x000001b1fb6afee0 Uncommon trap: reason=class_check action=maybe_recompile pc=0x000001b187ce847c method=java.util.HashMap.removeNode(ILjava/lang/Object;Ljava/lang/Object;ZZ)Ljava/util/HashMap$Node; @ 68 c2
Event: 3.531 Thread 0x000001b1fb6afee0 DEOPT PACKING pc=0x000001b187ce847c sp=0x00000044bcefe750
Event: 3.531 Thread 0x000001b1fb6afee0 DEOPT UNPACKING pc=0x000001b1875858a3 sp=0x00000044bcefe658 mode 2
Event: 3.660 Thread 0x000001b1fb6afee0 Uncommon trap: trap_request=0xffffff45 fr.pc=0x000001b187d1226c relative=0x00000000000006cc
Event: 3.660 Thread 0x000001b1fb6afee0 Uncommon trap: reason=unstable_if action=reinterpret pc=0x000001b187d1226c method=jdk.internal.jimage.ImageReader$SharedImageReader.findNode(Ljava/lang/String;)Ljdk/internal/jimage/ImageReader$Node; @ 25 c2
Event: 3.660 Thread 0x000001b1fb6afee0 DEOPT PACKING pc=0x000001b187d1226c sp=0x00000044bcefde50
Event: 3.660 Thread 0x000001b1fb6afee0 DEOPT UNPACKING pc=0x000001b1875858a3 sp=0x00000044bcefde28 mode 2
Event: 3.660 Thread 0x000001b1fb6afee0 Uncommon trap: trap_request=0xffffff45 fr.pc=0x000001b187d100d8 relative=0x0000000000000138
Event: 3.660 Thread 0x000001b1fb6afee0 Uncommon trap: reason=unstable_if action=reinterpret pc=0x000001b187d100d8 method=jdk.internal.jrtfs.JrtPath.normalize(Ljava/lang/String;)Ljava/lang/String; @ 78 c2
Event: 3.660 Thread 0x000001b1fb6afee0 DEOPT PACKING pc=0x000001b187d100d8 sp=0x00000044bcefe140
Event: 3.660 Thread 0x000001b1fb6afee0 DEOPT UNPACKING pc=0x000001b1875858a3 sp=0x00000044bcefe0c0 mode 2
Event: 3.696 Thread 0x000001b1fb6afee0 Uncommon trap: trap_request=0xffffff45 fr.pc=0x000001b187b4d49c relative=0x000000000000025c
Event: 3.696 Thread 0x000001b1fb6afee0 Uncommon trap: reason=unstable_if action=reinterpret pc=0x000001b187b4d49c method=java.util.HashMap.getNode(Ljava/lang/Object;)Ljava/util/HashMap$Node; @ 66 c2
Event: 3.696 Thread 0x000001b1fb6afee0 DEOPT PACKING pc=0x000001b187b4d49c sp=0x00000044bcefe410
Event: 3.696 Thread 0x000001b1fb6afee0 DEOPT UNPACKING pc=0x000001b1875858a3 sp=0x00000044bcefe330 mode 2

Classes unloaded (7 events):
Event: 1.789 Thread 0x000001b1ee61eb60 Unloading class 0x0000000800d66400 'java/lang/invoke/LambdaForm$MH+0x0000000800d66400'
Event: 1.789 Thread 0x000001b1ee61eb60 Unloading class 0x0000000800d66000 'java/lang/invoke/LambdaForm$MH+0x0000000800d66000'
Event: 1.789 Thread 0x000001b1ee61eb60 Unloading class 0x0000000800d65c00 'java/lang/invoke/LambdaForm$MH+0x0000000800d65c00'
Event: 1.789 Thread 0x000001b1ee61eb60 Unloading class 0x0000000800d65800 'java/lang/invoke/LambdaForm$MH+0x0000000800d65800'
Event: 1.789 Thread 0x000001b1ee61eb60 Unloading class 0x0000000800d65000 'java/lang/invoke/LambdaForm$BMH+0x0000000800d65000'
Event: 1.789 Thread 0x000001b1ee61eb60 Unloading class 0x0000000800d64c00 'java/lang/invoke/LambdaForm$DMH+0x0000000800d64c00'
Event: 1.789 Thread 0x000001b1ee61eb60 Unloading class 0x0000000800d62000 'java/lang/invoke/LambdaForm$DMH+0x0000000800d62000'

Classes redefined (0 events):
No events

Internal exceptions (20 events):
Event: 2.060 Thread 0x000001b1fb97ea50 Exception <a 'java/lang/ClassNotFoundException'{0x00000000ec040c68}: com/sun/org/apache/xml/internal/serializer/spi/XMLEntitiesProvider> (0x00000000ec040c68) 
thrown [s\open\src\hotspot\share\classfile\systemDictionary.cpp, line 256]
Event: 2.129 Thread 0x000001b1fb97ea50 Exception <a 'java/io/FileNotFoundException'{0x00000000ec363d90}> (0x00000000ec363d90) 
thrown [s\open\src\hotspot\share\prims\jni.cpp, line 516]
Event: 2.194 Thread 0x000001b1fb97ea50 Exception <a 'java/lang/UnsatisfiedLinkError'{0x00000000eadac238}: The specified procedure could not be found.
> (0x00000000eadac238) 
thrown [s\open\src\hotspot\share\prims\jni.cpp, line 535]
Event: 2.198 Thread 0x000001b1fb97ea50 Exception <a 'java/io/FileNotFoundException'{0x00000000eadcf3e0}> (0x00000000eadcf3e0) 
thrown [s\open\src\hotspot\share\prims\jni.cpp, line 516]
Event: 2.202 Thread 0x000001b1fb97ea50 Exception <a 'java/io/FileNotFoundException'{0x00000000eae42098}> (0x00000000eae42098) 
thrown [s\open\src\hotspot\share\prims\jni.cpp, line 516]
Event: 2.209 Thread 0x000001b1fb97ea50 Exception <a 'java/lang/UnsatisfiedLinkError'{0x00000000eaece380}: The specified procedure could not be found.
> (0x00000000eaece380) 
thrown [s\open\src\hotspot\share\prims\jni.cpp, line 535]
Event: 2.254 Thread 0x000001b1ee551670 Exception <a 'java/lang/NoSuchMethodError'{0x00000000eb278d78}: 'java.lang.Object java.lang.invoke.DirectMethodHandle$Holder.invokeStatic(java.lang.Object, java.lang.Object, long, java.lang.Object)'> (0x00000000eb278d78) 
thrown [s\open\src\hotspot\share\interpreter\linkResolver.cpp, line 759]
Event: 2.255 Thread 0x000001b1ee551670 Exception <a 'java/lang/NoSuchMethodError'{0x00000000eb27c810}: 'java.lang.Object java.lang.invoke.DirectMethodHandle$Holder.invokeStaticInit(java.lang.Object, java.lang.Object, long, java.lang.Object)'> (0x00000000eb27c810) 
thrown [s\open\src\hotspot\share\interpreter\linkResolver.cpp, line 759]
Event: 2.255 Thread 0x000001b1ee551670 Exception <a 'java/lang/NoSuchMethodError'{0x00000000eb282e20}: 'java.lang.Object java.lang.invoke.DirectMethodHandle$Holder.newInvokeSpecial(java.lang.Object, java.lang.Object, long)'> (0x00000000eb282e20) 
thrown [s\open\src\hotspot\share\interpreter\linkResolver.cpp, line 759]
Event: 2.255 Thread 0x000001b1ee551670 Exception <a 'java/lang/NoSuchMethodError'{0x00000000eb286860}: 'java.lang.Object java.lang.invoke.Invokers$Holder.linkToTargetMethod(java.lang.Object, long, java.lang.Object)'> (0x00000000eb286860) 
thrown [s\open\src\hotspot\share\interpreter\linkResolver.cpp, line 759]
Event: 2.276 Thread 0x000001b1ee551670 Exception <a 'java/lang/NoSuchMethodError'{0x00000000eb4246c0}: 'void java.lang.invoke.DirectMethodHandle$Holder.invokeStatic(java.lang.Object, java.lang.Object, java.lang.Object, java.lang.Object)'> (0x00000000eb4246c0) 
thrown [s\open\src\hotspot\share\interpreter\linkResolver.cpp, line 759]
Event: 2.331 Thread 0x000001b1ee551670 Exception <a 'java/lang/NoSuchMethodError'{0x00000000ebdef398}: 'void java.lang.invoke.DirectMethodHandle$Holder.invokeSpecial(java.lang.Object, java.lang.Object, java.lang.Object, java.lang.Object, java.lang.Object, java.lang.Object)'> (0x00000000ebdef398) 
thrown [s\open\src\hotspot\share\interpreter\linkResolver.cpp, line 759]
Event: 2.332 Thread 0x000001b1ee551670 Exception <a 'java/lang/IncompatibleClassChangeError'{0x00000000ebdfb390}: Found class java.lang.Object, but interface was expected> (0x00000000ebdfb390) 
thrown [s\open\src\hotspot\share\interpreter\linkResolver.cpp, line 826]
Event: 2.406 Thread 0x000001b1fb6afa10 Exception <a 'java/io/FileNotFoundException'{0x00000000eab48218}> (0x00000000eab48218) 
thrown [s\open\src\hotspot\share\prims\jni.cpp, line 516]
Event: 2.415 Thread 0x000001b1fb6afa10 Exception <a 'sun/nio/fs/WindowsException'{0x00000000eab9ba40}> (0x00000000eab9ba40) 
thrown [s\open\src\hotspot\share\prims\jni.cpp, line 516]
Event: 2.634 Thread 0x000001b1fb6afa10 Exception <a 'java/lang/NoClassDefFoundError'{0x00000000ebb2e280}: javax/enterprise/inject/Typed> (0x00000000ebb2e280) 
thrown [s\open\src\hotspot\share\classfile\systemDictionary.cpp, line 245]
Event: 3.141 Thread 0x000001b1fb6afa10 Exception <a 'java/lang/NoClassDefFoundError'{0x00000000ead87038}: com/google/inject/servlet/ServletModuleTargetVisitor> (0x00000000ead87038) 
thrown [s\open\src\hotspot\share\classfile\systemDictionary.cpp, line 245]
Event: 3.497 Thread 0x000001b1fb6afee0 Exception <a 'java/lang/NoSuchMethodError'{0x00000000eab641c8}: 'int java.lang.invoke.DirectMethodHandle$Holder.invokeInterface(java.lang.Object, java.lang.Object)'> (0x00000000eab641c8) 
thrown [s\open\src\hotspot\share\interpreter\linkResolver.cpp, line 759]
Event: 3.497 Thread 0x000001b1fb6afee0 Exception <a 'java/lang/IncompatibleClassChangeError'{0x00000000eab674b0}: Found class java.lang.Object, but interface was expected> (0x00000000eab674b0) 
thrown [s\open\src\hotspot\share\interpreter\linkResolver.cpp, line 826]
Event: 3.558 Thread 0x000001b1fb6afee0 Exception <a 'java/lang/NoSuchMethodError'{0x00000000eae8c300}: 'java.lang.Object java.lang.invoke.Invokers$Holder.invoke_MT(java.lang.Object, java.lang.Object, java.lang.Object)'> (0x00000000eae8c300) 
thrown [s\open\src\hotspot\share\interpreter\linkResolver.cpp, line 759]

VM Operations (20 events):
Event: 3.045 Executing VM operation: HandshakeAllThreads
Event: 3.045 Executing VM operation: HandshakeAllThreads done
Event: 3.086 Executing VM operation: CollectForMetadataAllocation
Event: 3.110 Executing VM operation: CollectForMetadataAllocation done
Event: 3.166 Executing VM operation: HandshakeAllThreads
Event: 3.167 Executing VM operation: HandshakeAllThreads done
Event: 3.375 Executing VM operation: ICBufferFull
Event: 3.375 Executing VM operation: ICBufferFull done
Event: 3.492 Executing VM operation: ParallelGCFailedAllocation
Event: 3.493 Executing VM operation: ParallelGCFailedAllocation done
Event: 3.543 Executing VM operation: HandshakeAllThreads
Event: 3.543 Executing VM operation: HandshakeAllThreads done
Event: 3.548 Executing VM operation: HandshakeAllThreads
Event: 3.548 Executing VM operation: HandshakeAllThreads done
Event: 3.568 Executing VM operation: HandshakeAllThreads
Event: 3.568 Executing VM operation: HandshakeAllThreads done
Event: 3.596 Executing VM operation: HandshakeAllThreads
Event: 3.596 Executing VM operation: HandshakeAllThreads done
Event: 3.848 Executing VM operation: ParallelGCFailedAllocation
Event: 3.852 Executing VM operation: ParallelGCFailedAllocation done

Events (20 events):
Event: 3.569 loading class jdk/internal/jimage/ImageReader$Directory
Event: 3.569 loading class jdk/internal/jimage/ImageReader$Directory done
Event: 3.598 loading class java/nio/file/FileTreeWalker$DirectoryNode
Event: 3.598 loading class java/nio/file/FileTreeWalker$DirectoryNode done
Event: 3.598 loading class java/nio/file/FileTreeWalker$Event
Event: 3.599 loading class java/nio/file/FileTreeWalker$Event done
Event: 3.599 loading class java/nio/file/FileTreeWalker$EventType
Event: 3.599 loading class java/nio/file/FileTreeWalker$EventType done
Event: 3.599 loading class java/nio/file/Files$3
Event: 3.599 loading class java/nio/file/Files$3 done
Event: 3.599 loading class java/nio/file/FileVisitResult
Event: 3.599 loading class java/nio/file/FileVisitResult done
Event: 3.668 loading class java/lang/ThreadLocal$SuppliedThreadLocal
Event: 3.668 loading class java/lang/ThreadLocal$SuppliedThreadLocal done
Event: 3.707 loading class java/nio/channels/Channels$ReadableByteChannelImpl
Event: 3.707 loading class java/nio/channels/Channels$ReadableByteChannelImpl done
Event: 3.707 loading class java/nio/channels/NonWritableChannelException
Event: 3.707 loading class java/nio/channels/NonWritableChannelException done
Event: 3.708 loading class sun/nio/ch/ChannelInputStream
Event: 3.708 loading class sun/nio/ch/ChannelInputStream done


Dynamic libraries:
0x00007ff603d50000 - 0x00007ff603d60000 	C:\Program Files\Java\jdk-17\bin\java.exe
0x00007ff9fd350000 - 0x00007ff9fd564000 	C:\WINDOWS\SYSTEM32\ntdll.dll
0x00007ff9fb720000 - 0x00007ff9fb7e2000 	C:\WINDOWS\System32\KERNEL32.DLL
0x00007ff9fa8f0000 - 0x00007ff9fac8c000 	C:\WINDOWS\System32\KERNELBASE.dll
0x00007ff9faed0000 - 0x00007ff9fafe1000 	C:\WINDOWS\System32\ucrtbase.dll
0x00007ff9ee770000 - 0x00007ff9ee78b000 	C:\Program Files\Java\jdk-17\bin\VCRUNTIME140.dll
0x00007ff9f6900000 - 0x00007ff9f6918000 	C:\Program Files\Java\jdk-17\bin\jli.dll
0x00007ff9fc860000 - 0x00007ff9fc90e000 	C:\WINDOWS\System32\ADVAPI32.dll
0x00007ff9fbd50000 - 0x00007ff9fbdf7000 	C:\WINDOWS\System32\msvcrt.dll
0x00007ff9fbc90000 - 0x00007ff9fbd34000 	C:\WINDOWS\System32\sechost.dll
0x00007ff9fbe20000 - 0x00007ff9fbf37000 	C:\WINDOWS\System32\RPCRT4.dll
0x00007ff9fce40000 - 0x00007ff9fcfeb000 	C:\WINDOWS\System32\USER32.dll
0x00007ff9fa800000 - 0x00007ff9fa826000 	C:\WINDOWS\System32\win32u.dll
0x00007ff9fd2e0000 - 0x00007ff9fd309000 	C:\WINDOWS\System32\GDI32.dll
0x00007ff9fad10000 - 0x00007ff9fae23000 	C:\WINDOWS\System32\gdi32full.dll
0x00007ff9fae30000 - 0x00007ff9faeca000 	C:\WINDOWS\System32\msvcp_win.dll
0x00007ff9d5c00000 - 0x00007ff9d5e8e000 	C:\WINDOWS\WinSxS\amd64_microsoft.windows.common-controls_6595b64144ccf1df_6.0.22621.608_none_a9444ca7c10bb01d\COMCTL32.dll
0x00007ff9f7f70000 - 0x00007ff9f7f7a000 	C:\WINDOWS\SYSTEM32\VERSION.dll
0x00007ff9fc730000 - 0x00007ff9fc761000 	C:\WINDOWS\System32\IMM32.DLL
0x00007ff9f6e70000 - 0x00007ff9f6e7c000 	C:\Program Files\Java\jdk-17\bin\vcruntime140_1.dll
0x00007ff9d4c60000 - 0x00007ff9d4cee000 	C:\Program Files\Java\jdk-17\bin\msvcp140.dll
0x00007ff96ec00000 - 0x00007ff96f7d7000 	C:\Program Files\Java\jdk-17\bin\server\jvm.dll
0x00007ff9fc850000 - 0x00007ff9fc858000 	C:\WINDOWS\System32\PSAPI.DLL
0x00007ff9cd780000 - 0x00007ff9cd789000 	C:\WINDOWS\SYSTEM32\WSOCK32.dll
0x00007ff9f1410000 - 0x00007ff9f1444000 	C:\WINDOWS\SYSTEM32\WINMM.dll
0x00007ff9fb6a0000 - 0x00007ff9fb711000 	C:\WINDOWS\System32\WS2_32.dll
0x00007ff9f9860000 - 0x00007ff9f9878000 	C:\WINDOWS\SYSTEM32\kernel.appcore.dll
0x00007ff9f5390000 - 0x00007ff9f539a000 	C:\Program Files\Java\jdk-17\bin\jimage.dll
0x00007ff9f7ce0000 - 0x00007ff9f7f0e000 	C:\WINDOWS\SYSTEM32\DBGHELP.DLL
0x00007ff9fb160000 - 0x00007ff9fb4e9000 	C:\WINDOWS\System32\combase.dll
0x00007ff9fc770000 - 0x00007ff9fc847000 	C:\WINDOWS\System32\OLEAUT32.dll
0x00007ff9cd850000 - 0x00007ff9cd882000 	C:\WINDOWS\SYSTEM32\dbgcore.DLL
0x00007ff9fac90000 - 0x00007ff9fad0b000 	C:\WINDOWS\System32\bcryptPrimitives.dll
0x00007ff9f4aa0000 - 0x00007ff9f4aae000 	C:\Program Files\Java\jdk-17\bin\instrument.dll
0x00007ff9dd3b0000 - 0x00007ff9dd3d5000 	C:\Program Files\Java\jdk-17\bin\java.dll
0x00007ff997800000 - 0x00007ff9978d7000 	C:\Program Files\Java\jdk-17\bin\jsvml.dll
0x00007ff9fbf40000 - 0x00007ff9fc730000 	C:\WINDOWS\System32\SHELL32.dll
0x00007ff9f87a0000 - 0x00007ff9f906d000 	C:\WINDOWS\SYSTEM32\windows.storage.dll
0x00007ff9f8660000 - 0x00007ff9f879e000 	C:\WINDOWS\SYSTEM32\wintypes.dll
0x00007ff9fcff0000 - 0x00007ff9fd0e1000 	C:\WINDOWS\System32\SHCORE.dll
0x00007ff9fcc10000 - 0x00007ff9fcc6e000 	C:\WINDOWS\System32\shlwapi.dll
0x00007ff9fa6c0000 - 0x00007ff9fa6e1000 	C:\WINDOWS\SYSTEM32\profapi.dll
0x00007ff9dd1e0000 - 0x00007ff9dd1f8000 	C:\Program Files\Java\jdk-17\bin\zip.dll
0x00007ff9ee0e0000 - 0x00007ff9ee0f9000 	C:\Program Files\Java\jdk-17\bin\net.dll
0x00007ff9f47c0000 - 0x00007ff9f48f7000 	C:\WINDOWS\SYSTEM32\WINHTTP.dll
0x00007ff9f9d40000 - 0x00007ff9f9da9000 	C:\WINDOWS\system32\mswsock.dll
0x00007ff9dd2a0000 - 0x00007ff9dd2b6000 	C:\Program Files\Java\jdk-17\bin\nio.dll
0x00007ff9f22f0000 - 0x00007ff9f2300000 	C:\Program Files\Java\jdk-17\bin\verify.dll
0x00007ff9da500000 - 0x00007ff9da53e000 	C:\Users\nat24\AppData\Roaming\Code\User\globalStorage\redhat.java\1.16.0\config_win\org.eclipse.equinox.launcher\org.eclipse.equinox.launcher.win32.win32.x86_64_1.2.700.v20221108-1024\eclipse_11801.dll
0x00007ff9fca60000 - 0x00007ff9fcbfc000 	C:\WINDOWS\System32\ole32.dll
0x00007ff9f9fa0000 - 0x00007ff9f9fbb000 	C:\WINDOWS\SYSTEM32\CRYPTSP.dll
0x00007ff9f97c0000 - 0x00007ff9f97f5000 	C:\WINDOWS\system32\rsaenh.dll
0x00007ff9f9e40000 - 0x00007ff9f9e68000 	C:\WINDOWS\SYSTEM32\USERENV.dll
0x00007ff9fa160000 - 0x00007ff9fa188000 	C:\WINDOWS\SYSTEM32\bcrypt.dll
0x00007ff9f9fc0000 - 0x00007ff9f9fcc000 	C:\WINDOWS\SYSTEM32\CRYPTBASE.dll
0x00007ff9f9350000 - 0x00007ff9f937d000 	C:\WINDOWS\SYSTEM32\IPHLPAPI.DLL
0x00007ff9fcc00000 - 0x00007ff9fcc09000 	C:\WINDOWS\System32\NSI.dll
0x00007ff9f1f50000 - 0x00007ff9f1f69000 	C:\WINDOWS\SYSTEM32\dhcpcsvc6.DLL
0x00007ff9f1ac0000 - 0x00007ff9f1adf000 	C:\WINDOWS\SYSTEM32\dhcpcsvc.DLL
0x00007ff9f93f0000 - 0x00007ff9f94e3000 	C:\WINDOWS\SYSTEM32\DNSAPI.dll
0x00007ff9e5ff0000 - 0x00007ff9e6035000 	C:\Users\nat24\AppData\Local\Temp\jna-104590115\jna18043558723306543160.dll

dbghelp: loaded successfully - version: 4.0.5 - missing functions: none
symbol engine: initialized successfully - sym options: 0x614 - pdb path: .;C:\Program Files\Java\jdk-17\bin;C:\WINDOWS\SYSTEM32;C:\WINDOWS\WinSxS\amd64_microsoft.windows.common-controls_6595b64144ccf1df_6.0.22621.608_none_a9444ca7c10bb01d;C:\Program Files\Java\jdk-17\bin\server;C:\Users\nat24\AppData\Roaming\Code\User\globalStorage\redhat.java\1.16.0\config_win\org.eclipse.equinox.launcher\org.eclipse.equinox.launcher.win32.win32.x86_64_1.2.700.v20221108-1024;C:\Users\nat24\AppData\Local\Temp\jna-104590115

VM Arguments:
jvm_args: --add-modules=ALL-SYSTEM --add-opens=java.base/java.util=ALL-UNNAMED --add-opens=java.base/java.lang=ALL-UNNAMED --add-opens=java.base/sun.nio.fs=ALL-UNNAMED -Declipse.application=org.eclipse.jdt.ls.core.id1 -Dosgi.bundles.defaultStartLevel=4 -Declipse.product=org.eclipse.jdt.ls.core.product -Djava.import.generatesMetadataFilesAtProjectRoot=false -Dfile.encoding=utf8 -XX:+UseParallelGC -XX:GCTimeRatio=4 -XX:AdaptiveSizePolicyWeight=90 -Dsun.zip.disableMemoryMapping=true -Xmx1G -Xms100m -Xlog:disable -javaagent:c:\Users\nat24\.vscode\extensions\redhat.java-1.16.0-win32-x64\lombok\lombok-1.18.24.jar -XX:+HeapDumpOnOutOfMemoryError -XX:HeapDumpPath=c:\Users\nat24\AppData\Roaming\Code\User\workspaceStorage\7ee068461fea0a2cbf1ecac1b635f22a\redhat.java 
java_command: c:\Users\nat24\.vscode\extensions\redhat.java-1.16.0-win32-x64\server\plugins\org.eclipse.equinox.launcher_1.6.400.v20210924-0641.jar -configuration c:\Users\nat24\AppData\Roaming\Code\User\globalStorage\redhat.java\1.16.0\config_win -data c:\Users\nat24\AppData\Roaming\Code\User\workspaceStorage\7ee068461fea0a2cbf1ecac1b635f22a\redhat.java\jdt_ws
java_class_path (initial): c:\Users\nat24\.vscode\extensions\redhat.java-1.16.0-win32-x64\server\plugins\org.eclipse.equinox.launcher_1.6.400.v20210924-0641.jar
Launcher Type: SUN_STANDARD

[Global flags]
    uintx AdaptiveSizePolicyWeight                 = 90                                        {product} {command line}
     intx CICompilerCount                          = 4                                         {product} {ergonomic}
    uintx GCTimeRatio                              = 4                                         {product} {command line}
     bool HeapDumpOnOutOfMemoryError               = true                                   {manageable} {command line}
    ccstr HeapDumpPath                             = c:\Users\nat24\AppData\Roaming\Code\User\workspaceStorage\7ee068461fea0a2cbf1ecac1b635f22a\redhat.java         {manageable} {command line}
   size_t InitialHeapSize                          = 104857600                                 {product} {command line}
   size_t MaxHeapSize                              = 1073741824                                {product} {command line}
   size_t MaxNewSize                               = 357564416                                 {product} {ergonomic}
   size_t MinHeapDeltaBytes                        = 524288                                    {product} {ergonomic}
   size_t MinHeapSize                              = 104857600                                 {product} {command line}
   size_t NewSize                                  = 34603008                                  {product} {ergonomic}
    uintx NonNMethodCodeHeapSize                   = 5839372                                {pd product} {ergonomic}
    uintx NonProfiledCodeHeapSize                  = 122909434                              {pd product} {ergonomic}
   size_t OldSize                                  = 70254592                                  {product} {ergonomic}
    uintx ProfiledCodeHeapSize                     = 122909434                              {pd product} {ergonomic}
    uintx ReservedCodeCacheSize                    = 251658240                              {pd product} {ergonomic}
     bool SegmentedCodeCache                       = true                                      {product} {ergonomic}
   size_t SoftMaxHeapSize                          = 1073741824                             {manageable} {ergonomic}
     bool UseCompressedClassPointers               = true                           {product lp64_product} {ergonomic}
     bool UseCompressedOops                        = true                           {product lp64_product} {ergonomic}
     bool UseLargePagesIndividualAllocation        = false                                  {pd product} {ergonomic}
     bool UseParallelGC                            = true                                      {product} {command line}

Logging:
Log output configuration:
 #0: stdout all=off uptime,level,tags
 #1: stderr all=off uptime,level,tags

Environment Variables:
CLASSPATH=C:\Users\nat24\eclipse-workspace
PATH=C:\Program Files\Common Files\Oracle\Java\javapath;C:\Python310\Scripts\;C:\Python310\;C:\WINDOWS\system32;C:\WINDOWS;C:\WINDOWS\System32\Wbem;C:\WINDOWS\System32\WindowsPowerShell\v1.0\;C:\WINDOWS\System32\OpenSSH\;C:\Program Files\nodejs\;C:\ProgramData\chocolatey\bin;C:\Program Files\Git\cmd;C:\Program Files\PuTTY\;C:\Users\nat24\AppData\Local\Microsoft\WindowsApps;C:\Users\nat24\AppData\Roaming\npm;C:\Users\nat24\eclipse-workspace\Assignment_1\bin;C:\Users\nat24\AppData\Local\Programs\Microsoft VS Code\bin;
USERNAME=nat24
OS=Windows_NT
PROCESSOR_IDENTIFIER=Intel64 Family 6 Model 140 Stepping 1, GenuineIntel



---------------  S Y S T E M  ---------------

OS:
 Windows 11 , 64 bit Build 22621 (10.0.22621.1485)
OS uptime: 0 days 13:05 hours

CPU: total 8 (initial active 8) (4 cores per cpu, 2 threads per core) family 6 model 140 stepping 1 microcode 0xa6, cx8, cmov, fxsr, ht, mmx, 3dnowpref, sse, sse2, sse3, ssse3, sse4.1, sse4.2, popcnt, lzcnt, tsc, tscinvbit, avx, avx2, aes, erms, clmul, bmi1, bmi2, adx, avx512f, avx512dq, avx512cd, avx512bw, avx512vl, sha, fma, vzeroupper, avx512_vpopcntdq, avx512_vpclmulqdq, avx512_vaes, avx512_vnni, clflush, clflushopt, clwb, avx512_vbmi2, avx512_vbmi

Memory: 4k page, system-wide physical 16064M (2394M free)
TotalPageFile size 65216M (AvailPageFile size 7M)
current process WorkingSet (physical memory assigned to process): 210M, peak: 214M
current process commit charge ("private bytes"): 314M, peak: 316M

vm_info: Java HotSpot(TM) 64-Bit Server VM (17.0.6+9-LTS-190) for windows-amd64 JRE (17.0.6+9-LTS-190), built on Dec  6 2022 15:53:54 by "mach5one" with MS VC++ 17.1 (VS2022)

END.
