#
# There is insufficient memory for the Java Runtime Environment to continue.
# Native memory allocation (malloc) failed to allocate 2106032 bytes for Chunk::new
# Possible reasons:
#   The system is out of physical RAM or swap space
#   The process is running with CompressedOops enabled, and the Java Heap may be blocking the growth of the native heap
# Possible solutions:
#   Reduce memory load on the system
#   Increase physical memory or swap space
#   Check if swap backing store is full
#   Decrease Java heap size (-Xmx/-Xms)
#   Decrease number of Java threads
#   Decrease Java thread stack sizes (-Xss)
#   Set larger code cache with -XX:ReservedCodeCacheSize=
#   JVM is running with Unscaled Compressed Oops mode in which the Java heap is
#     placed in the first 4GB address space. The Java Heap base address is the
#     maximum limit for the native heap growth. Please use -XX:HeapBaseMinAddress
#     to set the Java Heap base and to place the Java Heap above 4GB virtual address.
# This output file may be truncated or incomplete.
#
#  Out of Memory Error (arena.cpp:189), pid=7828, tid=16424
#
# JRE version: Java(TM) SE Runtime Environment (17.0.6+9) (build 17.0.6+9-LTS-190)
# Java VM: Java HotSpot(TM) 64-Bit Server VM (17.0.6+9-LTS-190, mixed mode, sharing, tiered, compressed oops, compressed class ptrs, parallel gc, windows-amd64)
# No core dump will be written. Minidumps are not enabled by default on client versions of Windows
#

---------------  S U M M A R Y ------------

Command Line: --add-modules=ALL-SYSTEM --add-opens=java.base/java.util=ALL-UNNAMED --add-opens=java.base/java.lang=ALL-UNNAMED --add-opens=java.base/sun.nio.fs=ALL-UNNAMED -Declipse.application=org.eclipse.jdt.ls.core.id1 -Dosgi.bundles.defaultStartLevel=4 -Declipse.product=org.eclipse.jdt.ls.core.product -Djava.import.generatesMetadataFilesAtProjectRoot=false -Dfile.encoding=utf8 -XX:+UseParallelGC -XX:GCTimeRatio=4 -XX:AdaptiveSizePolicyWeight=90 -Dsun.zip.disableMemoryMapping=true -Xmx1G -Xms100m -Xlog:disable -javaagent:c:\Users\nat24\.vscode\extensions\redhat.java-1.16.0-win32-x64\lombok\lombok-1.18.24.jar c:\Users\nat24\.vscode\extensions\redhat.java-1.16.0-win32-x64\server\plugins\org.eclipse.equinox.launcher_1.6.400.v20210924-0641.jar -configuration c:\Users\nat24\AppData\Roaming\Code\User\globalStorage\redhat.java\1.16.0\config_ss_win -data c:\Users\nat24\AppData\Roaming\Code\User\workspaceStorage\7ee068461fea0a2cbf1ecac1b635f22a\redhat.java\ss_ws

Host: 11th Gen Intel(R) Core(TM) i7-1165G7 @ 2.80GHz, 8 cores, 15G,  Windows 11 , 64 bit Build 22621 (10.0.22621.1485)
Time: Thu Apr 13 11:28:03 2023 AUS Eastern Standard Time elapsed time: 7.111047 seconds (0d 0h 0m 7s)

---------------  T H R E A D  ---------------

Current thread (0x000001c1f4441660):  JavaThread "C2 CompilerThread0" daemon [_thread_in_native, id=16424, stack(0x0000008c63000000,0x0000008c63100000)]


Current CompileTask:
C2:   7111 3761   !   4       org.eclipse.osgi.internal.loader.classpath.ClasspathManager::findLocalClass (210 bytes)

Stack: [0x0000008c63000000,0x0000008c63100000]
Native frames: (J=compiled Java code, j=interpreted, Vv=VM code, C=native code)
V  [jvm.dll+0x6734ea]
V  [jvm.dll+0x7d18f4]
V  [jvm.dll+0x7d309e]
V  [jvm.dll+0x7d3703]
V  [jvm.dll+0x2433c5]
V  [jvm.dll+0xaa46b]
V  [jvm.dll+0xaaa0c]
V  [jvm.dll+0x35eb2e]
V  [jvm.dll+0x1b967a]
V  [jvm.dll+0x215f37]
V  [jvm.dll+0x215211]
V  [jvm.dll+0x1a1730]
V  [jvm.dll+0x224b6e]
V  [jvm.dll+0x222f15]
V  [jvm.dll+0x78753c]
V  [jvm.dll+0x781a7a]
V  [jvm.dll+0x672375]
C  [ucrtbase.dll+0x29363]
C  [KERNEL32.DLL+0x1269d]
C  [ntdll.dll+0x5a9f8]


---------------  P R O C E S S  ---------------

Threads class SMR info:
_java_thread_list=0x000001c1f7a499e0, length=26, elements={
0x000001c1ea9eff10, 0x000001c1f44238c0, 0x000001c1f4424730, 0x000001c1f4438b10,
0x000001c1f443c8f0, 0x000001c1f443f960, 0x000001c1f4440220, 0x000001c1f4441660,
0x000001c1f4447b90, 0x000001c1f6c08070, 0x000001c1f6cb7590, 0x000001c1f6eb7330,
0x000001c1f771af30, 0x000001c1f777a700, 0x000001c1f7858dc0, 0x000001c1f7853fb0,
0x000001c1f7aa5c80, 0x000001c1f7aa7e30, 0x000001c1f7aa7490, 0x000001c1f7aa9170,
0x000001c1f7aa6150, 0x000001c1f7aa6620, 0x000001c1f7aa9640, 0x000001c1f7aa6fc0,
0x000001c1f742a490, 0x000001c1f742a9a0
}

Java Threads: ( => current thread )
  0x000001c1ea9eff10 JavaThread "main" [_thread_blocked, id=1512, stack(0x0000008c62700000,0x0000008c62800000)]
  0x000001c1f44238c0 JavaThread "Reference Handler" daemon [_thread_blocked, id=16932, stack(0x0000008c62a00000,0x0000008c62b00000)]
  0x000001c1f4424730 JavaThread "Finalizer" daemon [_thread_blocked, id=15228, stack(0x0000008c62b00000,0x0000008c62c00000)]
  0x000001c1f4438b10 JavaThread "Signal Dispatcher" daemon [_thread_blocked, id=17588, stack(0x0000008c62c00000,0x0000008c62d00000)]
  0x000001c1f443c8f0 JavaThread "Attach Listener" daemon [_thread_blocked, id=19160, stack(0x0000008c62d00000,0x0000008c62e00000)]
  0x000001c1f443f960 JavaThread "Service Thread" daemon [_thread_blocked, id=18556, stack(0x0000008c62e00000,0x0000008c62f00000)]
  0x000001c1f4440220 JavaThread "Monitor Deflation Thread" daemon [_thread_blocked, id=3376, stack(0x0000008c62f00000,0x0000008c63000000)]
=>0x000001c1f4441660 JavaThread "C2 CompilerThread0" daemon [_thread_in_native, id=16424, stack(0x0000008c63000000,0x0000008c63100000)]
  0x000001c1f4447b90 JavaThread "C1 CompilerThread0" daemon [_thread_blocked, id=10856, stack(0x0000008c63100000,0x0000008c63200000)]
  0x000001c1f6c08070 JavaThread "Sweeper thread" daemon [_thread_blocked, id=15164, stack(0x0000008c63200000,0x0000008c63300000)]
  0x000001c1f6cb7590 JavaThread "Common-Cleaner" daemon [_thread_blocked, id=18084, stack(0x0000008c63300000,0x0000008c63400000)]
  0x000001c1f6eb7330 JavaThread "Notification Thread" daemon [_thread_blocked, id=13188, stack(0x0000008c63400000,0x0000008c63500000)]
  0x000001c1f771af30 JavaThread "Active Thread: Equinox Container: 10c82e00-01c3-4f7b-aeb6-89359038d8b3" [_thread_blocked, id=4536, stack(0x0000008c63700000,0x0000008c63800000)]
  0x000001c1f777a700 JavaThread "Framework Event Dispatcher: Equinox Container: 10c82e00-01c3-4f7b-aeb6-89359038d8b3" daemon [_thread_blocked, id=8236, stack(0x0000008c63e00000,0x0000008c63f00000)]
  0x000001c1f7858dc0 JavaThread "Start Level: Equinox Container: 10c82e00-01c3-4f7b-aeb6-89359038d8b3" daemon [_thread_blocked, id=5136, stack(0x0000008c63f00000,0x0000008c64000000)]
  0x000001c1f7853fb0 JavaThread "SCR Component Actor" daemon [_thread_blocked, id=19276, stack(0x0000008c64000000,0x0000008c64100000)]
  0x000001c1f7aa5c80 JavaThread "Worker-JM" [_thread_blocked, id=17732, stack(0x0000008c64300000,0x0000008c64400000)]
  0x000001c1f7aa7e30 JavaThread "Worker-0: Updating index names" [_thread_in_native, id=5588, stack(0x0000008c64400000,0x0000008c64500000)]
  0x000001c1f7aa7490 JavaThread "Worker-1" [_thread_blocked, id=10200, stack(0x0000008c64500000,0x0000008c64600000)]
  0x000001c1f7aa9170 JavaThread "JNA Cleaner" daemon [_thread_blocked, id=13716, stack(0x0000008c64700000,0x0000008c64800000)]
  0x000001c1f7aa6150 JavaThread "pool-2-thread-1" [_thread_blocked, id=14048, stack(0x0000008c64a00000,0x0000008c64b00000)]
  0x000001c1f7aa6620 JavaThread "pool-1-thread-1" [_thread_in_native, id=9816, stack(0x0000008c64600000,0x0000008c64700000)]
  0x000001c1f7aa9640 JavaThread "ForkJoinPool.commonPool-worker-1" daemon [_thread_blocked, id=11812, stack(0x0000008c63600000,0x0000008c63700000)]
  0x000001c1f7aa6fc0 JavaThread "ForkJoinPool.commonPool-worker-2" daemon [_thread_in_Java, id=15440, stack(0x0000008c64b00000,0x0000008c64c00000)]
  0x000001c1f742a490 JavaThread "C2 CompilerThread1" daemon [_thread_in_native, id=14956, stack(0x0000008c64c00000,0x0000008c64d00000)]
  0x000001c1f742a9a0 JavaThread "C2 CompilerThread2" daemon [_thread_in_native, id=18992, stack(0x0000008c64d00000,0x0000008c64e00000)]

Other Threads:
  0x000001c1eaaa8870 VMThread "VM Thread" [stack: 0x0000008c62900000,0x0000008c62a00000] [id=16512]
  0x000001c1f6eb7800 WatcherThread [stack: 0x0000008c63500000,0x0000008c63600000] [id=10180]
  0x000001c1eaa05200 GCTaskThread "GC Thread#0" [stack: 0x0000008c62800000,0x0000008c62900000] [id=11220]
  0x000001c1f75ea500 GCTaskThread "GC Thread#1" [stack: 0x0000008c63800000,0x0000008c63900000] [id=15680]
  0x000001c1f7650920 GCTaskThread "GC Thread#2" [stack: 0x0000008c63900000,0x0000008c63a00000] [id=14464]
  0x000001c1f7650bd0 GCTaskThread "GC Thread#3" [stack: 0x0000008c63a00000,0x0000008c63b00000] [id=14700]
  0x000001c1f7650e80 GCTaskThread "GC Thread#4" [stack: 0x0000008c63b00000,0x0000008c63c00000] [id=14460]
  0x000001c1f761b220 GCTaskThread "GC Thread#5" [stack: 0x0000008c63c00000,0x0000008c63d00000] [id=9028]
  0x000001c1f761b4d0 GCTaskThread "GC Thread#6" [stack: 0x0000008c63d00000,0x0000008c63e00000] [id=13880]
  0x000001c1f781c730 GCTaskThread "GC Thread#7" [stack: 0x0000008c64100000,0x0000008c64200000] [id=9768]

Threads with active compile tasks:
C2 CompilerThread0     7148 3761   !   4       org.eclipse.osgi.internal.loader.classpath.ClasspathManager::findLocalClass (210 bytes)
C1 CompilerThread0     7149 4206       3       org.eclipse.jdt.internal.compiler.util.HashtableOfType::getput (126 bytes)
C2 CompilerThread1     7149 4194       4       org.eclipse.jdt.internal.core.BinaryMethod::hashCode (39 bytes)
C2 CompilerThread2     7149 4090       4       org.eclipse.jdt.internal.compiler.lookup.BinaryTypeBinding::createMethod (1719 bytes)

VM state: not at safepoint (normal execution)

VM Mutex/Monitor currently owned by a thread: None

Heap address: 0x00000000c0000000, size: 1024 MB, Compressed Oops mode: 32-bit

CDS archive(s) mapped at: [0x0000000800000000-0x0000000800bd0000-0x0000000800bd0000), size 12386304, SharedBaseAddress: 0x0000000800000000, ArchiveRelocationMode: 0.
Compressed class space mapped at: 0x0000000800c00000-0x0000000840c00000, reserved size: 1073741824
Narrow klass base: 0x0000000800000000, Narrow klass shift: 0, Narrow klass range: 0x100000000

GC Precious Log:
 CPUs: 8 total, 8 available
 Memory: 16064M
 Large Page Support: Disabled
 NUMA Support: Disabled
 Compressed Oops: Enabled (32-bit)
 Alignments: Space 512K, Generation 512K, Heap 2M
 Heap Min Capacity: 100M
 Heap Initial Capacity: 100M
 Heap Max Capacity: 1G
 Pre-touch: Disabled
 Parallel Workers: 8

Heap:
 PSYoungGen      total 22528K, used 10196K [0x00000000eab00000, 0x00000000ec300000, 0x0000000100000000)
  eden space 22016K, 46% used [0x00000000eab00000,0x00000000eb4f5298,0x00000000ec080000)
  from space 512K, 0% used [0x00000000ec280000,0x00000000ec280000,0x00000000ec300000)
  to   space 1024K, 0% used [0x00000000ec100000,0x00000000ec100000,0x00000000ec200000)
 ParOldGen       total 68608K, used 24680K [0x00000000c0000000, 0x00000000c4300000, 0x00000000eab00000)
  object space 68608K, 35% used [0x00000000c0000000,0x00000000c181a0b8,0x00000000c4300000)
 Metaspace       used 35718K, committed 36480K, reserved 1081344K
  class space    used 3544K, committed 3904K, reserved 1048576K

Card table byte_map: [0x000001c1ea390000,0x000001c1ea5a0000] _byte_map_base: 0x000001c1e9d90000

Marking Bits: (ParMarkBitMap*) 0x00007ff96f7195f0
 Begin Bits: [0x000001c1f2260000, 0x000001c1f3260000)
 End Bits:   [0x000001c1f3260000, 0x000001c1f4260000)

Polling page: 0x000001c1e8960000

Metaspace:

Usage:
  Non-class:     31.42 MB used.
      Class:      3.46 MB used.
       Both:     34.88 MB used.

Virtual space:
  Non-class space:       32.00 MB reserved,      31.81 MB (>99%) committed,  4 nodes.
      Class space:        1.00 GB reserved,       3.81 MB ( <1%) committed,  1 nodes.
             Both:        1.03 GB reserved,      35.62 MB (  3%) committed. 

Chunk freelists:
   Non-Class:  240.00 KB
       Class:  230.00 KB
        Both:  470.00 KB

MaxMetaspaceSize: unlimited
CompressedClassSpaceSize: 1.00 GB
Initial GC threshold: 21.00 MB
Current GC threshold: 58.38 MB
CDS: on
MetaspaceReclaimPolicy: balanced
 - commit_granule_bytes: 65536.
 - commit_granule_words: 8192.
 - virtual_space_node_default_size: 1048576.
 - enlarge_chunks_in_place: 1.
 - new_chunks_are_fully_committed: 0.
 - uncommit_free_chunks: 1.
 - use_allocation_guard: 0.
 - handle_deallocations: 1.


Internal statistics:

num_allocs_failed_limit: 6.
num_arena_births: 318.
num_arena_deaths: 14.
num_vsnodes_births: 5.
num_vsnodes_deaths: 0.
num_space_committed: 570.
num_space_uncommitted: 0.
num_chunks_returned_to_freelist: 20.
num_chunks_taken_from_freelist: 1703.
num_chunk_merges: 10.
num_chunk_splits: 1152.
num_chunks_enlarged: 793.
num_purges: 2.
num_inconsistent_stats: 0.

CodeHeap 'non-profiled nmethods': size=120000Kb used=2093Kb max_used=2093Kb free=117906Kb
 bounds [0x000001c187ad0000, 0x000001c187d40000, 0x000001c18f000000]
CodeHeap 'profiled nmethods': size=120000Kb used=9169Kb max_used=9169Kb free=110830Kb
 bounds [0x000001c180000000, 0x000001c180900000, 0x000001c187530000]
CodeHeap 'non-nmethods': size=5760Kb used=1308Kb max_used=1337Kb free=4451Kb
 bounds [0x000001c187530000, 0x000001c1877a0000, 0x000001c187ad0000]
 total_blobs=4820 nmethods=4196 adapters=537
 compilation: enabled
              stopped_count=0, restarted_count=0
 full_count=0

Compilation events (20 events):
Event: 7.096 Thread 0x000001c1f742a490 nmethod 4107 0x000001c187cd5990 code [0x000001c187cd5b40, 0x000001c187cd61d8]
Event: 7.096 Thread 0x000001c1f4447b90 nmethod 4127 0x000001c1808cc210 code [0x000001c1808cc3e0, 0x000001c1808cc888]
Event: 7.096 Thread 0x000001c1f4447b90 4128       3       org.eclipse.jdt.internal.compiler.classfmt.FieldInfo::getName (46 bytes)
Event: 7.097 Thread 0x000001c1f4447b90 nmethod 4128 0x000001c1808cca90 code [0x000001c1808ccc60, 0x000001c1808cd148]
Event: 7.097 Thread 0x000001c1f742a490 4114       4       java.lang.reflect.Field::copy (80 bytes)
Event: 7.097 Thread 0x000001c1f4447b90 4130       3       org.eclipse.jdt.internal.compiler.lookup.VariableBinding::<init> (47 bytes)
Event: 7.097 Thread 0x000001c1f4447b90 nmethod 4130 0x000001c1808cd390 code [0x000001c1808cd540, 0x000001c1808cd7b8]
Event: 7.097 Thread 0x000001c1f4447b90 4131       3       org.eclipse.jdt.internal.compiler.lookup.FieldBinding::<init> (21 bytes)
Event: 7.097 Thread 0x000001c1f4447b90 nmethod 4131 0x000001c1808cd910 code [0x000001c1808cdaa0, 0x000001c1808cdc28]
Event: 7.097 Thread 0x000001c1f4447b90 4133       1       org.eclipse.jdt.internal.compiler.impl.JavaFeature::getRestrictedKeywords (5 bytes)
Event: 7.097 Thread 0x000001c1f4447b90 nmethod 4133 0x000001c187cd6610 code [0x000001c187cd67a0, 0x000001c187cd6878]
Event: 7.097 Thread 0x000001c1f4447b90 4132       3       org.eclipse.jdt.internal.compiler.lookup.ModuleBinding::getAllRequiredModules (122 bytes)
Event: 7.098 Thread 0x000001c1f4447b90 nmethod 4132 0x000001c1808cdd10 code [0x000001c1808cdfc0, 0x000001c1808cf0a8]
Event: 7.098 Thread 0x000001c1f4447b90 4124       3       org.eclipse.jdt.internal.compiler.classfmt.ClassFileReader::getConstantClassNameAt (33 bytes)
Event: 7.099 Thread 0x000001c1f742a490 nmethod 4114 0x000001c187cd6910 code [0x000001c187cd6aa0, 0x000001c187cd6c18]
Event: 7.099 Thread 0x000001c1f4447b90 nmethod 4124 0x000001c1808cf510 code [0x000001c1808cf6e0, 0x000001c1808cfb88]
Event: 7.099 Thread 0x000001c1f4447b90 4123   !   3       java.nio.channels.spi.AbstractInterruptibleChannel::close (37 bytes)
Event: 7.099 Thread 0x000001c1f4447b90 nmethod 4123 0x000001c1808cfd90 code [0x000001c1808cff40, 0x000001c1808d02a8]
Event: 7.105 Thread 0x000001c1f742a490 4139       4       org.eclipse.jdt.internal.core.JavaElement::escapeMementoName (200 bytes)
Event: 7.105 Thread 0x000001c1f4447b90 4140  s!   3       org.eclipse.jdt.core.JavaConventions::scannedIdentifier (144 bytes)

GC Heap History (20 events):
Event: 4.115 GC heap before
{Heap before GC invocations=9 (full 1):
 PSYoungGen      total 26112K, used 26083K [0x00000000eab00000, 0x00000000ec900000, 0x0000000100000000)
  eden space 24576K, 100% used [0x00000000eab00000,0x00000000ec300000,0x00000000ec300000)
  from space 1536K, 98% used [0x00000000ec380000,0x00000000ec4f8dd8,0x00000000ec500000)
  to   space 3072K, 0% used [0x00000000ec600000,0x00000000ec600000,0x00000000ec900000)
 ParOldGen       total 68608K, used 8267K [0x00000000c0000000, 0x00000000c4300000, 0x00000000eab00000)
  object space 68608K, 12% used [0x00000000c0000000,0x00000000c0812e78,0x00000000c4300000)
 Metaspace       used 27868K, committed 28544K, reserved 1081344K
  class space    used 2761K, committed 3072K, reserved 1048576K
}
Event: 4.120 GC heap after
{Heap after GC invocations=9 (full 1):
 PSYoungGen      total 26624K, used 3064K [0x00000000eab00000, 0x00000000eca80000, 0x0000000100000000)
  eden space 23552K, 0% used [0x00000000eab00000,0x00000000eab00000,0x00000000ec200000)
  from space 3072K, 99% used [0x00000000ec600000,0x00000000ec8fe3e8,0x00000000ec900000)
  to   space 4096K, 0% used [0x00000000ec200000,0x00000000ec200000,0x00000000ec600000)
 ParOldGen       total 68608K, used 8563K [0x00000000c0000000, 0x00000000c4300000, 0x00000000eab00000)
  object space 68608K, 12% used [0x00000000c0000000,0x00000000c085ce88,0x00000000c4300000)
 Metaspace       used 27868K, committed 28544K, reserved 1081344K
  class space    used 2761K, committed 3072K, reserved 1048576K
}
Event: 4.240 GC heap before
{Heap before GC invocations=10 (full 1):
 PSYoungGen      total 26624K, used 26616K [0x00000000eab00000, 0x00000000eca80000, 0x0000000100000000)
  eden space 23552K, 100% used [0x00000000eab00000,0x00000000ec200000,0x00000000ec200000)
  from space 3072K, 99% used [0x00000000ec600000,0x00000000ec8fe3e8,0x00000000ec900000)
  to   space 4096K, 0% used [0x00000000ec200000,0x00000000ec200000,0x00000000ec600000)
 ParOldGen       total 68608K, used 8563K [0x00000000c0000000, 0x00000000c4300000, 0x00000000eab00000)
  object space 68608K, 12% used [0x00000000c0000000,0x00000000c085ce88,0x00000000c4300000)
 Metaspace       used 28052K, committed 28736K, reserved 1081344K
  class space    used 2779K, committed 3072K, reserved 1048576K
}
Event: 4.246 GC heap after
{Heap after GC invocations=10 (full 1):
 PSYoungGen      total 27136K, used 4072K [0x00000000eab00000, 0x00000000ecd80000, 0x0000000100000000)
  eden space 23040K, 0% used [0x00000000eab00000,0x00000000eab00000,0x00000000ec180000)
  from space 4096K, 99% used [0x00000000ec200000,0x00000000ec5fa3d8,0x00000000ec600000)
  to   space 6144K, 0% used [0x00000000ec780000,0x00000000ec780000,0x00000000ecd80000)
 ParOldGen       total 68608K, used 9795K [0x00000000c0000000, 0x00000000c4300000, 0x00000000eab00000)
  object space 68608K, 14% used [0x00000000c0000000,0x00000000c0990f08,0x00000000c4300000)
 Metaspace       used 28052K, committed 28736K, reserved 1081344K
  class space    used 2779K, committed 3072K, reserved 1048576K
}
Event: 4.337 GC heap before
{Heap before GC invocations=11 (full 1):
 PSYoungGen      total 27136K, used 27112K [0x00000000eab00000, 0x00000000ecd80000, 0x0000000100000000)
  eden space 23040K, 100% used [0x00000000eab00000,0x00000000ec180000,0x00000000ec180000)
  from space 4096K, 99% used [0x00000000ec200000,0x00000000ec5fa3d8,0x00000000ec600000)
  to   space 6144K, 0% used [0x00000000ec780000,0x00000000ec780000,0x00000000ecd80000)
 ParOldGen       total 68608K, used 9795K [0x00000000c0000000, 0x00000000c4300000, 0x00000000eab00000)
  object space 68608K, 14% used [0x00000000c0000000,0x00000000c0990f08,0x00000000c4300000)
 Metaspace       used 28121K, committed 28736K, reserved 1081344K
  class space    used 2792K, committed 3072K, reserved 1048576K
}
Event: 4.349 GC heap after
{Heap after GC invocations=11 (full 1):
 PSYoungGen      total 27136K, used 4224K [0x00000000eab00000, 0x00000000ecc00000, 0x0000000100000000)
  eden space 22528K, 0% used [0x00000000eab00000,0x00000000eab00000,0x00000000ec100000)
  from space 4608K, 91% used [0x00000000ec780000,0x00000000ecba0020,0x00000000ecc00000)
  to   space 5120K, 0% used [0x00000000ec200000,0x00000000ec200000,0x00000000ec700000)
 ParOldGen       total 68608K, used 12455K [0x00000000c0000000, 0x00000000c4300000, 0x00000000eab00000)
  object space 68608K, 18% used [0x00000000c0000000,0x00000000c0c29fd8,0x00000000c4300000)
 Metaspace       used 28121K, committed 28736K, reserved 1081344K
  class space    used 2792K, committed 3072K, reserved 1048576K
}
Event: 4.406 GC heap before
{Heap before GC invocations=12 (full 1):
 PSYoungGen      total 27136K, used 26752K [0x00000000eab00000, 0x00000000ecc00000, 0x0000000100000000)
  eden space 22528K, 100% used [0x00000000eab00000,0x00000000ec100000,0x00000000ec100000)
  from space 4608K, 91% used [0x00000000ec780000,0x00000000ecba0020,0x00000000ecc00000)
  to   space 5120K, 0% used [0x00000000ec200000,0x00000000ec200000,0x00000000ec700000)
 ParOldGen       total 68608K, used 12455K [0x00000000c0000000, 0x00000000c4300000, 0x00000000eab00000)
  object space 68608K, 18% used [0x00000000c0000000,0x00000000c0c29fd8,0x00000000c4300000)
 Metaspace       used 28121K, committed 28736K, reserved 1081344K
  class space    used 2792K, committed 3072K, reserved 1048576K
}
Event: 4.411 GC heap after
{Heap after GC invocations=12 (full 1):
 PSYoungGen      total 24576K, used 2560K [0x00000000eab00000, 0x00000000ec800000, 0x0000000100000000)
  eden space 22016K, 0% used [0x00000000eab00000,0x00000000eab00000,0x00000000ec080000)
  from space 2560K, 100% used [0x00000000ec200000,0x00000000ec480000,0x00000000ec480000)
  to   space 3584K, 0% used [0x00000000ec480000,0x00000000ec480000,0x00000000ec800000)
 ParOldGen       total 68608K, used 16565K [0x00000000c0000000, 0x00000000c4300000, 0x00000000eab00000)
  object space 68608K, 24% used [0x00000000c0000000,0x00000000c102d560,0x00000000c4300000)
 Metaspace       used 28121K, committed 28736K, reserved 1081344K
  class space    used 2792K, committed 3072K, reserved 1048576K
}
Event: 4.477 GC heap before
{Heap before GC invocations=13 (full 1):
 PSYoungGen      total 24576K, used 24576K [0x00000000eab00000, 0x00000000ec800000, 0x0000000100000000)
  eden space 22016K, 100% used [0x00000000eab00000,0x00000000ec080000,0x00000000ec080000)
  from space 2560K, 100% used [0x00000000ec200000,0x00000000ec480000,0x00000000ec480000)
  to   space 3584K, 0% used [0x00000000ec480000,0x00000000ec480000,0x00000000ec800000)
 ParOldGen       total 68608K, used 16565K [0x00000000c0000000, 0x00000000c4300000, 0x00000000eab00000)
  object space 68608K, 24% used [0x00000000c0000000,0x00000000c102d560,0x00000000c4300000)
 Metaspace       used 28121K, committed 28736K, reserved 1081344K
  class space    used 2792K, committed 3072K, reserved 1048576K
}
Event: 4.482 GC heap after
{Heap after GC invocations=13 (full 1):
 PSYoungGen      total 24576K, used 2528K [0x00000000eab00000, 0x00000000ec700000, 0x0000000100000000)
  eden space 22016K, 0% used [0x00000000eab00000,0x00000000eab00000,0x00000000ec080000)
  from space 2560K, 98% used [0x00000000ec480000,0x00000000ec6f8010,0x00000000ec700000)
  to   space 3072K, 0% used [0x00000000ec100000,0x00000000ec100000,0x00000000ec400000)
 ParOldGen       total 68608K, used 19053K [0x00000000c0000000, 0x00000000c4300000, 0x00000000eab00000)
  object space 68608K, 27% used [0x00000000c0000000,0x00000000c129b560,0x00000000c4300000)
 Metaspace       used 28121K, committed 28736K, reserved 1081344K
  class space    used 2792K, committed 3072K, reserved 1048576K
}
Event: 5.488 GC heap before
{Heap before GC invocations=14 (full 1):
 PSYoungGen      total 24576K, used 24530K [0x00000000eab00000, 0x00000000ec700000, 0x0000000100000000)
  eden space 22016K, 99% used [0x00000000eab00000,0x00000000ec07c8d8,0x00000000ec080000)
  from space 2560K, 98% used [0x00000000ec480000,0x00000000ec6f8010,0x00000000ec700000)
  to   space 3072K, 0% used [0x00000000ec100000,0x00000000ec100000,0x00000000ec400000)
 ParOldGen       total 68608K, used 19053K [0x00000000c0000000, 0x00000000c4300000, 0x00000000eab00000)
  object space 68608K, 27% used [0x00000000c0000000,0x00000000c129b560,0x00000000c4300000)
 Metaspace       used 29963K, committed 30592K, reserved 1081344K
  class space    used 3007K, committed 3264K, reserved 1048576K
}
Event: 5.491 GC heap after
{Heap after GC invocations=14 (full 1):
 PSYoungGen      total 24576K, used 2437K [0x00000000eab00000, 0x00000000ec580000, 0x0000000100000000)
  eden space 22016K, 0% used [0x00000000eab00000,0x00000000eab00000,0x00000000ec080000)
  from space 2560K, 95% used [0x00000000ec100000,0x00000000ec361620,0x00000000ec380000)
  to   space 2048K, 0% used [0x00000000ec380000,0x00000000ec380000,0x00000000ec580000)
 ParOldGen       total 68608K, used 21491K [0x00000000c0000000, 0x00000000c4300000, 0x00000000eab00000)
  object space 68608K, 31% used [0x00000000c0000000,0x00000000c14fcdf0,0x00000000c4300000)
 Metaspace       used 29963K, committed 30592K, reserved 1081344K
  class space    used 3007K, committed 3264K, reserved 1048576K
}
Event: 6.001 GC heap before
{Heap before GC invocations=15 (full 1):
 PSYoungGen      total 24576K, used 24453K [0x00000000eab00000, 0x00000000ec580000, 0x0000000100000000)
  eden space 22016K, 100% used [0x00000000eab00000,0x00000000ec080000,0x00000000ec080000)
  from space 2560K, 95% used [0x00000000ec100000,0x00000000ec361620,0x00000000ec380000)
  to   space 2048K, 0% used [0x00000000ec380000,0x00000000ec380000,0x00000000ec580000)
 ParOldGen       total 68608K, used 21491K [0x00000000c0000000, 0x00000000c4300000, 0x00000000eab00000)
  object space 68608K, 31% used [0x00000000c0000000,0x00000000c14fcdf0,0x00000000c4300000)
 Metaspace       used 31386K, committed 32000K, reserved 1081344K
  class space    used 3194K, committed 3456K, reserved 1048576K
}
Event: 6.010 GC heap after
{Heap after GC invocations=15 (full 1):
 PSYoungGen      total 22528K, used 448K [0x00000000eab00000, 0x00000000ec400000, 0x0000000100000000)
  eden space 22016K, 0% used [0x00000000eab00000,0x00000000eab00000,0x00000000ec080000)
  from space 512K, 87% used [0x00000000ec380000,0x00000000ec3f0000,0x00000000ec400000)
  to   space 1536K, 0% used [0x00000000ec100000,0x00000000ec100000,0x00000000ec280000)
 ParOldGen       total 68608K, used 23754K [0x00000000c0000000, 0x00000000c4300000, 0x00000000eab00000)
  object space 68608K, 34% used [0x00000000c0000000,0x00000000c1732950,0x00000000c4300000)
 Metaspace       used 31386K, committed 32000K, reserved 1081344K
  class space    used 3194K, committed 3456K, reserved 1048576K
}
Event: 6.795 GC heap before
{Heap before GC invocations=16 (full 1):
 PSYoungGen      total 22528K, used 22464K [0x00000000eab00000, 0x00000000ec400000, 0x0000000100000000)
  eden space 22016K, 100% used [0x00000000eab00000,0x00000000ec080000,0x00000000ec080000)
  from space 512K, 87% used [0x00000000ec380000,0x00000000ec3f0000,0x00000000ec400000)
  to   space 1536K, 0% used [0x00000000ec100000,0x00000000ec100000,0x00000000ec280000)
 ParOldGen       total 68608K, used 23754K [0x00000000c0000000, 0x00000000c4300000, 0x00000000eab00000)
  object space 68608K, 34% used [0x00000000c0000000,0x00000000c1732950,0x00000000c4300000)
 Metaspace       used 35004K, committed 35712K, reserved 1081344K
  class space    used 3492K, committed 3840K, reserved 1048576K
}
Event: 6.798 GC heap after
{Heap after GC invocations=16 (full 1):
 PSYoungGen      total 23552K, used 1328K [0x00000000eab00000, 0x00000000ec400000, 0x0000000100000000)
  eden space 22016K, 0% used [0x00000000eab00000,0x00000000eab00000,0x00000000ec080000)
  from space 1536K, 86% used [0x00000000ec100000,0x00000000ec24c010,0x00000000ec280000)
  to   space 1536K, 0% used [0x00000000ec280000,0x00000000ec280000,0x00000000ec400000)
 ParOldGen       total 68608K, used 24113K [0x00000000c0000000, 0x00000000c4300000, 0x00000000eab00000)
  object space 68608K, 35% used [0x00000000c0000000,0x00000000c178c6c8,0x00000000c4300000)
 Metaspace       used 35004K, committed 35712K, reserved 1081344K
  class space    used 3492K, committed 3840K, reserved 1048576K
}
Event: 6.808 GC heap before
{Heap before GC invocations=17 (full 1):
 PSYoungGen      total 23552K, used 2011K [0x00000000eab00000, 0x00000000ec400000, 0x0000000100000000)
  eden space 22016K, 3% used [0x00000000eab00000,0x00000000eabaac18,0x00000000ec080000)
  from space 1536K, 86% used [0x00000000ec100000,0x00000000ec24c010,0x00000000ec280000)
  to   space 1536K, 0% used [0x00000000ec280000,0x00000000ec280000,0x00000000ec400000)
 ParOldGen       total 68608K, used 24113K [0x00000000c0000000, 0x00000000c4300000, 0x00000000eab00000)
  object space 68608K, 35% used [0x00000000c0000000,0x00000000c178c6c8,0x00000000c4300000)
 Metaspace       used 35141K, committed 35840K, reserved 1081344K
  class space    used 3497K, committed 3840K, reserved 1048576K
}
Event: 6.811 GC heap after
{Heap after GC invocations=17 (full 1):
 PSYoungGen      total 22528K, used 243K [0x00000000eab00000, 0x00000000ec300000, 0x0000000100000000)
  eden space 22016K, 0% used [0x00000000eab00000,0x00000000eab00000,0x00000000ec080000)
  from space 512K, 47% used [0x00000000ec280000,0x00000000ec2bccd0,0x00000000ec300000)
  to   space 1024K, 0% used [0x00000000ec100000,0x00000000ec100000,0x00000000ec200000)
 ParOldGen       total 68608K, used 25320K [0x00000000c0000000, 0x00000000c4300000, 0x00000000eab00000)
  object space 68608K, 36% used [0x00000000c0000000,0x00000000c18ba010,0x00000000c4300000)
 Metaspace       used 35141K, committed 35840K, reserved 1081344K
  class space    used 3497K, committed 3840K, reserved 1048576K
}
Event: 6.811 GC heap before
{Heap before GC invocations=18 (full 2):
 PSYoungGen      total 22528K, used 243K [0x00000000eab00000, 0x00000000ec300000, 0x0000000100000000)
  eden space 22016K, 0% used [0x00000000eab00000,0x00000000eab00000,0x00000000ec080000)
  from space 512K, 47% used [0x00000000ec280000,0x00000000ec2bccd0,0x00000000ec300000)
  to   space 1024K, 0% used [0x00000000ec100000,0x00000000ec100000,0x00000000ec200000)
 ParOldGen       total 68608K, used 25320K [0x00000000c0000000, 0x00000000c4300000, 0x00000000eab00000)
  object space 68608K, 36% used [0x00000000c0000000,0x00000000c18ba010,0x00000000c4300000)
 Metaspace       used 35141K, committed 35840K, reserved 1081344K
  class space    used 3497K, committed 3840K, reserved 1048576K
}
Event: 6.858 GC heap after
{Heap after GC invocations=18 (full 2):
 PSYoungGen      total 22528K, used 0K [0x00000000eab00000, 0x00000000ec300000, 0x0000000100000000)
  eden space 22016K, 0% used [0x00000000eab00000,0x00000000eab00000,0x00000000ec080000)
  from space 512K, 0% used [0x00000000ec280000,0x00000000ec280000,0x00000000ec300000)
  to   space 1024K, 0% used [0x00000000ec100000,0x00000000ec100000,0x00000000ec200000)
 ParOldGen       total 68608K, used 24680K [0x00000000c0000000, 0x00000000c4300000, 0x00000000eab00000)
  object space 68608K, 35% used [0x00000000c0000000,0x00000000c181a0b8,0x00000000c4300000)
 Metaspace       used 35141K, committed 35840K, reserved 1081344K
  class space    used 3497K, committed 3840K, reserved 1048576K
}

Deoptimization events (20 events):
Event: 6.773 Thread 0x000001c1f7aa6fc0 Uncommon trap: trap_request=0xffffff6e fr.pc=0x000001c187c4b74c relative=0x00000000000003ac
Event: 6.773 Thread 0x000001c1f7aa6fc0 Uncommon trap: reason=loop_limit_check action=maybe_recompile pc=0x000001c187c4b74c method=org.eclipse.jdt.internal.compiler.classfmt.ClassFileStruct.utf8At(II)[C @ 143 c2
Event: 6.773 Thread 0x000001c1f7aa6fc0 DEOPT PACKING pc=0x000001c187c4b74c sp=0x0000008c64bfd140
Event: 6.773 Thread 0x000001c1f7aa6fc0 DEOPT UNPACKING pc=0x000001c1875858a3 sp=0x0000008c64bfd0d8 mode 2
Event: 6.860 Thread 0x000001c1f7aa9640 Uncommon trap: trap_request=0xffffffde fr.pc=0x000001c187ca4e68 relative=0x00000000000005a8
Event: 6.860 Thread 0x000001c1f7aa9640 Uncommon trap: reason=class_check action=maybe_recompile pc=0x000001c187ca4e68 method=java.lang.AbstractStringBuilder.<init>(Ljava/lang/String;)V @ 58 c2
Event: 6.860 Thread 0x000001c1f7aa9640 DEOPT PACKING pc=0x000001c187ca4e68 sp=0x0000008c636fcfc0
Event: 6.860 Thread 0x000001c1f7aa9640 DEOPT UNPACKING pc=0x000001c1875858a3 sp=0x0000008c636fcfa0 mode 2
Event: 6.921 Thread 0x000001c1f7aa6fc0 Uncommon trap: trap_request=0xffffff45 fr.pc=0x000001c187bdde7c relative=0x000000000000023c
Event: 6.921 Thread 0x000001c1f7aa6fc0 Uncommon trap: reason=unstable_if action=reinterpret pc=0x000001c187bdde7c method=java.util.HashMap.getNode(Ljava/lang/Object;)Ljava/util/HashMap$Node; @ 66 c2
Event: 6.921 Thread 0x000001c1f7aa6fc0 DEOPT PACKING pc=0x000001c187bdde7c sp=0x0000008c64bfd410
Event: 6.922 Thread 0x000001c1f7aa6fc0 DEOPT UNPACKING pc=0x000001c1875858a3 sp=0x0000008c64bfd328 mode 2
Event: 6.947 Thread 0x000001c1f7aa6fc0 Uncommon trap: trap_request=0xffffffc6 fr.pc=0x000001c187be18d8 relative=0x0000000000000cd8
Event: 6.947 Thread 0x000001c1f7aa6fc0 Uncommon trap: reason=bimorphic_or_optimized_type_check action=maybe_recompile pc=0x000001c187be18d8 method=java.util.HashMap.putVal(ILjava/lang/Object;Ljava/lang/Object;ZZ)Ljava/lang/Object; @ 91 c2
Event: 6.947 Thread 0x000001c1f7aa6fc0 DEOPT PACKING pc=0x000001c187be18d8 sp=0x0000008c64bfd310
Event: 6.947 Thread 0x000001c1f7aa6fc0 DEOPT UNPACKING pc=0x000001c1875858a3 sp=0x0000008c64bfd1a8 mode 2
Event: 6.997 Thread 0x000001c1f7aa6fc0 Uncommon trap: trap_request=0xffffff45 fr.pc=0x000001c187bb7940 relative=0x0000000000000220
Event: 6.997 Thread 0x000001c1f7aa6fc0 Uncommon trap: reason=unstable_if action=reinterpret pc=0x000001c187bb7940 method=java.util.WeakHashMap.expungeStaleEntries()V @ 9 c2
Event: 6.997 Thread 0x000001c1f7aa6fc0 DEOPT PACKING pc=0x000001c187bb7940 sp=0x0000008c64bfd800
Event: 6.997 Thread 0x000001c1f7aa6fc0 DEOPT UNPACKING pc=0x000001c1875858a3 sp=0x0000008c64bfd798 mode 2

Classes unloaded (7 events):
Event: 3.189 Thread 0x000001c1eaaa8870 Unloading class 0x0000000800d66400 'java/lang/invoke/LambdaForm$MH+0x0000000800d66400'
Event: 3.189 Thread 0x000001c1eaaa8870 Unloading class 0x0000000800d66000 'java/lang/invoke/LambdaForm$MH+0x0000000800d66000'
Event: 3.189 Thread 0x000001c1eaaa8870 Unloading class 0x0000000800d65c00 'java/lang/invoke/LambdaForm$MH+0x0000000800d65c00'
Event: 3.189 Thread 0x000001c1eaaa8870 Unloading class 0x0000000800d65800 'java/lang/invoke/LambdaForm$MH+0x0000000800d65800'
Event: 3.189 Thread 0x000001c1eaaa8870 Unloading class 0x0000000800d65000 'java/lang/invoke/LambdaForm$BMH+0x0000000800d65000'
Event: 3.189 Thread 0x000001c1eaaa8870 Unloading class 0x0000000800d64c00 'java/lang/invoke/LambdaForm$DMH+0x0000000800d64c00'
Event: 3.189 Thread 0x000001c1eaaa8870 Unloading class 0x0000000800d62000 'java/lang/invoke/LambdaForm$DMH+0x0000000800d62000'

Classes redefined (0 events):
No events

Internal exceptions (20 events):
Event: 6.154 Thread 0x000001c1f7aa6620 Exception <a 'java/lang/NullPointerException'{0x00000000eb09a8b0}> (0x00000000eb09a8b0) 
thrown [s\open\src\hotspot\share\interpreter\linkResolver.cpp, line 1350]
Event: 6.154 Thread 0x000001c1f7aa6620 Exception <a 'java/lang/NullPointerException'{0x00000000eb09b628}> (0x00000000eb09b628) 
thrown [s\open\src\hotspot\share\interpreter\linkResolver.cpp, line 1350]
Event: 6.154 Thread 0x000001c1f7aa6620 Exception <a 'java/lang/NullPointerException'{0x00000000eb09c478}> (0x00000000eb09c478) 
thrown [s\open\src\hotspot\share\interpreter\linkResolver.cpp, line 1350]
Event: 6.198 Thread 0x000001c1f7aa9640 Exception <a 'java/lang/NoSuchMethodError'{0x00000000eb37e740}: 'int java.lang.invoke.DirectMethodHandle$Holder.invokeVirtual(java.lang.Object, java.lang.Object)'> (0x00000000eb37e740) 
thrown [s\open\src\hotspot\share\interpreter\linkResolver.cpp, line 759]
Event: 6.714 Thread 0x000001c1f7aa6fc0 Exception <a 'java/lang/NullPointerException'{0x00000000ebbbbd70}> (0x00000000ebbbbd70) 
thrown [s\open\src\hotspot\share\interpreter\linkResolver.cpp, line 1350]
Event: 6.735 Thread 0x000001c1f7aa6fc0 Exception <a 'java/lang/NoSuchMethodError'{0x00000000ebc80f20}: 'int java.lang.invoke.DirectMethodHandle$Holder.invokeStatic(java.lang.Object, java.lang.Object, java.lang.Object, int)'> (0x00000000ebc80f20) 
thrown [s\open\src\hotspot\share\interpreter\linkResolver.cpp, line 759]
Event: 6.749 Thread 0x000001c1f7aa6fc0 Exception <a 'java/lang/NoSuchMethodError'{0x00000000ebd81bb8}: 'int java.lang.invoke.DirectMethodHandle$Holder.invokeVirtual(java.lang.Object, java.lang.Object, java.lang.Object)'> (0x00000000ebd81bb8) 
thrown [s\open\src\hotspot\share\interpreter\linkResolver.cpp, line 759]
Event: 6.754 Thread 0x000001c1f7aa6fc0 Exception <a 'java/lang/NoSuchMethodError'{0x00000000ebdf97f0}: 'int java.lang.invoke.DirectMethodHandle$Holder.invokeSpecialIFC(java.lang.Object, java.lang.Object, java.lang.Object)'> (0x00000000ebdf97f0) 
thrown [s\open\src\hotspot\share\interpreter\linkResolver.cpp, line 759]
Event: 6.887 Thread 0x000001c1f7aa6fc0 Exception <a 'java/io/FileNotFoundException'{0x00000000eab86148}> (0x00000000eab86148) 
thrown [s\open\src\hotspot\share\prims\jni.cpp, line 516]
Event: 6.993 Thread 0x000001c1f7aa6fc0 Exception <a 'java/lang/NoClassDefFoundError'{0x00000000eb0019b0}: org/eclipse/jdt/internal/core/CompilationUnit> (0x00000000eb0019b0) 
thrown [s\open\src\hotspot\share\classfile\systemDictionary.cpp, line 245]
Event: 6.998 Thread 0x000001c1f7aa6fc0 Exception <a 'java/lang/NullPointerException'{0x00000000eb00eaa8}> (0x00000000eb00eaa8) 
thrown [s\open\src\hotspot\share\interpreter\linkResolver.cpp, line 1350]
Event: 7.001 Thread 0x000001c1f7aa6fc0 Exception <a 'java/lang/NullPointerException'{0x00000000eb017810}> (0x00000000eb017810) 
thrown [s\open\src\hotspot\share\interpreter\linkResolver.cpp, line 1350]
Event: 7.001 Thread 0x000001c1f7aa6fc0 Exception <a 'java/lang/NullPointerException'{0x00000000eb0181f8}> (0x00000000eb0181f8) 
thrown [s\open\src\hotspot\share\interpreter\linkResolver.cpp, line 1350]
Event: 7.002 Thread 0x000001c1f7aa6fc0 Exception <a 'java/lang/NullPointerException'{0x00000000eb0191c0}> (0x00000000eb0191c0) 
thrown [s\open\src\hotspot\share\interpreter\linkResolver.cpp, line 1350]
Event: 7.002 Thread 0x000001c1f7aa6fc0 Exception <a 'java/lang/NullPointerException'{0x00000000eb019840}> (0x00000000eb019840) 
thrown [s\open\src\hotspot\share\interpreter\linkResolver.cpp, line 1350]
Event: 7.075 Thread 0x000001c1f7aa6fc0 Exception <a 'java/lang/NullPointerException'{0x00000000eb178220}> (0x00000000eb178220) 
thrown [s\open\src\hotspot\share\interpreter\linkResolver.cpp, line 1350]
Event: 7.076 Thread 0x000001c1f7aa6fc0 Exception <a 'java/lang/NullPointerException'{0x00000000eb17b018}> (0x00000000eb17b018) 
thrown [s\open\src\hotspot\share\interpreter\linkResolver.cpp, line 1350]
Event: 7.076 Thread 0x000001c1f7aa6fc0 Exception <a 'java/lang/NullPointerException'{0x00000000eb17ba50}> (0x00000000eb17ba50) 
thrown [s\open\src\hotspot\share\interpreter\linkResolver.cpp, line 1350]
Event: 7.082 Thread 0x000001c1f7aa6fc0 Exception <a 'java/lang/NullPointerException'{0x00000000eb1b2eb0}> (0x00000000eb1b2eb0) 
thrown [s\open\src\hotspot\share\interpreter\linkResolver.cpp, line 1350]
Event: 7.084 Thread 0x000001c1f7aa6fc0 Exception <a 'java/lang/NullPointerException'{0x00000000eb1b8188}> (0x00000000eb1b8188) 
thrown [s\open\src\hotspot\share\interpreter\linkResolver.cpp, line 1350]

VM Operations (20 events):
Event: 4.439 Executing VM operation: HandshakeAllThreads
Event: 4.439 Executing VM operation: HandshakeAllThreads done
Event: 4.477 Executing VM operation: ParallelGCFailedAllocation
Event: 4.482 Executing VM operation: ParallelGCFailedAllocation done
Event: 5.484 Executing VM operation: Cleanup
Event: 5.485 Executing VM operation: Cleanup done
Event: 5.488 Executing VM operation: ParallelGCFailedAllocation
Event: 5.491 Executing VM operation: ParallelGCFailedAllocation done
Event: 5.508 Executing VM operation: HandshakeAllThreads
Event: 5.508 Executing VM operation: HandshakeAllThreads done
Event: 6.000 Executing VM operation: ParallelGCFailedAllocation
Event: 6.011 Executing VM operation: ParallelGCFailedAllocation done
Event: 6.613 Executing VM operation: HandshakeAllThreads
Event: 6.613 Executing VM operation: HandshakeAllThreads done
Event: 6.759 Executing VM operation: HandshakeAllThreads
Event: 6.759 Executing VM operation: HandshakeAllThreads done
Event: 6.795 Executing VM operation: ParallelGCFailedAllocation
Event: 6.798 Executing VM operation: ParallelGCFailedAllocation done
Event: 6.806 Executing VM operation: CollectForMetadataAllocation
Event: 6.859 Executing VM operation: CollectForMetadataAllocation done

Events (20 events):
Event: 6.690 loading class java/util/stream/MatchOps$MatchOp
Event: 6.690 loading class java/util/stream/MatchOps$MatchOp done
Event: 6.690 loading class java/util/stream/MatchOps$BooleanTerminalSink
Event: 6.690 loading class java/util/stream/MatchOps$BooleanTerminalSink done
Event: 6.690 loading class java/util/stream/MatchOps$1MatchSink
Event: 6.690 loading class java/util/stream/MatchOps$1MatchSink done
Event: 6.750 loading class java/util/stream/ReduceOps$4
Event: 6.750 loading class java/util/stream/ReduceOps$4 done
Event: 6.750 loading class java/util/stream/ReduceOps$4ReducingSink
Event: 6.750 loading class java/util/stream/ReduceOps$4ReducingSink done
Event: 7.078 loading class java/util/stream/ReferencePipeline$4
Event: 7.078 loading class java/util/stream/ReferencePipeline$4 done
Event: 7.079 loading class java/util/stream/Nodes$IntFixedNodeBuilder
Event: 7.079 loading class java/util/stream/Node$Builder$OfInt
Event: 7.079 loading class java/util/stream/Node$Builder$OfInt done
Event: 7.079 loading class java/util/stream/Nodes$IntArrayNode
Event: 7.079 loading class java/util/stream/Nodes$IntArrayNode done
Event: 7.079 loading class java/util/stream/Nodes$IntFixedNodeBuilder done
Event: 7.079 loading class java/util/stream/ReferencePipeline$4$1
Event: 7.079 loading class java/util/stream/ReferencePipeline$4$1 done


Dynamic libraries:
0x00007ff603d50000 - 0x00007ff603d60000 	C:\Program Files\Java\jdk-17\bin\java.exe
0x00007ff9fd350000 - 0x00007ff9fd564000 	C:\WINDOWS\SYSTEM32\ntdll.dll
0x00007ff9fb720000 - 0x00007ff9fb7e2000 	C:\WINDOWS\System32\KERNEL32.DLL
0x00007ff9fa8f0000 - 0x00007ff9fac8c000 	C:\WINDOWS\System32\KERNELBASE.dll
0x00007ff9f7160000 - 0x00007ff9f71f6000 	C:\WINDOWS\SYSTEM32\apphelp.dll
0x00007ff9faed0000 - 0x00007ff9fafe1000 	C:\WINDOWS\System32\ucrtbase.dll
0x00007ff9f6900000 - 0x00007ff9f6918000 	C:\Program Files\Java\jdk-17\bin\jli.dll
0x00007ff9fc860000 - 0x00007ff9fc90e000 	C:\WINDOWS\System32\ADVAPI32.dll
0x00007ff9fbd50000 - 0x00007ff9fbdf7000 	C:\WINDOWS\System32\msvcrt.dll
0x00007ff9fbc90000 - 0x00007ff9fbd34000 	C:\WINDOWS\System32\sechost.dll
0x00007ff9fbe20000 - 0x00007ff9fbf37000 	C:\WINDOWS\System32\RPCRT4.dll
0x00007ff9fce40000 - 0x00007ff9fcfeb000 	C:\WINDOWS\System32\USER32.dll
0x00007ff9fa800000 - 0x00007ff9fa826000 	C:\WINDOWS\System32\win32u.dll
0x00007ff9fd2e0000 - 0x00007ff9fd309000 	C:\WINDOWS\System32\GDI32.dll
0x00007ff9fad10000 - 0x00007ff9fae23000 	C:\WINDOWS\System32\gdi32full.dll
0x00007ff9fae30000 - 0x00007ff9faeca000 	C:\WINDOWS\System32\msvcp_win.dll
0x00007ff9ee770000 - 0x00007ff9ee78b000 	C:\Program Files\Java\jdk-17\bin\VCRUNTIME140.dll
0x00007ff9d5c00000 - 0x00007ff9d5e8e000 	C:\WINDOWS\WinSxS\amd64_microsoft.windows.common-controls_6595b64144ccf1df_6.0.22621.608_none_a9444ca7c10bb01d\COMCTL32.dll
0x00007ff9f7f70000 - 0x00007ff9f7f7a000 	C:\WINDOWS\SYSTEM32\VERSION.dll
0x00007ff9fc730000 - 0x00007ff9fc761000 	C:\WINDOWS\System32\IMM32.DLL
0x00007ff9f6e70000 - 0x00007ff9f6e7c000 	C:\Program Files\Java\jdk-17\bin\vcruntime140_1.dll
0x00007ff9d4c60000 - 0x00007ff9d4cee000 	C:\Program Files\Java\jdk-17\bin\msvcp140.dll
0x00007ff96ec00000 - 0x00007ff96f7d7000 	C:\Program Files\Java\jdk-17\bin\server\jvm.dll
0x00007ff9fc850000 - 0x00007ff9fc858000 	C:\WINDOWS\System32\PSAPI.DLL
0x00007ff9cd780000 - 0x00007ff9cd789000 	C:\WINDOWS\SYSTEM32\WSOCK32.dll
0x00007ff9f1410000 - 0x00007ff9f1444000 	C:\WINDOWS\SYSTEM32\WINMM.dll
0x00007ff9fb6a0000 - 0x00007ff9fb711000 	C:\WINDOWS\System32\WS2_32.dll
0x00007ff9f9860000 - 0x00007ff9f9878000 	C:\WINDOWS\SYSTEM32\kernel.appcore.dll
0x00007ff9f5390000 - 0x00007ff9f539a000 	C:\Program Files\Java\jdk-17\bin\jimage.dll
0x00007ff9f7ce0000 - 0x00007ff9f7f0e000 	C:\WINDOWS\SYSTEM32\DBGHELP.DLL
0x00007ff9fb160000 - 0x00007ff9fb4e9000 	C:\WINDOWS\System32\combase.dll
0x00007ff9fc770000 - 0x00007ff9fc847000 	C:\WINDOWS\System32\OLEAUT32.dll
0x00007ff9cd850000 - 0x00007ff9cd882000 	C:\WINDOWS\SYSTEM32\dbgcore.DLL
0x00007ff9fac90000 - 0x00007ff9fad0b000 	C:\WINDOWS\System32\bcryptPrimitives.dll
0x00007ff9f4aa0000 - 0x00007ff9f4aae000 	C:\Program Files\Java\jdk-17\bin\instrument.dll
0x00007ff9dd3b0000 - 0x00007ff9dd3d5000 	C:\Program Files\Java\jdk-17\bin\java.dll
0x00007ff997800000 - 0x00007ff9978d7000 	C:\Program Files\Java\jdk-17\bin\jsvml.dll
0x00007ff9fbf40000 - 0x00007ff9fc730000 	C:\WINDOWS\System32\SHELL32.dll
0x00007ff9f87a0000 - 0x00007ff9f906d000 	C:\WINDOWS\SYSTEM32\windows.storage.dll
0x00007ff9f8660000 - 0x00007ff9f879e000 	C:\WINDOWS\SYSTEM32\wintypes.dll
0x00007ff9fcff0000 - 0x00007ff9fd0e1000 	C:\WINDOWS\System32\SHCORE.dll
0x00007ff9fcc10000 - 0x00007ff9fcc6e000 	C:\WINDOWS\System32\shlwapi.dll
0x00007ff9fa6c0000 - 0x00007ff9fa6e1000 	C:\WINDOWS\SYSTEM32\profapi.dll
0x00007ff9dd1e0000 - 0x00007ff9dd1f8000 	C:\Program Files\Java\jdk-17\bin\zip.dll
0x00007ff9ee0e0000 - 0x00007ff9ee0f9000 	C:\Program Files\Java\jdk-17\bin\net.dll
0x00007ff9f47c0000 - 0x00007ff9f48f7000 	C:\WINDOWS\SYSTEM32\WINHTTP.dll
0x00007ff9f9d40000 - 0x00007ff9f9da9000 	C:\WINDOWS\system32\mswsock.dll
0x00007ff9dd2a0000 - 0x00007ff9dd2b6000 	C:\Program Files\Java\jdk-17\bin\nio.dll
0x00007ff9f22f0000 - 0x00007ff9f2300000 	C:\Program Files\Java\jdk-17\bin\verify.dll
0x00007ff9e5fd0000 - 0x00007ff9e600e000 	C:\Users\nat24\AppData\Roaming\Code\User\globalStorage\redhat.java\1.16.0\config_ss_win\org.eclipse.equinox.launcher\org.eclipse.equinox.launcher.win32.win32.x86_64_1.2.700.v20221108-1024\eclipse_11801.dll
0x00007ff9fca60000 - 0x00007ff9fcbfc000 	C:\WINDOWS\System32\ole32.dll
0x00007ff9f9fa0000 - 0x00007ff9f9fbb000 	C:\WINDOWS\SYSTEM32\CRYPTSP.dll
0x00007ff9f97c0000 - 0x00007ff9f97f5000 	C:\WINDOWS\system32\rsaenh.dll
0x00007ff9f9e40000 - 0x00007ff9f9e68000 	C:\WINDOWS\SYSTEM32\USERENV.dll
0x00007ff9fa160000 - 0x00007ff9fa188000 	C:\WINDOWS\SYSTEM32\bcrypt.dll
0x00007ff9f9fc0000 - 0x00007ff9f9fcc000 	C:\WINDOWS\SYSTEM32\CRYPTBASE.dll
0x00007ff9f9350000 - 0x00007ff9f937d000 	C:\WINDOWS\SYSTEM32\IPHLPAPI.DLL
0x00007ff9fcc00000 - 0x00007ff9fcc09000 	C:\WINDOWS\System32\NSI.dll
0x00007ff9f1f50000 - 0x00007ff9f1f69000 	C:\WINDOWS\SYSTEM32\dhcpcsvc6.DLL
0x00007ff9f1ac0000 - 0x00007ff9f1adf000 	C:\WINDOWS\SYSTEM32\dhcpcsvc.DLL
0x00007ff9f93f0000 - 0x00007ff9f94e3000 	C:\WINDOWS\SYSTEM32\DNSAPI.dll
0x00007ff9d9e60000 - 0x00007ff9d9ea5000 	C:\Users\nat24\AppData\Local\Temp\jna-104590115\jna12620172654361001024.dll

dbghelp: loaded successfully - version: 4.0.5 - missing functions: none
symbol engine: initialized successfully - sym options: 0x614 - pdb path: .;C:\Program Files\Java\jdk-17\bin;C:\WINDOWS\SYSTEM32;C:\WINDOWS\WinSxS\amd64_microsoft.windows.common-controls_6595b64144ccf1df_6.0.22621.608_none_a9444ca7c10bb01d;C:\Program Files\Java\jdk-17\bin\server;C:\Users\nat24\AppData\Roaming\Code\User\globalStorage\redhat.java\1.16.0\config_ss_win\org.eclipse.equinox.launcher\org.eclipse.equinox.launcher.win32.win32.x86_64_1.2.700.v20221108-1024;C:\Users\nat24\AppData\Local\Temp\jna-104590115

VM Arguments:
jvm_args: --add-modules=ALL-SYSTEM --add-opens=java.base/java.util=ALL-UNNAMED --add-opens=java.base/java.lang=ALL-UNNAMED --add-opens=java.base/sun.nio.fs=ALL-UNNAMED -Declipse.application=org.eclipse.jdt.ls.core.id1 -Dosgi.bundles.defaultStartLevel=4 -Declipse.product=org.eclipse.jdt.ls.core.product -Djava.import.generatesMetadataFilesAtProjectRoot=false -Dfile.encoding=utf8 -XX:+UseParallelGC -XX:GCTimeRatio=4 -XX:AdaptiveSizePolicyWeight=90 -Dsun.zip.disableMemoryMapping=true -Xmx1G -Xms100m -Xlog:disable -javaagent:c:\Users\nat24\.vscode\extensions\redhat.java-1.16.0-win32-x64\lombok\lombok-1.18.24.jar 
java_command: c:\Users\nat24\.vscode\extensions\redhat.java-1.16.0-win32-x64\server\plugins\org.eclipse.equinox.launcher_1.6.400.v20210924-0641.jar -configuration c:\Users\nat24\AppData\Roaming\Code\User\globalStorage\redhat.java\1.16.0\config_ss_win -data c:\Users\nat24\AppData\Roaming\Code\User\workspaceStorage\7ee068461fea0a2cbf1ecac1b635f22a\redhat.java\ss_ws
java_class_path (initial): c:\Users\nat24\.vscode\extensions\redhat.java-1.16.0-win32-x64\server\plugins\org.eclipse.equinox.launcher_1.6.400.v20210924-0641.jar
Launcher Type: SUN_STANDARD

[Global flags]
    uintx AdaptiveSizePolicyWeight                 = 90                                        {product} {command line}
     intx CICompilerCount                          = 4                                         {product} {ergonomic}
    uintx GCTimeRatio                              = 4                                         {product} {command line}
   size_t InitialHeapSize                          = 104857600                                 {product} {command line}
   size_t MaxHeapSize                              = 1073741824                                {product} {command line}
   size_t MaxNewSize                               = 357564416                                 {product} {ergonomic}
   size_t MinHeapDeltaBytes                        = 524288                                    {product} {ergonomic}
   size_t MinHeapSize                              = 104857600                                 {product} {command line}
   size_t NewSize                                  = 34603008                                  {product} {ergonomic}
    uintx NonNMethodCodeHeapSize                   = 5839372                                {pd product} {ergonomic}
    uintx NonProfiledCodeHeapSize                  = 122909434                              {pd product} {ergonomic}
   size_t OldSize                                  = 70254592                                  {product} {ergonomic}
    uintx ProfiledCodeHeapSize                     = 122909434                              {pd product} {ergonomic}
    uintx ReservedCodeCacheSize                    = 251658240                              {pd product} {ergonomic}
     bool SegmentedCodeCache                       = true                                      {product} {ergonomic}
   size_t SoftMaxHeapSize                          = 1073741824                             {manageable} {ergonomic}
     bool UseCompressedClassPointers               = true                           {product lp64_product} {ergonomic}
     bool UseCompressedOops                        = true                           {product lp64_product} {ergonomic}
     bool UseLargePagesIndividualAllocation        = false                                  {pd product} {ergonomic}
     bool UseParallelGC                            = true                                      {product} {command line}

Logging:
Log output configuration:
 #0: stdout all=off uptime,level,tags
 #1: stderr all=off uptime,level,tags

Environment Variables:
CLASSPATH=C:\Users\nat24\eclipse-workspace
PATH=C:\Program Files\Common Files\Oracle\Java\javapath;C:\Python310\Scripts\;C:\Python310\;C:\WINDOWS\system32;C:\WINDOWS;C:\WINDOWS\System32\Wbem;C:\WINDOWS\System32\WindowsPowerShell\v1.0\;C:\WINDOWS\System32\OpenSSH\;C:\Program Files\nodejs\;C:\ProgramData\chocolatey\bin;C:\Program Files\Git\cmd;C:\Program Files\PuTTY\;C:\Users\nat24\AppData\Local\Microsoft\WindowsApps;C:\Users\nat24\AppData\Roaming\npm;C:\Users\nat24\eclipse-workspace\Assignment_1\bin;C:\Users\nat24\AppData\Local\Programs\Microsoft VS Code\bin;
USERNAME=nat24
OS=Windows_NT
PROCESSOR_IDENTIFIER=Intel64 Family 6 Model 140 Stepping 1, GenuineIntel



---------------  S Y S T E M  ---------------

OS:
 Windows 11 , 64 bit Build 22621 (10.0.22621.1485)
OS uptime: 0 days 12:59 hours

CPU: total 8 (initial active 8) (4 cores per cpu, 2 threads per core) family 6 model 140 stepping 1 microcode 0xa6, cx8, cmov, fxsr, ht, mmx, 3dnowpref, sse, sse2, sse3, ssse3, sse4.1, sse4.2, popcnt, lzcnt, tsc, tscinvbit, avx, avx2, aes, erms, clmul, bmi1, bmi2, adx, avx512f, avx512dq, avx512cd, avx512bw, avx512vl, sha, fma, vzeroupper, avx512_vpopcntdq, avx512_vpclmulqdq, avx512_vaes, avx512_vnni, clflush, clflushopt, clwb, avx512_vbmi2, avx512_vbmi

Memory: 4k page, system-wide physical 16064M (1507M free)
TotalPageFile size 65216M (AvailPageFile size 148M)
current process WorkingSet (physical memory assigned to process): 183M, peak: 183M
current process commit charge ("private bytes"): 274M, peak: 276M

vm_info: Java HotSpot(TM) 64-Bit Server VM (17.0.6+9-LTS-190) for windows-amd64 JRE (17.0.6+9-LTS-190), built on Dec  6 2022 15:53:54 by "mach5one" with MS VC++ 17.1 (VS2022)

END.
