#
# There is insufficient memory for the Java Runtime Environment to continue.
# Native memory allocation (malloc) failed to allocate 1410416 bytes for Chunk::new
# Possible reasons:
#   The system is out of physical RAM or swap space
#   The process is running with CompressedOops enabled, and the Java Heap may be blocking the growth of the native heap
# Possible solutions:
#   Reduce memory load on the system
#   Increase physical memory or swap space
#   Check if swap backing store is full
#   Decrease Java heap size (-Xmx/-Xms)
#   Decrease number of Java threads
#   Decrease Java thread stack sizes (-Xss)
#   Set larger code cache with -XX:ReservedCodeCacheSize=
#   JVM is running with Unscaled Compressed Oops mode in which the Java heap is
#     placed in the first 4GB address space. The Java Heap base address is the
#     maximum limit for the native heap growth. Please use -XX:HeapBaseMinAddress
#     to set the Java Heap base and to place the Java Heap above 4GB virtual address.
# This output file may be truncated or incomplete.
#
#  Out of Memory Error (arena.cpp:189), pid=312, tid=16784
#
# JRE version: Java(TM) SE Runtime Environment (17.0.6+9) (build 17.0.6+9-LTS-190)
# Java VM: Java HotSpot(TM) 64-Bit Server VM (17.0.6+9-LTS-190, mixed mode, sharing, tiered, compressed oops, compressed class ptrs, parallel gc, windows-amd64)
# No core dump will be written. Minidumps are not enabled by default on client versions of Windows
#

---------------  S U M M A R Y ------------

Command Line: --add-modules=ALL-SYSTEM --add-opens=java.base/java.util=ALL-UNNAMED --add-opens=java.base/java.lang=ALL-UNNAMED --add-opens=java.base/sun.nio.fs=ALL-UNNAMED -Declipse.application=org.eclipse.jdt.ls.core.id1 -Dosgi.bundles.defaultStartLevel=4 -Declipse.product=org.eclipse.jdt.ls.core.product -Djava.import.generatesMetadataFilesAtProjectRoot=false -Dfile.encoding=utf8 -XX:+UseParallelGC -XX:GCTimeRatio=4 -XX:AdaptiveSizePolicyWeight=90 -Dsun.zip.disableMemoryMapping=true -Xmx1G -Xms100m -Xlog:disable -javaagent:c:\Users\nat24\.vscode\extensions\redhat.java-1.16.0-win32-x64\lombok\lombok-1.18.24.jar c:\Users\nat24\.vscode\extensions\redhat.java-1.16.0-win32-x64\server\plugins\org.eclipse.equinox.launcher_1.6.400.v20210924-0641.jar -configuration c:\Users\nat24\AppData\Roaming\Code\User\globalStorage\redhat.java\1.16.0\config_ss_win -data c:\Users\nat24\AppData\Roaming\Code\User\workspaceStorage\7ee068461fea0a2cbf1ecac1b635f22a\redhat.java\ss_ws

Host: 11th Gen Intel(R) Core(TM) i7-1165G7 @ 2.80GHz, 8 cores, 15G,  Windows 11 , 64 bit Build 22621 (10.0.22621.1485)
Time: Thu Apr 13 11:32:47 2023 AUS Eastern Standard Time elapsed time: 3.602629 seconds (0d 0h 0m 3s)

---------------  T H R E A D  ---------------

Current thread (0x000001b87ea187b0):  JavaThread "C2 CompilerThread0" daemon [_thread_in_native, id=16784, stack(0x0000006708000000,0x0000006708100000)]


Current CompileTask:
C2:   3602 2739       4       jdk.internal.org.objectweb.asm.Frame::execute (2305 bytes)

Stack: [0x0000006708000000,0x0000006708100000]
Native frames: (J=compiled Java code, j=interpreted, Vv=VM code, C=native code)
V  [jvm.dll+0x6734ea]
V  [jvm.dll+0x7d18f4]
V  [jvm.dll+0x7d309e]
V  [jvm.dll+0x7d3703]
V  [jvm.dll+0x2433c5]
V  [jvm.dll+0xaa46b]
V  [jvm.dll+0xaaa0c]
V  [jvm.dll+0x35eadf]
V  [jvm.dll+0x329401]
V  [jvm.dll+0x32889a]
V  [jvm.dll+0x215ddf]
V  [jvm.dll+0x215211]
V  [jvm.dll+0x1a1730]
V  [jvm.dll+0x224b6e]
V  [jvm.dll+0x222f15]
V  [jvm.dll+0x78753c]
V  [jvm.dll+0x781a7a]
V  [jvm.dll+0x672375]
C  [ucrtbase.dll+0x29363]
C  [KERNEL32.DLL+0x1269d]
C  [ntdll.dll+0x5a9f8]


---------------  P R O C E S S  ---------------

Threads class SMR info:
_java_thread_list=0x000001b815373ef0, length=25, elements={
0x000001b876fc10e0, 0x000001b87e9f0250, 0x000001b87e9f12b0, 0x000001b87ea09900,
0x000001b87ea0a1c0, 0x000001b87ea0b220, 0x000001b87ea0bae0, 0x000001b87ea187b0,
0x000001b87ea190b0, 0x000001b87ea22180, 0x000001b877080c50, 0x000001b8123018c0,
0x000001b812775c40, 0x000001b8124dafc0, 0x000001b812a70a70, 0x000001b813335030,
0x000001b81304b400, 0x000001b8132514c0, 0x000001b813253b40, 0x000001b813250ff0,
0x000001b813a28050, 0x000001b813a2b2f0, 0x000001b813251e60, 0x000001b813250650,
0x000001b813251990
}

Java Threads: ( => current thread )
  0x000001b876fc10e0 JavaThread "main" [_thread_blocked, id=16868, stack(0x0000006707700000,0x0000006707800000)]
  0x000001b87e9f0250 JavaThread "Reference Handler" daemon [_thread_blocked, id=1768, stack(0x0000006707a00000,0x0000006707b00000)]
  0x000001b87e9f12b0 JavaThread "Finalizer" daemon [_thread_blocked, id=4284, stack(0x0000006707b00000,0x0000006707c00000)]
  0x000001b87ea09900 JavaThread "Signal Dispatcher" daemon [_thread_blocked, id=3700, stack(0x0000006707c00000,0x0000006707d00000)]
  0x000001b87ea0a1c0 JavaThread "Attach Listener" daemon [_thread_blocked, id=8644, stack(0x0000006707d00000,0x0000006707e00000)]
  0x000001b87ea0b220 JavaThread "Service Thread" daemon [_thread_blocked, id=15488, stack(0x0000006707e00000,0x0000006707f00000)]
  0x000001b87ea0bae0 JavaThread "Monitor Deflation Thread" daemon [_thread_blocked, id=13604, stack(0x0000006707f00000,0x0000006708000000)]
=>0x000001b87ea187b0 JavaThread "C2 CompilerThread0" daemon [_thread_in_native, id=16784, stack(0x0000006708000000,0x0000006708100000)]
  0x000001b87ea190b0 JavaThread "C1 CompilerThread0" daemon [_thread_in_vm, id=17804, stack(0x0000006708100000,0x0000006708200000)]
  0x000001b87ea22180 JavaThread "Sweeper thread" daemon [_thread_blocked, id=720, stack(0x0000006708200000,0x0000006708300000)]
  0x000001b877080c50 JavaThread "Common-Cleaner" daemon [_thread_blocked, id=16280, stack(0x0000006708300000,0x0000006708400000)]
  0x000001b8123018c0 JavaThread "Notification Thread" daemon [_thread_blocked, id=19356, stack(0x0000006708500000,0x0000006708600000)]
  0x000001b812775c40 JavaThread "Active Thread: Equinox Container: 78f93002-8606-4f15-ae1b-ceeb34b3a11e" [_thread_blocked, id=16760, stack(0x0000006708e00000,0x0000006708f00000)]
  0x000001b8124dafc0 JavaThread "Framework Event Dispatcher: Equinox Container: 78f93002-8606-4f15-ae1b-ceeb34b3a11e" daemon [_thread_blocked, id=17768, stack(0x0000006708700000,0x0000006708800000)]
  0x000001b812a70a70 JavaThread "Start Level: Equinox Container: 78f93002-8606-4f15-ae1b-ceeb34b3a11e" daemon [_thread_blocked, id=9052, stack(0x0000006708f00000,0x0000006709000000)]
  0x000001b813335030 JavaThread "SCR Component Actor" daemon [_thread_blocked, id=5436, stack(0x0000006709000000,0x0000006709100000)]
  0x000001b81304b400 JavaThread "SCR Component Registry" daemon [_thread_blocked, id=9100, stack(0x0000006708400000,0x0000006708500000)]
  0x000001b8132514c0 JavaThread "Worker-JM" [_thread_blocked, id=7836, stack(0x0000006709200000,0x0000006709300000)]
  0x000001b813253b40 JavaThread "Worker-0" [_thread_blocked, id=14344, stack(0x0000006709300000,0x0000006709400000)]
  0x000001b813250ff0 JavaThread "Worker-1: Initialize Workspace" [_thread_in_vm, id=9960, stack(0x0000006709400000,0x0000006709500000)]
  0x000001b813a28050 JavaThread "C2 CompilerThread1" daemon [_thread_in_vm, id=9048, stack(0x0000006709500000,0x0000006709600000)]
  0x000001b813a2b2f0 JavaThread "C2 CompilerThread2" daemon [_thread_in_native, id=11408, stack(0x0000006709600000,0x0000006709700000)]
  0x000001b813251e60 JavaThread "JNA Cleaner" daemon [_thread_blocked, id=16976, stack(0x0000006709700000,0x0000006709800000)]
  0x000001b813250650 JavaThread "pool-2-thread-1" [_thread_blocked, id=6544, stack(0x0000006709a00000,0x0000006709b00000)]
  0x000001b813251990 JavaThread "pool-1-thread-1" [_thread_in_Java, id=1492, stack(0x0000006709b00000,0x0000006709c00000)]

Other Threads:
  0x000001b87e9ed210 VMThread "VM Thread" [stack: 0x0000006707900000,0x0000006707a00000] [id=4068]
  0x000001b812301d90 WatcherThread [stack: 0x0000006708600000,0x0000006708700000] [id=7088]
  0x000001b876fd6e10 GCTaskThread "GC Thread#0" [stack: 0x0000006707800000,0x0000006707900000] [id=10368]
  0x000001b813153550 GCTaskThread "GC Thread#1" [stack: 0x0000006708800000,0x0000006708900000] [id=9716]
  0x000001b812c7b460 GCTaskThread "GC Thread#2" [stack: 0x0000006708900000,0x0000006708a00000] [id=7936]
  0x000001b812c7b710 GCTaskThread "GC Thread#3" [stack: 0x0000006708a00000,0x0000006708b00000] [id=13864]
  0x000001b8127725b0 GCTaskThread "GC Thread#4" [stack: 0x0000006708b00000,0x0000006708c00000] [id=740]
  0x000001b812772860 GCTaskThread "GC Thread#5" [stack: 0x0000006708c00000,0x0000006708d00000] [id=13584]
  0x000001b812eaa010 GCTaskThread "GC Thread#6" [stack: 0x0000006708d00000,0x0000006708e00000] [id=11404]
  0x000001b812eab030 GCTaskThread "GC Thread#7" [stack: 0x0000006709100000,0x0000006709200000] [id=2452]

Threads with active compile tasks:
C2 CompilerThread0     3624 2739       4       jdk.internal.org.objectweb.asm.Frame::execute (2305 bytes)
C2 CompilerThread2     3624 2874       4       java.util.Collections$UnmodifiableMap::get (11 bytes)

VM state: not at safepoint (normal execution)

VM Mutex/Monitor currently owned by a thread: None

Heap address: 0x00000000c0000000, size: 1024 MB, Compressed Oops mode: 32-bit

CDS archive(s) mapped at: [0x0000000800000000-0x0000000800bd0000-0x0000000800bd0000), size 12386304, SharedBaseAddress: 0x0000000800000000, ArchiveRelocationMode: 0.
Compressed class space mapped at: 0x0000000800c00000-0x0000000840c00000, reserved size: 1073741824
Narrow klass base: 0x0000000800000000, Narrow klass shift: 0, Narrow klass range: 0x100000000

GC Precious Log:
 CPUs: 8 total, 8 available
 Memory: 16064M
 Large Page Support: Disabled
 NUMA Support: Disabled
 Compressed Oops: Enabled (32-bit)
 Alignments: Space 512K, Generation 512K, Heap 2M
 Heap Min Capacity: 100M
 Heap Initial Capacity: 100M
 Heap Max Capacity: 1G
 Pre-touch: Disabled
 Parallel Workers: 8

Heap:
 PSYoungGen      total 26112K, used 6467K [0x00000000eab00000, 0x00000000ec900000, 0x0000000100000000)
  eden space 24576K, 20% used [0x00000000eab00000,0x00000000eafe2750,0x00000000ec300000)
  from space 1536K, 95% used [0x00000000ec380000,0x00000000ec4ee7d8,0x00000000ec500000)
  to   space 3072K, 0% used [0x00000000ec600000,0x00000000ec600000,0x00000000ec900000)
 ParOldGen       total 68608K, used 8247K [0x00000000c0000000, 0x00000000c4300000, 0x00000000eab00000)
  object space 68608K, 12% used [0x00000000c0000000,0x00000000c080deb0,0x00000000c4300000)
 Metaspace       used 26016K, committed 26752K, reserved 1073152K
  class space    used 2560K, committed 2880K, reserved 1048576K

Card table byte_map: [0x000001b876970000,0x000001b876b80000] _byte_map_base: 0x000001b876370000

Marking Bits: (ParMarkBitMap*) 0x00007ff96f7195f0
 Begin Bits: [0x000001b80f000000, 0x000001b810000000)
 End Bits:   [0x000001b810000000, 0x000001b811000000)

Polling page: 0x000001b874f70000

Metaspace:

Usage:
  Non-class:     22.91 MB used.
      Class:      2.50 MB used.
       Both:     25.41 MB used.

Virtual space:
  Non-class space:       24.00 MB reserved,      23.31 MB ( 97%) committed,  3 nodes.
      Class space:        1.00 GB reserved,       2.81 MB ( <1%) committed,  1 nodes.
             Both:        1.02 GB reserved,      26.12 MB (  2%) committed. 

Chunk freelists:
   Non-Class:  192.00 KB
       Class:  1.16 MB
        Both:  1.35 MB

MaxMetaspaceSize: unlimited
CompressedClassSpaceSize: 1.00 GB
Initial GC threshold: 21.00 MB
Current GC threshold: 35.00 MB
CDS: on
MetaspaceReclaimPolicy: balanced
 - commit_granule_bytes: 65536.
 - commit_granule_words: 8192.
 - virtual_space_node_default_size: 1048576.
 - enlarge_chunks_in_place: 1.
 - new_chunks_are_fully_committed: 0.
 - uncommit_free_chunks: 1.
 - use_allocation_guard: 0.
 - handle_deallocations: 1.


Internal statistics:

num_allocs_failed_limit: 3.
num_arena_births: 278.
num_arena_deaths: 14.
num_vsnodes_births: 4.
num_vsnodes_deaths: 0.
num_space_committed: 418.
num_space_uncommitted: 0.
num_chunks_returned_to_freelist: 17.
num_chunks_taken_from_freelist: 1238.
num_chunk_merges: 7.
num_chunk_splits: 831.
num_chunks_enlarged: 568.
num_purges: 2.
num_inconsistent_stats: 0.

CodeHeap 'non-profiled nmethods': size=120000Kb used=1243Kb max_used=1243Kb free=118756Kb
 bounds [0x000001b807ad0000, 0x000001b807d40000, 0x000001b80f000000]
CodeHeap 'profiled nmethods': size=120000Kb used=5731Kb max_used=5731Kb free=114268Kb
 bounds [0x000001b800000000, 0x000001b8005a0000, 0x000001b807530000]
CodeHeap 'non-nmethods': size=5760Kb used=1260Kb max_used=1279Kb free=4499Kb
 bounds [0x000001b807530000, 0x000001b8077a0000, 0x000001b807ad0000]
 total_blobs=3435 nmethods=2873 adapters=476
 compilation: enabled
              stopped_count=0, restarted_count=0
 full_count=0

Compilation events (20 events):
Event: 3.593 Thread 0x000001b813a2b2f0 nmethod 2844 0x000001b807c03a10 code [0x000001b807c03b80, 0x000001b807c03db8]
Event: 3.593 Thread 0x000001b813a2b2f0 2853  s    4       java.util.Hashtable::put (104 bytes)
Event: 3.594 Thread 0x000001b87ea190b0 nmethod 2840 0x000001b80058a090 code [0x000001b80058a3a0, 0x000001b80058b808]
Event: 3.594 Thread 0x000001b87ea190b0 2848       3       com.sun.org.apache.xerces.internal.dom.DeferredDocumentImpl::getPrevSibling (106 bytes)
Event: 3.594 Thread 0x000001b87ea190b0 nmethod 2848 0x000001b80058bf10 code [0x000001b80058c140, 0x000001b80058c8b8]
Event: 3.594 Thread 0x000001b87ea190b0 2834       3       com.sun.org.apache.xerces.internal.xni.QName::setValues (22 bytes)
Event: 3.594 Thread 0x000001b87ea190b0 nmethod 2834 0x000001b80058cc90 code [0x000001b80058ce20, 0x000001b80058cf78]
Event: 3.594 Thread 0x000001b87ea190b0 2845       3       com.sun.org.apache.xerces.internal.dom.NodeImpl::needsSyncChildren (26 bytes)
Event: 3.594 Thread 0x000001b87ea190b0 nmethod 2845 0x000001b80058d010 code [0x000001b80058d1a0, 0x000001b80058d318]
Event: 3.594 Thread 0x000001b87ea190b0 2847       3       com.sun.org.apache.xerces.internal.dom.DeferredDocumentImpl::getPrevSibling (7 bytes)
Event: 3.594 Thread 0x000001b87ea190b0 nmethod 2847 0x000001b80058d390 code [0x000001b80058d520, 0x000001b80058d668]
Event: 3.594 Thread 0x000001b87ea190b0 2849       3       com.sun.org.apache.xerces.internal.dom.AttrImpl::getNodeValue (5 bytes)
Event: 3.594 Thread 0x000001b87ea190b0 nmethod 2849 0x000001b80058d710 code [0x000001b80058d8a0, 0x000001b80058da68]
Event: 3.594 Thread 0x000001b87ea190b0 2850       3       com.sun.org.apache.xerces.internal.dom.AttrImpl::getValue (176 bytes)
Event: 3.595 Thread 0x000001b87ea190b0 nmethod 2850 0x000001b80058db10 code [0x000001b80058de20, 0x000001b80058f358]
Event: 3.595 Thread 0x000001b87ea190b0 2851       3       com.sun.org.apache.xerces.internal.dom.DeferredDocumentImpl::getLastChild (7 bytes)
Event: 3.595 Thread 0x000001b87ea190b0 nmethod 2851 0x000001b80058f810 code [0x000001b80058f9a0, 0x000001b80058fae8]
Event: 3.595 Thread 0x000001b87ea190b0 2852       1       org.eclipse.text.templates.TemplatePersistenceData::getTemplate (5 bytes)
Event: 3.595 Thread 0x000001b87ea190b0 nmethod 2852 0x000001b807c03e90 code [0x000001b807c04020, 0x000001b807c040f8]
Event: 3.596 Thread 0x000001b813a28050 nmethod 2846 0x000001b807c04190 code [0x000001b807c04300, 0x000001b807c044b8]

GC Heap History (16 events):
Event: 0.484 GC heap before
{Heap before GC invocations=1 (full 0):
 PSYoungGen      total 29696K, used 25600K [0x00000000eab00000, 0x00000000ecc00000, 0x0000000100000000)
  eden space 25600K, 100% used [0x00000000eab00000,0x00000000ec400000,0x00000000ec400000)
  from space 4096K, 0% used [0x00000000ec800000,0x00000000ec800000,0x00000000ecc00000)
  to   space 4096K, 0% used [0x00000000ec400000,0x00000000ec400000,0x00000000ec800000)
 ParOldGen       total 68608K, used 0K [0x00000000c0000000, 0x00000000c4300000, 0x00000000eab00000)
  object space 68608K, 0% used [0x00000000c0000000,0x00000000c0000000,0x00000000c4300000)
 Metaspace       used 4681K, committed 4800K, reserved 1056768K
  class space    used 432K, committed 448K, reserved 1048576K
}
Event: 0.490 GC heap after
{Heap after GC invocations=1 (full 0):
 PSYoungGen      total 29696K, used 3624K [0x00000000eab00000, 0x00000000ecc00000, 0x0000000100000000)
  eden space 25600K, 0% used [0x00000000eab00000,0x00000000eab00000,0x00000000ec400000)
  from space 4096K, 88% used [0x00000000ec400000,0x00000000ec78a228,0x00000000ec800000)
  to   space 4096K, 0% used [0x00000000ec800000,0x00000000ec800000,0x00000000ecc00000)
 ParOldGen       total 68608K, used 16K [0x00000000c0000000, 0x00000000c4300000, 0x00000000eab00000)
  object space 68608K, 0% used [0x00000000c0000000,0x00000000c0004000,0x00000000c4300000)
 Metaspace       used 4681K, committed 4800K, reserved 1056768K
  class space    used 432K, committed 448K, reserved 1048576K
}
Event: 1.180 GC heap before
{Heap before GC invocations=2 (full 0):
 PSYoungGen      total 29696K, used 29201K [0x00000000eab00000, 0x00000000ecc00000, 0x0000000100000000)
  eden space 25600K, 99% used [0x00000000eab00000,0x00000000ec3fa470,0x00000000ec400000)
  from space 4096K, 88% used [0x00000000ec400000,0x00000000ec78a228,0x00000000ec800000)
  to   space 4096K, 0% used [0x00000000ec800000,0x00000000ec800000,0x00000000ecc00000)
 ParOldGen       total 68608K, used 16K [0x00000000c0000000, 0x00000000c4300000, 0x00000000eab00000)
  object space 68608K, 0% used [0x00000000c0000000,0x00000000c0004000,0x00000000c4300000)
 Metaspace       used 8892K, committed 9152K, reserved 1056768K
  class space    used 864K, committed 960K, reserved 1048576K
}
Event: 1.185 GC heap after
{Heap after GC invocations=2 (full 0):
 PSYoungGen      total 29696K, used 4077K [0x00000000eab00000, 0x00000000ecc00000, 0x0000000100000000)
  eden space 25600K, 0% used [0x00000000eab00000,0x00000000eab00000,0x00000000ec400000)
  from space 4096K, 99% used [0x00000000ec800000,0x00000000ecbfb708,0x00000000ecc00000)
  to   space 4096K, 0% used [0x00000000ec400000,0x00000000ec400000,0x00000000ec800000)
 ParOldGen       total 68608K, used 1293K [0x00000000c0000000, 0x00000000c4300000, 0x00000000eab00000)
  object space 68608K, 1% used [0x00000000c0000000,0x00000000c01436f8,0x00000000c4300000)
 Metaspace       used 8892K, committed 9152K, reserved 1056768K
  class space    used 864K, committed 960K, reserved 1048576K
}
Event: 1.956 GC heap before
{Heap before GC invocations=3 (full 0):
 PSYoungGen      total 29696K, used 29677K [0x00000000eab00000, 0x00000000ecc00000, 0x0000000100000000)
  eden space 25600K, 100% used [0x00000000eab00000,0x00000000ec400000,0x00000000ec400000)
  from space 4096K, 99% used [0x00000000ec800000,0x00000000ecbfb708,0x00000000ecc00000)
  to   space 4096K, 0% used [0x00000000ec400000,0x00000000ec400000,0x00000000ec800000)
 ParOldGen       total 68608K, used 1293K [0x00000000c0000000, 0x00000000c4300000, 0x00000000eab00000)
  object space 68608K, 1% used [0x00000000c0000000,0x00000000c01436f8,0x00000000c4300000)
 Metaspace       used 13543K, committed 13952K, reserved 1064960K
  class space    used 1335K, committed 1472K, reserved 1048576K
}
Event: 1.959 GC heap after
{Heap after GC invocations=3 (full 0):
 PSYoungGen      total 29696K, used 4079K [0x00000000eab00000, 0x00000000ecc00000, 0x0000000100000000)
  eden space 25600K, 0% used [0x00000000eab00000,0x00000000eab00000,0x00000000ec400000)
  from space 4096K, 99% used [0x00000000ec400000,0x00000000ec7fbcf8,0x00000000ec800000)
  to   space 4096K, 0% used [0x00000000ec800000,0x00000000ec800000,0x00000000ecc00000)
 ParOldGen       total 68608K, used 2843K [0x00000000c0000000, 0x00000000c4300000, 0x00000000eab00000)
  object space 68608K, 4% used [0x00000000c0000000,0x00000000c02c6ff0,0x00000000c4300000)
 Metaspace       used 13543K, committed 13952K, reserved 1064960K
  class space    used 1335K, committed 1472K, reserved 1048576K
}
Event: 2.270 GC heap before
{Heap before GC invocations=4 (full 0):
 PSYoungGen      total 29696K, used 29679K [0x00000000eab00000, 0x00000000ecc00000, 0x0000000100000000)
  eden space 25600K, 100% used [0x00000000eab00000,0x00000000ec400000,0x00000000ec400000)
  from space 4096K, 99% used [0x00000000ec400000,0x00000000ec7fbcf8,0x00000000ec800000)
  to   space 4096K, 0% used [0x00000000ec800000,0x00000000ec800000,0x00000000ecc00000)
 ParOldGen       total 68608K, used 2843K [0x00000000c0000000, 0x00000000c4300000, 0x00000000eab00000)
  object space 68608K, 4% used [0x00000000c0000000,0x00000000c02c6ff0,0x00000000c4300000)
 Metaspace       used 17078K, committed 17536K, reserved 1064960K
  class space    used 1603K, committed 1792K, reserved 1048576K
}
Event: 2.273 GC heap after
{Heap after GC invocations=4 (full 0):
 PSYoungGen      total 29696K, used 4092K [0x00000000eab00000, 0x00000000ecc00000, 0x0000000100000000)
  eden space 25600K, 0% used [0x00000000eab00000,0x00000000eab00000,0x00000000ec400000)
  from space 4096K, 99% used [0x00000000ec800000,0x00000000ecbff150,0x00000000ecc00000)
  to   space 4096K, 0% used [0x00000000ec400000,0x00000000ec400000,0x00000000ec800000)
 ParOldGen       total 68608K, used 3548K [0x00000000c0000000, 0x00000000c4300000, 0x00000000eab00000)
  object space 68608K, 5% used [0x00000000c0000000,0x00000000c0377020,0x00000000c4300000)
 Metaspace       used 17078K, committed 17536K, reserved 1064960K
  class space    used 1603K, committed 1792K, reserved 1048576K
}
Event: 2.526 GC heap before
{Heap before GC invocations=5 (full 0):
 PSYoungGen      total 29696K, used 29692K [0x00000000eab00000, 0x00000000ecc00000, 0x0000000100000000)
  eden space 25600K, 100% used [0x00000000eab00000,0x00000000ec400000,0x00000000ec400000)
  from space 4096K, 99% used [0x00000000ec800000,0x00000000ecbff150,0x00000000ecc00000)
  to   space 4096K, 0% used [0x00000000ec400000,0x00000000ec400000,0x00000000ec800000)
 ParOldGen       total 68608K, used 3548K [0x00000000c0000000, 0x00000000c4300000, 0x00000000eab00000)
  object space 68608K, 5% used [0x00000000c0000000,0x00000000c0377020,0x00000000c4300000)
 Metaspace       used 20147K, committed 20672K, reserved 1073152K
  class space    used 1839K, committed 2048K, reserved 1048576K
}
Event: 2.529 GC heap after
{Heap after GC invocations=5 (full 0):
 PSYoungGen      total 29184K, used 4087K [0x00000000eab00000, 0x00000000ecd80000, 0x0000000100000000)
  eden space 25088K, 0% used [0x00000000eab00000,0x00000000eab00000,0x00000000ec380000)
  from space 4096K, 99% used [0x00000000ec400000,0x00000000ec7fdff8,0x00000000ec800000)
  to   space 5120K, 0% used [0x00000000ec880000,0x00000000ec880000,0x00000000ecd80000)
 ParOldGen       total 68608K, used 3988K [0x00000000c0000000, 0x00000000c4300000, 0x00000000eab00000)
  object space 68608K, 5% used [0x00000000c0000000,0x00000000c03e5040,0x00000000c4300000)
 Metaspace       used 20147K, committed 20672K, reserved 1073152K
  class space    used 1839K, committed 2048K, reserved 1048576K
}
Event: 3.220 GC heap before
{Heap before GC invocations=6 (full 0):
 PSYoungGen      total 29184K, used 9542K [0x00000000eab00000, 0x00000000ecd80000, 0x0000000100000000)
  eden space 25088K, 21% used [0x00000000eab00000,0x00000000eb0538d0,0x00000000ec380000)
  from space 4096K, 99% used [0x00000000ec400000,0x00000000ec7fdff8,0x00000000ec800000)
  to   space 5120K, 0% used [0x00000000ec880000,0x00000000ec880000,0x00000000ecd80000)
 ParOldGen       total 68608K, used 3988K [0x00000000c0000000, 0x00000000c4300000, 0x00000000eab00000)
  object space 68608K, 5% used [0x00000000c0000000,0x00000000c03e5040,0x00000000c4300000)
 Metaspace       used 21054K, committed 21504K, reserved 1073152K
  class space    used 1946K, committed 2112K, reserved 1048576K
}
Event: 3.222 GC heap after
{Heap after GC invocations=6 (full 0):
 PSYoungGen      total 30208K, used 4655K [0x00000000eab00000, 0x00000000ecd80000, 0x0000000100000000)
  eden space 25088K, 0% used [0x00000000eab00000,0x00000000eab00000,0x00000000ec380000)
  from space 5120K, 90% used [0x00000000ec880000,0x00000000ecd0bd20,0x00000000ecd80000)
  to   space 5120K, 0% used [0x00000000ec380000,0x00000000ec380000,0x00000000ec880000)
 ParOldGen       total 68608K, used 3996K [0x00000000c0000000, 0x00000000c4300000, 0x00000000eab00000)
  object space 68608K, 5% used [0x00000000c0000000,0x00000000c03e7040,0x00000000c4300000)
 Metaspace       used 21054K, committed 21504K, reserved 1073152K
  class space    used 1946K, committed 2112K, reserved 1048576K
}
Event: 3.222 GC heap before
{Heap before GC invocations=7 (full 1):
 PSYoungGen      total 30208K, used 4655K [0x00000000eab00000, 0x00000000ecd80000, 0x0000000100000000)
  eden space 25088K, 0% used [0x00000000eab00000,0x00000000eab00000,0x00000000ec380000)
  from space 5120K, 90% used [0x00000000ec880000,0x00000000ecd0bd20,0x00000000ecd80000)
  to   space 5120K, 0% used [0x00000000ec380000,0x00000000ec380000,0x00000000ec880000)
 ParOldGen       total 68608K, used 3996K [0x00000000c0000000, 0x00000000c4300000, 0x00000000eab00000)
  object space 68608K, 5% used [0x00000000c0000000,0x00000000c03e7040,0x00000000c4300000)
 Metaspace       used 21054K, committed 21504K, reserved 1073152K
  class space    used 1946K, committed 2112K, reserved 1048576K
}
Event: 3.239 GC heap after
{Heap after GC invocations=7 (full 1):
 PSYoungGen      total 30208K, used 0K [0x00000000eab00000, 0x00000000ecd80000, 0x0000000100000000)
  eden space 25088K, 0% used [0x00000000eab00000,0x00000000eab00000,0x00000000ec380000)
  from space 5120K, 0% used [0x00000000ec880000,0x00000000ec880000,0x00000000ecd80000)
  to   space 5120K, 0% used [0x00000000ec380000,0x00000000ec380000,0x00000000ec880000)
 ParOldGen       total 68608K, used 8239K [0x00000000c0000000, 0x00000000c4300000, 0x00000000eab00000)
  object space 68608K, 12% used [0x00000000c0000000,0x00000000c080beb0,0x00000000c4300000)
 Metaspace       used 21041K, committed 21504K, reserved 1073152K
  class space    used 1942K, committed 2112K, reserved 1048576K
}
Event: 3.547 GC heap before
{Heap before GC invocations=8 (full 1):
 PSYoungGen      total 30208K, used 25088K [0x00000000eab00000, 0x00000000ecd80000, 0x0000000100000000)
  eden space 25088K, 100% used [0x00000000eab00000,0x00000000ec380000,0x00000000ec380000)
  from space 5120K, 0% used [0x00000000ec880000,0x00000000ec880000,0x00000000ecd80000)
  to   space 5120K, 0% used [0x00000000ec380000,0x00000000ec380000,0x00000000ec880000)
 ParOldGen       total 68608K, used 8239K [0x00000000c0000000, 0x00000000c4300000, 0x00000000eab00000)
  object space 68608K, 12% used [0x00000000c0000000,0x00000000c080beb0,0x00000000c4300000)
 Metaspace       used 25200K, committed 25920K, reserved 1073152K
  class space    used 2476K, committed 2752K, reserved 1048576K
}
Event: 3.548 GC heap after
{Heap after GC invocations=8 (full 1):
 PSYoungGen      total 26112K, used 1465K [0x00000000eab00000, 0x00000000ec900000, 0x0000000100000000)
  eden space 24576K, 0% used [0x00000000eab00000,0x00000000eab00000,0x00000000ec300000)
  from space 1536K, 95% used [0x00000000ec380000,0x00000000ec4ee7d8,0x00000000ec500000)
  to   space 3072K, 0% used [0x00000000ec600000,0x00000000ec600000,0x00000000ec900000)
 ParOldGen       total 68608K, used 8247K [0x00000000c0000000, 0x00000000c4300000, 0x00000000eab00000)
  object space 68608K, 12% used [0x00000000c0000000,0x00000000c080deb0,0x00000000c4300000)
 Metaspace       used 25200K, committed 25920K, reserved 1073152K
  class space    used 2476K, committed 2752K, reserved 1048576K
}

Deoptimization events (20 events):
Event: 3.545 Thread 0x000001b813251990 Uncommon trap: trap_request=0xffffffde fr.pc=0x000001b807bff934 relative=0x0000000000000114
Event: 3.545 Thread 0x000001b813251990 Uncommon trap: reason=class_check action=maybe_recompile pc=0x000001b807bff934 method=jdk.internal.misc.Unsafe.allocateUninitializedArray(Ljava/lang/Class;I)Ljava/lang/Object; @ 51 c2
Event: 3.545 Thread 0x000001b813251990 DEOPT PACKING pc=0x000001b807bff934 sp=0x0000006709bfce10
Event: 3.545 Thread 0x000001b813251990 DEOPT UNPACKING pc=0x000001b8075858a3 sp=0x0000006709bfcd98 mode 2
Event: 3.545 Thread 0x000001b813251990 Uncommon trap: trap_request=0xffffffde fr.pc=0x000001b807bff934 relative=0x0000000000000114
Event: 3.545 Thread 0x000001b813251990 Uncommon trap: reason=class_check action=maybe_recompile pc=0x000001b807bff934 method=jdk.internal.misc.Unsafe.allocateUninitializedArray(Ljava/lang/Class;I)Ljava/lang/Object; @ 51 c2
Event: 3.545 Thread 0x000001b813251990 DEOPT PACKING pc=0x000001b807bff934 sp=0x0000006709bfce10
Event: 3.545 Thread 0x000001b813251990 DEOPT UNPACKING pc=0x000001b8075858a3 sp=0x0000006709bfcd98 mode 2
Event: 3.545 Thread 0x000001b813251990 Uncommon trap: trap_request=0xffffffde fr.pc=0x000001b807bff934 relative=0x0000000000000114
Event: 3.545 Thread 0x000001b813251990 Uncommon trap: reason=class_check action=maybe_recompile pc=0x000001b807bff934 method=jdk.internal.misc.Unsafe.allocateUninitializedArray(Ljava/lang/Class;I)Ljava/lang/Object; @ 51 c2
Event: 3.545 Thread 0x000001b813251990 DEOPT PACKING pc=0x000001b807bff934 sp=0x0000006709bfce10
Event: 3.545 Thread 0x000001b813251990 DEOPT UNPACKING pc=0x000001b8075858a3 sp=0x0000006709bfcd98 mode 2
Event: 3.545 Thread 0x000001b813251990 Uncommon trap: trap_request=0xffffffde fr.pc=0x000001b807bff934 relative=0x0000000000000114
Event: 3.545 Thread 0x000001b813251990 Uncommon trap: reason=class_check action=maybe_recompile pc=0x000001b807bff934 method=jdk.internal.misc.Unsafe.allocateUninitializedArray(Ljava/lang/Class;I)Ljava/lang/Object; @ 51 c2
Event: 3.545 Thread 0x000001b813251990 DEOPT PACKING pc=0x000001b807bff934 sp=0x0000006709bfce10
Event: 3.545 Thread 0x000001b813251990 DEOPT UNPACKING pc=0x000001b8075858a3 sp=0x0000006709bfcd98 mode 2
Event: 3.583 Thread 0x000001b813251990 Uncommon trap: trap_request=0xffffff45 fr.pc=0x000001b807b44f4c relative=0x00000000000001ac
Event: 3.583 Thread 0x000001b813251990 Uncommon trap: reason=unstable_if action=reinterpret pc=0x000001b807b44f4c method=java.net.URI$Parser.scan(IIJJ)I @ 42 c2
Event: 3.583 Thread 0x000001b813251990 DEOPT PACKING pc=0x000001b807b44f4c sp=0x0000006709bfdaa0
Event: 3.583 Thread 0x000001b813251990 DEOPT UNPACKING pc=0x000001b8075858a3 sp=0x0000006709bfda20 mode 2

Classes unloaded (7 events):
Event: 3.225 Thread 0x000001b87e9ed210 Unloading class 0x0000000800d66400 'java/lang/invoke/LambdaForm$MH+0x0000000800d66400'
Event: 3.225 Thread 0x000001b87e9ed210 Unloading class 0x0000000800d66000 'java/lang/invoke/LambdaForm$MH+0x0000000800d66000'
Event: 3.225 Thread 0x000001b87e9ed210 Unloading class 0x0000000800d65c00 'java/lang/invoke/LambdaForm$MH+0x0000000800d65c00'
Event: 3.225 Thread 0x000001b87e9ed210 Unloading class 0x0000000800d65800 'java/lang/invoke/LambdaForm$MH+0x0000000800d65800'
Event: 3.225 Thread 0x000001b87e9ed210 Unloading class 0x0000000800d65000 'java/lang/invoke/LambdaForm$BMH+0x0000000800d65000'
Event: 3.225 Thread 0x000001b87e9ed210 Unloading class 0x0000000800d64c00 'java/lang/invoke/LambdaForm$DMH+0x0000000800d64c00'
Event: 3.225 Thread 0x000001b87e9ed210 Unloading class 0x0000000800d62000 'java/lang/invoke/LambdaForm$DMH+0x0000000800d62000'

Classes redefined (0 events):
No events

Internal exceptions (20 events):
Event: 2.534 Thread 0x000001b812a70a70 Implicit null exception at 0x000001b807b98878 to 0x000001b807b99530
Event: 2.535 Thread 0x000001b812a70a70 Exception <a 'java/lang/ClassNotFoundException'{0x00000000eab87100}: com/sun/org/apache/xerces/internal/impl/msg/spi/XMLSerializerMessagesProvider> (0x00000000eab87100) 
thrown [s\open\src\hotspot\share\classfile\systemDictionary.cpp, line 256]
Event: 2.537 Thread 0x000001b812a70a70 Exception <a 'java/lang/ClassNotFoundException'{0x00000000eab92148}: com/sun/org/apache/xerces/internal/impl/msg/spi/XMLMessagesProvider> (0x00000000eab92148) 
thrown [s\open\src\hotspot\share\classfile\systemDictionary.cpp, line 256]
Event: 2.554 Thread 0x000001b812a70a70 Exception <a 'java/lang/NoSuchMethodError'{0x00000000eac574f0}: 'void java.lang.invoke.DirectMethodHandle$Holder.invokeVirtual(java.lang.Object, java.lang.Object)'> (0x00000000eac574f0) 
thrown [s\open\src\hotspot\share\interpreter\linkResolver.cpp, line 759]
Event: 3.071 Thread 0x000001b812a70a70 Exception <a 'java/lang/NoSuchMethodError'{0x00000000eade8580}: 'java.lang.Object java.lang.invoke.DirectMethodHandle$Holder.invokeStaticInit(java.lang.Object, int, int, int, int)'> (0x00000000eade8580) 
thrown [s\open\src\hotspot\share\interpreter\linkResolver.cpp, line 759]
Event: 3.206 Thread 0x000001b812a70a70 Exception <a 'java/lang/NoSuchMethodError'{0x00000000eaebc218}: 'java.lang.Object java.lang.invoke.DirectMethodHandle$Holder.invokeStaticInit(java.lang.Object, java.lang.Object, int, int, int, int)'> (0x00000000eaebc218) 
thrown [s\open\src\hotspot\share\interpreter\linkResolver.cpp, line 759]
Event: 3.264 Thread 0x000001b812a70a70 Exception <a 'java/lang/ClassNotFoundException'{0x00000000ead43b10}: com/sun/org/apache/xml/internal/serializer/spi/XMLEntitiesProvider> (0x00000000ead43b10) 
thrown [s\open\src\hotspot\share\classfile\systemDictionary.cpp, line 256]
Event: 3.332 Thread 0x000001b812a70a70 Exception <a 'java/io/FileNotFoundException'{0x00000000eb04c2c8}> (0x00000000eb04c2c8) 
thrown [s\open\src\hotspot\share\prims\jni.cpp, line 516]
Event: 3.391 Thread 0x000001b812a70a70 Exception <a 'java/lang/UnsatisfiedLinkError'{0x00000000eb3be5e8}: The specified procedure could not be found.
> (0x00000000eb3be5e8) 
thrown [s\open\src\hotspot\share\prims\jni.cpp, line 535]
Event: 3.394 Thread 0x000001b812a70a70 Exception <a 'java/io/FileNotFoundException'{0x00000000eb3e1538}> (0x00000000eb3e1538) 
thrown [s\open\src\hotspot\share\prims\jni.cpp, line 516]
Event: 3.398 Thread 0x000001b812a70a70 Exception <a 'java/io/FileNotFoundException'{0x00000000eb454520}> (0x00000000eb454520) 
thrown [s\open\src\hotspot\share\prims\jni.cpp, line 516]
Event: 3.403 Thread 0x000001b812a70a70 Exception <a 'java/lang/UnsatisfiedLinkError'{0x00000000eb4e0a70}: The specified procedure could not be found.
> (0x00000000eb4e0a70) 
thrown [s\open\src\hotspot\share\prims\jni.cpp, line 535]
Event: 3.416 Thread 0x000001b876fc10e0 Exception <a 'java/lang/NoSuchMethodError'{0x00000000eb610430}: 'java.lang.Object java.lang.invoke.DirectMethodHandle$Holder.invokeStatic(java.lang.Object, java.lang.Object, long, java.lang.Object)'> (0x00000000eb610430) 
thrown [s\open\src\hotspot\share\interpreter\linkResolver.cpp, line 759]
Event: 3.416 Thread 0x000001b876fc10e0 Exception <a 'java/lang/NoSuchMethodError'{0x00000000eb613ec8}: 'java.lang.Object java.lang.invoke.DirectMethodHandle$Holder.invokeStaticInit(java.lang.Object, java.lang.Object, long, java.lang.Object)'> (0x00000000eb613ec8) 
thrown [s\open\src\hotspot\share\interpreter\linkResolver.cpp, line 759]
Event: 3.417 Thread 0x000001b876fc10e0 Exception <a 'java/lang/NoSuchMethodError'{0x00000000eb61a4d8}: 'java.lang.Object java.lang.invoke.DirectMethodHandle$Holder.newInvokeSpecial(java.lang.Object, java.lang.Object, long)'> (0x00000000eb61a4d8) 
thrown [s\open\src\hotspot\share\interpreter\linkResolver.cpp, line 759]
Event: 3.417 Thread 0x000001b876fc10e0 Exception <a 'java/lang/NoSuchMethodError'{0x00000000eb61df18}: 'java.lang.Object java.lang.invoke.Invokers$Holder.linkToTargetMethod(java.lang.Object, long, java.lang.Object)'> (0x00000000eb61df18) 
thrown [s\open\src\hotspot\share\interpreter\linkResolver.cpp, line 759]
Event: 3.446 Thread 0x000001b876fc10e0 Exception <a 'java/lang/NoSuchMethodError'{0x00000000eb7bfd38}: 'void java.lang.invoke.DirectMethodHandle$Holder.invokeStatic(java.lang.Object, java.lang.Object, java.lang.Object, java.lang.Object)'> (0x00000000eb7bfd38) 
thrown [s\open\src\hotspot\share\interpreter\linkResolver.cpp, line 759]
Event: 3.508 Thread 0x000001b876fc10e0 Exception <a 'java/lang/NoSuchMethodError'{0x00000000ec039480}: 'void java.lang.invoke.DirectMethodHandle$Holder.invokeSpecial(java.lang.Object, java.lang.Object, java.lang.Object, java.lang.Object, java.lang.Object, java.lang.Object)'> (0x00000000ec039480) 
thrown [s\open\src\hotspot\share\interpreter\linkResolver.cpp, line 759]
Event: 3.508 Thread 0x000001b876fc10e0 Exception <a 'java/lang/IncompatibleClassChangeError'{0x00000000ec0421c0}: Found class java.lang.Object, but interface was expected> (0x00000000ec0421c0) 
thrown [s\open\src\hotspot\share\interpreter\linkResolver.cpp, line 826]
Event: 3.584 Thread 0x000001b813251990 Exception <a 'java/io/FileNotFoundException'{0x00000000eacc6f98}> (0x00000000eacc6f98) 
thrown [s\open\src\hotspot\share\prims\jni.cpp, line 516]

VM Operations (20 events):
Event: 2.022 Executing VM operation: HandshakeAllThreads
Event: 2.022 Executing VM operation: HandshakeAllThreads done
Event: 2.270 Executing VM operation: ParallelGCFailedAllocation
Event: 2.273 Executing VM operation: ParallelGCFailedAllocation done
Event: 2.526 Executing VM operation: ParallelGCFailedAllocation
Event: 2.529 Executing VM operation: ParallelGCFailedAllocation done
Event: 2.562 Executing VM operation: HandshakeAllThreads
Event: 2.562 Executing VM operation: HandshakeAllThreads done
Event: 3.220 Executing VM operation: CollectForMetadataAllocation
Event: 3.239 Executing VM operation: CollectForMetadataAllocation done
Event: 3.282 Executing VM operation: HandshakeAllThreads
Event: 3.282 Executing VM operation: HandshakeAllThreads done
Event: 3.385 Executing VM operation: HandshakeAllThreads
Event: 3.385 Executing VM operation: HandshakeAllThreads done
Event: 3.460 Executing VM operation: HandshakeAllThreads
Event: 3.460 Executing VM operation: HandshakeAllThreads done
Event: 3.547 Executing VM operation: ParallelGCFailedAllocation
Event: 3.549 Executing VM operation: ParallelGCFailedAllocation done
Event: 3.579 Executing VM operation: HandshakeAllThreads
Event: 3.579 Executing VM operation: HandshakeAllThreads done

Events (20 events):
Event: 3.492 loading class java/text/ParseException done
Event: 3.497 loading class java/util/concurrent/atomic/AtomicIntegerArray
Event: 3.497 loading class java/util/concurrent/atomic/AtomicIntegerArray done
Event: 3.498 loading class java/util/Currency
Event: 3.498 loading class java/util/Currency done
Event: 3.500 loading class java/util/concurrent/atomic/AtomicLongArray
Event: 3.500 loading class java/util/concurrent/atomic/AtomicLongArray done
Event: 3.516 loading class java/text/MessageFormat
Event: 3.517 loading class java/text/MessageFormat done
Event: 3.517 loading class java/text/MessageFormat$Field
Event: 3.517 loading class java/text/MessageFormat$Field done
Event: 3.518 Thread 0x000001b813251990 Thread added: 0x000001b813251990
Event: 3.535 loading class sun/reflect/generics/repository/FieldRepository
Event: 3.535 loading class sun/reflect/generics/repository/FieldRepository done
Event: 3.539 loading class jdk/internal/reflect/UnsafeQualifiedIntegerFieldAccessorImpl
Event: 3.539 loading class jdk/internal/reflect/UnsafeQualifiedIntegerFieldAccessorImpl done
Event: 3.565 loading class java/io/InvalidObjectException
Event: 3.565 loading class java/io/ObjectStreamException
Event: 3.565 loading class java/io/ObjectStreamException done
Event: 3.565 loading class java/io/InvalidObjectException done


Dynamic libraries:
0x00007ff603d50000 - 0x00007ff603d60000 	C:\Program Files\Java\jdk-17\bin\java.exe
0x00007ff9fd350000 - 0x00007ff9fd564000 	C:\WINDOWS\SYSTEM32\ntdll.dll
0x00007ff9fb720000 - 0x00007ff9fb7e2000 	C:\WINDOWS\System32\KERNEL32.DLL
0x00007ff9fa8f0000 - 0x00007ff9fac8c000 	C:\WINDOWS\System32\KERNELBASE.dll
0x00007ff9faed0000 - 0x00007ff9fafe1000 	C:\WINDOWS\System32\ucrtbase.dll
0x00007ff9ee770000 - 0x00007ff9ee78b000 	C:\Program Files\Java\jdk-17\bin\VCRUNTIME140.dll
0x00007ff9f6900000 - 0x00007ff9f6918000 	C:\Program Files\Java\jdk-17\bin\jli.dll
0x00007ff9fc860000 - 0x00007ff9fc90e000 	C:\WINDOWS\System32\ADVAPI32.dll
0x00007ff9fbd50000 - 0x00007ff9fbdf7000 	C:\WINDOWS\System32\msvcrt.dll
0x00007ff9fbc90000 - 0x00007ff9fbd34000 	C:\WINDOWS\System32\sechost.dll
0x00007ff9fbe20000 - 0x00007ff9fbf37000 	C:\WINDOWS\System32\RPCRT4.dll
0x00007ff9fce40000 - 0x00007ff9fcfeb000 	C:\WINDOWS\System32\USER32.dll
0x00007ff9fa800000 - 0x00007ff9fa826000 	C:\WINDOWS\System32\win32u.dll
0x00007ff9d5c00000 - 0x00007ff9d5e8e000 	C:\WINDOWS\WinSxS\amd64_microsoft.windows.common-controls_6595b64144ccf1df_6.0.22621.608_none_a9444ca7c10bb01d\COMCTL32.dll
0x00007ff9fd2e0000 - 0x00007ff9fd309000 	C:\WINDOWS\System32\GDI32.dll
0x00007ff9fad10000 - 0x00007ff9fae23000 	C:\WINDOWS\System32\gdi32full.dll
0x00007ff9fae30000 - 0x00007ff9faeca000 	C:\WINDOWS\System32\msvcp_win.dll
0x00007ff9f7f70000 - 0x00007ff9f7f7a000 	C:\WINDOWS\SYSTEM32\VERSION.dll
0x00007ff9fc730000 - 0x00007ff9fc761000 	C:\WINDOWS\System32\IMM32.DLL
0x00007ff9f6e70000 - 0x00007ff9f6e7c000 	C:\Program Files\Java\jdk-17\bin\vcruntime140_1.dll
0x00007ff9d4c60000 - 0x00007ff9d4cee000 	C:\Program Files\Java\jdk-17\bin\msvcp140.dll
0x00007ff96ec00000 - 0x00007ff96f7d7000 	C:\Program Files\Java\jdk-17\bin\server\jvm.dll
0x00007ff9fc850000 - 0x00007ff9fc858000 	C:\WINDOWS\System32\PSAPI.DLL
0x00007ff9cd780000 - 0x00007ff9cd789000 	C:\WINDOWS\SYSTEM32\WSOCK32.dll
0x00007ff9f1410000 - 0x00007ff9f1444000 	C:\WINDOWS\SYSTEM32\WINMM.dll
0x00007ff9fb6a0000 - 0x00007ff9fb711000 	C:\WINDOWS\System32\WS2_32.dll
0x00007ff9f9860000 - 0x00007ff9f9878000 	C:\WINDOWS\SYSTEM32\kernel.appcore.dll
0x00007ff9f5390000 - 0x00007ff9f539a000 	C:\Program Files\Java\jdk-17\bin\jimage.dll
0x00007ff9f7ce0000 - 0x00007ff9f7f0e000 	C:\WINDOWS\SYSTEM32\DBGHELP.DLL
0x00007ff9fb160000 - 0x00007ff9fb4e9000 	C:\WINDOWS\System32\combase.dll
0x00007ff9fc770000 - 0x00007ff9fc847000 	C:\WINDOWS\System32\OLEAUT32.dll
0x00007ff9cd850000 - 0x00007ff9cd882000 	C:\WINDOWS\SYSTEM32\dbgcore.DLL
0x00007ff9fac90000 - 0x00007ff9fad0b000 	C:\WINDOWS\System32\bcryptPrimitives.dll
0x00007ff9f4aa0000 - 0x00007ff9f4aae000 	C:\Program Files\Java\jdk-17\bin\instrument.dll
0x00007ff9dd3b0000 - 0x00007ff9dd3d5000 	C:\Program Files\Java\jdk-17\bin\java.dll
0x00007ff997800000 - 0x00007ff9978d7000 	C:\Program Files\Java\jdk-17\bin\jsvml.dll
0x00007ff9fbf40000 - 0x00007ff9fc730000 	C:\WINDOWS\System32\SHELL32.dll
0x00007ff9f87a0000 - 0x00007ff9f906d000 	C:\WINDOWS\SYSTEM32\windows.storage.dll
0x00007ff9f8660000 - 0x00007ff9f879e000 	C:\WINDOWS\SYSTEM32\wintypes.dll
0x00007ff9fcff0000 - 0x00007ff9fd0e1000 	C:\WINDOWS\System32\SHCORE.dll
0x00007ff9fcc10000 - 0x00007ff9fcc6e000 	C:\WINDOWS\System32\shlwapi.dll
0x00007ff9fa6c0000 - 0x00007ff9fa6e1000 	C:\WINDOWS\SYSTEM32\profapi.dll
0x00007ff9dd1e0000 - 0x00007ff9dd1f8000 	C:\Program Files\Java\jdk-17\bin\zip.dll
0x00007ff9ee0e0000 - 0x00007ff9ee0f9000 	C:\Program Files\Java\jdk-17\bin\net.dll
0x00007ff9f47c0000 - 0x00007ff9f48f7000 	C:\WINDOWS\SYSTEM32\WINHTTP.dll
0x00007ff9f9d40000 - 0x00007ff9f9da9000 	C:\WINDOWS\system32\mswsock.dll
0x00007ff9dd2a0000 - 0x00007ff9dd2b6000 	C:\Program Files\Java\jdk-17\bin\nio.dll
0x00007ff9f22f0000 - 0x00007ff9f2300000 	C:\Program Files\Java\jdk-17\bin\verify.dll
0x00007ff9f1460000 - 0x00007ff9f149e000 	C:\Users\nat24\AppData\Roaming\Code\User\globalStorage\redhat.java\1.16.0\config_ss_win\org.eclipse.equinox.launcher\org.eclipse.equinox.launcher.win32.win32.x86_64_1.2.700.v20221108-1024\eclipse_11801.dll
0x00007ff9fca60000 - 0x00007ff9fcbfc000 	C:\WINDOWS\System32\ole32.dll
0x00007ff9f9fa0000 - 0x00007ff9f9fbb000 	C:\WINDOWS\SYSTEM32\CRYPTSP.dll
0x00007ff9f97c0000 - 0x00007ff9f97f5000 	C:\WINDOWS\system32\rsaenh.dll
0x00007ff9f9e40000 - 0x00007ff9f9e68000 	C:\WINDOWS\SYSTEM32\USERENV.dll
0x00007ff9fa160000 - 0x00007ff9fa188000 	C:\WINDOWS\SYSTEM32\bcrypt.dll
0x00007ff9f9fc0000 - 0x00007ff9f9fcc000 	C:\WINDOWS\SYSTEM32\CRYPTBASE.dll
0x00007ff9f9350000 - 0x00007ff9f937d000 	C:\WINDOWS\SYSTEM32\IPHLPAPI.DLL
0x00007ff9fcc00000 - 0x00007ff9fcc09000 	C:\WINDOWS\System32\NSI.dll
0x00007ff9f1f50000 - 0x00007ff9f1f69000 	C:\WINDOWS\SYSTEM32\dhcpcsvc6.DLL
0x00007ff9f1ac0000 - 0x00007ff9f1adf000 	C:\WINDOWS\SYSTEM32\dhcpcsvc.DLL
0x00007ff9f93f0000 - 0x00007ff9f94e3000 	C:\WINDOWS\SYSTEM32\DNSAPI.dll
0x00007ff9e6180000 - 0x00007ff9e61c5000 	C:\Users\nat24\AppData\Local\Temp\jna-104590115\jna17487468668059078476.dll

dbghelp: loaded successfully - version: 4.0.5 - missing functions: none
symbol engine: initialized successfully - sym options: 0x614 - pdb path: .;C:\Program Files\Java\jdk-17\bin;C:\WINDOWS\SYSTEM32;C:\WINDOWS\WinSxS\amd64_microsoft.windows.common-controls_6595b64144ccf1df_6.0.22621.608_none_a9444ca7c10bb01d;C:\Program Files\Java\jdk-17\bin\server;C:\Users\nat24\AppData\Roaming\Code\User\globalStorage\redhat.java\1.16.0\config_ss_win\org.eclipse.equinox.launcher\org.eclipse.equinox.launcher.win32.win32.x86_64_1.2.700.v20221108-1024;C:\Users\nat24\AppData\Local\Temp\jna-104590115

VM Arguments:
jvm_args: --add-modules=ALL-SYSTEM --add-opens=java.base/java.util=ALL-UNNAMED --add-opens=java.base/java.lang=ALL-UNNAMED --add-opens=java.base/sun.nio.fs=ALL-UNNAMED -Declipse.application=org.eclipse.jdt.ls.core.id1 -Dosgi.bundles.defaultStartLevel=4 -Declipse.product=org.eclipse.jdt.ls.core.product -Djava.import.generatesMetadataFilesAtProjectRoot=false -Dfile.encoding=utf8 -XX:+UseParallelGC -XX:GCTimeRatio=4 -XX:AdaptiveSizePolicyWeight=90 -Dsun.zip.disableMemoryMapping=true -Xmx1G -Xms100m -Xlog:disable -javaagent:c:\Users\nat24\.vscode\extensions\redhat.java-1.16.0-win32-x64\lombok\lombok-1.18.24.jar 
java_command: c:\Users\nat24\.vscode\extensions\redhat.java-1.16.0-win32-x64\server\plugins\org.eclipse.equinox.launcher_1.6.400.v20210924-0641.jar -configuration c:\Users\nat24\AppData\Roaming\Code\User\globalStorage\redhat.java\1.16.0\config_ss_win -data c:\Users\nat24\AppData\Roaming\Code\User\workspaceStorage\7ee068461fea0a2cbf1ecac1b635f22a\redhat.java\ss_ws
java_class_path (initial): c:\Users\nat24\.vscode\extensions\redhat.java-1.16.0-win32-x64\server\plugins\org.eclipse.equinox.launcher_1.6.400.v20210924-0641.jar
Launcher Type: SUN_STANDARD

[Global flags]
    uintx AdaptiveSizePolicyWeight                 = 90                                        {product} {command line}
     intx CICompilerCount                          = 4                                         {product} {ergonomic}
    uintx GCTimeRatio                              = 4                                         {product} {command line}
   size_t InitialHeapSize                          = 104857600                                 {product} {command line}
   size_t MaxHeapSize                              = 1073741824                                {product} {command line}
   size_t MaxNewSize                               = 357564416                                 {product} {ergonomic}
   size_t MinHeapDeltaBytes                        = 524288                                    {product} {ergonomic}
   size_t MinHeapSize                              = 104857600                                 {product} {command line}
   size_t NewSize                                  = 34603008                                  {product} {ergonomic}
    uintx NonNMethodCodeHeapSize                   = 5839372                                {pd product} {ergonomic}
    uintx NonProfiledCodeHeapSize                  = 122909434                              {pd product} {ergonomic}
   size_t OldSize                                  = 70254592                                  {product} {ergonomic}
    uintx ProfiledCodeHeapSize                     = 122909434                              {pd product} {ergonomic}
    uintx ReservedCodeCacheSize                    = 251658240                              {pd product} {ergonomic}
     bool SegmentedCodeCache                       = true                                      {product} {ergonomic}
   size_t SoftMaxHeapSize                          = 1073741824                             {manageable} {ergonomic}
     bool UseCompressedClassPointers               = true                           {product lp64_product} {ergonomic}
     bool UseCompressedOops                        = true                           {product lp64_product} {ergonomic}
     bool UseLargePagesIndividualAllocation        = false                                  {pd product} {ergonomic}
     bool UseParallelGC                            = true                                      {product} {command line}

Logging:
Log output configuration:
 #0: stdout all=off uptime,level,tags
 #1: stderr all=off uptime,level,tags

Environment Variables:
CLASSPATH=C:\Users\nat24\eclipse-workspace
PATH=C:\Program Files\Common Files\Oracle\Java\javapath;C:\Python310\Scripts\;C:\Python310\;C:\WINDOWS\system32;C:\WINDOWS;C:\WINDOWS\System32\Wbem;C:\WINDOWS\System32\WindowsPowerShell\v1.0\;C:\WINDOWS\System32\OpenSSH\;C:\Program Files\nodejs\;C:\ProgramData\chocolatey\bin;C:\Program Files\Git\cmd;C:\Program Files\PuTTY\;C:\Users\nat24\AppData\Local\Microsoft\WindowsApps;C:\Users\nat24\AppData\Roaming\npm;C:\Users\nat24\eclipse-workspace\Assignment_1\bin;C:\Users\nat24\AppData\Local\Programs\Microsoft VS Code\bin;
USERNAME=nat24
OS=Windows_NT
PROCESSOR_IDENTIFIER=Intel64 Family 6 Model 140 Stepping 1, GenuineIntel



---------------  S Y S T E M  ---------------

OS:
 Windows 11 , 64 bit Build 22621 (10.0.22621.1485)
OS uptime: 0 days 13:04 hours

CPU: total 8 (initial active 8) (4 cores per cpu, 2 threads per core) family 6 model 140 stepping 1 microcode 0xa6, cx8, cmov, fxsr, ht, mmx, 3dnowpref, sse, sse2, sse3, ssse3, sse4.1, sse4.2, popcnt, lzcnt, tsc, tscinvbit, avx, avx2, aes, erms, clmul, bmi1, bmi2, adx, avx512f, avx512dq, avx512cd, avx512bw, avx512vl, sha, fma, vzeroupper, avx512_vpopcntdq, avx512_vpclmulqdq, avx512_vaes, avx512_vnni, clflush, clflushopt, clwb, avx512_vbmi2, avx512_vbmi

Memory: 4k page, system-wide physical 16064M (2593M free)
TotalPageFile size 65216M (AvailPageFile size 3M)
current process WorkingSet (physical memory assigned to process): 140M, peak: 140M
current process commit charge ("private bytes"): 250M, peak: 251M

vm_info: Java HotSpot(TM) 64-Bit Server VM (17.0.6+9-LTS-190) for windows-amd64 JRE (17.0.6+9-LTS-190), built on Dec  6 2022 15:53:54 by "mach5one" with MS VC++ 17.1 (VS2022)

END.
