#
# There is insufficient memory for the Java Runtime Environment to continue.
# Native memory allocation (mmap) failed to map 65536 bytes for Failed to commit metaspace.
# Possible reasons:
#   The system is out of physical RAM or swap space
#   The process is running with CompressedOops enabled, and the Java Heap may be blocking the growth of the native heap
# Possible solutions:
#   Reduce memory load on the system
#   Increase physical memory or swap space
#   Check if swap backing store is full
#   Decrease Java heap size (-Xmx/-Xms)
#   Decrease number of Java threads
#   Decrease Java thread stack sizes (-Xss)
#   Set larger code cache with -XX:ReservedCodeCacheSize=
#   JVM is running with Unscaled Compressed Oops mode in which the Java heap is
#     placed in the first 4GB address space. The Java Heap base address is the
#     maximum limit for the native heap growth. Please use -XX:HeapBaseMinAddress
#     to set the Java Heap base and to place the Java Heap above 4GB virtual address.
# This output file may be truncated or incomplete.
#
#  Out of Memory Error (virtualSpaceNode.cpp:110), pid=17800, tid=15132
#
# JRE version: Java(TM) SE Runtime Environment (17.0.6+9) (build 17.0.6+9-LTS-190)
# Java VM: Java HotSpot(TM) 64-Bit Server VM (17.0.6+9-LTS-190, mixed mode, sharing, tiered, compressed oops, compressed class ptrs, parallel gc, windows-amd64)
# No core dump will be written. Minidumps are not enabled by default on client versions of Windows
#

---------------  S U M M A R Y ------------

Command Line: --add-modules=ALL-SYSTEM --add-opens=java.base/java.util=ALL-UNNAMED --add-opens=java.base/java.lang=ALL-UNNAMED --add-opens=java.base/sun.nio.fs=ALL-UNNAMED -Declipse.application=org.eclipse.jdt.ls.core.id1 -Dosgi.bundles.defaultStartLevel=4 -Declipse.product=org.eclipse.jdt.ls.core.product -Djava.import.generatesMetadataFilesAtProjectRoot=false -Dfile.encoding=utf8 -XX:+UseParallelGC -XX:GCTimeRatio=4 -XX:AdaptiveSizePolicyWeight=90 -Dsun.zip.disableMemoryMapping=true -Xmx1G -Xms100m -Xlog:disable -javaagent:c:\Users\nat24\.vscode\extensions\redhat.java-1.16.0-win32-x64\lombok\lombok-1.18.24.jar -XX:+HeapDumpOnOutOfMemoryError -XX:HeapDumpPath=c:\Users\nat24\AppData\Roaming\Code\User\workspaceStorage\7ee068461fea0a2cbf1ecac1b635f22a\redhat.java c:\Users\nat24\.vscode\extensions\redhat.java-1.16.0-win32-x64\server\plugins\org.eclipse.equinox.launcher_1.6.400.v20210924-0641.jar -configuration c:\Users\nat24\AppData\Roaming\Code\User\globalStorage\redhat.java\1.16.0\config_win -data c:\Users\nat24\AppData\Roaming\Code\User\workspaceStorage\7ee068461fea0a2cbf1ecac1b635f22a\redhat.java\jdt_ws

Host: 11th Gen Intel(R) Core(TM) i7-1165G7 @ 2.80GHz, 8 cores, 15G,  Windows 11 , 64 bit Build 22621 (10.0.22621.1485)
Time: Thu Apr 13 11:32:49 2023 AUS Eastern Standard Time elapsed time: 0.612230 seconds (0d 0h 0m 0s)

---------------  T H R E A D  ---------------

Current thread (0x00000216d0760b20):  JavaThread "main" [_thread_in_vm, id=15132, stack(0x000000810de00000,0x000000810df00000)]

Stack: [0x000000810de00000,0x000000810df00000]
Native frames: (J=compiled Java code, j=interpreted, Vv=VM code, C=native code)
V  [jvm.dll+0x6734ea]
V  [jvm.dll+0x7d18f4]
V  [jvm.dll+0x7d309e]
V  [jvm.dll+0x7d3703]
V  [jvm.dll+0x2433c5]
V  [jvm.dll+0x7cd9fb]
V  [jvm.dll+0x619546]
V  [jvm.dll+0x6195aa]
V  [jvm.dll+0x61bdcd]
V  [jvm.dll+0x619f06]
V  [jvm.dll+0x366922]
V  [jvm.dll+0x1df88b]
V  [jvm.dll+0x539a05]
V  [jvm.dll+0x74c7bd]
V  [jvm.dll+0x74c71a]
V  [jvm.dll+0x408773]
V  [jvm.dll+0x41beac]
C  [java.dll+0x1657]

Java frames: (J=compiled Java code, j=interpreted, Vv=VM code)
j  java.lang.ClassLoader.defineClass0(Ljava/lang/ClassLoader;Ljava/lang/Class;Ljava/lang/String;[BIILjava/security/ProtectionDomain;ZILjava/lang/Object;)Ljava/lang/Class;+0 java.base@17.0.6
j  java.lang.System$2.defineClass(Ljava/lang/ClassLoader;Ljava/lang/Class;Ljava/lang/String;[BLjava/security/ProtectionDomain;ZILjava/lang/Object;)Ljava/lang/Class;+17 java.base@17.0.6
j  java.lang.invoke.MethodHandles$Lookup$ClassDefiner.defineClass(ZLjava/lang/Object;)Ljava/lang/Class;+54 java.base@17.0.6
j  java.lang.invoke.MethodHandles$Lookup$ClassDefiner.defineClassAsLookup(Z)Ljava/lang/invoke/MethodHandles$Lookup;+3 java.base@17.0.6
j  java.lang.invoke.MethodHandles$Lookup.defineHiddenClass([BZ[Ljava/lang/invoke/MethodHandles$Lookup$ClassOption;)Ljava/lang/invoke/MethodHandles$Lookup;+65 java.base@17.0.6
j  java.lang.invoke.InnerClassLambdaMetafactory.generateInnerClass()Ljava/lang/Class;+580 java.base@17.0.6
j  java.lang.invoke.InnerClassLambdaMetafactory.spinInnerClass()Ljava/lang/Class;+114 java.base@17.0.6
j  java.lang.invoke.InnerClassLambdaMetafactory.buildCallSite()Ljava/lang/invoke/CallSite;+1 java.base@17.0.6
j  java.lang.invoke.LambdaMetafactory.metafactory(Ljava/lang/invoke/MethodHandles$Lookup;Ljava/lang/String;Ljava/lang/invoke/MethodType;Ljava/lang/invoke/MethodType;Ljava/lang/invoke/MethodHandle;Ljava/lang/invoke/MethodType;)Ljava/lang/invoke/CallSite;+67 java.base@17.0.6
j  java.lang.invoke.DirectMethodHandle$Holder.invokeStatic(Ljava/lang/Object;Ljava/lang/Object;Ljava/lang/Object;Ljava/lang/Object;Ljava/lang/Object;Ljava/lang/Object;Ljava/lang/Object;)Ljava/lang/Object;+20 java.base@17.0.6
j  java.lang.invoke.Invokers$Holder.invokeExact_MT(Ljava/lang/Object;Ljava/lang/Object;Ljava/lang/Object;Ljava/lang/Object;Ljava/lang/Object;Ljava/lang/Object;Ljava/lang/Object;Ljava/lang/Object;)Ljava/lang/Object;+28 java.base@17.0.6
j  java.lang.invoke.BootstrapMethodInvoker.invoke(Ljava/lang/Class;Ljava/lang/invoke/MethodHandle;Ljava/lang/String;Ljava/lang/Object;Ljava/lang/Object;Ljava/lang/Class;)Ljava/lang/Object;+319 java.base@17.0.6
j  java.lang.invoke.CallSite.makeSite(Ljava/lang/invoke/MethodHandle;Ljava/lang/String;Ljava/lang/invoke/MethodType;Ljava/lang/Object;Ljava/lang/Class;)Ljava/lang/invoke/CallSite;+8 java.base@17.0.6
j  java.lang.invoke.MethodHandleNatives.linkCallSiteImpl(Ljava/lang/Class;Ljava/lang/invoke/MethodHandle;Ljava/lang/String;Ljava/lang/invoke/MethodType;Ljava/lang/Object;[Ljava/lang/Object;)Ljava/lang/invoke/MemberName;+6 java.base@17.0.6
j  java.lang.invoke.MethodHandleNatives.linkCallSite(Ljava/lang/Object;ILjava/lang/Object;Ljava/lang/Object;Ljava/lang/Object;Ljava/lang/Object;[Ljava/lang/Object;)Ljava/lang/invoke/MemberName;+46 java.base@17.0.6
v  ~StubRoutines::call_stub
j  java.lang.SecurityManager.addNonExportedPackages(Ljava/lang/ModuleLayer;)V+29 java.base@17.0.6
j  java.lang.SecurityManager.<clinit>()V+47 java.base@17.0.6
v  ~StubRoutines::call_stub
j  org.eclipse.osgi.internal.url.MultiplexingFactory.<clinit>()V+374
v  ~StubRoutines::call_stub
j  org.eclipse.osgi.storage.FrameworkExtensionInstaller.findAddURLMethod(Ljava/lang/ClassLoader;Ljava/lang/String;)Ljava/lang/reflect/Method;+20
j  org.eclipse.osgi.storage.FrameworkExtensionInstaller.<clinit>()V+13
v  ~StubRoutines::call_stub
j  org.eclipse.osgi.storage.Storage.<init>(Lorg/eclipse/osgi/internal/framework/EquinoxContainer;[Ljava/lang/String;)V+239
j  org.eclipse.osgi.storage.Storage.createStorage(Lorg/eclipse/osgi/internal/framework/EquinoxContainer;)Lorg/eclipse/osgi/storage/Storage;+11
j  org.eclipse.osgi.internal.framework.EquinoxContainer.<init>(Ljava/util/Map;Lorg/osgi/framework/connect/ModuleConnector;)V+145
j  org.eclipse.osgi.launch.Equinox.<init>(Ljava/util/Map;Lorg/osgi/framework/connect/ModuleConnector;)V+10
j  org.eclipse.osgi.launch.Equinox.<init>(Ljava/util/Map;)V+3
j  org.eclipse.core.runtime.adaptor.EclipseStarter.startup([Ljava/lang/String;Ljava/lang/Runnable;)Lorg/osgi/framework/BundleContext;+28
j  org.eclipse.core.runtime.adaptor.EclipseStarter.run([Ljava/lang/String;Ljava/lang/Runnable;)Ljava/lang/Object;+21
v  ~StubRoutines::call_stub
j  jdk.internal.reflect.NativeMethodAccessorImpl.invoke0(Ljava/lang/reflect/Method;Ljava/lang/Object;[Ljava/lang/Object;)Ljava/lang/Object;+0 java.base@17.0.6
j  jdk.internal.reflect.NativeMethodAccessorImpl.invoke(Ljava/lang/Object;[Ljava/lang/Object;)Ljava/lang/Object;+133 java.base@17.0.6
j  jdk.internal.reflect.DelegatingMethodAccessorImpl.invoke(Ljava/lang/Object;[Ljava/lang/Object;)Ljava/lang/Object;+6 java.base@17.0.6
j  java.lang.reflect.Method.invoke(Ljava/lang/Object;[Ljava/lang/Object;)Ljava/lang/Object;+59 java.base@17.0.6
j  org.eclipse.equinox.launcher.Main.invokeFramework([Ljava/lang/String;[Ljava/net/URL;)V+201
j  org.eclipse.equinox.launcher.Main.basicRun([Ljava/lang/String;)V+159
j  org.eclipse.equinox.launcher.Main.run([Ljava/lang/String;)I+4
j  org.eclipse.equinox.launcher.Main.main([Ljava/lang/String;)V+10
v  ~StubRoutines::call_stub

---------------  P R O C E S S  ---------------

Threads class SMR info:
_java_thread_list=0x00000216ebb119e0, length=14, elements={
0x00000216d0760b20, 0x00000216e91903e0, 0x00000216e9191730, 0x00000216e91a6920,
0x00000216e91a84e0, 0x00000216e91ad650, 0x00000216e91b2010, 0x00000216e91b3ae0,
0x00000216e91bd2d0, 0x00000216e91c73b0, 0x00000216d081f6a0, 0x00000216ebadc030,
0x00000216ebafd580, 0x00000216ebad4370
}

Java Threads: ( => current thread )
=>0x00000216d0760b20 JavaThread "main" [_thread_in_vm, id=15132, stack(0x000000810de00000,0x000000810df00000)]
  0x00000216e91903e0 JavaThread "Reference Handler" daemon [_thread_blocked, id=10348, stack(0x000000810e100000,0x000000810e200000)]
  0x00000216e9191730 JavaThread "Finalizer" daemon [_thread_blocked, id=1964, stack(0x000000810e200000,0x000000810e300000)]
  0x00000216e91a6920 JavaThread "Signal Dispatcher" daemon [_thread_blocked, id=11512, stack(0x000000810e300000,0x000000810e400000)]
  0x00000216e91a84e0 JavaThread "Attach Listener" daemon [_thread_blocked, id=13188, stack(0x000000810e400000,0x000000810e500000)]
  0x00000216e91ad650 JavaThread "Service Thread" daemon [_thread_blocked, id=16108, stack(0x000000810e500000,0x000000810e600000)]
  0x00000216e91b2010 JavaThread "Monitor Deflation Thread" daemon [_thread_blocked, id=17772, stack(0x000000810e600000,0x000000810e700000)]
  0x00000216e91b3ae0 JavaThread "C2 CompilerThread0" daemon [_thread_blocked, id=8272, stack(0x000000810e700000,0x000000810e800000)]
  0x00000216e91bd2d0 JavaThread "C1 CompilerThread0" daemon [_thread_blocked, id=3360, stack(0x000000810e800000,0x000000810e900000)]
  0x00000216e91c73b0 JavaThread "Sweeper thread" daemon [_thread_blocked, id=17784, stack(0x000000810e900000,0x000000810ea00000)]
  0x00000216d081f6a0 JavaThread "Common-Cleaner" daemon [_thread_blocked, id=19312, stack(0x000000810ea00000,0x000000810eb00000)]
  0x00000216ebadc030 JavaThread "Notification Thread" daemon [_thread_blocked, id=18328, stack(0x000000810eb00000,0x000000810ec00000)]
  0x00000216ebafd580 JavaThread "C2 CompilerThread1" daemon [_thread_blocked, id=1360, stack(0x000000810ed00000,0x000000810ee00000)]
  0x00000216ebad4370 JavaThread "C2 CompilerThread2" daemon [_thread_blocked, id=3860, stack(0x000000810ee00000,0x000000810ef00000)]

Other Threads:
  0x00000216e918b190 VMThread "VM Thread" [stack: 0x000000810e000000,0x000000810e100000] [id=13872]
  0x00000216eb9ffd80 WatcherThread [stack: 0x000000810ec00000,0x000000810ed00000] [id=11924]
  0x00000216d0776d30 GCTaskThread "GC Thread#0" [stack: 0x000000810df00000,0x000000810e000000] [id=10992]
  0x00000216ebf9f270 GCTaskThread "GC Thread#1" [stack: 0x000000810ef00000,0x000000810f000000] [id=12052]
  0x00000216ec10ba10 GCTaskThread "GC Thread#2" [stack: 0x000000810f000000,0x000000810f100000] [id=7792]

Threads with active compile tasks:

VM state: not at safepoint (normal execution)

VM Mutex/Monitor currently owned by a thread:  ([mutex/lock_event])
[0x00000216d075b610] Metaspace_lock - owner thread: 0x00000216d0760b20

Heap address: 0x00000000c0000000, size: 1024 MB, Compressed Oops mode: 32-bit

CDS archive(s) mapped at: [0x0000000800000000-0x0000000800bd0000-0x0000000800bd0000), size 12386304, SharedBaseAddress: 0x0000000800000000, ArchiveRelocationMode: 0.
Compressed class space mapped at: 0x0000000800c00000-0x0000000840c00000, reserved size: 1073741824
Narrow klass base: 0x0000000800000000, Narrow klass shift: 0, Narrow klass range: 0x100000000

GC Precious Log:
 CPUs: 8 total, 8 available
 Memory: 16064M
 Large Page Support: Disabled
 NUMA Support: Disabled
 Compressed Oops: Enabled (32-bit)
 Alignments: Space 512K, Generation 512K, Heap 2M
 Heap Min Capacity: 100M
 Heap Initial Capacity: 100M
 Heap Max Capacity: 1G
 Pre-touch: Disabled
 Parallel Workers: 8

Heap:
 PSYoungGen      total 29696K, used 4189K [0x00000000eab00000, 0x00000000ecc00000, 0x0000000100000000)
  eden space 25600K, 1% used [0x00000000eab00000,0x00000000eab7d348,0x00000000ec400000)
  from space 4096K, 90% used [0x00000000ec400000,0x00000000ec79a208,0x00000000ec800000)
  to   space 4096K, 0% used [0x00000000ec800000,0x00000000ec800000,0x00000000ecc00000)
 ParOldGen       total 68608K, used 16K [0x00000000c0000000, 0x00000000c4300000, 0x00000000eab00000)
  object space 68608K, 0% used [0x00000000c0000000,0x00000000c0004000,0x00000000c4300000)
 Metaspace       used 4724K, committed 4864K, reserved 1056768K
  class space    used 438K, committed 512K, reserved 1048576K

Card table byte_map: [0x00000216d0130000,0x00000216d0340000] _byte_map_base: 0x00000216cfb30000

Marking Bits: (ParMarkBitMap*) 0x00007ff96f7195f0
 Begin Bits: [0x00000216e6fe0000, 0x00000216e7fe0000)
 End Bits:   [0x00000216e7fe0000, 0x00000216e8fe0000)

Polling page: 0x00000216ce900000

Metaspace:

Usage:
  Non-class:      4.19 MB used.
      Class:    438.88 KB used.
       Both:      4.61 MB used.

Virtual space:
  Non-class space:        8.00 MB reserved,       4.25 MB ( 53%) committed,  1 nodes.
      Class space:        1.00 GB reserved,     512.00 KB ( <1%) committed,  1 nodes.
             Both:        1.01 GB reserved,       4.75 MB ( <1%) committed. 

Chunk freelists:
   Non-Class:  2.90 MB
       Class:  3.48 MB
        Both:  6.38 MB

MaxMetaspaceSize: unlimited
CompressedClassSpaceSize: 1.00 GB
Initial GC threshold: 21.00 MB
Current GC threshold: 21.00 MB
CDS: on
MetaspaceReclaimPolicy: balanced
 - commit_granule_bytes: 65536.
 - commit_granule_words: 8192.
 - virtual_space_node_default_size: 1048576.
 - enlarge_chunks_in_place: 1.
 - new_chunks_are_fully_committed: 0.
 - uncommit_free_chunks: 1.
 - use_allocation_guard: 0.
 - handle_deallocations: 1.


Internal statistics:

num_allocs_failed_limit: 0.
num_arena_births: 24.
num_arena_deaths: 0.
num_vsnodes_births: 2.
num_vsnodes_deaths: 0.
num_space_committed: 76.
num_space_uncommitted: 0.
num_chunks_returned_to_freelist: 0.
num_chunks_taken_from_freelist: 80.
num_chunk_merges: 0.
num_chunk_splits: 63.
num_chunks_enlarged: 54.
num_purges: 0.
num_inconsistent_stats: 0.

CodeHeap 'non-profiled nmethods': size=120000Kb used=402Kb max_used=402Kb free=119597Kb
 bounds [0x00000216dfab0000, 0x00000216dfd20000, 0x00000216e6fe0000]
CodeHeap 'profiled nmethods': size=120000Kb used=1784Kb max_used=1784Kb free=118215Kb
 bounds [0x00000216d7fe0000, 0x00000216d8250000, 0x00000216df510000]
CodeHeap 'non-nmethods': size=5760Kb used=1146Kb max_used=1184Kb free=4613Kb
 bounds [0x00000216df510000, 0x00000216df780000, 0x00000216dfab0000]
 total_blobs=1433 nmethods=1008 adapters=340
 compilation: enabled
              stopped_count=0, restarted_count=0
 full_count=0

Compilation events (20 events):
Event: 0.606 Thread 0x00000216e91bd2d0 nmethod 997 0x00000216d819aa10 code [0x00000216d819aba0, 0x00000216d819aca8]
Event: 0.606 Thread 0x00000216e91bd2d0  998       3       sun.reflect.generics.parser.SignatureParser::current (59 bytes)
Event: 0.606 Thread 0x00000216e91bd2d0 nmethod 998 0x00000216d819ad90 code [0x00000216d819afa0, 0x00000216d819b678]
Event: 0.607 Thread 0x00000216e91bd2d0  999       3       sun.reflect.generics.parser.SignatureParser::advance (53 bytes)
Event: 0.607 Thread 0x00000216e91bd2d0 nmethod 999 0x00000216d819b910 code [0x00000216d819bac0, 0x00000216d819bd18]
Event: 0.607 Thread 0x00000216e91bd2d0 1000       3       jdk.internal.org.objectweb.asm.Frame::merge (317 bytes)
Event: 0.607 Thread 0x00000216ebad4370 nmethod 988 0x00000216dfb13790 code [0x00000216dfb13920, 0x00000216dfb13af8]
Event: 0.608 Thread 0x00000216e91bd2d0 nmethod 1000 0x00000216d819be10 code [0x00000216d819c040, 0x00000216d819c9c8]
Event: 0.608 Thread 0x00000216e91bd2d0 1002       3       java.lang.Long::<init> (10 bytes)
Event: 0.608 Thread 0x00000216e91bd2d0 nmethod 1002 0x00000216d819cc10 code [0x00000216d819cdc0, 0x00000216d819cf98]
Event: 0.608 Thread 0x00000216e91bd2d0 1001       1       jdk.internal.org.objectweb.asm.SymbolTable::getMajorVersion (5 bytes)
Event: 0.608 Thread 0x00000216e91bd2d0 nmethod 1001 0x00000216dfb13c90 code [0x00000216dfb13e20, 0x00000216dfb13ef8]
Event: 0.608 Thread 0x00000216e91bd2d0 1003       3       java.util.HashMap$ValueIterator::next (8 bytes)
Event: 0.608 Thread 0x00000216e91bd2d0 nmethod 1003 0x00000216d819d090 code [0x00000216d819d240, 0x00000216d819d388]
Event: 0.609 Thread 0x00000216e91bd2d0 1004       3       java.lang.invoke.MethodHandleNatives::refKindIsField (32 bytes)
Event: 0.609 Thread 0x00000216e91bd2d0 nmethod 1004 0x00000216d819d490 code [0x00000216d819d620, 0x00000216d819d778]
Event: 0.609 Thread 0x00000216e91bd2d0 1005       1       java.lang.invoke.MethodTypeForm::parameterSlotCount (5 bytes)
Event: 0.609 Thread 0x00000216e91bd2d0 nmethod 1005 0x00000216dfb13f90 code [0x00000216dfb14120, 0x00000216dfb141f8]
Event: 0.610 Thread 0x00000216e91bd2d0 1008       3       jdk.internal.org.objectweb.asm.Frame::push (109 bytes)
Event: 0.610 Thread 0x00000216e91bd2d0 nmethod 1008 0x00000216d819d810 code [0x00000216d819d9e0, 0x00000216d819dee8]

GC Heap History (2 events):
Event: 0.599 GC heap before
{Heap before GC invocations=1 (full 0):
 PSYoungGen      total 29696K, used 25600K [0x00000000eab00000, 0x00000000ecc00000, 0x0000000100000000)
  eden space 25600K, 100% used [0x00000000eab00000,0x00000000ec400000,0x00000000ec400000)
  from space 4096K, 0% used [0x00000000ec800000,0x00000000ec800000,0x00000000ecc00000)
  to   space 4096K, 0% used [0x00000000ec400000,0x00000000ec400000,0x00000000ec800000)
 ParOldGen       total 68608K, used 0K [0x00000000c0000000, 0x00000000c4300000, 0x00000000eab00000)
  object space 68608K, 0% used [0x00000000c0000000,0x00000000c0000000,0x00000000c4300000)
 Metaspace       used 4633K, committed 4736K, reserved 1056768K
  class space    used 429K, committed 448K, reserved 1048576K
}
Event: 0.603 GC heap after
{Heap after GC invocations=1 (full 0):
 PSYoungGen      total 29696K, used 3688K [0x00000000eab00000, 0x00000000ecc00000, 0x0000000100000000)
  eden space 25600K, 0% used [0x00000000eab00000,0x00000000eab00000,0x00000000ec400000)
  from space 4096K, 90% used [0x00000000ec400000,0x00000000ec79a208,0x00000000ec800000)
  to   space 4096K, 0% used [0x00000000ec800000,0x00000000ec800000,0x00000000ecc00000)
 ParOldGen       total 68608K, used 16K [0x00000000c0000000, 0x00000000c4300000, 0x00000000eab00000)
  object space 68608K, 0% used [0x00000000c0000000,0x00000000c0004000,0x00000000c4300000)
 Metaspace       used 4633K, committed 4736K, reserved 1056768K
  class space    used 429K, committed 448K, reserved 1048576K
}

Deoptimization events (20 events):
Event: 0.579 Thread 0x00000216d0760b20 Uncommon trap: trap_request=0xffffffde fr.pc=0x00000216dfad5d0c relative=0x00000000000001ec
Event: 0.579 Thread 0x00000216d0760b20 Uncommon trap: reason=class_check action=maybe_recompile pc=0x00000216dfad5d0c method=java.util.Collections$UnmodifiableCollection$1.next()Ljava/lang/Object; @ 4 c2
Event: 0.579 Thread 0x00000216d0760b20 DEOPT PACKING pc=0x00000216dfad5d0c sp=0x000000810defe060
Event: 0.579 Thread 0x00000216d0760b20 DEOPT UNPACKING pc=0x00000216df5658a3 sp=0x000000810defe010 mode 2
Event: 0.580 Thread 0x00000216d0760b20 Uncommon trap: trap_request=0xffffff45 fr.pc=0x00000216dfaf5520 relative=0x00000000000009a0
Event: 0.580 Thread 0x00000216d0760b20 Uncommon trap: reason=unstable_if action=reinterpret pc=0x00000216dfaf5520 method=java.util.HashMap.hash(Ljava/lang/Object;)I @ 1 c2
Event: 0.580 Thread 0x00000216d0760b20 DEOPT PACKING pc=0x00000216dfaf5520 sp=0x000000810defe050
Event: 0.580 Thread 0x00000216d0760b20 DEOPT UNPACKING pc=0x00000216df5658a3 sp=0x000000810defdfc0 mode 2
Event: 0.580 Thread 0x00000216d0760b20 Uncommon trap: trap_request=0xffffff45 fr.pc=0x00000216dfae48f0 relative=0x0000000000000490
Event: 0.580 Thread 0x00000216d0760b20 Uncommon trap: reason=unstable_if action=reinterpret pc=0x00000216dfae48f0 method=java.util.HashMap.hash(Ljava/lang/Object;)I @ 1 c2
Event: 0.581 Thread 0x00000216d0760b20 DEOPT PACKING pc=0x00000216dfae48f0 sp=0x000000810defdf70
Event: 0.581 Thread 0x00000216d0760b20 DEOPT UNPACKING pc=0x00000216df5658a3 sp=0x000000810defde18 mode 2
Event: 0.581 Thread 0x00000216d0760b20 Uncommon trap: trap_request=0xffffff45 fr.pc=0x00000216dfade66c relative=0x000000000000048c
Event: 0.581 Thread 0x00000216d0760b20 Uncommon trap: reason=unstable_if action=reinterpret pc=0x00000216dfade66c method=java.util.HashMap.hash(Ljava/lang/Object;)I @ 1 c2
Event: 0.581 Thread 0x00000216d0760b20 DEOPT PACKING pc=0x00000216dfade66c sp=0x000000810defe010
Event: 0.581 Thread 0x00000216d0760b20 DEOPT UNPACKING pc=0x00000216df5658a3 sp=0x000000810defdf28 mode 2
Event: 0.581 Thread 0x00000216d0760b20 Uncommon trap: trap_request=0xffffff45 fr.pc=0x00000216dfaf5e98 relative=0x0000000000000098
Event: 0.581 Thread 0x00000216d0760b20 Uncommon trap: reason=unstable_if action=reinterpret pc=0x00000216dfaf5e98 method=java.util.HashMap.hash(Ljava/lang/Object;)I @ 1 c2
Event: 0.581 Thread 0x00000216d0760b20 DEOPT PACKING pc=0x00000216dfaf5e98 sp=0x000000810defde80
Event: 0.581 Thread 0x00000216d0760b20 DEOPT UNPACKING pc=0x00000216df5658a3 sp=0x000000810defde18 mode 2

Classes unloaded (0 events):
No events

Classes redefined (0 events):
No events

Internal exceptions (17 events):
Event: 0.067 Thread 0x00000216d0760b20 Exception <a 'java/lang/NoSuchMethodError'{0x00000000eaca1d88}: 'void java.lang.invoke.DirectMethodHandle$Holder.invokeStatic(java.lang.Object, java.lang.Object, java.lang.Object)'> (0x00000000eaca1d88) 
thrown [s\open\src\hotspot\share\interpreter\linkResolver.cpp, line 759]
Event: 0.151 Thread 0x00000216d0760b20 Exception <a 'java/lang/reflect/InvocationTargetException'{0x00000000eaf6b940}> (0x00000000eaf6b940) 
thrown [s\open\src\hotspot\share\runtime\reflection.cpp, line 1121]
Event: 0.349 Thread 0x00000216d0760b20 Exception <a 'java/lang/ClassNotFoundException'{0x00000000eb8e7160}: sun/net/www/protocol/c/Handler> (0x00000000eb8e7160) 
thrown [s\open\src\hotspot\share\classfile\systemDictionary.cpp, line 256]
Event: 0.352 Thread 0x00000216d0760b20 Exception <a 'java/io/FileNotFoundException'{0x00000000eb902dd0}> (0x00000000eb902dd0) 
thrown [s\open\src\hotspot\share\prims\jni.cpp, line 516]
Event: 0.352 Thread 0x00000216d0760b20 Exception <a 'java/io/FileNotFoundException'{0x00000000eb903ae0}> (0x00000000eb903ae0) 
thrown [s\open\src\hotspot\share\prims\jni.cpp, line 516]
Event: 0.352 Thread 0x00000216d0760b20 Exception <a 'java/io/FileNotFoundException'{0x00000000eb9047d0}> (0x00000000eb9047d0) 
thrown [s\open\src\hotspot\share\prims\jni.cpp, line 516]
Event: 0.352 Thread 0x00000216d0760b20 Exception <a 'java/io/FileNotFoundException'{0x00000000eb905490}> (0x00000000eb905490) 
thrown [s\open\src\hotspot\share\prims\jni.cpp, line 516]
Event: 0.359 Thread 0x00000216d0760b20 Exception <a 'java/io/FileNotFoundException'{0x00000000eb9431f8}> (0x00000000eb9431f8) 
thrown [s\open\src\hotspot\share\prims\jni.cpp, line 516]
Event: 0.551 Thread 0x00000216d0760b20 Exception <a 'java/lang/ClassNotFoundException'{0x00000000ec14e0d8}: sun/net/www/protocol/c/Handler> (0x00000000ec14e0d8) 
thrown [s\open\src\hotspot\share\classfile\systemDictionary.cpp, line 256]
Event: 0.551 Thread 0x00000216d0760b20 Exception <a 'java/lang/ClassNotFoundException'{0x00000000ec14f438}: sun/net/www/protocol/c/Handler> (0x00000000ec14f438) 
thrown [s\open\src\hotspot\share\classfile\systemDictionary.cpp, line 256]
Event: 0.551 Thread 0x00000216d0760b20 Exception <a 'java/lang/ClassNotFoundException'{0x00000000ec1505d8}: sun/net/www/protocol/c/Handler> (0x00000000ec1505d8) 
thrown [s\open\src\hotspot\share\classfile\systemDictionary.cpp, line 256]
Event: 0.560 Thread 0x00000216d0760b20 Exception <a 'java/io/FileNotFoundException'{0x00000000ec176b48}> (0x00000000ec176b48) 
thrown [s\open\src\hotspot\share\prims\jni.cpp, line 516]
Event: 0.580 Thread 0x00000216d0760b20 Implicit null exception at 0x00000216dfaf4bbb to 0x00000216dfaf5508
Event: 0.580 Thread 0x00000216d0760b20 Implicit null exception at 0x00000216dfae44ac to 0x00000216dfae48d0
Event: 0.581 Thread 0x00000216d0760b20 Implicit null exception at 0x00000216dfade22c to 0x00000216dfade64c
Event: 0.581 Thread 0x00000216d0760b20 Implicit null exception at 0x00000216dfaf5e0f to 0x00000216dfaf5e89
Event: 0.610 Thread 0x00000216d0760b20 Exception <a 'java/lang/NoSuchMethodError'{0x00000000eab3f798}: 'int java.lang.invoke.DirectMethodHandle$Holder.invokeStaticInit(java.lang.Object, java.lang.Object, java.lang.Object, java.lang.Object)'> (0x00000000eab3f798) 
thrown [s\open\src\hotspot\share\interpreter\linkResolver.cpp, line 759]

VM Operations (12 events):
Event: 0.069 Executing VM operation: HandshakeAllThreads
Event: 0.069 Executing VM operation: HandshakeAllThreads done
Event: 0.320 Executing VM operation: HandshakeAllThreads
Event: 0.320 Executing VM operation: HandshakeAllThreads done
Event: 0.343 Executing VM operation: HandshakeAllThreads
Event: 0.343 Executing VM operation: HandshakeAllThreads done
Event: 0.529 Executing VM operation: HandshakeAllThreads
Event: 0.529 Executing VM operation: HandshakeAllThreads done
Event: 0.582 Executing VM operation: ICBufferFull
Event: 0.582 Executing VM operation: ICBufferFull done
Event: 0.599 Executing VM operation: ParallelGCFailedAllocation
Event: 0.603 Executing VM operation: ParallelGCFailedAllocation done

Events (20 events):
Event: 0.582 loading class jdk/internal/loader/URLClassPath$FileLoader
Event: 0.582 loading class jdk/internal/loader/URLClassPath$FileLoader done
Event: 0.595 loading class java/lang/NoSuchFieldError
Event: 0.595 loading class java/lang/NoSuchFieldError done
Event: 0.598 loading class java/util/concurrent/locks/AbstractQueuedSynchronizer$ConditionObject
Event: 0.598 loading class java/util/concurrent/locks/Condition
Event: 0.598 loading class java/util/concurrent/locks/Condition done
Event: 0.598 loading class java/util/concurrent/locks/AbstractQueuedSynchronizer$ConditionObject done
Event: 0.603 loading class sun/misc/Unsafe
Event: 0.604 loading class sun/misc/Unsafe done
Event: 0.604 loading class jdk/internal/reflect/UnsafeFieldAccessorFactory
Event: 0.604 loading class jdk/internal/reflect/UnsafeFieldAccessorFactory done
Event: 0.604 loading class jdk/internal/reflect/UnsafeQualifiedStaticObjectFieldAccessorImpl
Event: 0.604 loading class jdk/internal/reflect/UnsafeQualifiedStaticFieldAccessorImpl
Event: 0.604 loading class jdk/internal/reflect/UnsafeQualifiedStaticFieldAccessorImpl done
Event: 0.604 loading class jdk/internal/reflect/UnsafeQualifiedStaticObjectFieldAccessorImpl done
Event: 0.604 loading class java/lang/InstantiationException
Event: 0.604 loading class java/lang/InstantiationException done
Event: 0.606 loading class jdk/internal/vm/annotation/ForceInline
Event: 0.606 loading class jdk/internal/vm/annotation/ForceInline done


Dynamic libraries:
0x00007ff603d50000 - 0x00007ff603d60000 	C:\Program Files\Java\jdk-17\bin\java.exe
0x00007ff9fd350000 - 0x00007ff9fd564000 	C:\WINDOWS\SYSTEM32\ntdll.dll
0x00007ff9fb720000 - 0x00007ff9fb7e2000 	C:\WINDOWS\System32\KERNEL32.DLL
0x00007ff9fa8f0000 - 0x00007ff9fac8c000 	C:\WINDOWS\System32\KERNELBASE.dll
0x00007ff9faed0000 - 0x00007ff9fafe1000 	C:\WINDOWS\System32\ucrtbase.dll
0x00007ff9f6900000 - 0x00007ff9f6918000 	C:\Program Files\Java\jdk-17\bin\jli.dll
0x00007ff9fc860000 - 0x00007ff9fc90e000 	C:\WINDOWS\System32\ADVAPI32.dll
0x00007ff9ee770000 - 0x00007ff9ee78b000 	C:\Program Files\Java\jdk-17\bin\VCRUNTIME140.dll
0x00007ff9fbd50000 - 0x00007ff9fbdf7000 	C:\WINDOWS\System32\msvcrt.dll
0x00007ff9fbc90000 - 0x00007ff9fbd34000 	C:\WINDOWS\System32\sechost.dll
0x00007ff9fbe20000 - 0x00007ff9fbf37000 	C:\WINDOWS\System32\RPCRT4.dll
0x00007ff9fce40000 - 0x00007ff9fcfeb000 	C:\WINDOWS\System32\USER32.dll
0x00007ff9fa800000 - 0x00007ff9fa826000 	C:\WINDOWS\System32\win32u.dll
0x00007ff9fd2e0000 - 0x00007ff9fd309000 	C:\WINDOWS\System32\GDI32.dll
0x00007ff9fad10000 - 0x00007ff9fae23000 	C:\WINDOWS\System32\gdi32full.dll
0x00007ff9d5c00000 - 0x00007ff9d5e8e000 	C:\WINDOWS\WinSxS\amd64_microsoft.windows.common-controls_6595b64144ccf1df_6.0.22621.608_none_a9444ca7c10bb01d\COMCTL32.dll
0x00007ff9fae30000 - 0x00007ff9faeca000 	C:\WINDOWS\System32\msvcp_win.dll
0x00007ff9f7f70000 - 0x00007ff9f7f7a000 	C:\WINDOWS\SYSTEM32\VERSION.dll
0x00007ff9fc730000 - 0x00007ff9fc761000 	C:\WINDOWS\System32\IMM32.DLL
0x00007ff9f6e70000 - 0x00007ff9f6e7c000 	C:\Program Files\Java\jdk-17\bin\vcruntime140_1.dll
0x00007ff9d4c60000 - 0x00007ff9d4cee000 	C:\Program Files\Java\jdk-17\bin\msvcp140.dll
0x00007ff96ec00000 - 0x00007ff96f7d7000 	C:\Program Files\Java\jdk-17\bin\server\jvm.dll
0x00007ff9fc850000 - 0x00007ff9fc858000 	C:\WINDOWS\System32\PSAPI.DLL
0x00007ff9f1410000 - 0x00007ff9f1444000 	C:\WINDOWS\SYSTEM32\WINMM.dll
0x00007ff9cd780000 - 0x00007ff9cd789000 	C:\WINDOWS\SYSTEM32\WSOCK32.dll
0x00007ff9fb6a0000 - 0x00007ff9fb711000 	C:\WINDOWS\System32\ws2_32.DLL
0x00007ff9f9860000 - 0x00007ff9f9878000 	C:\WINDOWS\SYSTEM32\kernel.appcore.dll
0x00007ff9f5390000 - 0x00007ff9f539a000 	C:\Program Files\Java\jdk-17\bin\jimage.dll
0x00007ff9f7ce0000 - 0x00007ff9f7f0e000 	C:\WINDOWS\SYSTEM32\DBGHELP.DLL
0x00007ff9fb160000 - 0x00007ff9fb4e9000 	C:\WINDOWS\System32\combase.dll
0x00007ff9fc770000 - 0x00007ff9fc847000 	C:\WINDOWS\System32\OLEAUT32.dll
0x00007ff9cd850000 - 0x00007ff9cd882000 	C:\WINDOWS\SYSTEM32\dbgcore.DLL
0x00007ff9fac90000 - 0x00007ff9fad0b000 	C:\WINDOWS\System32\bcryptPrimitives.dll
0x00007ff9f4aa0000 - 0x00007ff9f4aae000 	C:\Program Files\Java\jdk-17\bin\instrument.dll
0x00007ff9dd3b0000 - 0x00007ff9dd3d5000 	C:\Program Files\Java\jdk-17\bin\java.dll
0x00007ff997800000 - 0x00007ff9978d7000 	C:\Program Files\Java\jdk-17\bin\jsvml.dll
0x00007ff9fbf40000 - 0x00007ff9fc730000 	C:\WINDOWS\System32\SHELL32.dll
0x00007ff9f87a0000 - 0x00007ff9f906d000 	C:\WINDOWS\SYSTEM32\windows.storage.dll
0x00007ff9f8660000 - 0x00007ff9f879e000 	C:\WINDOWS\SYSTEM32\wintypes.dll
0x00007ff9fcff0000 - 0x00007ff9fd0e1000 	C:\WINDOWS\System32\SHCORE.dll
0x00007ff9fcc10000 - 0x00007ff9fcc6e000 	C:\WINDOWS\System32\shlwapi.dll
0x00007ff9fa6c0000 - 0x00007ff9fa6e1000 	C:\WINDOWS\SYSTEM32\profapi.dll
0x00007ff9dd1e0000 - 0x00007ff9dd1f8000 	C:\Program Files\Java\jdk-17\bin\zip.dll
0x00007ff9ee0e0000 - 0x00007ff9ee0f9000 	C:\Program Files\Java\jdk-17\bin\net.dll
0x00007ff9f47c0000 - 0x00007ff9f48f7000 	C:\WINDOWS\SYSTEM32\WINHTTP.dll
0x00007ff9f9d40000 - 0x00007ff9f9da9000 	C:\WINDOWS\system32\mswsock.dll
0x00007ff9dd2a0000 - 0x00007ff9dd2b6000 	C:\Program Files\Java\jdk-17\bin\nio.dll
0x00007ff9f22f0000 - 0x00007ff9f2300000 	C:\Program Files\Java\jdk-17\bin\verify.dll

dbghelp: loaded successfully - version: 4.0.5 - missing functions: none
symbol engine: initialized successfully - sym options: 0x614 - pdb path: .;C:\Program Files\Java\jdk-17\bin;C:\WINDOWS\SYSTEM32;C:\WINDOWS\WinSxS\amd64_microsoft.windows.common-controls_6595b64144ccf1df_6.0.22621.608_none_a9444ca7c10bb01d;C:\Program Files\Java\jdk-17\bin\server

VM Arguments:
jvm_args: --add-modules=ALL-SYSTEM --add-opens=java.base/java.util=ALL-UNNAMED --add-opens=java.base/java.lang=ALL-UNNAMED --add-opens=java.base/sun.nio.fs=ALL-UNNAMED -Declipse.application=org.eclipse.jdt.ls.core.id1 -Dosgi.bundles.defaultStartLevel=4 -Declipse.product=org.eclipse.jdt.ls.core.product -Djava.import.generatesMetadataFilesAtProjectRoot=false -Dfile.encoding=utf8 -XX:+UseParallelGC -XX:GCTimeRatio=4 -XX:AdaptiveSizePolicyWeight=90 -Dsun.zip.disableMemoryMapping=true -Xmx1G -Xms100m -Xlog:disable -javaagent:c:\Users\nat24\.vscode\extensions\redhat.java-1.16.0-win32-x64\lombok\lombok-1.18.24.jar -XX:+HeapDumpOnOutOfMemoryError -XX:HeapDumpPath=c:\Users\nat24\AppData\Roaming\Code\User\workspaceStorage\7ee068461fea0a2cbf1ecac1b635f22a\redhat.java 
java_command: c:\Users\nat24\.vscode\extensions\redhat.java-1.16.0-win32-x64\server\plugins\org.eclipse.equinox.launcher_1.6.400.v20210924-0641.jar -configuration c:\Users\nat24\AppData\Roaming\Code\User\globalStorage\redhat.java\1.16.0\config_win -data c:\Users\nat24\AppData\Roaming\Code\User\workspaceStorage\7ee068461fea0a2cbf1ecac1b635f22a\redhat.java\jdt_ws
java_class_path (initial): c:\Users\nat24\.vscode\extensions\redhat.java-1.16.0-win32-x64\server\plugins\org.eclipse.equinox.launcher_1.6.400.v20210924-0641.jar
Launcher Type: SUN_STANDARD

[Global flags]
    uintx AdaptiveSizePolicyWeight                 = 90                                        {product} {command line}
     intx CICompilerCount                          = 4                                         {product} {ergonomic}
    uintx GCTimeRatio                              = 4                                         {product} {command line}
     bool HeapDumpOnOutOfMemoryError               = true                                   {manageable} {command line}
    ccstr HeapDumpPath                             = c:\Users\nat24\AppData\Roaming\Code\User\workspaceStorage\7ee068461fea0a2cbf1ecac1b635f22a\redhat.java         {manageable} {command line}
   size_t InitialHeapSize                          = 104857600                                 {product} {command line}
   size_t MaxHeapSize                              = 1073741824                                {product} {command line}
   size_t MaxNewSize                               = 357564416                                 {product} {ergonomic}
   size_t MinHeapDeltaBytes                        = 524288                                    {product} {ergonomic}
   size_t MinHeapSize                              = 104857600                                 {product} {command line}
   size_t NewSize                                  = 34603008                                  {product} {ergonomic}
    uintx NonNMethodCodeHeapSize                   = 5839372                                {pd product} {ergonomic}
    uintx NonProfiledCodeHeapSize                  = 122909434                              {pd product} {ergonomic}
   size_t OldSize                                  = 70254592                                  {product} {ergonomic}
    uintx ProfiledCodeHeapSize                     = 122909434                              {pd product} {ergonomic}
    uintx ReservedCodeCacheSize                    = 251658240                              {pd product} {ergonomic}
     bool SegmentedCodeCache                       = true                                      {product} {ergonomic}
   size_t SoftMaxHeapSize                          = 1073741824                             {manageable} {ergonomic}
     bool UseCompressedClassPointers               = true                           {product lp64_product} {ergonomic}
     bool UseCompressedOops                        = true                           {product lp64_product} {ergonomic}
     bool UseLargePagesIndividualAllocation        = false                                  {pd product} {ergonomic}
     bool UseParallelGC                            = true                                      {product} {command line}

Logging:
Log output configuration:
 #0: stdout all=off uptime,level,tags
 #1: stderr all=off uptime,level,tags

Environment Variables:
CLASSPATH=C:\Users\nat24\eclipse-workspace
PATH=C:\Program Files\Common Files\Oracle\Java\javapath;C:\Python310\Scripts\;C:\Python310\;C:\WINDOWS\system32;C:\WINDOWS;C:\WINDOWS\System32\Wbem;C:\WINDOWS\System32\WindowsPowerShell\v1.0\;C:\WINDOWS\System32\OpenSSH\;C:\Program Files\nodejs\;C:\ProgramData\chocolatey\bin;C:\Program Files\Git\cmd;C:\Program Files\PuTTY\;C:\Users\nat24\AppData\Local\Microsoft\WindowsApps;C:\Users\nat24\AppData\Roaming\npm;C:\Users\nat24\eclipse-workspace\Assignment_1\bin;C:\Users\nat24\AppData\Local\Programs\Microsoft VS Code\bin;
USERNAME=nat24
OS=Windows_NT
PROCESSOR_IDENTIFIER=Intel64 Family 6 Model 140 Stepping 1, GenuineIntel



---------------  S Y S T E M  ---------------

OS:
 Windows 11 , 64 bit Build 22621 (10.0.22621.1485)
OS uptime: 0 days 13:04 hours

CPU: total 8 (initial active 8) (4 cores per cpu, 2 threads per core) family 6 model 140 stepping 1 microcode 0xa6, cx8, cmov, fxsr, ht, mmx, 3dnowpref, sse, sse2, sse3, ssse3, sse4.1, sse4.2, popcnt, lzcnt, tsc, tscinvbit, avx, avx2, aes, erms, clmul, bmi1, bmi2, adx, avx512f, avx512dq, avx512cd, avx512bw, avx512vl, sha, fma, vzeroupper, avx512_vpopcntdq, avx512_vpclmulqdq, avx512_vaes, avx512_vnni, clflush, clflushopt, clwb, avx512_vbmi2, avx512_vbmi

Memory: 4k page, system-wide physical 16064M (2613M free)
TotalPageFile size 65216M (AvailPageFile size 3M)
current process WorkingSet (physical memory assigned to process): 79M, peak: 79M
current process commit charge ("private bytes"): 207M, peak: 207M

vm_info: Java HotSpot(TM) 64-Bit Server VM (17.0.6+9-LTS-190) for windows-amd64 JRE (17.0.6+9-LTS-190), built on Dec  6 2022 15:53:54 by "mach5one" with MS VC++ 17.1 (VS2022)

END.
