#
# There is insufficient memory for the Java Runtime Environment to continue.
# Native memory allocation (mmap) failed to map 65536 bytes for Failed to commit metaspace.
# Possible reasons:
#   The system is out of physical RAM or swap space
#   The process is running with CompressedOops enabled, and the Java Heap may be blocking the growth of the native heap
# Possible solutions:
#   Reduce memory load on the system
#   Increase physical memory or swap space
#   Check if swap backing store is full
#   Decrease Java heap size (-Xmx/-Xms)
#   Decrease number of Java threads
#   Decrease Java thread stack sizes (-Xss)
#   Set larger code cache with -XX:ReservedCodeCacheSize=
#   JVM is running with Unscaled Compressed Oops mode in which the Java heap is
#     placed in the first 4GB address space. The Java Heap base address is the
#     maximum limit for the native heap growth. Please use -XX:HeapBaseMinAddress
#     to set the Java Heap base and to place the Java Heap above 4GB virtual address.
# This output file may be truncated or incomplete.
#
#  Out of Memory Error (virtualSpaceNode.cpp:110), pid=5372, tid=6180
#
# JRE version: Java(TM) SE Runtime Environment (17.0.6+9) (build 17.0.6+9-LTS-190)
# Java VM: Java HotSpot(TM) 64-Bit Server VM (17.0.6+9-LTS-190, mixed mode, sharing, tiered, compressed oops, compressed class ptrs, parallel gc, windows-amd64)
# No core dump will be written. Minidumps are not enabled by default on client versions of Windows
#

---------------  S U M M A R Y ------------

Command Line: --add-modules=ALL-SYSTEM --add-opens=java.base/java.util=ALL-UNNAMED --add-opens=java.base/java.lang=ALL-UNNAMED --add-opens=java.base/sun.nio.fs=ALL-UNNAMED -Declipse.application=org.eclipse.jdt.ls.core.id1 -Dosgi.bundles.defaultStartLevel=4 -Declipse.product=org.eclipse.jdt.ls.core.product -Djava.import.generatesMetadataFilesAtProjectRoot=false -Dfile.encoding=utf8 -XX:+UseParallelGC -XX:GCTimeRatio=4 -XX:AdaptiveSizePolicyWeight=90 -Dsun.zip.disableMemoryMapping=true -Xmx1G -Xms100m -Xlog:disable -javaagent:c:\Users\nat24\.vscode\extensions\redhat.java-1.16.0-win32-x64\lombok\lombok-1.18.24.jar c:\Users\nat24\.vscode\extensions\redhat.java-1.16.0-win32-x64\server\plugins\org.eclipse.equinox.launcher_1.6.400.v20210924-0641.jar -configuration c:\Users\nat24\AppData\Roaming\Code\User\globalStorage\redhat.java\1.16.0\config_ss_win -data c:\Users\nat24\AppData\Roaming\Code\User\workspaceStorage\7ee068461fea0a2cbf1ecac1b635f22a\redhat.java\ss_ws

Host: 11th Gen Intel(R) Core(TM) i7-1165G7 @ 2.80GHz, 8 cores, 15G,  Windows 11 , 64 bit Build 22621 (10.0.22621.1485)
Time: Thu Apr 13 11:32:49 2023 AUS Eastern Standard Time elapsed time: 1.355632 seconds (0d 0h 0m 1s)

---------------  T H R E A D  ---------------

Current thread (0x00000151dad03b80):  JavaThread "Start Level: Equinox Container: 09615f1c-c06a-44ec-bf17-dfcb53e5b658" daemon [_thread_in_vm, id=6180, stack(0x0000002e77900000,0x0000002e77a00000)]

Stack: [0x0000002e77900000,0x0000002e77a00000]
Native frames: (J=compiled Java code, j=interpreted, Vv=VM code, C=native code)
V  [jvm.dll+0x6734ea]
V  [jvm.dll+0x7d18f4]
V  [jvm.dll+0x7d309e]
V  [jvm.dll+0x7d3703]
V  [jvm.dll+0x2433c5]
V  [jvm.dll+0x7cd9fb]
V  [jvm.dll+0x619546]
V  [jvm.dll+0x1bdf07]
V  [jvm.dll+0x61bea0]
V  [jvm.dll+0x619f06]
V  [jvm.dll+0x237fa1]
V  [jvm.dll+0x1e7a72]
V  [jvm.dll+0x1e7f85]
V  [jvm.dll+0x1e88cb]
V  [jvm.dll+0x1de0d1]
V  [jvm.dll+0x5399dc]
V  [jvm.dll+0x74c638]
V  [jvm.dll+0x74c724]
V  [jvm.dll+0x4080bf]
V  [jvm.dll+0x40e0d9]
C  [java.dll+0x17ec]

Java frames: (J=compiled Java code, j=interpreted, Vv=VM code)
J 1117  java.lang.ClassLoader.defineClass1(Ljava/lang/ClassLoader;Ljava/lang/String;[BIILjava/security/ProtectionDomain;Ljava/lang/String;)Ljava/lang/Class; java.base@17.0.6 (0 bytes) @ 0x00000151ce19aee3 [0x00000151ce19ae20+0x00000000000000c3]
J 1699 c1 java.lang.ClassLoader.defineClass(Ljava/lang/String;[BIILjava/security/ProtectionDomain;)Ljava/lang/Class; java.base@17.0.6 (43 bytes) @ 0x00000151c6979b5c [0x00000151c6979800+0x000000000000035c]
J 1925 c1 org.eclipse.osgi.internal.loader.ModuleClassLoader.defineClass(Ljava/lang/String;[BLorg/eclipse/osgi/internal/loader/classpath/ClasspathEntry;)Lorg/eclipse/osgi/internal/loader/ModuleClassLoader$DefineClassResult; (138 bytes) @ 0x00000151c6a06c9c [0x00000151c6a06a40+0x000000000000025c]
J 1766 c1 org.eclipse.osgi.internal.loader.classpath.ClasspathManager.defineClass(Ljava/lang/String;[BLorg/eclipse/osgi/internal/loader/classpath/ClasspathEntry;Lorg/eclipse/osgi/storage/bundlefile/BundleEntry;Ljava/util/List;)Ljava/lang/Class; (636 bytes) @ 0x00000151c69a7dec [0x00000151c69a62e0+0x0000000000001b0c]
J 1903 c1 org.eclipse.osgi.internal.loader.classpath.ClasspathManager.findClassImpl(Ljava/lang/String;Lorg/eclipse/osgi/internal/loader/classpath/ClasspathEntry;Ljava/util/List;)Ljava/lang/Class; (308 bytes) @ 0x00000151c69f200c [0x00000151c69ef220+0x0000000000002dec]
J 1742 c1 org.eclipse.osgi.internal.loader.classpath.ClasspathManager.findLocalClassImpl(Ljava/lang/String;[Lorg/eclipse/osgi/internal/loader/classpath/ClasspathEntry;Ljava/util/List;)Ljava/lang/Class; (55 bytes) @ 0x00000151c699ab4c [0x00000151c699a9c0+0x000000000000018c]
J 1741 c1 org.eclipse.osgi.internal.loader.classpath.ClasspathManager.findLocalClassImpl(Ljava/lang/String;Ljava/util/List;)Ljava/lang/Class; (132 bytes) @ 0x00000151c699a104 [0x00000151c6999bc0+0x0000000000000544]
J 1843 c1 org.eclipse.osgi.internal.loader.classpath.ClasspathManager.findLocalClass(Ljava/lang/String;)Ljava/lang/Class; (210 bytes) @ 0x00000151c69cd0bc [0x00000151c69cc3a0+0x0000000000000d1c]
J 1734 c1 org.eclipse.osgi.internal.loader.BundleLoader.findLocalClass(Ljava/lang/String;)Ljava/lang/Class; (152 bytes) @ 0x00000151c6992d8c [0x00000151c6992520+0x000000000000086c]
J 1665 c1 org.eclipse.osgi.internal.loader.BundleLoader.findClass0(Ljava/lang/String;ZZ)Ljava/lang/Class; (466 bytes) @ 0x00000151c6969654 [0x00000151c6966ea0+0x00000000000027b4]
J 1664 c1 org.eclipse.osgi.internal.loader.BundleLoader.findClass(Ljava/lang/String;)Ljava/lang/Class; (8 bytes) @ 0x00000151c696659c [0x00000151c6966520+0x000000000000007c]
J 1666 c1 org.eclipse.osgi.internal.loader.ModuleClassLoader.loadClass(Ljava/lang/String;Z)Ljava/lang/Class; (36 bytes) @ 0x00000151c696c6c4 [0x00000151c696c4a0+0x0000000000000224]
J 953 c1 java.lang.ClassLoader.loadClass(Ljava/lang/String;)Ljava/lang/Class; java.base@17.0.6 (7 bytes) @ 0x00000151c6808acc [0x00000151c68089c0+0x000000000000010c]
v  ~StubRoutines::call_stub
j  org.eclipse.core.internal.resources.AliasManager.<init>(Lorg/eclipse/core/internal/resources/Workspace;)V+39
j  org.eclipse.core.internal.resources.Workspace.startup(Lorg/eclipse/core/runtime/IProgressMonitor;)V+285
j  org.eclipse.core.internal.resources.Workspace.open(Lorg/eclipse/core/runtime/IProgressMonitor;)Lorg/eclipse/core/runtime/IStatus;+136
j  org.eclipse.core.resources.ResourcesPlugin$WorkspaceInitCustomizer.addingService(Lorg/osgi/framework/ServiceReference;)Lorg/eclipse/core/internal/resources/Workspace;+45
j  org.eclipse.core.resources.ResourcesPlugin$WorkspaceInitCustomizer.addingService(Lorg/osgi/framework/ServiceReference;)Ljava/lang/Object;+5
j  org.osgi.util.tracker.ServiceTracker$Tracked.customizerAdding(Lorg/osgi/framework/ServiceReference;Lorg/osgi/framework/ServiceEvent;)Ljava/lang/Object;+8
j  org.osgi.util.tracker.ServiceTracker$Tracked.customizerAdding(Ljava/lang/Object;Ljava/lang/Object;)Ljava/lang/Object;+9
j  org.osgi.util.tracker.AbstractTracked.trackAdding(Ljava/lang/Object;Ljava/lang/Object;)V+8
j  org.osgi.util.tracker.AbstractTracked.trackInitial()V+90
j  org.osgi.util.tracker.ServiceTracker.open(Z)V+198
j  org.osgi.util.tracker.ServiceTracker.open()V+2
j  org.eclipse.core.resources.ResourcesPlugin.start(Lorg/osgi/framework/BundleContext;)V+106
j  org.eclipse.osgi.internal.framework.BundleContextImpl$2.run()Ljava/lang/Void;+23
j  org.eclipse.osgi.internal.framework.BundleContextImpl$2.run()Ljava/lang/Object;+1
J 1235 c1 java.security.AccessController.executePrivileged(Ljava/security/PrivilegedExceptionAction;Ljava/security/AccessControlContext;Ljava/lang/Class;)Ljava/lang/Object; java.base@17.0.6 (65 bytes) @ 0x00000151c68955bc [0x00000151c6895460+0x000000000000015c]
j  java.security.AccessController.doPrivileged(Ljava/security/PrivilegedExceptionAction;)Ljava/lang/Object;+9 java.base@17.0.6
j  org.eclipse.osgi.internal.framework.BundleContextImpl.startActivator(Lorg/osgi/framework/BundleActivator;)V+9
j  org.eclipse.osgi.internal.framework.BundleContextImpl.start()V+134
j  org.eclipse.osgi.internal.framework.EquinoxBundle.startWorker0()V+35
j  org.eclipse.osgi.internal.framework.EquinoxBundle$EquinoxModule.startWorker()V+4
j  org.eclipse.osgi.container.Module.doStart([Lorg/eclipse/osgi/container/Module$StartOptions;)Lorg/eclipse/osgi/container/ModuleContainerAdaptor$ModuleEvent;+190
j  org.eclipse.osgi.container.Module.start([Lorg/eclipse/osgi/container/Module$StartOptions;)V+460
j  org.eclipse.osgi.framework.util.SecureAction.start(Lorg/eclipse/osgi/container/Module;[Lorg/eclipse/osgi/container/Module$StartOptions;)V+8
J 1840 c1 org.eclipse.osgi.internal.hooks.EclipseLazyStarter.postFindLocalClass(Ljava/lang/String;Ljava/lang/Class;Lorg/eclipse/osgi/internal/loader/classpath/ClasspathManager;)V (394 bytes) @ 0x00000151c69c906c [0x00000151c69c8060+0x000000000000100c]
J 1843 c1 org.eclipse.osgi.internal.loader.classpath.ClasspathManager.findLocalClass(Ljava/lang/String;)Ljava/lang/Class; (210 bytes) @ 0x00000151c69cd40c [0x00000151c69cc3a0+0x000000000000106c]
J 1734 c1 org.eclipse.osgi.internal.loader.BundleLoader.findLocalClass(Ljava/lang/String;)Ljava/lang/Class; (152 bytes) @ 0x00000151c6992d8c [0x00000151c6992520+0x000000000000086c]
J 1665 c1 org.eclipse.osgi.internal.loader.BundleLoader.findClass0(Ljava/lang/String;ZZ)Ljava/lang/Class; (466 bytes) @ 0x00000151c6969654 [0x00000151c6966ea0+0x00000000000027b4]
J 1664 c1 org.eclipse.osgi.internal.loader.BundleLoader.findClass(Ljava/lang/String;)Ljava/lang/Class; (8 bytes) @ 0x00000151c696659c [0x00000151c6966520+0x000000000000007c]
J 1666 c1 org.eclipse.osgi.internal.loader.ModuleClassLoader.loadClass(Ljava/lang/String;Z)Ljava/lang/Class; (36 bytes) @ 0x00000151c696c6c4 [0x00000151c696c4a0+0x0000000000000224]
J 953 c1 java.lang.ClassLoader.loadClass(Ljava/lang/String;)Ljava/lang/Class; java.base@17.0.6 (7 bytes) @ 0x00000151c6808acc [0x00000151c68089c0+0x000000000000010c]
v  ~StubRoutines::call_stub
j  java.lang.Class.getDeclaredConstructors0(Z)[Ljava/lang/reflect/Constructor;+0 java.base@17.0.6
j  java.lang.Class.privateGetDeclaredConstructors(Z)[Ljava/lang/reflect/Constructor;+52 java.base@17.0.6
j  java.lang.Class.getConstructor0([Ljava/lang/Class;I)Ljava/lang/reflect/Constructor;+14 java.base@17.0.6
j  java.lang.Class.getConstructor([Ljava/lang/Class;)Ljava/lang/reflect/Constructor;+24 java.base@17.0.6
j  org.eclipse.osgi.internal.framework.BundleContextImpl.loadBundleActivator()Lorg/osgi/framework/BundleActivator;+105
j  org.eclipse.osgi.internal.framework.BundleContextImpl.start()V+18
j  org.eclipse.osgi.internal.framework.EquinoxBundle.startWorker0()V+35
j  org.eclipse.osgi.internal.framework.EquinoxBundle$EquinoxModule.startWorker()V+4
j  org.eclipse.osgi.container.Module.doStart([Lorg/eclipse/osgi/container/Module$StartOptions;)Lorg/eclipse/osgi/container/ModuleContainerAdaptor$ModuleEvent;+190
j  org.eclipse.osgi.container.Module.start([Lorg/eclipse/osgi/container/Module$StartOptions;)V+460
j  org.eclipse.osgi.container.ModuleContainer$ContainerStartLevel$2.run()V+71
j  org.eclipse.osgi.internal.framework.EquinoxContainerAdaptor$1$1.execute(Ljava/lang/Runnable;)V+1
j  org.eclipse.osgi.container.ModuleContainer$ContainerStartLevel.incStartLevel(ILjava/util/List;Z)V+192
j  org.eclipse.osgi.container.ModuleContainer$ContainerStartLevel.incStartLevel(ILjava/util/List;Ljava/util/List;Ljava/util/List;Ljava/util/List;)V+19
j  org.eclipse.osgi.container.ModuleContainer$ContainerStartLevel.doContainerStartLevel(Lorg/eclipse/osgi/container/Module;I[Lorg/osgi/framework/FrameworkListener;)V+349
j  org.eclipse.osgi.container.ModuleContainer$ContainerStartLevel.dispatchEvent(Lorg/eclipse/osgi/container/Module;[Lorg/osgi/framework/FrameworkListener;ILjava/lang/Integer;)V+32
j  org.eclipse.osgi.container.ModuleContainer$ContainerStartLevel.dispatchEvent(Ljava/lang/Object;Ljava/lang/Object;ILjava/lang/Object;)V+15
j  org.eclipse.osgi.framework.eventmgr.EventManager.dispatchEvent(Ljava/util/Set;Lorg/eclipse/osgi/framework/eventmgr/EventDispatcher;ILjava/lang/Object;)V+48
j  org.eclipse.osgi.framework.eventmgr.EventManager$EventThread.run()V+26
v  ~StubRoutines::call_stub

---------------  P R O C E S S  ---------------

Threads class SMR info:
_java_thread_list=0x00000151dafe70e0, length=21, elements={
0x00000151bede17d0, 0x00000151d7810320, 0x00000151d7811470, 0x00000151d7827b70,
0x00000151d7828430, 0x00000151d782d9a0, 0x00000151d782eaf0, 0x00000151d7830020,
0x00000151d7834f00, 0x00000151d78358f0, 0x00000151beea17f0, 0x00000151da12e7b0,
0x00000151da25dfc0, 0x00000151da344030, 0x00000151da7abcf0, 0x00000151dad036b0,
0x00000151dad03b80, 0x00000151daafe150, 0x00000151dae965f0, 0x00000151db10f080,
0x00000151db10fa20
}

Java Threads: ( => current thread )
  0x00000151bede17d0 JavaThread "main" [_thread_blocked, id=11156, stack(0x0000002e76000000,0x0000002e76100000)]
  0x00000151d7810320 JavaThread "Reference Handler" daemon [_thread_blocked, id=8604, stack(0x0000002e76300000,0x0000002e76400000)]
  0x00000151d7811470 JavaThread "Finalizer" daemon [_thread_blocked, id=14084, stack(0x0000002e76400000,0x0000002e76500000)]
  0x00000151d7827b70 JavaThread "Signal Dispatcher" daemon [_thread_blocked, id=12892, stack(0x0000002e76500000,0x0000002e76600000)]
  0x00000151d7828430 JavaThread "Attach Listener" daemon [_thread_blocked, id=4148, stack(0x0000002e76600000,0x0000002e76700000)]
  0x00000151d782d9a0 JavaThread "Service Thread" daemon [_thread_blocked, id=4968, stack(0x0000002e76700000,0x0000002e76800000)]
  0x00000151d782eaf0 JavaThread "Monitor Deflation Thread" daemon [_thread_blocked, id=17724, stack(0x0000002e76800000,0x0000002e76900000)]
  0x00000151d7830020 JavaThread "C2 CompilerThread0" daemon [_thread_blocked, id=19248, stack(0x0000002e76900000,0x0000002e76a00000)]
  0x00000151d7834f00 JavaThread "C1 CompilerThread0" daemon [_thread_blocked, id=5772, stack(0x0000002e76a00000,0x0000002e76b00000)]
  0x00000151d78358f0 JavaThread "Sweeper thread" daemon [_thread_blocked, id=1240, stack(0x0000002e76b00000,0x0000002e76c00000)]
  0x00000151beea17f0 JavaThread "Common-Cleaner" daemon [_thread_blocked, id=14580, stack(0x0000002e76c00000,0x0000002e76d00000)]
  0x00000151da12e7b0 JavaThread "C2 CompilerThread1" daemon [_thread_blocked, id=8556, stack(0x0000002e76d00000,0x0000002e76e00000)]
  0x00000151da25dfc0 JavaThread "Notification Thread" daemon [_thread_blocked, id=2804, stack(0x0000002e76e00000,0x0000002e76f00000)]
  0x00000151da344030 JavaThread "C2 CompilerThread2" daemon [_thread_blocked, id=2580, stack(0x0000002e77000000,0x0000002e77100000)]
  0x00000151da7abcf0 JavaThread "Active Thread: Equinox Container: 09615f1c-c06a-44ec-bf17-dfcb53e5b658" [_thread_blocked, id=10140, stack(0x0000002e77700000,0x0000002e77800000)]
  0x00000151dad036b0 JavaThread "Framework Event Dispatcher: Equinox Container: 09615f1c-c06a-44ec-bf17-dfcb53e5b658" daemon [_thread_blocked, id=6308, stack(0x0000002e77800000,0x0000002e77900000)]
=>0x00000151dad03b80 JavaThread "Start Level: Equinox Container: 09615f1c-c06a-44ec-bf17-dfcb53e5b658" daemon [_thread_in_vm, id=6180, stack(0x0000002e77900000,0x0000002e77a00000)]
  0x00000151daafe150 JavaThread "SCR Component Actor" daemon [_thread_blocked, id=5592, stack(0x0000002e77a00000,0x0000002e77b00000)]
  0x00000151dae965f0 JavaThread "SCR Component Registry" daemon [_thread_blocked, id=18296, stack(0x0000002e77c00000,0x0000002e77d00000)]
  0x00000151db10f080 JavaThread "Worker-JM" [_thread_blocked, id=18696, stack(0x0000002e77d00000,0x0000002e77e00000)]
  0x00000151db10fa20 JavaThread "Worker-0" [_thread_blocked, id=15160, stack(0x0000002e77e00000,0x0000002e77f00000)]

Other Threads:
  0x00000151beeaea50 VMThread "VM Thread" [stack: 0x0000002e76200000,0x0000002e76300000] [id=12080]
  0x00000151da265a00 WatcherThread [stack: 0x0000002e76f00000,0x0000002e77000000] [id=10964]
  0x00000151bedf63f0 GCTaskThread "GC Thread#0" [stack: 0x0000002e76100000,0x0000002e76200000] [id=68]
  0x00000151da7aed90 GCTaskThread "GC Thread#1" [stack: 0x0000002e77100000,0x0000002e77200000] [id=14796]
  0x00000151da7af040 GCTaskThread "GC Thread#2" [stack: 0x0000002e77200000,0x0000002e77300000] [id=18156]
  0x00000151dac580a0 GCTaskThread "GC Thread#3" [stack: 0x0000002e77300000,0x0000002e77400000] [id=4668]
  0x00000151dac58350 GCTaskThread "GC Thread#4" [stack: 0x0000002e77400000,0x0000002e77500000] [id=16860]
  0x00000151dac58600 GCTaskThread "GC Thread#5" [stack: 0x0000002e77500000,0x0000002e77600000] [id=19344]
  0x00000151dac588b0 GCTaskThread "GC Thread#6" [stack: 0x0000002e77600000,0x0000002e77700000] [id=19132]
  0x00000151dabc7f30 GCTaskThread "GC Thread#7" [stack: 0x0000002e77b00000,0x0000002e77c00000] [id=14420]

Threads with active compile tasks:

VM state: not at safepoint (normal execution)

VM Mutex/Monitor currently owned by a thread:  ([mutex/lock_event])
[0x00000151bccb7b90] Metaspace_lock - owner thread: 0x00000151dad03b80

Heap address: 0x00000000c0000000, size: 1024 MB, Compressed Oops mode: 32-bit

CDS archive(s) mapped at: [0x0000000800000000-0x0000000800bd0000-0x0000000800bd0000), size 12386304, SharedBaseAddress: 0x0000000800000000, ArchiveRelocationMode: 0.
Compressed class space mapped at: 0x0000000800c00000-0x0000000840c00000, reserved size: 1073741824
Narrow klass base: 0x0000000800000000, Narrow klass shift: 0, Narrow klass range: 0x100000000

GC Precious Log:
 CPUs: 8 total, 8 available
 Memory: 16064M
 Large Page Support: Disabled
 NUMA Support: Disabled
 Compressed Oops: Enabled (32-bit)
 Alignments: Space 512K, Generation 512K, Heap 2M
 Heap Min Capacity: 100M
 Heap Initial Capacity: 100M
 Heap Max Capacity: 1G
 Pre-touch: Disabled
 Parallel Workers: 8

Heap:
 PSYoungGen      total 29696K, used 6087K [0x00000000eab00000, 0x00000000ecc00000, 0x0000000100000000)
  eden space 25600K, 7% used [0x00000000eab00000,0x00000000eacf6178,0x00000000ec400000)
  from space 4096K, 99% used [0x00000000ec400000,0x00000000ec7fbcf8,0x00000000ec800000)
  to   space 4096K, 0% used [0x00000000ec800000,0x00000000ec800000,0x00000000ecc00000)
 ParOldGen       total 68608K, used 2843K [0x00000000c0000000, 0x00000000c4300000, 0x00000000eab00000)
  object space 68608K, 4% used [0x00000000c0000000,0x00000000c02c6e80,0x00000000c4300000)
 Metaspace       used 13827K, committed 14208K, reserved 1064960K
  class space    used 1366K, committed 1536K, reserved 1048576K

Card table byte_map: [0x00000151be7c0000,0x00000151be9d0000] _byte_map_base: 0x00000151be1c0000

Marking Bits: (ParMarkBitMap*) 0x00007ff96f7195f0
 Begin Bits: [0x00000151d5660000, 0x00000151d6660000)
 End Bits:   [0x00000151d6660000, 0x00000151d7660000)

Polling page: 0x00000151be5b0000

Metaspace:

Usage:
  Non-class:     12.17 MB used.
      Class:      1.33 MB used.
       Both:     13.50 MB used.

Virtual space:
  Non-class space:       16.00 MB reserved,      12.38 MB ( 77%) committed,  2 nodes.
      Class space:        1.00 GB reserved,       1.50 MB ( <1%) committed,  1 nodes.
             Both:        1.02 GB reserved,      13.88 MB (  1%) committed. 

Chunk freelists:
   Non-Class:  3.23 MB
       Class:  2.48 MB
        Both:  5.71 MB

MaxMetaspaceSize: unlimited
CompressedClassSpaceSize: 1.00 GB
Initial GC threshold: 21.00 MB
Current GC threshold: 21.00 MB
CDS: on
MetaspaceReclaimPolicy: balanced
 - commit_granule_bytes: 65536.
 - commit_granule_words: 8192.
 - virtual_space_node_default_size: 1048576.
 - enlarge_chunks_in_place: 1.
 - new_chunks_are_fully_committed: 0.
 - uncommit_free_chunks: 1.
 - use_allocation_guard: 0.
 - handle_deallocations: 1.


Internal statistics:

num_allocs_failed_limit: 0.
num_arena_births: 172.
num_arena_deaths: 0.
num_vsnodes_births: 3.
num_vsnodes_deaths: 0.
num_space_committed: 222.
num_space_uncommitted: 0.
num_chunks_returned_to_freelist: 0.
num_chunks_taken_from_freelist: 610.
num_chunk_merges: 0.
num_chunk_splits: 411.
num_chunks_enlarged: 286.
num_purges: 0.
num_inconsistent_stats: 0.

CodeHeap 'non-profiled nmethods': size=120000Kb used=874Kb max_used=874Kb free=119125Kb
 bounds [0x00000151ce130000, 0x00000151ce3a0000, 0x00000151d5660000]
CodeHeap 'profiled nmethods': size=120000Kb used=4226Kb max_used=4226Kb free=115773Kb
 bounds [0x00000151c6660000, 0x00000151c6a90000, 0x00000151cdb90000]
CodeHeap 'non-nmethods': size=5760Kb used=1193Kb max_used=1211Kb free=4566Kb
 bounds [0x00000151cdb90000, 0x00000151cde00000, 0x00000151ce130000]
 total_blobs=2614 nmethods=2132 adapters=396
 compilation: enabled
              stopped_count=0, restarted_count=0
 full_count=0

Compilation events (20 events):
Event: 1.345 Thread 0x00000151d7834f00 2116       3       java.util.stream.AbstractPipeline::<init> (55 bytes)
Event: 1.345 Thread 0x00000151d7834f00 nmethod 2116 0x00000151c6a7e390 code [0x00000151c6a7e540, 0x00000151c6a7e778]
Event: 1.345 Thread 0x00000151d7834f00 2120       1       jdk.internal.reflect.NativeConstructorAccessorImpl::setParent (6 bytes)
Event: 1.345 Thread 0x00000151d7834f00 nmethod 2120 0x00000151ce208a10 code [0x00000151ce208ba0, 0x00000151ce208c78]
Event: 1.346 Thread 0x00000151da344030 2122       4       jdk.internal.org.objectweb.asm.Symbol::<init> (38 bytes)
Event: 1.347 Thread 0x00000151d7830020 2123       4       jdk.internal.org.objectweb.asm.SymbolTable::put (150 bytes)
Event: 1.347 Thread 0x00000151da344030 nmethod 2122 0x00000151ce209010 code [0x00000151ce209180, 0x00000151ce209238]
Event: 1.347 Thread 0x00000151d7834f00 2125       3       jdk.internal.org.objectweb.asm.SymbolTable::addTypeInternal (85 bytes)
Event: 1.348 Thread 0x00000151d7834f00 nmethod 2125 0x00000151c6a7e890 code [0x00000151c6a7ea60, 0x00000151c6a7efd8]
Event: 1.348 Thread 0x00000151d7834f00 2128       3       jdk.internal.org.objectweb.asm.MethodWriter::visitCode (1 bytes)
Event: 1.348 Thread 0x00000151d7834f00 nmethod 2128 0x00000151c6a7f190 code [0x00000151c6a7f320, 0x00000151c6a7f438]
Event: 1.348 Thread 0x00000151d7830020 nmethod 2123 0x00000151ce209c10 code [0x00000151ce209da0, 0x00000151ce209f18]
Event: 1.348 Thread 0x00000151d7834f00 2129       3       jdk.internal.org.objectweb.asm.Type::<init> (26 bytes)
Event: 1.348 Thread 0x00000151d7834f00 nmethod 2129 0x00000151c6a7f510 code [0x00000151c6a7f6a0, 0x00000151c6a7f838]
Event: 1.349 Thread 0x00000151d7834f00 2131       3       java.lang.invoke.VarHandle::checkExactAccessMode (28 bytes)
Event: 1.349 Thread 0x00000151d7834f00 nmethod 2131 0x00000151c6a7f910 code [0x00000151c6a7fb40, 0x00000151c6a80628]
Event: 1.352 Thread 0x00000151da344030 2132       4       jdk.internal.org.objectweb.asm.ByteVector::putShort (52 bytes)
Event: 1.352 Thread 0x00000151d7834f00 2133       1       java.lang.invoke.MethodHandleImpl::isCompileConstant (2 bytes)
Event: 1.352 Thread 0x00000151d7834f00 nmethod 2133 0x00000151ce20a390 code [0x00000151ce20a520, 0x00000151ce20a5d8]
Event: 1.352 Thread 0x00000151da344030 nmethod 2132 0x00000151ce20a690 code [0x00000151ce20a800, 0x00000151ce20a938]

GC Heap History (6 events):
Event: 0.447 GC heap before
{Heap before GC invocations=1 (full 0):
 PSYoungGen      total 29696K, used 25600K [0x00000000eab00000, 0x00000000ecc00000, 0x0000000100000000)
  eden space 25600K, 100% used [0x00000000eab00000,0x00000000ec400000,0x00000000ec400000)
  from space 4096K, 0% used [0x00000000ec800000,0x00000000ec800000,0x00000000ecc00000)
  to   space 4096K, 0% used [0x00000000ec400000,0x00000000ec400000,0x00000000ec800000)
 ParOldGen       total 68608K, used 0K [0x00000000c0000000, 0x00000000c4300000, 0x00000000eab00000)
  object space 68608K, 0% used [0x00000000c0000000,0x00000000c0000000,0x00000000c4300000)
 Metaspace       used 4688K, committed 4800K, reserved 1056768K
  class space    used 433K, committed 448K, reserved 1048576K
}
Event: 0.452 GC heap after
{Heap after GC invocations=1 (full 0):
 PSYoungGen      total 29696K, used 3672K [0x00000000eab00000, 0x00000000ecc00000, 0x0000000100000000)
  eden space 25600K, 0% used [0x00000000eab00000,0x00000000eab00000,0x00000000ec400000)
  from space 4096K, 89% used [0x00000000ec400000,0x00000000ec796218,0x00000000ec800000)
  to   space 4096K, 0% used [0x00000000ec800000,0x00000000ec800000,0x00000000ecc00000)
 ParOldGen       total 68608K, used 16K [0x00000000c0000000, 0x00000000c4300000, 0x00000000eab00000)
  object space 68608K, 0% used [0x00000000c0000000,0x00000000c0004000,0x00000000c4300000)
 Metaspace       used 4688K, committed 4800K, reserved 1056768K
  class space    used 433K, committed 448K, reserved 1048576K
}
Event: 0.846 GC heap before
{Heap before GC invocations=2 (full 0):
 PSYoungGen      total 29696K, used 29272K [0x00000000eab00000, 0x00000000ecc00000, 0x0000000100000000)
  eden space 25600K, 100% used [0x00000000eab00000,0x00000000ec400000,0x00000000ec400000)
  from space 4096K, 89% used [0x00000000ec400000,0x00000000ec796218,0x00000000ec800000)
  to   space 4096K, 0% used [0x00000000ec800000,0x00000000ec800000,0x00000000ecc00000)
 ParOldGen       total 68608K, used 16K [0x00000000c0000000, 0x00000000c4300000, 0x00000000eab00000)
  object space 68608K, 0% used [0x00000000c0000000,0x00000000c0004000,0x00000000c4300000)
 Metaspace       used 8895K, committed 9152K, reserved 1056768K
  class space    used 864K, committed 960K, reserved 1048576K
}
Event: 0.853 GC heap after
{Heap after GC invocations=2 (full 0):
 PSYoungGen      total 29696K, used 4093K [0x00000000eab00000, 0x00000000ecc00000, 0x0000000100000000)
  eden space 25600K, 0% used [0x00000000eab00000,0x00000000eab00000,0x00000000ec400000)
  from space 4096K, 99% used [0x00000000ec800000,0x00000000ecbff718,0x00000000ecc00000)
  to   space 4096K, 0% used [0x00000000ec400000,0x00000000ec400000,0x00000000ec800000)
 ParOldGen       total 68608K, used 1282K [0x00000000c0000000, 0x00000000c4300000, 0x00000000eab00000)
  object space 68608K, 1% used [0x00000000c0000000,0x00000000c0140b90,0x00000000c4300000)
 Metaspace       used 8895K, committed 9152K, reserved 1056768K
  class space    used 864K, committed 960K, reserved 1048576K
}
Event: 1.332 GC heap before
{Heap before GC invocations=3 (full 0):
 PSYoungGen      total 29696K, used 29693K [0x00000000eab00000, 0x00000000ecc00000, 0x0000000100000000)
  eden space 25600K, 100% used [0x00000000eab00000,0x00000000ec400000,0x00000000ec400000)
  from space 4096K, 99% used [0x00000000ec800000,0x00000000ecbff718,0x00000000ecc00000)
  to   space 4096K, 0% used [0x00000000ec400000,0x00000000ec400000,0x00000000ec800000)
 ParOldGen       total 68608K, used 1282K [0x00000000c0000000, 0x00000000c4300000, 0x00000000eab00000)
  object space 68608K, 1% used [0x00000000c0000000,0x00000000c0140b90,0x00000000c4300000)
 Metaspace       used 13533K, committed 13888K, reserved 1064960K
  class space    used 1334K, committed 1472K, reserved 1048576K
}
Event: 1.335 GC heap after
{Heap after GC invocations=3 (full 0):
 PSYoungGen      total 29696K, used 4079K [0x00000000eab00000, 0x00000000ecc00000, 0x0000000100000000)
  eden space 25600K, 0% used [0x00000000eab00000,0x00000000eab00000,0x00000000ec400000)
  from space 4096K, 99% used [0x00000000ec400000,0x00000000ec7fbcf8,0x00000000ec800000)
  to   space 4096K, 0% used [0x00000000ec800000,0x00000000ec800000,0x00000000ecc00000)
 ParOldGen       total 68608K, used 2843K [0x00000000c0000000, 0x00000000c4300000, 0x00000000eab00000)
  object space 68608K, 4% used [0x00000000c0000000,0x00000000c02c6e80,0x00000000c4300000)
 Metaspace       used 13533K, committed 13888K, reserved 1064960K
  class space    used 1334K, committed 1472K, reserved 1048576K
}

Deoptimization events (20 events):
Event: 1.292 Thread 0x00000151dad03b80 Uncommon trap: trap_request=0xffffffc6 fr.pc=0x00000151ce1ed2e0 relative=0x00000000000021a0
Event: 1.292 Thread 0x00000151dad03b80 Uncommon trap: reason=bimorphic_or_optimized_type_check action=maybe_recompile pc=0x00000151ce1ed2e0 method=java.io.DataInputStream.readUnsignedShort()I @ 4 c2
Event: 1.292 Thread 0x00000151dad03b80 DEOPT PACKING pc=0x00000151ce1ed2e0 sp=0x0000002e779f94a0
Event: 1.292 Thread 0x00000151dad03b80 DEOPT UNPACKING pc=0x00000151cdbe58a3 sp=0x0000002e779f9418 mode 2
Event: 1.292 Thread 0x00000151dad03b80 Uncommon trap: trap_request=0xffffffc6 fr.pc=0x00000151ce1ed2e0 relative=0x00000000000021a0
Event: 1.292 Thread 0x00000151dad03b80 Uncommon trap: reason=bimorphic_or_optimized_type_check action=maybe_recompile pc=0x00000151ce1ed2e0 method=java.io.DataInputStream.readUnsignedShort()I @ 4 c2
Event: 1.292 Thread 0x00000151dad03b80 DEOPT PACKING pc=0x00000151ce1ed2e0 sp=0x0000002e779f93e0
Event: 1.292 Thread 0x00000151dad03b80 DEOPT UNPACKING pc=0x00000151cdbe58a3 sp=0x0000002e779f9358 mode 2
Event: 1.292 Thread 0x00000151dad03b80 Uncommon trap: trap_request=0xffffffc6 fr.pc=0x00000151ce1ed2e0 relative=0x00000000000021a0
Event: 1.292 Thread 0x00000151dad03b80 Uncommon trap: reason=bimorphic_or_optimized_type_check action=maybe_recompile pc=0x00000151ce1ed2e0 method=java.io.DataInputStream.readUnsignedShort()I @ 4 c2
Event: 1.292 Thread 0x00000151dad03b80 DEOPT PACKING pc=0x00000151ce1ed2e0 sp=0x0000002e779f9330
Event: 1.292 Thread 0x00000151dad03b80 DEOPT UNPACKING pc=0x00000151cdbe58a3 sp=0x0000002e779f92a8 mode 2
Event: 1.313 Thread 0x00000151dad03b80 Uncommon trap: trap_request=0xffffffde fr.pc=0x00000151ce1a7e38 relative=0x0000000000000918
Event: 1.313 Thread 0x00000151dad03b80 Uncommon trap: reason=class_check action=maybe_recompile pc=0x00000151ce1a7e38 method=java.util.HashMap.putVal(ILjava/lang/Object;Ljava/lang/Object;ZZ)Ljava/lang/Object; @ 253 c2
Event: 1.313 Thread 0x00000151dad03b80 DEOPT PACKING pc=0x00000151ce1a7e38 sp=0x0000002e779f7b20
Event: 1.313 Thread 0x00000151dad03b80 DEOPT UNPACKING pc=0x00000151cdbe58a3 sp=0x0000002e779f79b8 mode 2
Event: 1.319 Thread 0x00000151dad03b80 Uncommon trap: trap_request=0xffffff45 fr.pc=0x00000151ce1c2ac0 relative=0x0000000000000040
Event: 1.319 Thread 0x00000151dad03b80 Uncommon trap: reason=unstable_if action=reinterpret pc=0x00000151ce1c2ac0 method=sun.nio.fs.WindowsPathParser.isSlash(C)Z @ 9 c2
Event: 1.319 Thread 0x00000151dad03b80 DEOPT PACKING pc=0x00000151ce1c2ac0 sp=0x0000002e779f91c0
Event: 1.319 Thread 0x00000151dad03b80 DEOPT UNPACKING pc=0x00000151cdbe58a3 sp=0x0000002e779f9148 mode 2

Classes unloaded (0 events):
No events

Classes redefined (0 events):
No events

Internal exceptions (20 events):
Event: 0.801 Thread 0x00000151dad03b80 Exception <a 'java/lang/NoSuchMethodError'{0x00000000ec03f9f8}: 'java.lang.Object java.lang.invoke.DirectMethodHandle$Holder.invokeStaticInit(java.lang.Object)'> (0x00000000ec03f9f8) 
thrown [s\open\src\hotspot\share\interpreter\linkResolver.cpp, line 759]
Event: 0.934 Thread 0x00000151dad03b80 Exception <a 'java/io/FileNotFoundException'{0x00000000eb34dd10}> (0x00000000eb34dd10) 
thrown [s\open\src\hotspot\share\prims\jni.cpp, line 516]
Event: 0.940 Thread 0x00000151dad03b80 Exception <a 'java/lang/NullPointerException'{0x00000000eb39fb98}> (0x00000000eb39fb98) 
thrown [s\open\src\hotspot\share\interpreter\linkResolver.cpp, line 1350]
Event: 0.940 Thread 0x00000151dad03b80 Exception <a 'java/lang/NullPointerException'{0x00000000eb3a03c0}> (0x00000000eb3a03c0) 
thrown [s\open\src\hotspot\share\interpreter\linkResolver.cpp, line 1350]
Event: 0.966 Thread 0x00000151dad03b80 Exception <a 'java/lang/NoSuchMethodError'{0x00000000eb4ccf88}: 'java.lang.Object java.lang.invoke.Invokers$Holder.invokeExact_MT(java.lang.Object, java.lang.Object, java.lang.Object, java.lang.Object, java.lang.Object, java.lang.Object)'> (0x00000000eb4ccf88) 
thrown [s\open\src\hotspot\share\interpreter\linkResolver.cpp, line 759]
Event: 1.075 Thread 0x00000151dad03b80 Exception <a 'java/lang/NoSuchMethodError'{0x00000000eb903e78}: 'void java.lang.invoke.DirectMethodHandle$Holder.invokeInterface(java.lang.Object, java.lang.Object, java.lang.Object)'> (0x00000000eb903e78) 
thrown [s\open\src\hotspot\share\interpreter\linkResolver.cpp, line 759]
Event: 1.192 Thread 0x00000151dad03b80 Exception <a 'java/lang/NoSuchMethodError'{0x00000000ebd07c48}: 'java.lang.Object java.lang.invoke.DirectMethodHandle$Holder.invokeStatic(java.lang.Object, java.lang.Object, int)'> (0x00000000ebd07c48) 
thrown [s\open\src\hotspot\share\interpreter\linkResolver.cpp, line 759]
Event: 1.193 Thread 0x00000151dad03b80 Exception <a 'java/lang/NoSuchMethodError'{0x00000000ebd0ca68}: 'void java.lang.invoke.DirectMethodHandle$Holder.invokeStatic(java.lang.Object, java.lang.Object, int, java.lang.Object)'> (0x00000000ebd0ca68) 
thrown [s\open\src\hotspot\share\interpreter\linkResolver.cpp, line 759]
Event: 1.194 Thread 0x00000151dad03b80 Exception <a 'java/lang/NoSuchMethodError'{0x00000000ebd14198}: 'void java.lang.invoke.DelegatingMethodHandle$Holder.delegate(java.lang.Object, java.lang.Object, int, java.lang.Object)'> (0x00000000ebd14198) 
thrown [s\open\src\hotspot\share\interpreter\linkResolver.cpp, line 759]
Event: 1.194 Thread 0x00000151dad03b80 Exception <a 'java/lang/NoSuchMethodError'{0x00000000ebd18580}: 'int java.lang.invoke.DirectMethodHandle$Holder.invokeSpecial(java.lang.Object, java.lang.Object, java.lang.Object)'> (0x00000000ebd18580) 
thrown [s\open\src\hotspot\share\interpreter\linkResolver.cpp, line 759]
Event: 1.196 Thread 0x00000151dad03b80 Exception <a 'java/lang/NoSuchMethodError'{0x00000000ebd29d28}: 'int java.lang.invoke.DirectMethodHandle$Holder.invokeStatic(java.lang.Object, java.lang.Object, int)'> (0x00000000ebd29d28) 
thrown [s\open\src\hotspot\share\interpreter\linkResolver.cpp, line 759]
Event: 1.199 Thread 0x00000151dad03b80 Exception <a 'java/lang/NoSuchMethodError'{0x00000000ebd2dd50}: 'int java.lang.invoke.DirectMethodHandle$Holder.invokeSpecial(java.lang.Object, java.lang.Object, java.lang.Object, int)'> (0x00000000ebd2dd50) 
thrown [s\open\src\hotspot\share\interpreter\linkResolver.cpp, line 759]
Event: 1.201 Thread 0x00000151dad03b80 Exception <a 'java/lang/NoSuchMethodError'{0x00000000ebd4a060}: 'java.lang.Object java.lang.invoke.DirectMethodHandle$Holder.invokeStatic(java.lang.Object, java.lang.Object, java.lang.Object, java.lang.Object, int)'> (0x00000000ebd4a060) 
thrown [s\open\src\hotspot\share\interpreter\linkResolver.cpp, line 759]
Event: 1.203 Thread 0x00000151dad03b80 Exception <a 'java/lang/NoSuchMethodError'{0x00000000ebd56458}: 'java.lang.Object java.lang.invoke.DelegatingMethodHandle$Holder.reinvoke_L(java.lang.Object, java.lang.Object, java.lang.Object, java.lang.Object, int, int)'> (0x00000000ebd56458) 
thrown [s\open\src\hotspot\share\interpreter\linkResolver.cpp, line 759]
Event: 1.205 Thread 0x00000151dad03b80 Exception <a 'java/lang/NoSuchMethodError'{0x00000000ebd6e3e0}: 'java.lang.Object java.lang.invoke.Invokers$Holder.invokeExact_MT(java.lang.Object, java.lang.Object, java.lang.Object, java.lang.Object)'> (0x00000000ebd6e3e0) 
thrown [s\open\src\hotspot\share\interpreter\linkResolver.cpp, line 759]
Event: 1.294 Thread 0x00000151dad03b80 Exception <a 'java/lang/NoSuchMethodError'{0x00000000ec1b7c18}: 'java.lang.Object java.lang.invoke.DirectMethodHandle$Holder.newInvokeSpecial(java.lang.Object, java.lang.Object, java.lang.Object, java.lang.Object, java.lang.Object)'> (0x00000000ec1b7c18) 
thrown [s\open\src\hotspot\share\interpreter\linkResolver.cpp, line 759]
Event: 1.346 Thread 0x00000151dad03b80 Exception <a 'java/lang/NoSuchMethodError'{0x00000000eabdace8}: 'java.lang.Object java.lang.invoke.DirectMethodHandle$Holder.invokeSpecial(java.lang.Object, java.lang.Object, java.lang.Object, long, java.lang.Object)'> (0x00000000eabdace8) 
thrown [s\open\src\hotspot\share\interpreter\linkResolver.cpp, line 759]
Event: 1.347 Thread 0x00000151dad03b80 Exception <a 'java/lang/NoSuchMethodError'{0x00000000eabfe1f0}: 'java.lang.Object java.lang.invoke.DirectMethodHandle$Holder.newInvokeSpecial(java.lang.Object, java.lang.Object, java.lang.Object, long)'> (0x00000000eabfe1f0) 
thrown [s\open\src\hotspot\share\interpreter\linkResolver.cpp, line 759]
Event: 1.347 Thread 0x00000151dad03b80 Exception <a 'java/lang/NoSuchMethodError'{0x00000000eac02790}: 'java.lang.Object java.lang.invoke.DirectMethodHandle$Holder.invokeSpecial(java.lang.Object, java.lang.Object, java.lang.Object, java.lang.Object, long)'> (0x00000000eac02790) 
thrown [s\open\src\hotspot\share\interpreter\linkResolver.cpp, line 759]
Event: 1.352 Thread 0x00000151dad03b80 Exception <a 'java/lang/NoSuchMethodError'{0x00000000eac74d78}: 'int java.lang.invoke.DirectMethodHandle$Holder.invokeStaticInit(java.lang.Object, java.lang.Object, java.lang.Object)'> (0x00000000eac74d78) 
thrown [s\open\src\hotspot\share\interpreter\linkResolver.cpp, line 759]

VM Operations (20 events):
Event: 0.618 Executing VM operation: HandshakeAllThreads
Event: 0.618 Executing VM operation: HandshakeAllThreads done
Event: 0.618 Executing VM operation: HandshakeAllThreads
Event: 0.618 Executing VM operation: HandshakeAllThreads done
Event: 0.622 Executing VM operation: HandshakeAllThreads
Event: 0.622 Executing VM operation: HandshakeAllThreads done
Event: 0.812 Executing VM operation: HandshakeAllThreads
Event: 0.812 Executing VM operation: HandshakeAllThreads done
Event: 0.846 Executing VM operation: ParallelGCFailedAllocation
Event: 0.853 Executing VM operation: ParallelGCFailedAllocation done
Event: 1.029 Executing VM operation: HandshakeAllThreads
Event: 1.029 Executing VM operation: HandshakeAllThreads done
Event: 1.043 Executing VM operation: HandshakeAllThreads
Event: 1.043 Executing VM operation: HandshakeAllThreads done
Event: 1.045 Executing VM operation: HandshakeAllThreads
Event: 1.045 Executing VM operation: HandshakeAllThreads done
Event: 1.192 Executing VM operation: HandshakeAllThreads
Event: 1.192 Executing VM operation: HandshakeAllThreads done
Event: 1.331 Executing VM operation: ParallelGCFailedAllocation
Event: 1.335 Executing VM operation: ParallelGCFailedAllocation done

Events (20 events):
Event: 1.295 loading class java/io/FilenameFilter done
Event: 1.308 loading class java/nio/file/FileAlreadyExistsException
Event: 1.308 loading class java/nio/file/FileSystemException
Event: 1.308 loading class java/nio/file/FileSystemException done
Event: 1.308 loading class java/nio/file/FileAlreadyExistsException done
Event: 1.308 loading class java/nio/file/AccessDeniedException
Event: 1.308 loading class java/nio/file/AccessDeniedException done
Event: 1.309 loading class java/nio/file/NoSuchFileException
Event: 1.309 loading class java/nio/file/NoSuchFileException done
Event: 1.309 loading class java/nio/file/DirectoryNotEmptyException
Event: 1.309 loading class java/nio/file/DirectoryNotEmptyException done
Event: 1.315 loading class java/nio/file/attribute/DosFileAttributeView
Event: 1.316 loading class java/nio/file/attribute/DosFileAttributeView done
Event: 1.316 loading class sun/nio/fs/WindowsFileAttributeViews$Dos
Event: 1.316 loading class sun/nio/fs/WindowsFileAttributeViews$Dos done
Event: 1.324 loading class org/xml/sax/SAXParseException
Event: 1.324 loading class org/xml/sax/SAXParseException done
Event: 1.348 loading class java/util/function/LongUnaryOperator
Event: 1.348 loading class java/util/function/LongUnaryOperator done
Event: 1.348 Thread 0x00000151db10fa20 Thread added: 0x00000151db10fa20


Dynamic libraries:
0x00007ff603d50000 - 0x00007ff603d60000 	C:\Program Files\Java\jdk-17\bin\java.exe
0x00007ff9fd350000 - 0x00007ff9fd564000 	C:\WINDOWS\SYSTEM32\ntdll.dll
0x00007ff9fb720000 - 0x00007ff9fb7e2000 	C:\WINDOWS\System32\KERNEL32.DLL
0x00007ff9fa8f0000 - 0x00007ff9fac8c000 	C:\WINDOWS\System32\KERNELBASE.dll
0x00007ff9faed0000 - 0x00007ff9fafe1000 	C:\WINDOWS\System32\ucrtbase.dll
0x00007ff9ee770000 - 0x00007ff9ee78b000 	C:\Program Files\Java\jdk-17\bin\VCRUNTIME140.dll
0x00007ff9f6900000 - 0x00007ff9f6918000 	C:\Program Files\Java\jdk-17\bin\jli.dll
0x00007ff9fc860000 - 0x00007ff9fc90e000 	C:\WINDOWS\System32\ADVAPI32.dll
0x00007ff9fbd50000 - 0x00007ff9fbdf7000 	C:\WINDOWS\System32\msvcrt.dll
0x00007ff9fbc90000 - 0x00007ff9fbd34000 	C:\WINDOWS\System32\sechost.dll
0x00007ff9fbe20000 - 0x00007ff9fbf37000 	C:\WINDOWS\System32\RPCRT4.dll
0x00007ff9fce40000 - 0x00007ff9fcfeb000 	C:\WINDOWS\System32\USER32.dll
0x00007ff9fa800000 - 0x00007ff9fa826000 	C:\WINDOWS\System32\win32u.dll
0x00007ff9fd2e0000 - 0x00007ff9fd309000 	C:\WINDOWS\System32\GDI32.dll
0x00007ff9d5c00000 - 0x00007ff9d5e8e000 	C:\WINDOWS\WinSxS\amd64_microsoft.windows.common-controls_6595b64144ccf1df_6.0.22621.608_none_a9444ca7c10bb01d\COMCTL32.dll
0x00007ff9fad10000 - 0x00007ff9fae23000 	C:\WINDOWS\System32\gdi32full.dll
0x00007ff9fae30000 - 0x00007ff9faeca000 	C:\WINDOWS\System32\msvcp_win.dll
0x00007ff9f7f70000 - 0x00007ff9f7f7a000 	C:\WINDOWS\SYSTEM32\VERSION.dll
0x00007ff9fc730000 - 0x00007ff9fc761000 	C:\WINDOWS\System32\IMM32.DLL
0x00007ff9f6e70000 - 0x00007ff9f6e7c000 	C:\Program Files\Java\jdk-17\bin\vcruntime140_1.dll
0x00007ff9d4c60000 - 0x00007ff9d4cee000 	C:\Program Files\Java\jdk-17\bin\msvcp140.dll
0x00007ff96ec00000 - 0x00007ff96f7d7000 	C:\Program Files\Java\jdk-17\bin\server\jvm.dll
0x00007ff9fc850000 - 0x00007ff9fc858000 	C:\WINDOWS\System32\PSAPI.DLL
0x00007ff9cd780000 - 0x00007ff9cd789000 	C:\WINDOWS\SYSTEM32\WSOCK32.dll
0x00007ff9fb6a0000 - 0x00007ff9fb711000 	C:\WINDOWS\System32\WS2_32.dll
0x00007ff9f1410000 - 0x00007ff9f1444000 	C:\WINDOWS\SYSTEM32\WINMM.dll
0x00007ff9f9860000 - 0x00007ff9f9878000 	C:\WINDOWS\SYSTEM32\kernel.appcore.dll
0x00007ff9f5390000 - 0x00007ff9f539a000 	C:\Program Files\Java\jdk-17\bin\jimage.dll
0x00007ff9f7ce0000 - 0x00007ff9f7f0e000 	C:\WINDOWS\SYSTEM32\DBGHELP.DLL
0x00007ff9fb160000 - 0x00007ff9fb4e9000 	C:\WINDOWS\System32\combase.dll
0x00007ff9fc770000 - 0x00007ff9fc847000 	C:\WINDOWS\System32\OLEAUT32.dll
0x00007ff9cd850000 - 0x00007ff9cd882000 	C:\WINDOWS\SYSTEM32\dbgcore.DLL
0x00007ff9fac90000 - 0x00007ff9fad0b000 	C:\WINDOWS\System32\bcryptPrimitives.dll
0x00007ff9f4aa0000 - 0x00007ff9f4aae000 	C:\Program Files\Java\jdk-17\bin\instrument.dll
0x00007ff9dd3b0000 - 0x00007ff9dd3d5000 	C:\Program Files\Java\jdk-17\bin\java.dll
0x00007ff997800000 - 0x00007ff9978d7000 	C:\Program Files\Java\jdk-17\bin\jsvml.dll
0x00007ff9fbf40000 - 0x00007ff9fc730000 	C:\WINDOWS\System32\SHELL32.dll
0x00007ff9f87a0000 - 0x00007ff9f906d000 	C:\WINDOWS\SYSTEM32\windows.storage.dll
0x00007ff9f8660000 - 0x00007ff9f879e000 	C:\WINDOWS\SYSTEM32\wintypes.dll
0x00007ff9fcff0000 - 0x00007ff9fd0e1000 	C:\WINDOWS\System32\SHCORE.dll
0x00007ff9fcc10000 - 0x00007ff9fcc6e000 	C:\WINDOWS\System32\shlwapi.dll
0x00007ff9fa6c0000 - 0x00007ff9fa6e1000 	C:\WINDOWS\SYSTEM32\profapi.dll
0x00007ff9dd1e0000 - 0x00007ff9dd1f8000 	C:\Program Files\Java\jdk-17\bin\zip.dll
0x00007ff9ee0e0000 - 0x00007ff9ee0f9000 	C:\Program Files\Java\jdk-17\bin\net.dll
0x00007ff9f47c0000 - 0x00007ff9f48f7000 	C:\WINDOWS\SYSTEM32\WINHTTP.dll
0x00007ff9f9d40000 - 0x00007ff9f9da9000 	C:\WINDOWS\system32\mswsock.dll
0x00007ff9dd2a0000 - 0x00007ff9dd2b6000 	C:\Program Files\Java\jdk-17\bin\nio.dll
0x00007ff9f22f0000 - 0x00007ff9f2300000 	C:\Program Files\Java\jdk-17\bin\verify.dll
0x00007ff9f1460000 - 0x00007ff9f149e000 	C:\Users\nat24\AppData\Roaming\Code\User\globalStorage\redhat.java\1.16.0\config_ss_win\org.eclipse.equinox.launcher\org.eclipse.equinox.launcher.win32.win32.x86_64_1.2.700.v20221108-1024\eclipse_11801.dll
0x00007ff9fca60000 - 0x00007ff9fcbfc000 	C:\WINDOWS\System32\ole32.dll

dbghelp: loaded successfully - version: 4.0.5 - missing functions: none
symbol engine: initialized successfully - sym options: 0x614 - pdb path: .;C:\Program Files\Java\jdk-17\bin;C:\WINDOWS\SYSTEM32;C:\WINDOWS\WinSxS\amd64_microsoft.windows.common-controls_6595b64144ccf1df_6.0.22621.608_none_a9444ca7c10bb01d;C:\Program Files\Java\jdk-17\bin\server;C:\Users\nat24\AppData\Roaming\Code\User\globalStorage\redhat.java\1.16.0\config_ss_win\org.eclipse.equinox.launcher\org.eclipse.equinox.launcher.win32.win32.x86_64_1.2.700.v20221108-1024

VM Arguments:
jvm_args: --add-modules=ALL-SYSTEM --add-opens=java.base/java.util=ALL-UNNAMED --add-opens=java.base/java.lang=ALL-UNNAMED --add-opens=java.base/sun.nio.fs=ALL-UNNAMED -Declipse.application=org.eclipse.jdt.ls.core.id1 -Dosgi.bundles.defaultStartLevel=4 -Declipse.product=org.eclipse.jdt.ls.core.product -Djava.import.generatesMetadataFilesAtProjectRoot=false -Dfile.encoding=utf8 -XX:+UseParallelGC -XX:GCTimeRatio=4 -XX:AdaptiveSizePolicyWeight=90 -Dsun.zip.disableMemoryMapping=true -Xmx1G -Xms100m -Xlog:disable -javaagent:c:\Users\nat24\.vscode\extensions\redhat.java-1.16.0-win32-x64\lombok\lombok-1.18.24.jar 
java_command: c:\Users\nat24\.vscode\extensions\redhat.java-1.16.0-win32-x64\server\plugins\org.eclipse.equinox.launcher_1.6.400.v20210924-0641.jar -configuration c:\Users\nat24\AppData\Roaming\Code\User\globalStorage\redhat.java\1.16.0\config_ss_win -data c:\Users\nat24\AppData\Roaming\Code\User\workspaceStorage\7ee068461fea0a2cbf1ecac1b635f22a\redhat.java\ss_ws
java_class_path (initial): c:\Users\nat24\.vscode\extensions\redhat.java-1.16.0-win32-x64\server\plugins\org.eclipse.equinox.launcher_1.6.400.v20210924-0641.jar
Launcher Type: SUN_STANDARD

[Global flags]
    uintx AdaptiveSizePolicyWeight                 = 90                                        {product} {command line}
     intx CICompilerCount                          = 4                                         {product} {ergonomic}
    uintx GCTimeRatio                              = 4                                         {product} {command line}
   size_t InitialHeapSize                          = 104857600                                 {product} {command line}
   size_t MaxHeapSize                              = 1073741824                                {product} {command line}
   size_t MaxNewSize                               = 357564416                                 {product} {ergonomic}
   size_t MinHeapDeltaBytes                        = 524288                                    {product} {ergonomic}
   size_t MinHeapSize                              = 104857600                                 {product} {command line}
   size_t NewSize                                  = 34603008                                  {product} {ergonomic}
    uintx NonNMethodCodeHeapSize                   = 5839372                                {pd product} {ergonomic}
    uintx NonProfiledCodeHeapSize                  = 122909434                              {pd product} {ergonomic}
   size_t OldSize                                  = 70254592                                  {product} {ergonomic}
    uintx ProfiledCodeHeapSize                     = 122909434                              {pd product} {ergonomic}
    uintx ReservedCodeCacheSize                    = 251658240                              {pd product} {ergonomic}
     bool SegmentedCodeCache                       = true                                      {product} {ergonomic}
   size_t SoftMaxHeapSize                          = 1073741824                             {manageable} {ergonomic}
     bool UseCompressedClassPointers               = true                           {product lp64_product} {ergonomic}
     bool UseCompressedOops                        = true                           {product lp64_product} {ergonomic}
     bool UseLargePagesIndividualAllocation        = false                                  {pd product} {ergonomic}
     bool UseParallelGC                            = true                                      {product} {command line}

Logging:
Log output configuration:
 #0: stdout all=off uptime,level,tags
 #1: stderr all=off uptime,level,tags

Environment Variables:
CLASSPATH=C:\Users\nat24\eclipse-workspace
PATH=C:\Program Files\Common Files\Oracle\Java\javapath;C:\Python310\Scripts\;C:\Python310\;C:\WINDOWS\system32;C:\WINDOWS;C:\WINDOWS\System32\Wbem;C:\WINDOWS\System32\WindowsPowerShell\v1.0\;C:\WINDOWS\System32\OpenSSH\;C:\Program Files\nodejs\;C:\ProgramData\chocolatey\bin;C:\Program Files\Git\cmd;C:\Program Files\PuTTY\;C:\Users\nat24\AppData\Local\Microsoft\WindowsApps;C:\Users\nat24\AppData\Roaming\npm;C:\Users\nat24\eclipse-workspace\Assignment_1\bin;C:\Users\nat24\AppData\Local\Programs\Microsoft VS Code\bin;
USERNAME=nat24
OS=Windows_NT
PROCESSOR_IDENTIFIER=Intel64 Family 6 Model 140 Stepping 1, GenuineIntel



---------------  S Y S T E M  ---------------

OS:
 Windows 11 , 64 bit Build 22621 (10.0.22621.1485)
OS uptime: 0 days 13:04 hours

CPU: total 8 (initial active 8) (4 cores per cpu, 2 threads per core) family 6 model 140 stepping 1 microcode 0xa6, cx8, cmov, fxsr, ht, mmx, 3dnowpref, sse, sse2, sse3, ssse3, sse4.1, sse4.2, popcnt, lzcnt, tsc, tscinvbit, avx, avx2, aes, erms, clmul, bmi1, bmi2, adx, avx512f, avx512dq, avx512cd, avx512bw, avx512vl, sha, fma, vzeroupper, avx512_vpopcntdq, avx512_vpclmulqdq, avx512_vaes, avx512_vnni, clflush, clflushopt, clwb, avx512_vbmi2, avx512_vbmi

Memory: 4k page, system-wide physical 16064M (2660M free)
TotalPageFile size 65216M (AvailPageFile size 208M)
current process WorkingSet (physical memory assigned to process): 104M, peak: 104M
current process commit charge ("private bytes"): 221M, peak: 222M

vm_info: Java HotSpot(TM) 64-Bit Server VM (17.0.6+9-LTS-190) for windows-amd64 JRE (17.0.6+9-LTS-190), built on Dec  6 2022 15:53:54 by "mach5one" with MS VC++ 17.1 (VS2022)

END.
