#
# There is insufficient memory for the Java Runtime Environment to continue.
# Native memory allocation (malloc) failed to allocate 688880 bytes for Chunk::new
# Possible reasons:
#   The system is out of physical RAM or swap space
#   The process is running with CompressedOops enabled, and the Java Heap may be blocking the growth of the native heap
# Possible solutions:
#   Reduce memory load on the system
#   Increase physical memory or swap space
#   Check if swap backing store is full
#   Decrease Java heap size (-Xmx/-Xms)
#   Decrease number of Java threads
#   Decrease Java thread stack sizes (-Xss)
#   Set larger code cache with -XX:ReservedCodeCacheSize=
#   JVM is running with Unscaled Compressed Oops mode in which the Java heap is
#     placed in the first 4GB address space. The Java Heap base address is the
#     maximum limit for the native heap growth. Please use -XX:HeapBaseMinAddress
#     to set the Java Heap base and to place the Java Heap above 4GB virtual address.
# This output file may be truncated or incomplete.
#
#  Out of Memory Error (arena.cpp:189), pid=2112, tid=6588
#
# JRE version: Java(TM) SE Runtime Environment (17.0.6+9) (build 17.0.6+9-LTS-190)
# Java VM: Java HotSpot(TM) 64-Bit Server VM (17.0.6+9-LTS-190, mixed mode, sharing, tiered, compressed oops, compressed class ptrs, parallel gc, windows-amd64)
# No core dump will be written. Minidumps are not enabled by default on client versions of Windows
#

---------------  S U M M A R Y ------------

Command Line: --add-modules=ALL-SYSTEM --add-opens=java.base/java.util=ALL-UNNAMED --add-opens=java.base/java.lang=ALL-UNNAMED --add-opens=java.base/sun.nio.fs=ALL-UNNAMED -Declipse.application=org.eclipse.jdt.ls.core.id1 -Dosgi.bundles.defaultStartLevel=4 -Declipse.product=org.eclipse.jdt.ls.core.product -Djava.import.generatesMetadataFilesAtProjectRoot=false -Dfile.encoding=utf8 -XX:+UseParallelGC -XX:GCTimeRatio=4 -XX:AdaptiveSizePolicyWeight=90 -Dsun.zip.disableMemoryMapping=true -Xmx1G -Xms100m -Xlog:disable -javaagent:c:\Users\nat24\.vscode\extensions\redhat.java-1.16.0-win32-x64\lombok\lombok-1.18.24.jar c:\Users\nat24\.vscode\extensions\redhat.java-1.16.0-win32-x64\server\plugins\org.eclipse.equinox.launcher_1.6.400.v20210924-0641.jar -configuration c:\Users\nat24\AppData\Roaming\Code\User\globalStorage\redhat.java\1.16.0\config_ss_win -data c:\Users\nat24\AppData\Roaming\Code\User\workspaceStorage\7ee068461fea0a2cbf1ecac1b635f22a\redhat.java\ss_ws

Host: 11th Gen Intel(R) Core(TM) i7-1165G7 @ 2.80GHz, 8 cores, 15G,  Windows 11 , 64 bit Build 22621 (10.0.22621.1485)
Time: Thu Apr 13 11:57:35 2023 AUS Eastern Standard Time elapsed time: 1.005356 seconds (0d 0h 0m 1s)

---------------  T H R E A D  ---------------

Current thread (0x0000028c43945090):  JavaThread "C2 CompilerThread0" daemon [_thread_in_native, id=6588, stack(0x00000096db700000,0x00000096db800000)]


Current CompileTask:
C2:   1005 1450       4       java.io.WinNTFileSystem::normalize (143 bytes)

Stack: [0x00000096db700000,0x00000096db800000]
Native frames: (J=compiled Java code, j=interpreted, Vv=VM code, C=native code)
V  [jvm.dll+0x6734ea]
V  [jvm.dll+0x7d18f4]
V  [jvm.dll+0x7d309e]
V  [jvm.dll+0x7d3703]
V  [jvm.dll+0x2433c5]
V  [jvm.dll+0xaa46b]
V  [jvm.dll+0xaaa0c]
V  [jvm.dll+0x35eb2e]
V  [jvm.dll+0x329401]
V  [jvm.dll+0x32889a]
V  [jvm.dll+0x215ddf]
V  [jvm.dll+0x215211]
V  [jvm.dll+0x1a1730]
V  [jvm.dll+0x224b6e]
V  [jvm.dll+0x222f15]
V  [jvm.dll+0x78753c]
V  [jvm.dll+0x781a7a]
V  [jvm.dll+0x672375]
C  [ucrtbase.dll+0x29363]
C  [KERNEL32.DLL+0x1269d]
C  [ntdll.dll+0x5a9f8]


---------------  P R O C E S S  ---------------

Threads class SMR info:
_java_thread_list=0x0000028c46a4f790, length=14, elements={
0x0000028c2aef12e0, 0x0000028c439201a0, 0x0000028c43920d50, 0x0000028c43938690,
0x0000028c43939240, 0x0000028c43939df0, 0x0000028c4393cf50, 0x0000028c43945090,
0x0000028c439662e0, 0x0000028c43966cd0, 0x0000028c2afb1000, 0x0000028c46235c60,
0x0000028c4635edc0, 0x0000028c4675a3b0
}

Java Threads: ( => current thread )
  0x0000028c2aef12e0 JavaThread "main" [_thread_in_native, id=6232, stack(0x00000096dae00000,0x00000096daf00000)]
  0x0000028c439201a0 JavaThread "Reference Handler" daemon [_thread_blocked, id=6068, stack(0x00000096db100000,0x00000096db200000)]
  0x0000028c43920d50 JavaThread "Finalizer" daemon [_thread_blocked, id=15052, stack(0x00000096db200000,0x00000096db300000)]
  0x0000028c43938690 JavaThread "Signal Dispatcher" daemon [_thread_blocked, id=2132, stack(0x00000096db300000,0x00000096db400000)]
  0x0000028c43939240 JavaThread "Attach Listener" daemon [_thread_blocked, id=9620, stack(0x00000096db400000,0x00000096db500000)]
  0x0000028c43939df0 JavaThread "Service Thread" daemon [_thread_blocked, id=8324, stack(0x00000096db500000,0x00000096db600000)]
  0x0000028c4393cf50 JavaThread "Monitor Deflation Thread" daemon [_thread_blocked, id=468, stack(0x00000096db600000,0x00000096db700000)]
=>0x0000028c43945090 JavaThread "C2 CompilerThread0" daemon [_thread_in_native, id=6588, stack(0x00000096db700000,0x00000096db800000)]
  0x0000028c439662e0 JavaThread "C1 CompilerThread0" daemon [_thread_blocked, id=7580, stack(0x00000096db800000,0x00000096db900000)]
  0x0000028c43966cd0 JavaThread "Sweeper thread" daemon [_thread_blocked, id=5664, stack(0x00000096db900000,0x00000096dba00000)]
  0x0000028c2afb1000 JavaThread "Common-Cleaner" daemon [_thread_blocked, id=9668, stack(0x00000096dba00000,0x00000096dbb00000)]
  0x0000028c46235c60 JavaThread "Notification Thread" daemon [_thread_blocked, id=19300, stack(0x00000096dbc00000,0x00000096dbd00000)]
  0x0000028c4635edc0 JavaThread "C2 CompilerThread1" daemon [_thread_blocked, id=15328, stack(0x00000096dbb00000,0x00000096dbc00000)]
  0x0000028c4675a3b0 JavaThread "Active Thread: Equinox Container: eb1e48a9-46d3-476b-84ee-83cc6c281a1c" [_thread_blocked, id=19016, stack(0x00000096dbe00000,0x00000096dbf00000)]

Other Threads:
  0x0000028c2afbecf0 VMThread "VM Thread" [stack: 0x00000096db000000,0x00000096db100000] [id=14472]
  0x0000028c46236130 WatcherThread [stack: 0x00000096dbd00000,0x00000096dbe00000] [id=15432]
  0x0000028c2af08310 GCTaskThread "GC Thread#0" [stack: 0x00000096daf00000,0x00000096db000000] [id=9440]
  0x0000028c4651e030 GCTaskThread "GC Thread#1" [stack: 0x00000096dbf00000,0x00000096dc000000] [id=4028]
  0x0000028c46a5c730 GCTaskThread "GC Thread#2" [stack: 0x00000096dc000000,0x00000096dc100000] [id=3604]
  0x0000028c46a5c9e0 GCTaskThread "GC Thread#3" [stack: 0x00000096dc100000,0x00000096dc200000] [id=4828]
  0x0000028c46474c00 GCTaskThread "GC Thread#4" [stack: 0x00000096dc200000,0x00000096dc300000] [id=7184]
  0x0000028c46474eb0 GCTaskThread "GC Thread#5" [stack: 0x00000096dc300000,0x00000096dc400000] [id=3244]
  0x0000028c46475160 GCTaskThread "GC Thread#6" [stack: 0x00000096dc400000,0x00000096dc500000] [id=17648]

Threads with active compile tasks:
C2 CompilerThread0     1020 1450       4       java.io.WinNTFileSystem::normalize (143 bytes)

VM state: not at safepoint (normal execution)

VM Mutex/Monitor currently owned by a thread: None

Heap address: 0x00000000c0000000, size: 1024 MB, Compressed Oops mode: 32-bit

CDS archive(s) mapped at: [0x0000000800000000-0x0000000800bd0000-0x0000000800bd0000), size 12386304, SharedBaseAddress: 0x0000000800000000, ArchiveRelocationMode: 0.
Compressed class space mapped at: 0x0000000800c00000-0x0000000840c00000, reserved size: 1073741824
Narrow klass base: 0x0000000800000000, Narrow klass shift: 0, Narrow klass range: 0x100000000

GC Precious Log:
 CPUs: 8 total, 8 available
 Memory: 16064M
 Large Page Support: Disabled
 NUMA Support: Disabled
 Compressed Oops: Enabled (32-bit)
 Alignments: Space 512K, Generation 512K, Heap 2M
 Heap Min Capacity: 100M
 Heap Initial Capacity: 100M
 Heap Max Capacity: 1G
 Pre-touch: Disabled
 Parallel Workers: 8

Heap:
 PSYoungGen      total 29696K, used 22268K [0x00000000eab00000, 0x00000000ecc00000, 0x0000000100000000)
  eden space 25600K, 72% used [0x00000000eab00000,0x00000000ebd2ed40,0x00000000ec400000)
  from space 4096K, 89% used [0x00000000ec400000,0x00000000ec790690,0x00000000ec800000)
  to   space 4096K, 0% used [0x00000000ec800000,0x00000000ec800000,0x00000000ecc00000)
 ParOldGen       total 68608K, used 8K [0x00000000c0000000, 0x00000000c4300000, 0x00000000eab00000)
  object space 68608K, 0% used [0x00000000c0000000,0x00000000c0002000,0x00000000c4300000)
 Metaspace       used 7418K, committed 7680K, reserved 1056768K
  class space    used 695K, committed 832K, reserved 1048576K

Card table byte_map: [0x0000028c2a8d0000,0x0000028c2aae0000] _byte_map_base: 0x0000028c2a2d0000

Marking Bits: (ParMarkBitMap*) 0x00007ff96f7195f0
 Begin Bits: [0x0000028c41770000, 0x0000028c42770000)
 End Bits:   [0x0000028c42770000, 0x0000028c43770000)

Polling page: 0x0000028c2a6c0000

Metaspace:

Usage:
  Non-class:      6.56 MB used.
      Class:    695.93 KB used.
       Both:      7.24 MB used.

Virtual space:
  Non-class space:        8.00 MB reserved,       6.69 MB ( 84%) committed,  1 nodes.
      Class space:        1.00 GB reserved,     832.00 KB ( <1%) committed,  1 nodes.
             Both:        1.01 GB reserved,       7.50 MB ( <1%) committed. 

Chunk freelists:
   Non-Class:  1.11 MB
       Class:  3.05 MB
        Both:  4.16 MB

MaxMetaspaceSize: unlimited
CompressedClassSpaceSize: 1.00 GB
Initial GC threshold: 21.00 MB
Current GC threshold: 21.00 MB
CDS: on
MetaspaceReclaimPolicy: balanced
 - commit_granule_bytes: 65536.
 - commit_granule_words: 8192.
 - virtual_space_node_default_size: 1048576.
 - enlarge_chunks_in_place: 1.
 - new_chunks_are_fully_committed: 0.
 - uncommit_free_chunks: 1.
 - use_allocation_guard: 0.
 - handle_deallocations: 1.


Internal statistics:

num_allocs_failed_limit: 0.
num_arena_births: 58.
num_arena_deaths: 0.
num_vsnodes_births: 2.
num_vsnodes_deaths: 0.
num_space_committed: 120.
num_space_uncommitted: 0.
num_chunks_returned_to_freelist: 0.
num_chunks_taken_from_freelist: 200.
num_chunk_merges: 0.
num_chunk_splits: 147.
num_chunks_enlarged: 118.
num_purges: 0.
num_inconsistent_stats: 0.

CodeHeap 'non-profiled nmethods': size=120000Kb used=597Kb max_used=597Kb free=119402Kb
 bounds [0x0000028c3a240000, 0x0000028c3a4b0000, 0x0000028c41770000]
CodeHeap 'profiled nmethods': size=120000Kb used=2720Kb max_used=2720Kb free=117279Kb
 bounds [0x0000028c32770000, 0x0000028c32a20000, 0x0000028c39ca0000]
CodeHeap 'non-nmethods': size=5760Kb used=1165Kb max_used=1185Kb free=4594Kb
 bounds [0x0000028c39ca0000, 0x0000028c39f10000, 0x0000028c3a240000]
 total_blobs=1907 nmethods=1461 adapters=361
 compilation: enabled
              stopped_count=0, restarted_count=0
 full_count=0

Compilation events (20 events):
Event: 0.973 Thread 0x0000028c4635edc0 1452       4       sun.nio.fs.WindowsPathParser::isSlash (18 bytes)
Event: 0.973 Thread 0x0000028c439662e0 nmethod 1451 0x0000028c32a0e890 code [0x0000028c32a0eb20, 0x0000028c32a0f5b8]
Event: 0.973 Thread 0x0000028c4635edc0 nmethod 1452 0x0000028c3a2d1d90 code [0x0000028c3a2d1f00, 0x0000028c3a2d1f78]
Event: 0.975 Thread 0x0000028c439662e0 1453   !   3       java.io.WinNTFileSystem::isInvalid (78 bytes)
Event: 0.975 Thread 0x0000028c439662e0 nmethod 1453 0x0000028c32a0f990 code [0x0000028c32a0fb80, 0x0000028c32a0ffb8]
Event: 0.975 Thread 0x0000028c439662e0 1454       3       org.eclipse.osgi.internal.framework.EquinoxConfiguration$ConfigValues::internalGet (24 bytes)
Event: 0.976 Thread 0x0000028c439662e0 nmethod 1454 0x0000028c32a10190 code [0x0000028c32a10440, 0x0000028c32a110a8]
Event: 0.982 Thread 0x0000028c4635edc0 1455       4       sun.nio.fs.WindowsPathParser::isInvalidPathChar (22 bytes)
Event: 0.984 Thread 0x0000028c4635edc0 nmethod 1455 0x0000028c3a2d2090 code [0x0000028c3a2d2200, 0x0000028c3a2d2378]
Event: 0.986 Thread 0x0000028c439662e0 1456       3       java.util.Collections::emptyIterator (4 bytes)
Event: 0.986 Thread 0x0000028c439662e0 nmethod 1456 0x0000028c32a11490 code [0x0000028c32a11620, 0x0000028c32a11718]
Event: 0.987 Thread 0x0000028c4635edc0 1457       4       java.lang.StringLatin1::inflate (34 bytes)
Event: 0.991 Thread 0x0000028c4635edc0 nmethod 1457 0x0000028c3a2d2490 code [0x0000028c3a2d2600, 0x0000028c3a2d2898]
Event: 0.991 Thread 0x0000028c4635edc0 1458 %     4       java.io.WinNTFileSystem::normalize @ 58 (224 bytes)
Event: 0.994 Thread 0x0000028c439662e0 1459       3       java.net.URL::<init> (438 bytes)
Event: 0.999 Thread 0x0000028c439662e0 nmethod 1459 0x0000028c32a11790 code [0x0000028c32a11f40, 0x0000028c32a15da8]
Event: 0.999 Thread 0x0000028c439662e0 1460       3       java.io.File::isAbsolute (8 bytes)
Event: 1.000 Thread 0x0000028c439662e0 nmethod 1460 0x0000028c32a17390 code [0x0000028c32a17540, 0x0000028c32a176a8]
Event: 1.000 Thread 0x0000028c439662e0 1461       3       java.io.WinNTFileSystem::isAbsolute (36 bytes)
Event: 1.000 Thread 0x0000028c439662e0 nmethod 1461 0x0000028c32a17790 code [0x0000028c32a179a0, 0x0000028c32a18038]

GC Heap History (2 events):
Event: 0.541 GC heap before
{Heap before GC invocations=1 (full 0):
 PSYoungGen      total 29696K, used 25600K [0x00000000eab00000, 0x00000000ecc00000, 0x0000000100000000)
  eden space 25600K, 100% used [0x00000000eab00000,0x00000000ec400000,0x00000000ec400000)
  from space 4096K, 0% used [0x00000000ec800000,0x00000000ec800000,0x00000000ecc00000)
  to   space 4096K, 0% used [0x00000000ec400000,0x00000000ec400000,0x00000000ec800000)
 ParOldGen       total 68608K, used 0K [0x00000000c0000000, 0x00000000c4300000, 0x00000000eab00000)
  object space 68608K, 0% used [0x00000000c0000000,0x00000000c0000000,0x00000000c4300000)
 Metaspace       used 4675K, committed 4800K, reserved 1056768K
  class space    used 433K, committed 448K, reserved 1048576K
}
Event: 0.549 GC heap after
{Heap after GC invocations=1 (full 0):
 PSYoungGen      total 29696K, used 3649K [0x00000000eab00000, 0x00000000ecc00000, 0x0000000100000000)
  eden space 25600K, 0% used [0x00000000eab00000,0x00000000eab00000,0x00000000ec400000)
  from space 4096K, 89% used [0x00000000ec400000,0x00000000ec790690,0x00000000ec800000)
  to   space 4096K, 0% used [0x00000000ec800000,0x00000000ec800000,0x00000000ecc00000)
 ParOldGen       total 68608K, used 8K [0x00000000c0000000, 0x00000000c4300000, 0x00000000eab00000)
  object space 68608K, 0% used [0x00000000c0000000,0x00000000c0002000,0x00000000c4300000)
 Metaspace       used 4675K, committed 4800K, reserved 1056768K
  class space    used 433K, committed 448K, reserved 1048576K
}

Deoptimization events (20 events):
Event: 0.734 Thread 0x0000028c2aef12e0 Uncommon trap: trap_request=0xffffffc6 fr.pc=0x0000028c3a273c98 relative=0x0000000000000638
Event: 0.734 Thread 0x0000028c2aef12e0 Uncommon trap: reason=bimorphic_or_optimized_type_check action=maybe_recompile pc=0x0000028c3a273c98 method=java.util.Collections$UnmodifiableCollection$1.<init>(Ljava/util/Collections$UnmodifiableCollection;)V @ 17 c2
Event: 0.734 Thread 0x0000028c2aef12e0 DEOPT PACKING pc=0x0000028c3a273c98 sp=0x00000096daef8050
Event: 0.734 Thread 0x0000028c2aef12e0 DEOPT UNPACKING pc=0x0000028c39cf58a3 sp=0x00000096daef7f98 mode 2
Event: 0.734 Thread 0x0000028c2aef12e0 Uncommon trap: trap_request=0xffffffc6 fr.pc=0x0000028c3a273c98 relative=0x0000000000000638
Event: 0.734 Thread 0x0000028c2aef12e0 Uncommon trap: reason=bimorphic_or_optimized_type_check action=maybe_recompile pc=0x0000028c3a273c98 method=java.util.Collections$UnmodifiableCollection$1.<init>(Ljava/util/Collections$UnmodifiableCollection;)V @ 17 c2
Event: 0.734 Thread 0x0000028c2aef12e0 DEOPT PACKING pc=0x0000028c3a273c98 sp=0x00000096daef8050
Event: 0.734 Thread 0x0000028c2aef12e0 DEOPT UNPACKING pc=0x0000028c39cf58a3 sp=0x00000096daef7f98 mode 2
Event: 0.803 Thread 0x0000028c2aef12e0 Uncommon trap: trap_request=0xffffff45 fr.pc=0x0000028c3a288f98 relative=0x00000000000002d8
Event: 0.803 Thread 0x0000028c2aef12e0 Uncommon trap: reason=unstable_if action=reinterpret pc=0x0000028c3a288f98 method=java.lang.invoke.VarHandle.checkExactAccessMode(Ljava/lang/invoke/VarHandle$AccessDescriptor;)V @ 4 c2
Event: 0.803 Thread 0x0000028c2aef12e0 DEOPT PACKING pc=0x0000028c3a288f98 sp=0x00000096daefe240
Event: 0.803 Thread 0x0000028c2aef12e0 DEOPT UNPACKING pc=0x0000028c39cf58a3 sp=0x00000096daefe210 mode 2
Event: 0.868 Thread 0x0000028c2aef12e0 Uncommon trap: trap_request=0xffffffde fr.pc=0x0000028c3a2b5d1c relative=0x000000000000095c
Event: 0.868 Thread 0x0000028c2aef12e0 Uncommon trap: reason=class_check action=maybe_recompile pc=0x0000028c3a2b5d1c method=java.util.HashMap.putVal(ILjava/lang/Object;Ljava/lang/Object;ZZ)Ljava/lang/Object; @ 253 c2
Event: 0.868 Thread 0x0000028c2aef12e0 DEOPT PACKING pc=0x0000028c3a2b5d1c sp=0x00000096daefdcd0
Event: 0.868 Thread 0x0000028c2aef12e0 DEOPT UNPACKING pc=0x0000028c39cf58a3 sp=0x00000096daefdc50 mode 2
Event: 0.869 Thread 0x0000028c2aef12e0 Uncommon trap: trap_request=0xffffffde fr.pc=0x0000028c3a2b5d1c relative=0x000000000000095c
Event: 0.869 Thread 0x0000028c2aef12e0 Uncommon trap: reason=class_check action=maybe_recompile pc=0x0000028c3a2b5d1c method=java.util.HashMap.putVal(ILjava/lang/Object;Ljava/lang/Object;ZZ)Ljava/lang/Object; @ 253 c2
Event: 0.869 Thread 0x0000028c2aef12e0 DEOPT PACKING pc=0x0000028c3a2b5d1c sp=0x00000096daefdcd0
Event: 0.869 Thread 0x0000028c2aef12e0 DEOPT UNPACKING pc=0x0000028c39cf58a3 sp=0x00000096daefdc50 mode 2

Classes unloaded (0 events):
No events

Classes redefined (0 events):
No events

Internal exceptions (20 events):
Event: 0.299 Thread 0x0000028c2aef12e0 Exception <a 'java/io/FileNotFoundException'{0x00000000eb902530}> (0x00000000eb902530) 
thrown [s\open\src\hotspot\share\prims\jni.cpp, line 516]
Event: 0.299 Thread 0x0000028c2aef12e0 Exception <a 'java/io/FileNotFoundException'{0x00000000eb9031f0}> (0x00000000eb9031f0) 
thrown [s\open\src\hotspot\share\prims\jni.cpp, line 516]
Event: 0.310 Thread 0x0000028c2aef12e0 Implicit null exception at 0x0000028c3a2772f2 to 0x0000028c3a277868
Event: 0.311 Thread 0x0000028c2aef12e0 Exception <a 'java/io/FileNotFoundException'{0x00000000eb93f910}> (0x00000000eb93f910) 
thrown [s\open\src\hotspot\share\prims\jni.cpp, line 516]
Event: 0.474 Thread 0x0000028c2aef12e0 Exception <a 'java/lang/ClassNotFoundException'{0x00000000ec146740}: sun/net/www/protocol/c/Handler> (0x00000000ec146740) 
thrown [s\open\src\hotspot\share\classfile\systemDictionary.cpp, line 256]
Event: 0.475 Thread 0x0000028c2aef12e0 Exception <a 'java/lang/ClassNotFoundException'{0x00000000ec147aa0}: sun/net/www/protocol/c/Handler> (0x00000000ec147aa0) 
thrown [s\open\src\hotspot\share\classfile\systemDictionary.cpp, line 256]
Event: 0.475 Thread 0x0000028c2aef12e0 Exception <a 'java/lang/ClassNotFoundException'{0x00000000ec148c40}: sun/net/www/protocol/c/Handler> (0x00000000ec148c40) 
thrown [s\open\src\hotspot\share\classfile\systemDictionary.cpp, line 256]
Event: 0.483 Thread 0x0000028c2aef12e0 Exception <a 'java/io/FileNotFoundException'{0x00000000ec167a50}> (0x00000000ec167a50) 
thrown [s\open\src\hotspot\share\prims\jni.cpp, line 516]
Event: 0.509 Thread 0x0000028c2aef12e0 Implicit null exception at 0x0000028c3a29dbfb to 0x0000028c3a29e5c8
Event: 0.509 Thread 0x0000028c2aef12e0 Implicit null exception at 0x0000028c3a27290c to 0x0000028c3a272b48
Event: 0.509 Thread 0x0000028c2aef12e0 Implicit null exception at 0x0000028c3a28fb6c to 0x0000028c3a28fd44
Event: 0.509 Thread 0x0000028c2aef12e0 Implicit null exception at 0x0000028c3a281c0f to 0x0000028c3a281c89
Event: 0.557 Thread 0x0000028c2aef12e0 Exception <a 'java/lang/NoSuchMethodError'{0x00000000eab30fa0}: 'int java.lang.invoke.DirectMethodHandle$Holder.invokeStaticInit(java.lang.Object, java.lang.Object, java.lang.Object, java.lang.Object)'> (0x00000000eab30fa0) 
thrown [s\open\src\hotspot\share\interpreter\linkResolver.cpp, line 759]
Event: 0.559 Thread 0x0000028c2aef12e0 Exception <a 'java/lang/NoSuchMethodError'{0x00000000eab3b718}: 'java.lang.Object java.lang.invoke.DirectMethodHandle$Holder.invokeInterface(java.lang.Object, java.lang.Object)'> (0x00000000eab3b718) 
thrown [s\open\src\hotspot\share\interpreter\linkResolver.cpp, line 759]
Event: 0.559 Thread 0x0000028c2aef12e0 Exception <a 'java/lang/IncompatibleClassChangeError'{0x00000000eab3ef10}: Found class java.lang.Object, but interface was expected> (0x00000000eab3ef10) 
thrown [s\open\src\hotspot\share\interpreter\linkResolver.cpp, line 826]
Event: 0.559 Thread 0x0000028c2aef12e0 Exception <a 'java/lang/NoSuchMethodError'{0x00000000eab43638}: 'void java.lang.invoke.DirectMethodHandle$Holder.invokeStatic(java.lang.Object, java.lang.Object)'> (0x00000000eab43638) 
thrown [s\open\src\hotspot\share\interpreter\linkResolver.cpp, line 759]
Event: 0.560 Thread 0x0000028c2aef12e0 Exception <a 'java/lang/NoSuchMethodError'{0x00000000eab46f50}: 'void java.lang.invoke.DirectMethodHandle$Holder.invokeStaticInit(java.lang.Object, java.lang.Object)'> (0x00000000eab46f50) 
thrown [s\open\src\hotspot\share\interpreter\linkResolver.cpp, line 759]
Event: 0.560 Thread 0x0000028c2aef12e0 Exception <a 'java/lang/NoSuchMethodError'{0x00000000eab4e7a8}: 'int java.lang.invoke.DirectMethodHandle$Holder.invokeStaticInit(java.lang.Object, java.lang.Object)'> (0x00000000eab4e7a8) 
thrown [s\open\src\hotspot\share\interpreter\linkResolver.cpp, line 759]
Event: 0.603 Thread 0x0000028c2aef12e0 Exception <a 'java/lang/NoSuchMethodError'{0x00000000eacbb208}: 'void java.lang.invoke.DirectMethodHandle$Holder.invokeSpecial(java.lang.Object, java.lang.Object, java.lang.Object)'> (0x00000000eacbb208) 
thrown [s\open\src\hotspot\share\interpreter\linkResolver.cpp, line 759]
Event: 0.851 Thread 0x0000028c2aef12e0 Exception <a 'java/lang/NoSuchMethodError'{0x00000000eb849618}: 'java.lang.Object java.lang.invoke.DirectMethodHandle$Holder.newInvokeSpecial(java.lang.Object, int, java.lang.Object)'> (0x00000000eb849618) 
thrown [s\open\src\hotspot\share\interpreter\linkResolver.cpp, line 759]

VM Operations (20 events):
Event: 0.044 Executing VM operation: HandshakeAllThreads
Event: 0.044 Executing VM operation: HandshakeAllThreads done
Event: 0.083 Executing VM operation: HandshakeAllThreads
Event: 0.083 Executing VM operation: HandshakeAllThreads done
Event: 0.264 Executing VM operation: HandshakeAllThreads
Event: 0.264 Executing VM operation: HandshakeAllThreads done
Event: 0.285 Executing VM operation: HandshakeAllThreads
Event: 0.285 Executing VM operation: HandshakeAllThreads done
Event: 0.460 Executing VM operation: HandshakeAllThreads
Event: 0.460 Executing VM operation: HandshakeAllThreads done
Event: 0.481 Executing VM operation: ICBufferFull
Event: 0.481 Executing VM operation: ICBufferFull done
Event: 0.541 Executing VM operation: ParallelGCFailedAllocation
Event: 0.549 Executing VM operation: ParallelGCFailedAllocation done
Event: 0.827 Executing VM operation: HandshakeAllThreads
Event: 0.828 Executing VM operation: HandshakeAllThreads done
Event: 0.828 Executing VM operation: HandshakeAllThreads
Event: 0.828 Executing VM operation: HandshakeAllThreads done
Event: 0.835 Executing VM operation: HandshakeAllThreads
Event: 0.835 Executing VM operation: HandshakeAllThreads done

Events (20 events):
Event: 0.835 loading class java/util/ArrayList$ListItr
Event: 0.835 loading class java/util/ArrayList$ListItr done
Event: 0.869 loading class java/util/ConcurrentModificationException
Event: 0.869 loading class java/util/ConcurrentModificationException done
Event: 0.874 loading class java/net/ContentHandlerFactory
Event: 0.874 loading class java/net/ContentHandlerFactory done
Event: 0.877 loading class java/net/ContentHandler
Event: 0.877 loading class java/net/ContentHandler done
Event: 0.898 loading class java/security/KeyStoreException
Event: 0.898 loading class java/security/KeyStoreException done
Event: 0.921 loading class java/util/LinkedList$ListItr
Event: 0.921 loading class java/util/LinkedList$ListItr done
Event: 0.930 loading class sun/nio/fs/WindowsChannelFactory
Event: 0.931 loading class sun/nio/fs/WindowsChannelFactory done
Event: 0.931 loading class sun/nio/fs/WindowsChannelFactory$1
Event: 0.932 loading class sun/nio/fs/WindowsChannelFactory$1 done
Event: 0.932 loading class sun/nio/fs/WindowsChannelFactory$Flags
Event: 0.932 loading class sun/nio/fs/WindowsChannelFactory$Flags done
Event: 0.933 loading class sun/nio/ch/FileChannelImpl$Closer
Event: 0.933 loading class sun/nio/ch/FileChannelImpl$Closer done


Dynamic libraries:
0x00007ff603d50000 - 0x00007ff603d60000 	C:\Program Files\Java\jdk-17\bin\java.exe
0x00007ff9fd350000 - 0x00007ff9fd564000 	C:\WINDOWS\SYSTEM32\ntdll.dll
0x00007ff9fb720000 - 0x00007ff9fb7e2000 	C:\WINDOWS\System32\KERNEL32.DLL
0x00007ff9fa8f0000 - 0x00007ff9fac8c000 	C:\WINDOWS\System32\KERNELBASE.dll
0x00007ff9faed0000 - 0x00007ff9fafe1000 	C:\WINDOWS\System32\ucrtbase.dll
0x00007ff9f6900000 - 0x00007ff9f6918000 	C:\Program Files\Java\jdk-17\bin\jli.dll
0x00007ff9fc860000 - 0x00007ff9fc90e000 	C:\WINDOWS\System32\ADVAPI32.dll
0x00007ff9fbd50000 - 0x00007ff9fbdf7000 	C:\WINDOWS\System32\msvcrt.dll
0x00007ff9fbc90000 - 0x00007ff9fbd34000 	C:\WINDOWS\System32\sechost.dll
0x00007ff9fbe20000 - 0x00007ff9fbf37000 	C:\WINDOWS\System32\RPCRT4.dll
0x00007ff9fce40000 - 0x00007ff9fcfeb000 	C:\WINDOWS\System32\USER32.dll
0x00007ff9fa800000 - 0x00007ff9fa826000 	C:\WINDOWS\System32\win32u.dll
0x00007ff9fd2e0000 - 0x00007ff9fd309000 	C:\WINDOWS\System32\GDI32.dll
0x00007ff9fad10000 - 0x00007ff9fae23000 	C:\WINDOWS\System32\gdi32full.dll
0x00007ff9fae30000 - 0x00007ff9faeca000 	C:\WINDOWS\System32\msvcp_win.dll
0x00007ff9d5c00000 - 0x00007ff9d5e8e000 	C:\WINDOWS\WinSxS\amd64_microsoft.windows.common-controls_6595b64144ccf1df_6.0.22621.608_none_a9444ca7c10bb01d\COMCTL32.dll
0x00007ff9f7f70000 - 0x00007ff9f7f7a000 	C:\WINDOWS\SYSTEM32\VERSION.dll
0x00007ff9ee770000 - 0x00007ff9ee78b000 	C:\Program Files\Java\jdk-17\bin\VCRUNTIME140.dll
0x00007ff9fc730000 - 0x00007ff9fc761000 	C:\WINDOWS\System32\IMM32.DLL
0x00007ff9f6e70000 - 0x00007ff9f6e7c000 	C:\Program Files\Java\jdk-17\bin\vcruntime140_1.dll
0x00007ff9d4c60000 - 0x00007ff9d4cee000 	C:\Program Files\Java\jdk-17\bin\msvcp140.dll
0x00007ff96ec00000 - 0x00007ff96f7d7000 	C:\Program Files\Java\jdk-17\bin\server\jvm.dll
0x00007ff9fc850000 - 0x00007ff9fc858000 	C:\WINDOWS\System32\PSAPI.DLL
0x00007ff9f1410000 - 0x00007ff9f1444000 	C:\WINDOWS\SYSTEM32\WINMM.dll
0x00007ff9cd780000 - 0x00007ff9cd789000 	C:\WINDOWS\SYSTEM32\WSOCK32.dll
0x00007ff9fb6a0000 - 0x00007ff9fb711000 	C:\WINDOWS\System32\WS2_32.dll
0x00007ff9f9860000 - 0x00007ff9f9878000 	C:\WINDOWS\SYSTEM32\kernel.appcore.dll
0x00007ff9f5390000 - 0x00007ff9f539a000 	C:\Program Files\Java\jdk-17\bin\jimage.dll
0x00007ff9f7ce0000 - 0x00007ff9f7f0e000 	C:\WINDOWS\SYSTEM32\DBGHELP.DLL
0x00007ff9fb160000 - 0x00007ff9fb4e9000 	C:\WINDOWS\System32\combase.dll
0x00007ff9fc770000 - 0x00007ff9fc847000 	C:\WINDOWS\System32\OLEAUT32.dll
0x00007ff9cd850000 - 0x00007ff9cd882000 	C:\WINDOWS\SYSTEM32\dbgcore.DLL
0x00007ff9fac90000 - 0x00007ff9fad0b000 	C:\WINDOWS\System32\bcryptPrimitives.dll
0x00007ff9f4aa0000 - 0x00007ff9f4aae000 	C:\Program Files\Java\jdk-17\bin\instrument.dll
0x00007ff9dd3b0000 - 0x00007ff9dd3d5000 	C:\Program Files\Java\jdk-17\bin\java.dll
0x00007ff997800000 - 0x00007ff9978d7000 	C:\Program Files\Java\jdk-17\bin\jsvml.dll
0x00007ff9fbf40000 - 0x00007ff9fc730000 	C:\WINDOWS\System32\SHELL32.dll
0x00007ff9f87a0000 - 0x00007ff9f906d000 	C:\WINDOWS\SYSTEM32\windows.storage.dll
0x00007ff9f8660000 - 0x00007ff9f879e000 	C:\WINDOWS\SYSTEM32\wintypes.dll
0x00007ff9fcff0000 - 0x00007ff9fd0e1000 	C:\WINDOWS\System32\SHCORE.dll
0x00007ff9fcc10000 - 0x00007ff9fcc6e000 	C:\WINDOWS\System32\shlwapi.dll
0x00007ff9fa6c0000 - 0x00007ff9fa6e1000 	C:\WINDOWS\SYSTEM32\profapi.dll
0x00007ff9dd1e0000 - 0x00007ff9dd1f8000 	C:\Program Files\Java\jdk-17\bin\zip.dll
0x00007ff9ee0e0000 - 0x00007ff9ee0f9000 	C:\Program Files\Java\jdk-17\bin\net.dll
0x00007ff9f47c0000 - 0x00007ff9f48f7000 	C:\WINDOWS\SYSTEM32\WINHTTP.dll
0x00007ff9f9d40000 - 0x00007ff9f9da9000 	C:\WINDOWS\system32\mswsock.dll
0x00007ff9dd2a0000 - 0x00007ff9dd2b6000 	C:\Program Files\Java\jdk-17\bin\nio.dll
0x00007ff9f22f0000 - 0x00007ff9f2300000 	C:\Program Files\Java\jdk-17\bin\verify.dll

dbghelp: loaded successfully - version: 4.0.5 - missing functions: none
symbol engine: initialized successfully - sym options: 0x614 - pdb path: .;C:\Program Files\Java\jdk-17\bin;C:\WINDOWS\SYSTEM32;C:\WINDOWS\WinSxS\amd64_microsoft.windows.common-controls_6595b64144ccf1df_6.0.22621.608_none_a9444ca7c10bb01d;C:\Program Files\Java\jdk-17\bin\server

VM Arguments:
jvm_args: --add-modules=ALL-SYSTEM --add-opens=java.base/java.util=ALL-UNNAMED --add-opens=java.base/java.lang=ALL-UNNAMED --add-opens=java.base/sun.nio.fs=ALL-UNNAMED -Declipse.application=org.eclipse.jdt.ls.core.id1 -Dosgi.bundles.defaultStartLevel=4 -Declipse.product=org.eclipse.jdt.ls.core.product -Djava.import.generatesMetadataFilesAtProjectRoot=false -Dfile.encoding=utf8 -XX:+UseParallelGC -XX:GCTimeRatio=4 -XX:AdaptiveSizePolicyWeight=90 -Dsun.zip.disableMemoryMapping=true -Xmx1G -Xms100m -Xlog:disable -javaagent:c:\Users\nat24\.vscode\extensions\redhat.java-1.16.0-win32-x64\lombok\lombok-1.18.24.jar 
java_command: c:\Users\nat24\.vscode\extensions\redhat.java-1.16.0-win32-x64\server\plugins\org.eclipse.equinox.launcher_1.6.400.v20210924-0641.jar -configuration c:\Users\nat24\AppData\Roaming\Code\User\globalStorage\redhat.java\1.16.0\config_ss_win -data c:\Users\nat24\AppData\Roaming\Code\User\workspaceStorage\7ee068461fea0a2cbf1ecac1b635f22a\redhat.java\ss_ws
java_class_path (initial): c:\Users\nat24\.vscode\extensions\redhat.java-1.16.0-win32-x64\server\plugins\org.eclipse.equinox.launcher_1.6.400.v20210924-0641.jar
Launcher Type: SUN_STANDARD

[Global flags]
    uintx AdaptiveSizePolicyWeight                 = 90                                        {product} {command line}
     intx CICompilerCount                          = 4                                         {product} {ergonomic}
    uintx GCTimeRatio                              = 4                                         {product} {command line}
   size_t InitialHeapSize                          = 104857600                                 {product} {command line}
   size_t MaxHeapSize                              = 1073741824                                {product} {command line}
   size_t MaxNewSize                               = 357564416                                 {product} {ergonomic}
   size_t MinHeapDeltaBytes                        = 524288                                    {product} {ergonomic}
   size_t MinHeapSize                              = 104857600                                 {product} {command line}
   size_t NewSize                                  = 34603008                                  {product} {ergonomic}
    uintx NonNMethodCodeHeapSize                   = 5839372                                {pd product} {ergonomic}
    uintx NonProfiledCodeHeapSize                  = 122909434                              {pd product} {ergonomic}
   size_t OldSize                                  = 70254592                                  {product} {ergonomic}
    uintx ProfiledCodeHeapSize                     = 122909434                              {pd product} {ergonomic}
    uintx ReservedCodeCacheSize                    = 251658240                              {pd product} {ergonomic}
     bool SegmentedCodeCache                       = true                                      {product} {ergonomic}
   size_t SoftMaxHeapSize                          = 1073741824                             {manageable} {ergonomic}
     bool UseCompressedClassPointers               = true                           {product lp64_product} {ergonomic}
     bool UseCompressedOops                        = true                           {product lp64_product} {ergonomic}
     bool UseLargePagesIndividualAllocation        = false                                  {pd product} {ergonomic}
     bool UseParallelGC                            = true                                      {product} {command line}

Logging:
Log output configuration:
 #0: stdout all=off uptime,level,tags
 #1: stderr all=off uptime,level,tags

Environment Variables:
CLASSPATH=C:\Users\nat24\eclipse-workspace
PATH=C:\Program Files\Common Files\Oracle\Java\javapath;C:\Python310\Scripts\;C:\Python310\;C:\WINDOWS\system32;C:\WINDOWS;C:\WINDOWS\System32\Wbem;C:\WINDOWS\System32\WindowsPowerShell\v1.0\;C:\WINDOWS\System32\OpenSSH\;C:\Program Files\nodejs\;C:\ProgramData\chocolatey\bin;C:\Program Files\Git\cmd;C:\Program Files\PuTTY\;C:\Users\nat24\AppData\Local\Microsoft\WindowsApps;C:\Users\nat24\AppData\Roaming\npm;C:\Users\nat24\eclipse-workspace\Assignment_1\bin;C:\Users\nat24\AppData\Local\Programs\Microsoft VS Code\bin;
USERNAME=nat24
OS=Windows_NT
PROCESSOR_IDENTIFIER=Intel64 Family 6 Model 140 Stepping 1, GenuineIntel



---------------  S Y S T E M  ---------------

OS:
 Windows 11 , 64 bit Build 22621 (10.0.22621.1485)
OS uptime: 0 days 13:29 hours

CPU: total 8 (initial active 8) (4 cores per cpu, 2 threads per core) family 6 model 140 stepping 1 microcode 0xa6, cx8, cmov, fxsr, ht, mmx, 3dnowpref, sse, sse2, sse3, ssse3, sse4.1, sse4.2, popcnt, lzcnt, tsc, tscinvbit, avx, avx2, aes, erms, clmul, bmi1, bmi2, adx, avx512f, avx512dq, avx512cd, avx512bw, avx512vl, sha, fma, vzeroupper, avx512_vpopcntdq, avx512_vpclmulqdq, avx512_vaes, avx512_vnni, clflush, clflushopt, clwb, avx512_vbmi2, avx512_vbmi

Memory: 4k page, system-wide physical 16064M (5798M free)
TotalPageFile size 65216M (AvailPageFile size 3M)
current process WorkingSet (physical memory assigned to process): 84M, peak: 84M
current process commit charge ("private bytes"): 211M, peak: 212M

vm_info: Java HotSpot(TM) 64-Bit Server VM (17.0.6+9-LTS-190) for windows-amd64 JRE (17.0.6+9-LTS-190), built on Dec  6 2022 15:53:54 by "mach5one" with MS VC++ 17.1 (VS2022)

END.
