#
# There is insufficient memory for the Java Runtime Environment to continue.
# Native memory allocation (malloc) failed to allocate 1618736 bytes for Chunk::new
# Possible reasons:
#   The system is out of physical RAM or swap space
#   The process is running with CompressedOops enabled, and the Java Heap may be blocking the growth of the native heap
# Possible solutions:
#   Reduce memory load on the system
#   Increase physical memory or swap space
#   Check if swap backing store is full
#   Decrease Java heap size (-Xmx/-Xms)
#   Decrease number of Java threads
#   Decrease Java thread stack sizes (-Xss)
#   Set larger code cache with -XX:ReservedCodeCacheSize=
#   JVM is running with Unscaled Compressed Oops mode in which the Java heap is
#     placed in the first 4GB address space. The Java Heap base address is the
#     maximum limit for the native heap growth. Please use -XX:HeapBaseMinAddress
#     to set the Java Heap base and to place the Java Heap above 4GB virtual address.
# This output file may be truncated or incomplete.
#
#  Out of Memory Error (arena.cpp:189), pid=6216, tid=10376
#
# JRE version: Java(TM) SE Runtime Environment (17.0.6+9) (build 17.0.6+9-LTS-190)
# Java VM: Java HotSpot(TM) 64-Bit Server VM (17.0.6+9-LTS-190, mixed mode, sharing, tiered, compressed oops, compressed class ptrs, parallel gc, windows-amd64)
# No core dump will be written. Minidumps are not enabled by default on client versions of Windows
#

---------------  S U M M A R Y ------------

Command Line: --add-modules=ALL-SYSTEM --add-opens=java.base/java.util=ALL-UNNAMED --add-opens=java.base/java.lang=ALL-UNNAMED --add-opens=java.base/sun.nio.fs=ALL-UNNAMED -Declipse.application=org.eclipse.jdt.ls.core.id1 -Dosgi.bundles.defaultStartLevel=4 -Declipse.product=org.eclipse.jdt.ls.core.product -Djava.import.generatesMetadataFilesAtProjectRoot=false -Dfile.encoding=utf8 -XX:+UseParallelGC -XX:GCTimeRatio=4 -XX:AdaptiveSizePolicyWeight=90 -Dsun.zip.disableMemoryMapping=true -Xmx1G -Xms100m -Xlog:disable -javaagent:c:\Users\nat24\.vscode\extensions\redhat.java-1.16.0-win32-x64\lombok\lombok-1.18.24.jar c:\Users\nat24\.vscode\extensions\redhat.java-1.16.0-win32-x64\server\plugins\org.eclipse.equinox.launcher_1.6.400.v20210924-0641.jar -configuration c:\Users\nat24\AppData\Roaming\Code\User\globalStorage\redhat.java\1.16.0\config_ss_win -data c:\Users\nat24\AppData\Roaming\Code\User\workspaceStorage\7ee068461fea0a2cbf1ecac1b635f22a\redhat.java\ss_ws

Host: 11th Gen Intel(R) Core(TM) i7-1165G7 @ 2.80GHz, 8 cores, 15G,  Windows 11 , 64 bit Build 22621 (10.0.22621.1485)
Time: Thu Apr 13 11:59:26 2023 AUS Eastern Standard Time elapsed time: 1.714113 seconds (0d 0h 0m 1s)

---------------  T H R E A D  ---------------

Current thread (0x000001d3656e2ca0):  JavaThread "C2 CompilerThread0" daemon [_thread_in_native, id=10376, stack(0x0000005398200000,0x0000005398300000)]


Current CompileTask:
C2:   1714 2278       4       org.objectweb.asm.ClassReader::readMethod (1066 bytes)

Stack: [0x0000005398200000,0x0000005398300000]
Native frames: (J=compiled Java code, j=interpreted, Vv=VM code, C=native code)
V  [jvm.dll+0x6734ea]
V  [jvm.dll+0x7d18f4]
V  [jvm.dll+0x7d309e]
V  [jvm.dll+0x7d3703]
V  [jvm.dll+0x2433c5]
V  [jvm.dll+0xaa46b]
V  [jvm.dll+0xaaa0c]
V  [jvm.dll+0x35eadf]
V  [jvm.dll+0x1b967a]
V  [jvm.dll+0x215f37]
V  [jvm.dll+0x215211]
V  [jvm.dll+0x1a1730]
V  [jvm.dll+0x224b6e]
V  [jvm.dll+0x222f15]
V  [jvm.dll+0x78753c]
V  [jvm.dll+0x781a7a]
V  [jvm.dll+0x672375]
C  [ucrtbase.dll+0x29363]
C  [KERNEL32.DLL+0x1269d]
C  [ntdll.dll+0x5a9f8]


---------------  P R O C E S S  ---------------

Threads class SMR info:
_java_thread_list=0x000001d368fb7730, length=23, elements={
0x000001d34cc90f00, 0x000001d3656bf0e0, 0x000001d3656bfc90, 0x000001d3656d8e60,
0x000001d3656d9a10, 0x000001d3656dedb0, 0x000001d3656e1f10, 0x000001d3656e2ca0,
0x000001d3656f8ae0, 0x000001d365709c50, 0x000001d367dcebe0, 0x000001d367e74590,
0x000001d367f4aa70, 0x000001d367f5ce10, 0x000001d368b8ea50, 0x000001d368c9c980,
0x000001d368b5e1e0, 0x000001d368f5a960, 0x000001d368b4c8a0, 0x000001d368eea330,
0x000001d368eeacd0, 0x000001d368ee94c0, 0x000001d368ee9e60
}

Java Threads: ( => current thread )
  0x000001d34cc90f00 JavaThread "main" [_thread_blocked, id=5780, stack(0x0000005397900000,0x0000005397a00000)]
  0x000001d3656bf0e0 JavaThread "Reference Handler" daemon [_thread_blocked, id=3160, stack(0x0000005397c00000,0x0000005397d00000)]
  0x000001d3656bfc90 JavaThread "Finalizer" daemon [_thread_blocked, id=4924, stack(0x0000005397d00000,0x0000005397e00000)]
  0x000001d3656d8e60 JavaThread "Signal Dispatcher" daemon [_thread_blocked, id=13568, stack(0x0000005397e00000,0x0000005397f00000)]
  0x000001d3656d9a10 JavaThread "Attach Listener" daemon [_thread_blocked, id=12784, stack(0x0000005397f00000,0x0000005398000000)]
  0x000001d3656dedb0 JavaThread "Service Thread" daemon [_thread_blocked, id=1924, stack(0x0000005398000000,0x0000005398100000)]
  0x000001d3656e1f10 JavaThread "Monitor Deflation Thread" daemon [_thread_blocked, id=16456, stack(0x0000005398100000,0x0000005398200000)]
=>0x000001d3656e2ca0 JavaThread "C2 CompilerThread0" daemon [_thread_in_native, id=10376, stack(0x0000005398200000,0x0000005398300000)]
  0x000001d3656f8ae0 JavaThread "C1 CompilerThread0" daemon [_thread_blocked, id=11028, stack(0x0000005398300000,0x0000005398400000)]
  0x000001d365709c50 JavaThread "Sweeper thread" daemon [_thread_blocked, id=17744, stack(0x0000005398400000,0x0000005398500000)]
  0x000001d367dcebe0 JavaThread "Common-Cleaner" daemon [_thread_blocked, id=9752, stack(0x0000005398500000,0x0000005398600000)]
  0x000001d367e74590 JavaThread "C2 CompilerThread1" daemon [_thread_blocked, id=4668, stack(0x0000005398600000,0x0000005398700000)]
  0x000001d367f4aa70 JavaThread "Notification Thread" daemon [_thread_blocked, id=7392, stack(0x0000005398700000,0x0000005398800000)]
  0x000001d367f5ce10 JavaThread "C2 CompilerThread2" daemon [_thread_blocked, id=10284, stack(0x0000005398900000,0x0000005398a00000)]
  0x000001d368b8ea50 JavaThread "Active Thread: Equinox Container: 7bffdd47-dde9-4bb5-83af-e212672f8681" [_thread_blocked, id=19336, stack(0x0000005399000000,0x0000005399100000)]
  0x000001d368c9c980 JavaThread "Framework Event Dispatcher: Equinox Container: 7bffdd47-dde9-4bb5-83af-e212672f8681" daemon [_thread_blocked, id=14852, stack(0x0000005399100000,0x0000005399200000)]
  0x000001d368b5e1e0 JavaThread "Start Level: Equinox Container: 7bffdd47-dde9-4bb5-83af-e212672f8681" daemon [_thread_blocked, id=4968, stack(0x0000005399200000,0x0000005399300000)]
  0x000001d368f5a960 JavaThread "SCR Component Actor" daemon [_thread_blocked, id=16360, stack(0x0000005399300000,0x0000005399400000)]
  0x000001d368b4c8a0 JavaThread "SCR Component Registry" daemon [_thread_blocked, id=19168, stack(0x0000005399500000,0x0000005399600000)]
  0x000001d368eea330 JavaThread "Worker-JM" [_thread_blocked, id=13220, stack(0x0000005399600000,0x0000005399700000)]
  0x000001d368eeacd0 JavaThread "Worker-0" [_thread_blocked, id=13844, stack(0x0000005399700000,0x0000005399800000)]
  0x000001d368ee94c0 JavaThread "Worker-1" [_thread_blocked, id=10292, stack(0x0000005399800000,0x0000005399900000)]
  0x000001d368ee9e60 JavaThread "Java indexing" daemon [_thread_blocked, id=19228, stack(0x0000005399900000,0x0000005399a00000)]

Other Threads:
  0x000001d34cd5ec10 VMThread "VM Thread" [stack: 0x0000005397b00000,0x0000005397c00000] [id=13576]
  0x000001d367f4af40 WatcherThread [stack: 0x0000005398800000,0x0000005398900000] [id=18168]
  0x000001d34cca5d80 GCTaskThread "GC Thread#0" [stack: 0x0000005397a00000,0x0000005397b00000] [id=11420]
  0x000001d3686827f0 GCTaskThread "GC Thread#1" [stack: 0x0000005398a00000,0x0000005398b00000] [id=16580]
  0x000001d368682aa0 GCTaskThread "GC Thread#2" [stack: 0x0000005398b00000,0x0000005398c00000] [id=18660]
  0x000001d368595560 GCTaskThread "GC Thread#3" [stack: 0x0000005398c00000,0x0000005398d00000] [id=3792]
  0x000001d368595810 GCTaskThread "GC Thread#4" [stack: 0x0000005398d00000,0x0000005398e00000] [id=12984]
  0x000001d367f5bf00 GCTaskThread "GC Thread#5" [stack: 0x0000005398e00000,0x0000005398f00000] [id=6308]
  0x000001d367f5c1b0 GCTaskThread "GC Thread#6" [stack: 0x0000005398f00000,0x0000005399000000] [id=10572]
  0x000001d3687d2420 GCTaskThread "GC Thread#7" [stack: 0x0000005399400000,0x0000005399500000] [id=7476]

Threads with active compile tasks:
C2 CompilerThread0     1724 2278       4       org.objectweb.asm.ClassReader::readMethod (1066 bytes)

VM state: not at safepoint (normal execution)

VM Mutex/Monitor currently owned by a thread: None

Heap address: 0x00000000c0000000, size: 1024 MB, Compressed Oops mode: 32-bit

CDS archive(s) mapped at: [0x0000000800000000-0x0000000800bd0000-0x0000000800bd0000), size 12386304, SharedBaseAddress: 0x0000000800000000, ArchiveRelocationMode: 0.
Compressed class space mapped at: 0x0000000800c00000-0x0000000840c00000, reserved size: 1073741824
Narrow klass base: 0x0000000800000000, Narrow klass shift: 0, Narrow klass range: 0x100000000

GC Precious Log:
 CPUs: 8 total, 8 available
 Memory: 16064M
 Large Page Support: Disabled
 NUMA Support: Disabled
 Compressed Oops: Enabled (32-bit)
 Alignments: Space 512K, Generation 512K, Heap 2M
 Heap Min Capacity: 100M
 Heap Initial Capacity: 100M
 Heap Max Capacity: 1G
 Pre-touch: Disabled
 Parallel Workers: 8

Heap:
 PSYoungGen      total 29184K, used 6611K [0x00000000eab00000, 0x00000000ecd80000, 0x0000000100000000)
  eden space 25088K, 10% used [0x00000000eab00000,0x00000000ead77f40,0x00000000ec380000)
  from space 4096K, 99% used [0x00000000ec400000,0x00000000ec7fcd20,0x00000000ec800000)
  to   space 5120K, 0% used [0x00000000ec880000,0x00000000ec880000,0x00000000ecd80000)
 ParOldGen       total 68608K, used 3937K [0x00000000c0000000, 0x00000000c4300000, 0x00000000eab00000)
  object space 68608K, 5% used [0x00000000c0000000,0x00000000c03d8520,0x00000000c4300000)
 Metaspace       used 20498K, committed 20928K, reserved 1073152K
  class space    used 1892K, committed 2112K, reserved 1048576K

Card table byte_map: [0x000001d34c640000,0x000001d34c850000] _byte_map_base: 0x000001d34c040000

Marking Bits: (ParMarkBitMap*) 0x00007ff96f7195f0
 Begin Bits: [0x000001d363510000, 0x000001d364510000)
 End Bits:   [0x000001d364510000, 0x000001d365510000)

Polling page: 0x000001d34ac30000

Metaspace:

Usage:
  Non-class:     18.17 MB used.
      Class:      1.85 MB used.
       Both:     20.02 MB used.

Virtual space:
  Non-class space:       24.00 MB reserved,      18.38 MB ( 77%) committed,  3 nodes.
      Class space:        1.00 GB reserved,       2.06 MB ( <1%) committed,  1 nodes.
             Both:        1.02 GB reserved,      20.44 MB (  2%) committed. 

Chunk freelists:
   Non-Class:  784.00 KB
       Class:  1.97 MB
        Both:  2.74 MB

MaxMetaspaceSize: unlimited
CompressedClassSpaceSize: 1.00 GB
Initial GC threshold: 21.00 MB
Current GC threshold: 21.00 MB
CDS: on
MetaspaceReclaimPolicy: balanced
 - commit_granule_bytes: 65536.
 - commit_granule_words: 8192.
 - virtual_space_node_default_size: 1048576.
 - enlarge_chunks_in_place: 1.
 - new_chunks_are_fully_committed: 0.
 - uncommit_free_chunks: 1.
 - use_allocation_guard: 0.
 - handle_deallocations: 1.


Internal statistics:

num_allocs_failed_limit: 0.
num_arena_births: 216.
num_arena_deaths: 0.
num_vsnodes_births: 4.
num_vsnodes_deaths: 0.
num_space_committed: 327.
num_space_uncommitted: 0.
num_chunks_returned_to_freelist: 0.
num_chunks_taken_from_freelist: 918.
num_chunk_merges: 0.
num_chunk_splits: 631.
num_chunks_enlarged: 438.
num_purges: 0.
num_inconsistent_stats: 0.

CodeHeap 'non-profiled nmethods': size=120000Kb used=986Kb max_used=986Kb free=119013Kb
 bounds [0x000001d35bfe0000, 0x000001d35c250000, 0x000001d363510000]
CodeHeap 'profiled nmethods': size=120000Kb used=4790Kb max_used=4790Kb free=115209Kb
 bounds [0x000001d354510000, 0x000001d3549c0000, 0x000001d35ba40000]
CodeHeap 'non-nmethods': size=5760Kb used=1233Kb max_used=1252Kb free=4526Kb
 bounds [0x000001d35ba40000, 0x000001d35bcb0000, 0x000001d35bfe0000]
 total_blobs=2930 nmethods=2394 adapters=450
 compilation: enabled
              stopped_count=0, restarted_count=0
 full_count=0

Compilation events (20 events):
Event: 1.691 Thread 0x000001d3656f8ae0 nmethod 2385 0x000001d35c0d3510 code [0x000001d35c0d36a0, 0x000001d35c0d3778]
Event: 1.697 Thread 0x000001d367e74590 nmethod 2357 0x000001d35c0d3810 code [0x000001d35c0d3a60, 0x000001d35c0d50f0]
Event: 1.699 Thread 0x000001d3656f8ae0 2386   !   3       jdk.internal.reflect.NativeConstructorAccessorImpl::newInstance (122 bytes)
Event: 1.700 Thread 0x000001d3656f8ae0 nmethod 2386 0x000001d3549b8f90 code [0x000001d3549b91e0, 0x000001d3549b9d88]
Event: 1.702 Thread 0x000001d367f5ce10 2388       4       java.util.ArrayList$SubList$1::next (85 bytes)
Event: 1.703 Thread 0x000001d367f5ce10 nmethod 2388 0x000001d35c0d6410 code [0x000001d35c0d65a0, 0x000001d35c0d66d8]
Event: 1.704 Thread 0x000001d3656f8ae0 2389       3       java.util.concurrent.ConcurrentHashMap::remove (8 bytes)
Event: 1.704 Thread 0x000001d3656f8ae0 nmethod 2389 0x000001d3549ba290 code [0x000001d3549ba440, 0x000001d3549ba588]
Event: 1.709 Thread 0x000001d3656f8ae0 2390       3       java.util.HashMap::put (13 bytes)
Event: 1.710 Thread 0x000001d3656f8ae0 nmethod 2390 0x000001d3549ba610 code [0x000001d3549ba7c0, 0x000001d3549baab8]
Event: 1.710 Thread 0x000001d3656f8ae0 2391       3       java.util.HashMap::putVal (300 bytes)
Event: 1.710 Thread 0x000001d3656f8ae0 nmethod 2391 0x000001d3549bac10 code [0x000001d3549baec0, 0x000001d3549bc058]
Event: 1.711 Thread 0x000001d3656f8ae0 2392       3       java.util.TreeMap::leftOf (13 bytes)
Event: 1.711 Thread 0x000001d3656f8ae0 nmethod 2392 0x000001d3549bc510 code [0x000001d3549bc6a0, 0x000001d3549bc818]
Event: 1.711 Thread 0x000001d3656f8ae0 2393       3       java.lang.Character::toUpperCase (6 bytes)
Event: 1.711 Thread 0x000001d3656f8ae0 nmethod 2393 0x000001d3549bc910 code [0x000001d3549bcac0, 0x000001d3549bcd18]
Event: 1.711 Thread 0x000001d3656f8ae0 2394       3       java.lang.Character::toUpperCase (9 bytes)
Event: 1.711 Thread 0x000001d3656f8ae0 nmethod 2394 0x000001d3549bce10 code [0x000001d3549bcfc0, 0x000001d3549bd1b8]
Event: 1.711 Thread 0x000001d3656f8ae0 2395       3       java.lang.ProcessEnvironment$NameComparator::compare (13 bytes)
Event: 1.711 Thread 0x000001d3656f8ae0 nmethod 2395 0x000001d3549bd290 code [0x000001d3549bd440, 0x000001d3549bd768]

GC Heap History (10 events):
Event: 0.515 GC heap before
{Heap before GC invocations=1 (full 0):
 PSYoungGen      total 29696K, used 25600K [0x00000000eab00000, 0x00000000ecc00000, 0x0000000100000000)
  eden space 25600K, 100% used [0x00000000eab00000,0x00000000ec400000,0x00000000ec400000)
  from space 4096K, 0% used [0x00000000ec800000,0x00000000ec800000,0x00000000ecc00000)
  to   space 4096K, 0% used [0x00000000ec400000,0x00000000ec400000,0x00000000ec800000)
 ParOldGen       total 68608K, used 0K [0x00000000c0000000, 0x00000000c4300000, 0x00000000eab00000)
  object space 68608K, 0% used [0x00000000c0000000,0x00000000c0000000,0x00000000c4300000)
 Metaspace       used 4683K, committed 4800K, reserved 1056768K
  class space    used 432K, committed 448K, reserved 1048576K
}
Event: 0.521 GC heap after
{Heap after GC invocations=1 (full 0):
 PSYoungGen      total 29696K, used 3656K [0x00000000eab00000, 0x00000000ecc00000, 0x0000000100000000)
  eden space 25600K, 0% used [0x00000000eab00000,0x00000000eab00000,0x00000000ec400000)
  from space 4096K, 89% used [0x00000000ec400000,0x00000000ec792228,0x00000000ec800000)
  to   space 4096K, 0% used [0x00000000ec800000,0x00000000ec800000,0x00000000ecc00000)
 ParOldGen       total 68608K, used 16K [0x00000000c0000000, 0x00000000c4300000, 0x00000000eab00000)
  object space 68608K, 0% used [0x00000000c0000000,0x00000000c0004000,0x00000000c4300000)
 Metaspace       used 4683K, committed 4800K, reserved 1056768K
  class space    used 432K, committed 448K, reserved 1048576K
}
Event: 0.964 GC heap before
{Heap before GC invocations=2 (full 0):
 PSYoungGen      total 29696K, used 29256K [0x00000000eab00000, 0x00000000ecc00000, 0x0000000100000000)
  eden space 25600K, 100% used [0x00000000eab00000,0x00000000ec400000,0x00000000ec400000)
  from space 4096K, 89% used [0x00000000ec400000,0x00000000ec792228,0x00000000ec800000)
  to   space 4096K, 0% used [0x00000000ec800000,0x00000000ec800000,0x00000000ecc00000)
 ParOldGen       total 68608K, used 16K [0x00000000c0000000, 0x00000000c4300000, 0x00000000eab00000)
  object space 68608K, 0% used [0x00000000c0000000,0x00000000c0004000,0x00000000c4300000)
 Metaspace       used 8876K, committed 9152K, reserved 1056768K
  class space    used 861K, committed 960K, reserved 1048576K
}
Event: 0.968 GC heap after
{Heap after GC invocations=2 (full 0):
 PSYoungGen      total 29696K, used 4077K [0x00000000eab00000, 0x00000000ecc00000, 0x0000000100000000)
  eden space 25600K, 0% used [0x00000000eab00000,0x00000000eab00000,0x00000000ec400000)
  from space 4096K, 99% used [0x00000000ec800000,0x00000000ecbfb708,0x00000000ecc00000)
  to   space 4096K, 0% used [0x00000000ec400000,0x00000000ec400000,0x00000000ec800000)
 ParOldGen       total 68608K, used 1334K [0x00000000c0000000, 0x00000000c4300000, 0x00000000eab00000)
  object space 68608K, 1% used [0x00000000c0000000,0x00000000c014da80,0x00000000c4300000)
 Metaspace       used 8876K, committed 9152K, reserved 1056768K
  class space    used 861K, committed 960K, reserved 1048576K
}
Event: 1.380 GC heap before
{Heap before GC invocations=3 (full 0):
 PSYoungGen      total 29696K, used 29677K [0x00000000eab00000, 0x00000000ecc00000, 0x0000000100000000)
  eden space 25600K, 100% used [0x00000000eab00000,0x00000000ec400000,0x00000000ec400000)
  from space 4096K, 99% used [0x00000000ec800000,0x00000000ecbfb708,0x00000000ecc00000)
  to   space 4096K, 0% used [0x00000000ec400000,0x00000000ec400000,0x00000000ec800000)
 ParOldGen       total 68608K, used 1334K [0x00000000c0000000, 0x00000000c4300000, 0x00000000eab00000)
  object space 68608K, 1% used [0x00000000c0000000,0x00000000c014da80,0x00000000c4300000)
 Metaspace       used 13526K, committed 13888K, reserved 1064960K
  class space    used 1333K, committed 1472K, reserved 1048576K
}
Event: 1.383 GC heap after
{Heap after GC invocations=3 (full 0):
 PSYoungGen      total 29696K, used 4088K [0x00000000eab00000, 0x00000000ecc00000, 0x0000000100000000)
  eden space 25600K, 0% used [0x00000000eab00000,0x00000000eab00000,0x00000000ec400000)
  from space 4096K, 99% used [0x00000000ec400000,0x00000000ec7fe150,0x00000000ec800000)
  to   space 4096K, 0% used [0x00000000ec800000,0x00000000ec800000,0x00000000ecc00000)
 ParOldGen       total 68608K, used 2864K [0x00000000c0000000, 0x00000000c4300000, 0x00000000eab00000)
  object space 68608K, 4% used [0x00000000c0000000,0x00000000c02cc2a8,0x00000000c4300000)
 Metaspace       used 13526K, committed 13888K, reserved 1064960K
  class space    used 1333K, committed 1472K, reserved 1048576K
}
Event: 1.537 GC heap before
{Heap before GC invocations=4 (full 0):
 PSYoungGen      total 29696K, used 29688K [0x00000000eab00000, 0x00000000ecc00000, 0x0000000100000000)
  eden space 25600K, 100% used [0x00000000eab00000,0x00000000ec400000,0x00000000ec400000)
  from space 4096K, 99% used [0x00000000ec400000,0x00000000ec7fe150,0x00000000ec800000)
  to   space 4096K, 0% used [0x00000000ec800000,0x00000000ec800000,0x00000000ecc00000)
 ParOldGen       total 68608K, used 2864K [0x00000000c0000000, 0x00000000c4300000, 0x00000000eab00000)
  object space 68608K, 4% used [0x00000000c0000000,0x00000000c02cc2a8,0x00000000c4300000)
 Metaspace       used 16882K, committed 17280K, reserved 1064960K
  class space    used 1591K, committed 1792K, reserved 1048576K
}
Event: 1.539 GC heap after
{Heap after GC invocations=4 (full 0):
 PSYoungGen      total 29696K, used 4080K [0x00000000eab00000, 0x00000000ecc00000, 0x0000000100000000)
  eden space 25600K, 0% used [0x00000000eab00000,0x00000000eab00000,0x00000000ec400000)
  from space 4096K, 99% used [0x00000000ec800000,0x00000000ecbfc388,0x00000000ecc00000)
  to   space 4096K, 0% used [0x00000000ec400000,0x00000000ec400000,0x00000000ec800000)
 ParOldGen       total 68608K, used 3440K [0x00000000c0000000, 0x00000000c4300000, 0x00000000eab00000)
  object space 68608K, 5% used [0x00000000c0000000,0x00000000c035c2d8,0x00000000c4300000)
 Metaspace       used 16882K, committed 17280K, reserved 1064960K
  class space    used 1591K, committed 1792K, reserved 1048576K
}
Event: 1.665 GC heap before
{Heap before GC invocations=5 (full 0):
 PSYoungGen      total 29696K, used 29680K [0x00000000eab00000, 0x00000000ecc00000, 0x0000000100000000)
  eden space 25600K, 100% used [0x00000000eab00000,0x00000000ec400000,0x00000000ec400000)
  from space 4096K, 99% used [0x00000000ec800000,0x00000000ecbfc388,0x00000000ecc00000)
  to   space 4096K, 0% used [0x00000000ec400000,0x00000000ec400000,0x00000000ec800000)
 ParOldGen       total 68608K, used 3440K [0x00000000c0000000, 0x00000000c4300000, 0x00000000eab00000)
  object space 68608K, 5% used [0x00000000c0000000,0x00000000c035c2d8,0x00000000c4300000)
 Metaspace       used 20157K, committed 20544K, reserved 1073152K
  class space    used 1854K, committed 2048K, reserved 1048576K
}
Event: 1.668 GC heap after
{Heap after GC invocations=5 (full 0):
 PSYoungGen      total 29184K, used 4083K [0x00000000eab00000, 0x00000000ecd80000, 0x0000000100000000)
  eden space 25088K, 0% used [0x00000000eab00000,0x00000000eab00000,0x00000000ec380000)
  from space 4096K, 99% used [0x00000000ec400000,0x00000000ec7fcd20,0x00000000ec800000)
  to   space 5120K, 0% used [0x00000000ec880000,0x00000000ec880000,0x00000000ecd80000)
 ParOldGen       total 68608K, used 3937K [0x00000000c0000000, 0x00000000c4300000, 0x00000000eab00000)
  object space 68608K, 5% used [0x00000000c0000000,0x00000000c03d8520,0x00000000c4300000)
 Metaspace       used 20157K, committed 20544K, reserved 1073152K
  class space    used 1854K, committed 2048K, reserved 1048576K
}

Deoptimization events (20 events):
Event: 1.709 Thread 0x000001d368b5e1e0 Uncommon trap: trap_request=0xffffffc6 fr.pc=0x000001d35c06bdb8 relative=0x0000000000000998
Event: 1.709 Thread 0x000001d368b5e1e0 Uncommon trap: reason=bimorphic_or_optimized_type_check action=maybe_recompile pc=0x000001d35c06bdb8 method=java.util.HashMap.putVal(ILjava/lang/Object;Ljava/lang/Object;ZZ)Ljava/lang/Object; @ 56 c2
Event: 1.709 Thread 0x000001d368b5e1e0 DEOPT PACKING pc=0x000001d35c06bdb8 sp=0x00000053992fdfd0
Event: 1.709 Thread 0x000001d368b5e1e0 DEOPT UNPACKING pc=0x000001d35ba958a3 sp=0x00000053992fded0 mode 2
Event: 1.709 Thread 0x000001d368b5e1e0 Uncommon trap: trap_request=0xffffffc6 fr.pc=0x000001d35c06bdb8 relative=0x0000000000000998
Event: 1.709 Thread 0x000001d368b5e1e0 Uncommon trap: reason=bimorphic_or_optimized_type_check action=maybe_recompile pc=0x000001d35c06bdb8 method=java.util.HashMap.putVal(ILjava/lang/Object;Ljava/lang/Object;ZZ)Ljava/lang/Object; @ 56 c2
Event: 1.709 Thread 0x000001d368b5e1e0 DEOPT PACKING pc=0x000001d35c06bdb8 sp=0x00000053992fdfd0
Event: 1.709 Thread 0x000001d368b5e1e0 DEOPT UNPACKING pc=0x000001d35ba958a3 sp=0x00000053992fded0 mode 2
Event: 1.709 Thread 0x000001d368b5e1e0 Uncommon trap: trap_request=0xffffffc6 fr.pc=0x000001d35c06bdb8 relative=0x0000000000000998
Event: 1.709 Thread 0x000001d368b5e1e0 Uncommon trap: reason=bimorphic_or_optimized_type_check action=maybe_recompile pc=0x000001d35c06bdb8 method=java.util.HashMap.putVal(ILjava/lang/Object;Ljava/lang/Object;ZZ)Ljava/lang/Object; @ 56 c2
Event: 1.709 Thread 0x000001d368b5e1e0 DEOPT PACKING pc=0x000001d35c06bdb8 sp=0x00000053992fdfd0
Event: 1.709 Thread 0x000001d368b5e1e0 DEOPT UNPACKING pc=0x000001d35ba958a3 sp=0x00000053992fded0 mode 2
Event: 1.709 Thread 0x000001d368b5e1e0 Uncommon trap: trap_request=0xffffffc6 fr.pc=0x000001d35c06bdb8 relative=0x0000000000000998
Event: 1.709 Thread 0x000001d368b5e1e0 Uncommon trap: reason=bimorphic_or_optimized_type_check action=maybe_recompile pc=0x000001d35c06bdb8 method=java.util.HashMap.putVal(ILjava/lang/Object;Ljava/lang/Object;ZZ)Ljava/lang/Object; @ 56 c2
Event: 1.709 Thread 0x000001d368b5e1e0 DEOPT PACKING pc=0x000001d35c06bdb8 sp=0x00000053992fdfd0
Event: 1.709 Thread 0x000001d368b5e1e0 DEOPT UNPACKING pc=0x000001d35ba958a3 sp=0x00000053992fded0 mode 2
Event: 1.709 Thread 0x000001d368b5e1e0 Uncommon trap: trap_request=0xffffffc6 fr.pc=0x000001d35c06d090 relative=0x00000000000008f0
Event: 1.709 Thread 0x000001d368b5e1e0 Uncommon trap: reason=bimorphic_or_optimized_type_check action=maybe_recompile pc=0x000001d35c06d090 method=java.util.HashMap.putVal(ILjava/lang/Object;Ljava/lang/Object;ZZ)Ljava/lang/Object; @ 56 c2
Event: 1.709 Thread 0x000001d368b5e1e0 DEOPT PACKING pc=0x000001d35c06d090 sp=0x00000053992fdf40
Event: 1.709 Thread 0x000001d368b5e1e0 DEOPT UNPACKING pc=0x000001d35ba958a3 sp=0x00000053992fdec8 mode 2

Classes unloaded (0 events):
No events

Classes redefined (0 events):
No events

Internal exceptions (20 events):
Event: 1.251 Thread 0x000001d368b5e1e0 Exception <a 'java/lang/NoSuchMethodError'{0x00000000ebd806e0}: 'java.lang.Object java.lang.invoke.Invokers$Holder.invokeExact_MT(java.lang.Object, java.lang.Object, java.lang.Object, java.lang.Object)'> (0x00000000ebd806e0) 
thrown [s\open\src\hotspot\share\interpreter\linkResolver.cpp, line 759]
Event: 1.331 Thread 0x000001d368b5e1e0 Exception <a 'java/lang/NoSuchMethodError'{0x00000000ec1c32d0}: 'java.lang.Object java.lang.invoke.DirectMethodHandle$Holder.newInvokeSpecial(java.lang.Object, java.lang.Object, java.lang.Object, java.lang.Object, java.lang.Object)'> (0x00000000ec1c32d0) 
thrown [s\open\src\hotspot\share\interpreter\linkResolver.cpp, line 759]
Event: 1.401 Thread 0x000001d368b5e1e0 Exception <a 'java/lang/NoSuchMethodError'{0x00000000eac016a8}: 'java.lang.Object java.lang.invoke.DirectMethodHandle$Holder.invokeSpecial(java.lang.Object, java.lang.Object, java.lang.Object, long, java.lang.Object)'> (0x00000000eac016a8) 
thrown [s\open\src\hotspot\share\interpreter\linkResolver.cpp, line 759]
Event: 1.402 Thread 0x000001d368b5e1e0 Exception <a 'java/lang/NoSuchMethodError'{0x00000000eac09890}: 'java.lang.Object java.lang.invoke.DirectMethodHandle$Holder.newInvokeSpecial(java.lang.Object, java.lang.Object, java.lang.Object, long)'> (0x00000000eac09890) 
thrown [s\open\src\hotspot\share\interpreter\linkResolver.cpp, line 759]
Event: 1.402 Thread 0x000001d368b5e1e0 Exception <a 'java/lang/NoSuchMethodError'{0x00000000eac0de30}: 'java.lang.Object java.lang.invoke.DirectMethodHandle$Holder.invokeSpecial(java.lang.Object, java.lang.Object, java.lang.Object, java.lang.Object, long)'> (0x00000000eac0de30) 
thrown [s\open\src\hotspot\share\interpreter\linkResolver.cpp, line 759]
Event: 1.409 Thread 0x000001d368b5e1e0 Exception <a 'java/lang/NoSuchMethodError'{0x00000000eac80df8}: 'int java.lang.invoke.DirectMethodHandle$Holder.invokeStaticInit(java.lang.Object, java.lang.Object, java.lang.Object)'> (0x00000000eac80df8) 
thrown [s\open\src\hotspot\share\interpreter\linkResolver.cpp, line 759]
Event: 1.413 Thread 0x000001d368b5e1e0 Exception <a 'java/lang/IncompatibleClassChangeError'{0x00000000eace7948}: Found class java.lang.Object, but interface was expected> (0x00000000eace7948) 
thrown [s\open\src\hotspot\share\interpreter\linkResolver.cpp, line 826]
Event: 1.416 Thread 0x000001d368b5e1e0 Exception <a 'java/lang/NoSuchMethodError'{0x00000000eacf9b38}: 'java.lang.Object java.lang.invoke.DirectMethodHandle$Holder.invokeSpecial(java.lang.Object, java.lang.Object, java.lang.Object, int, java.lang.Object, java.lang.Object)'> (0x00000000eacf9b38) 
thrown [s\open\src\hotspot\share\interpreter\linkResolver.cpp, line 759]
Event: 1.416 Thread 0x000001d368b5e1e0 Exception <a 'java/lang/NoSuchMethodError'{0x00000000ead4c420}: 'java.lang.Object java.lang.invoke.DirectMethodHandle$Holder.newInvokeSpecial(java.lang.Object, java.lang.Object, java.lang.Object, int, java.lang.Object)'> (0x00000000ead4c420) 
thrown [s\open\src\hotspot\share\interpreter\linkResolver.cpp, line 759]
Event: 1.416 Thread 0x000001d368b5e1e0 Exception <a 'java/lang/NoSuchMethodError'{0x00000000ead50878}: 'java.lang.Object java.lang.invoke.DirectMethodHandle$Holder.invokeSpecial(java.lang.Object, java.lang.Object, java.lang.Object, java.lang.Object, int, java.lang.Object)'> (0x00000000ead50878) 
thrown [s\open\src\hotspot\share\interpreter\linkResolver.cpp, line 759]
Event: 1.417 Thread 0x000001d368b5e1e0 Exception <a 'java/lang/NoSuchMethodError'{0x00000000ead54608}: 'java.lang.Object java.lang.invoke.Invokers$Holder.linkToTargetMethod(java.lang.Object, java.lang.Object, int, java.lang.Object, java.lang.Object)'> (0x00000000ead54608) 
thrown [s\open\src\hotspot\share\interpreter\linkResolver.cpp, line 759]
Event: 1.417 Thread 0x000001d368eeacd0 Exception <a 'java/lang/NoSuchMethodError'{0x00000000eac43270}: 'java.lang.Object java.lang.invoke.DirectMethodHandle$Holder.invokeSpecial(java.lang.Object, java.lang.Object, int, java.lang.Object, java.lang.Object)'> (0x00000000eac43270) 
thrown [s\open\src\hotspot\share\interpreter\linkResolver.cpp, line 759]
Event: 1.417 Thread 0x000001d368eeacd0 Exception <a 'java/lang/NoSuchMethodError'{0x00000000eac4a940}: 'java.lang.Object java.lang.invoke.DirectMethodHandle$Holder.newInvokeSpecial(java.lang.Object, java.lang.Object, int, java.lang.Object)'> (0x00000000eac4a940) 
thrown [s\open\src\hotspot\share\interpreter\linkResolver.cpp, line 759]
Event: 1.418 Thread 0x000001d368eeacd0 Exception <a 'java/lang/NoSuchMethodError'{0x00000000eac4e450}: 'java.lang.Object java.lang.invoke.DirectMethodHandle$Holder.invokeSpecial(java.lang.Object, java.lang.Object, java.lang.Object, int, java.lang.Object)'> (0x00000000eac4e450) 
thrown [s\open\src\hotspot\share\interpreter\linkResolver.cpp, line 759]
Event: 1.430 Thread 0x000001d368eeacd0 Exception <a 'java/io/FileNotFoundException'{0x00000000eaeb9550}> (0x00000000eaeb9550) 
thrown [s\open\src\hotspot\share\prims\jni.cpp, line 516]
Event: 1.664 Thread 0x000001d368b5e1e0 Exception <a 'java/lang/ClassNotFoundException'{0x00000000ec3eae28}: com/sun/org/apache/xerces/internal/impl/msg/spi/DOMMessagesProvider> (0x00000000ec3eae28) 
thrown [s\open\src\hotspot\share\classfile\systemDictionary.cpp, line 256]
Event: 1.668 Thread 0x000001d368b5e1e0 Implicit null exception at 0x000001d35c0ac8f8 to 0x000001d35c0ad5b0
Event: 1.669 Thread 0x000001d368b5e1e0 Exception <a 'java/lang/ClassNotFoundException'{0x00000000eab0e820}: com/sun/org/apache/xerces/internal/impl/msg/spi/XMLSerializerMessagesProvider> (0x00000000eab0e820) 
thrown [s\open\src\hotspot\share\classfile\systemDictionary.cpp, line 256]
Event: 1.669 Thread 0x000001d368b5e1e0 Exception <a 'java/lang/ClassNotFoundException'{0x00000000eab19868}: com/sun/org/apache/xerces/internal/impl/msg/spi/XMLMessagesProvider> (0x00000000eab19868) 
thrown [s\open\src\hotspot\share\classfile\systemDictionary.cpp, line 256]
Event: 1.687 Thread 0x000001d368b5e1e0 Exception <a 'java/lang/NoSuchMethodError'{0x00000000eabde918}: 'void java.lang.invoke.DirectMethodHandle$Holder.invokeVirtual(java.lang.Object, java.lang.Object)'> (0x00000000eabde918) 
thrown [s\open\src\hotspot\share\interpreter\linkResolver.cpp, line 759]

VM Operations (20 events):
Event: 0.964 Executing VM operation: ParallelGCFailedAllocation
Event: 0.968 Executing VM operation: ParallelGCFailedAllocation done
Event: 1.133 Executing VM operation: HandshakeAllThreads
Event: 1.133 Executing VM operation: HandshakeAllThreads done
Event: 1.146 Executing VM operation: HandshakeAllThreads
Event: 1.146 Executing VM operation: HandshakeAllThreads done
Event: 1.147 Executing VM operation: HandshakeAllThreads
Event: 1.147 Executing VM operation: HandshakeAllThreads done
Event: 1.245 Executing VM operation: HandshakeAllThreads
Event: 1.245 Executing VM operation: HandshakeAllThreads done
Event: 1.380 Executing VM operation: ParallelGCFailedAllocation
Event: 1.383 Executing VM operation: ParallelGCFailedAllocation done
Event: 1.425 Executing VM operation: HandshakeAllThreads
Event: 1.425 Executing VM operation: HandshakeAllThreads done
Event: 1.537 Executing VM operation: ParallelGCFailedAllocation
Event: 1.539 Executing VM operation: ParallelGCFailedAllocation done
Event: 1.665 Executing VM operation: ParallelGCFailedAllocation
Event: 1.668 Executing VM operation: ParallelGCFailedAllocation done
Event: 1.708 Executing VM operation: HandshakeAllThreads
Event: 1.708 Executing VM operation: HandshakeAllThreads done

Events (20 events):
Event: 1.698 loading class java/net/SocketAddress
Event: 1.698 loading class java/net/SocketAddress done
Event: 1.699 loading class java/net/InetSocketAddress
Event: 1.699 loading class java/net/InetSocketAddress done
Event: 1.699 loading class java/nio/channels/AsynchronousByteChannel
Event: 1.699 loading class java/nio/channels/AsynchronousChannel
Event: 1.699 loading class java/nio/channels/AsynchronousChannel done
Event: 1.699 loading class java/nio/channels/AsynchronousByteChannel done
Event: 1.706 loading class java/lang/ProcessEnvironment
Event: 1.707 loading class java/lang/ProcessEnvironment done
Event: 1.708 loading class java/lang/ProcessEnvironment$NameComparator
Event: 1.709 loading class java/lang/ProcessEnvironment$NameComparator done
Event: 1.709 loading class java/lang/ProcessEnvironment$EntryComparator
Event: 1.709 loading class java/lang/ProcessEnvironment$EntryComparator done
Event: 1.710 loading class java/lang/ProcessEnvironment$CheckedEntrySet
Event: 1.710 loading class java/lang/ProcessEnvironment$CheckedEntrySet done
Event: 1.710 loading class java/lang/ProcessEnvironment$CheckedEntrySet$1
Event: 1.710 loading class java/lang/ProcessEnvironment$CheckedEntrySet$1 done
Event: 1.710 loading class java/lang/ProcessEnvironment$CheckedEntry
Event: 1.711 loading class java/lang/ProcessEnvironment$CheckedEntry done


Dynamic libraries:
0x00007ff603d50000 - 0x00007ff603d60000 	C:\Program Files\Java\jdk-17\bin\java.exe
0x00007ff9fd350000 - 0x00007ff9fd564000 	C:\WINDOWS\SYSTEM32\ntdll.dll
0x00007ff9fb720000 - 0x00007ff9fb7e2000 	C:\WINDOWS\System32\KERNEL32.DLL
0x00007ff9fa8f0000 - 0x00007ff9fac8c000 	C:\WINDOWS\System32\KERNELBASE.dll
0x00007ff9faed0000 - 0x00007ff9fafe1000 	C:\WINDOWS\System32\ucrtbase.dll
0x00007ff9ee770000 - 0x00007ff9ee78b000 	C:\Program Files\Java\jdk-17\bin\VCRUNTIME140.dll
0x00007ff9f6900000 - 0x00007ff9f6918000 	C:\Program Files\Java\jdk-17\bin\jli.dll
0x00007ff9fc860000 - 0x00007ff9fc90e000 	C:\WINDOWS\System32\ADVAPI32.dll
0x00007ff9fbd50000 - 0x00007ff9fbdf7000 	C:\WINDOWS\System32\msvcrt.dll
0x00007ff9fbc90000 - 0x00007ff9fbd34000 	C:\WINDOWS\System32\sechost.dll
0x00007ff9fbe20000 - 0x00007ff9fbf37000 	C:\WINDOWS\System32\RPCRT4.dll
0x00007ff9fce40000 - 0x00007ff9fcfeb000 	C:\WINDOWS\System32\USER32.dll
0x00007ff9fa800000 - 0x00007ff9fa826000 	C:\WINDOWS\System32\win32u.dll
0x00007ff9fd2e0000 - 0x00007ff9fd309000 	C:\WINDOWS\System32\GDI32.dll
0x00007ff9fad10000 - 0x00007ff9fae23000 	C:\WINDOWS\System32\gdi32full.dll
0x00007ff9fae30000 - 0x00007ff9faeca000 	C:\WINDOWS\System32\msvcp_win.dll
0x00007ff9d5c00000 - 0x00007ff9d5e8e000 	C:\WINDOWS\WinSxS\amd64_microsoft.windows.common-controls_6595b64144ccf1df_6.0.22621.608_none_a9444ca7c10bb01d\COMCTL32.dll
0x00007ff9f7f70000 - 0x00007ff9f7f7a000 	C:\WINDOWS\SYSTEM32\VERSION.dll
0x00007ff9fc730000 - 0x00007ff9fc761000 	C:\WINDOWS\System32\IMM32.DLL
0x00007ff9f6e70000 - 0x00007ff9f6e7c000 	C:\Program Files\Java\jdk-17\bin\vcruntime140_1.dll
0x00007ff9d4c60000 - 0x00007ff9d4cee000 	C:\Program Files\Java\jdk-17\bin\msvcp140.dll
0x00007ff96ec00000 - 0x00007ff96f7d7000 	C:\Program Files\Java\jdk-17\bin\server\jvm.dll
0x00007ff9fc850000 - 0x00007ff9fc858000 	C:\WINDOWS\System32\PSAPI.DLL
0x00007ff9f1410000 - 0x00007ff9f1444000 	C:\WINDOWS\SYSTEM32\WINMM.dll
0x00007ff9cd780000 - 0x00007ff9cd789000 	C:\WINDOWS\SYSTEM32\WSOCK32.dll
0x00007ff9fb6a0000 - 0x00007ff9fb711000 	C:\WINDOWS\System32\WS2_32.dll
0x00007ff9f9860000 - 0x00007ff9f9878000 	C:\WINDOWS\SYSTEM32\kernel.appcore.dll
0x00007ff9f5390000 - 0x00007ff9f539a000 	C:\Program Files\Java\jdk-17\bin\jimage.dll
0x00007ff9f7ce0000 - 0x00007ff9f7f0e000 	C:\WINDOWS\SYSTEM32\DBGHELP.DLL
0x00007ff9fb160000 - 0x00007ff9fb4e9000 	C:\WINDOWS\System32\combase.dll
0x00007ff9fc770000 - 0x00007ff9fc847000 	C:\WINDOWS\System32\OLEAUT32.dll
0x00007ff9cd850000 - 0x00007ff9cd882000 	C:\WINDOWS\SYSTEM32\dbgcore.DLL
0x00007ff9fac90000 - 0x00007ff9fad0b000 	C:\WINDOWS\System32\bcryptPrimitives.dll
0x00007ff9e5fe0000 - 0x00007ff9e5fee000 	C:\Program Files\Java\jdk-17\bin\instrument.dll
0x00007ff9dd3b0000 - 0x00007ff9dd3d5000 	C:\Program Files\Java\jdk-17\bin\java.dll
0x00007ff997800000 - 0x00007ff9978d7000 	C:\Program Files\Java\jdk-17\bin\jsvml.dll
0x00007ff9fbf40000 - 0x00007ff9fc730000 	C:\WINDOWS\System32\SHELL32.dll
0x00007ff9f87a0000 - 0x00007ff9f906d000 	C:\WINDOWS\SYSTEM32\windows.storage.dll
0x00007ff9f8660000 - 0x00007ff9f879e000 	C:\WINDOWS\SYSTEM32\wintypes.dll
0x00007ff9fcff0000 - 0x00007ff9fd0e1000 	C:\WINDOWS\System32\SHCORE.dll
0x00007ff9fcc10000 - 0x00007ff9fcc6e000 	C:\WINDOWS\System32\shlwapi.dll
0x00007ff9fa6c0000 - 0x00007ff9fa6e1000 	C:\WINDOWS\SYSTEM32\profapi.dll
0x00007ff9dd1e0000 - 0x00007ff9dd1f8000 	C:\Program Files\Java\jdk-17\bin\zip.dll
0x00007ff9ee0e0000 - 0x00007ff9ee0f9000 	C:\Program Files\Java\jdk-17\bin\net.dll
0x00007ff9f47c0000 - 0x00007ff9f48f7000 	C:\WINDOWS\SYSTEM32\WINHTTP.dll
0x00007ff9f9d40000 - 0x00007ff9f9da9000 	C:\WINDOWS\system32\mswsock.dll
0x00007ff9dd2a0000 - 0x00007ff9dd2b6000 	C:\Program Files\Java\jdk-17\bin\nio.dll
0x00007ff9f22f0000 - 0x00007ff9f2300000 	C:\Program Files\Java\jdk-17\bin\verify.dll
0x00007ff9dd460000 - 0x00007ff9dd49e000 	C:\Users\nat24\AppData\Roaming\Code\User\globalStorage\redhat.java\1.16.0\config_ss_win\org.eclipse.equinox.launcher\org.eclipse.equinox.launcher.win32.win32.x86_64_1.2.700.v20221108-1024\eclipse_11801.dll
0x00007ff9fca60000 - 0x00007ff9fcbfc000 	C:\WINDOWS\System32\ole32.dll

dbghelp: loaded successfully - version: 4.0.5 - missing functions: none
symbol engine: initialized successfully - sym options: 0x614 - pdb path: .;C:\Program Files\Java\jdk-17\bin;C:\WINDOWS\SYSTEM32;C:\WINDOWS\WinSxS\amd64_microsoft.windows.common-controls_6595b64144ccf1df_6.0.22621.608_none_a9444ca7c10bb01d;C:\Program Files\Java\jdk-17\bin\server;C:\Users\nat24\AppData\Roaming\Code\User\globalStorage\redhat.java\1.16.0\config_ss_win\org.eclipse.equinox.launcher\org.eclipse.equinox.launcher.win32.win32.x86_64_1.2.700.v20221108-1024

VM Arguments:
jvm_args: --add-modules=ALL-SYSTEM --add-opens=java.base/java.util=ALL-UNNAMED --add-opens=java.base/java.lang=ALL-UNNAMED --add-opens=java.base/sun.nio.fs=ALL-UNNAMED -Declipse.application=org.eclipse.jdt.ls.core.id1 -Dosgi.bundles.defaultStartLevel=4 -Declipse.product=org.eclipse.jdt.ls.core.product -Djava.import.generatesMetadataFilesAtProjectRoot=false -Dfile.encoding=utf8 -XX:+UseParallelGC -XX:GCTimeRatio=4 -XX:AdaptiveSizePolicyWeight=90 -Dsun.zip.disableMemoryMapping=true -Xmx1G -Xms100m -Xlog:disable -javaagent:c:\Users\nat24\.vscode\extensions\redhat.java-1.16.0-win32-x64\lombok\lombok-1.18.24.jar 
java_command: c:\Users\nat24\.vscode\extensions\redhat.java-1.16.0-win32-x64\server\plugins\org.eclipse.equinox.launcher_1.6.400.v20210924-0641.jar -configuration c:\Users\nat24\AppData\Roaming\Code\User\globalStorage\redhat.java\1.16.0\config_ss_win -data c:\Users\nat24\AppData\Roaming\Code\User\workspaceStorage\7ee068461fea0a2cbf1ecac1b635f22a\redhat.java\ss_ws
java_class_path (initial): c:\Users\nat24\.vscode\extensions\redhat.java-1.16.0-win32-x64\server\plugins\org.eclipse.equinox.launcher_1.6.400.v20210924-0641.jar
Launcher Type: SUN_STANDARD

[Global flags]
    uintx AdaptiveSizePolicyWeight                 = 90                                        {product} {command line}
     intx CICompilerCount                          = 4                                         {product} {ergonomic}
    uintx GCTimeRatio                              = 4                                         {product} {command line}
   size_t InitialHeapSize                          = 104857600                                 {product} {command line}
   size_t MaxHeapSize                              = 1073741824                                {product} {command line}
   size_t MaxNewSize                               = 357564416                                 {product} {ergonomic}
   size_t MinHeapDeltaBytes                        = 524288                                    {product} {ergonomic}
   size_t MinHeapSize                              = 104857600                                 {product} {command line}
   size_t NewSize                                  = 34603008                                  {product} {ergonomic}
    uintx NonNMethodCodeHeapSize                   = 5839372                                {pd product} {ergonomic}
    uintx NonProfiledCodeHeapSize                  = 122909434                              {pd product} {ergonomic}
   size_t OldSize                                  = 70254592                                  {product} {ergonomic}
    uintx ProfiledCodeHeapSize                     = 122909434                              {pd product} {ergonomic}
    uintx ReservedCodeCacheSize                    = 251658240                              {pd product} {ergonomic}
     bool SegmentedCodeCache                       = true                                      {product} {ergonomic}
   size_t SoftMaxHeapSize                          = 1073741824                             {manageable} {ergonomic}
     bool UseCompressedClassPointers               = true                           {product lp64_product} {ergonomic}
     bool UseCompressedOops                        = true                           {product lp64_product} {ergonomic}
     bool UseLargePagesIndividualAllocation        = false                                  {pd product} {ergonomic}
     bool UseParallelGC                            = true                                      {product} {command line}

Logging:
Log output configuration:
 #0: stdout all=off uptime,level,tags
 #1: stderr all=off uptime,level,tags

Environment Variables:
CLASSPATH=C:\Users\nat24\eclipse-workspace
PATH=C:\Program Files\Common Files\Oracle\Java\javapath;C:\Python310\Scripts\;C:\Python310\;C:\WINDOWS\system32;C:\WINDOWS;C:\WINDOWS\System32\Wbem;C:\WINDOWS\System32\WindowsPowerShell\v1.0\;C:\WINDOWS\System32\OpenSSH\;C:\Program Files\nodejs\;C:\ProgramData\chocolatey\bin;C:\Program Files\Git\cmd;C:\Program Files\PuTTY\;C:\Users\nat24\AppData\Local\Microsoft\WindowsApps;C:\Users\nat24\AppData\Roaming\npm;C:\Users\nat24\eclipse-workspace\Assignment_1\bin;C:\Users\nat24\AppData\Local\Programs\Microsoft VS Code\bin;
USERNAME=nat24
OS=Windows_NT
PROCESSOR_IDENTIFIER=Intel64 Family 6 Model 140 Stepping 1, GenuineIntel



---------------  S Y S T E M  ---------------

OS:
 Windows 11 , 64 bit Build 22621 (10.0.22621.1485)
OS uptime: 0 days 13:31 hours

CPU: total 8 (initial active 8) (4 cores per cpu, 2 threads per core) family 6 model 140 stepping 1 microcode 0xa6, cx8, cmov, fxsr, ht, mmx, 3dnowpref, sse, sse2, sse3, ssse3, sse4.1, sse4.2, popcnt, lzcnt, tsc, tscinvbit, avx, avx2, aes, erms, clmul, bmi1, bmi2, adx, avx512f, avx512dq, avx512cd, avx512bw, avx512vl, sha, fma, vzeroupper, avx512_vpopcntdq, avx512_vpclmulqdq, avx512_vaes, avx512_vnni, clflush, clflushopt, clwb, avx512_vbmi2, avx512_vbmi

Memory: 4k page, system-wide physical 16064M (5687M free)
TotalPageFile size 65216M (AvailPageFile size 6M)
current process WorkingSet (physical memory assigned to process): 121M, peak: 122M
current process commit charge ("private bytes"): 239M, peak: 240M

vm_info: Java HotSpot(TM) 64-Bit Server VM (17.0.6+9-LTS-190) for windows-amd64 JRE (17.0.6+9-LTS-190), built on Dec  6 2022 15:53:54 by "mach5one" with MS VC++ 17.1 (VS2022)

END.
