#
# There is insufficient memory for the Java Runtime Environment to continue.
# Native memory allocation (malloc) failed to allocate 484544 bytes for Chunk::new
# Possible reasons:
#   The system is out of physical RAM or swap space
#   The process is running with CompressedOops enabled, and the Java Heap may be blocking the growth of the native heap
# Possible solutions:
#   Reduce memory load on the system
#   Increase physical memory or swap space
#   Check if swap backing store is full
#   Decrease Java heap size (-Xmx/-Xms)
#   Decrease number of Java threads
#   Decrease Java thread stack sizes (-Xss)
#   Set larger code cache with -XX:ReservedCodeCacheSize=
#   JVM is running with Unscaled Compressed Oops mode in which the Java heap is
#     placed in the first 4GB address space. The Java Heap base address is the
#     maximum limit for the native heap growth. Please use -XX:HeapBaseMinAddress
#     to set the Java Heap base and to place the Java Heap above 4GB virtual address.
# This output file may be truncated or incomplete.
#
#  Out of Memory Error (arena.cpp:189), pid=14248, tid=19400
#
# JRE version: Java(TM) SE Runtime Environment (17.0.6+9) (build 17.0.6+9-LTS-190)
# Java VM: Java HotSpot(TM) 64-Bit Server VM (17.0.6+9-LTS-190, mixed mode, sharing, tiered, compressed oops, compressed class ptrs, parallel gc, windows-amd64)
# No core dump will be written. Minidumps are not enabled by default on client versions of Windows
#

---------------  S U M M A R Y ------------

Command Line: --add-modules=ALL-SYSTEM --add-opens=java.base/java.util=ALL-UNNAMED --add-opens=java.base/java.lang=ALL-UNNAMED --add-opens=java.base/sun.nio.fs=ALL-UNNAMED -Declipse.application=org.eclipse.jdt.ls.core.id1 -Dosgi.bundles.defaultStartLevel=4 -Declipse.product=org.eclipse.jdt.ls.core.product -Djava.import.generatesMetadataFilesAtProjectRoot=false -Dfile.encoding=utf8 -XX:+UseParallelGC -XX:GCTimeRatio=4 -XX:AdaptiveSizePolicyWeight=90 -Dsun.zip.disableMemoryMapping=true -Xmx1G -Xms100m -Xlog:disable -javaagent:c:\Users\nat24\.vscode\extensions\redhat.java-1.16.0-win32-x64\lombok\lombok-1.18.24.jar -XX:+HeapDumpOnOutOfMemoryError -XX:HeapDumpPath=c:\Users\nat24\AppData\Roaming\Code\User\workspaceStorage\7ee068461fea0a2cbf1ecac1b635f22a\redhat.java c:\Users\nat24\.vscode\extensions\redhat.java-1.16.0-win32-x64\server\plugins\org.eclipse.equinox.launcher_1.6.400.v20210924-0641.jar -configuration c:\Users\nat24\AppData\Roaming\Code\User\globalStorage\redhat.java\1.16.0\config_win -data c:\Users\nat24\AppData\Roaming\Code\User\workspaceStorage\7ee068461fea0a2cbf1ecac1b635f22a\redhat.java\jdt_ws

Host: 11th Gen Intel(R) Core(TM) i7-1165G7 @ 2.80GHz, 8 cores, 15G,  Windows 11 , 64 bit Build 22621 (10.0.22621.1485)
Time: Thu Apr 13 11:33:26 2023 AUS Eastern Standard Time elapsed time: 425.086287 seconds (0d 0h 7m 5s)

---------------  T H R E A D  ---------------

Current thread (0x000002a251ee5a30):  JavaThread "C2 CompilerThread1" daemon [_thread_in_native, id=19400, stack(0x000000fe56700000,0x000000fe56800000)]


Current CompileTask:
C2: 425086 5154   !   4       java.nio.file.FileTreeWalker::visit (204 bytes)

Stack: [0x000000fe56700000,0x000000fe56800000]
Native frames: (J=compiled Java code, j=interpreted, Vv=VM code, C=native code)
V  [jvm.dll+0x6734ea]
V  [jvm.dll+0x7d18f4]
V  [jvm.dll+0x7d309e]
V  [jvm.dll+0x7d3703]
V  [jvm.dll+0x2433c5]
V  [jvm.dll+0xaa46b]
V  [jvm.dll+0xaaa0c]
V  [jvm.dll+0x35eb2e]
V  [jvm.dll+0x329401]
V  [jvm.dll+0x32889a]
V  [jvm.dll+0x215ddf]
V  [jvm.dll+0x215211]
V  [jvm.dll+0x1a1730]
V  [jvm.dll+0x224b6e]
V  [jvm.dll+0x222f15]
V  [jvm.dll+0x78753c]
V  [jvm.dll+0x781a7a]
V  [jvm.dll+0x672375]
C  [ucrtbase.dll+0x29363]
C  [KERNEL32.DLL+0x1269d]
C  [ntdll.dll+0x5a9f8]


---------------  P R O C E S S  ---------------

Threads class SMR info:
_java_thread_list=0x000002a24e9c2e10, length=28, elements={
0x000002a22fe91d70, 0x000002a24a810b80, 0x000002a24a811ed0, 0x000002a24a828940,
0x000002a24a82b500, 0x000002a24a82c0b0, 0x000002a24a82ee70, 0x000002a24a82fb50,
0x000002a24a8423e0, 0x000002a24a84b560, 0x000002a22ff51b50, 0x000002a24d1ef8a0,
0x000002a24db4afe0, 0x000002a24dc00080, 0x000002a24dc00550, 0x000002a24d9cedd0,
0x000002a24dd80550, 0x000002a24de106e0, 0x000002a24de0f870, 0x000002a24de0fd40,
0x000002a24de0e530, 0x000002a24de10bb0, 0x000002a24de11080, 0x000002a24de10210,
0x000002a24de11550, 0x000002a24de0eed0, 0x000002a251ee5a30, 0x000002a251ee31b0
}

Java Threads: ( => current thread )
  0x000002a22fe91d70 JavaThread "main" [_thread_blocked, id=6380, stack(0x000000fe56a00000,0x000000fe56b00000)]
  0x000002a24a810b80 JavaThread "Reference Handler" daemon [_thread_blocked, id=16376, stack(0x000000fe56d00000,0x000000fe56e00000)]
  0x000002a24a811ed0 JavaThread "Finalizer" daemon [_thread_blocked, id=9676, stack(0x000000fe56e00000,0x000000fe56f00000)]
  0x000002a24a828940 JavaThread "Signal Dispatcher" daemon [_thread_blocked, id=18808, stack(0x000000fe56f00000,0x000000fe57000000)]
  0x000002a24a82b500 JavaThread "Attach Listener" daemon [_thread_blocked, id=1876, stack(0x000000fe57000000,0x000000fe57100000)]
  0x000002a24a82c0b0 JavaThread "Service Thread" daemon [_thread_blocked, id=13984, stack(0x000000fe57100000,0x000000fe57200000)]
  0x000002a24a82ee70 JavaThread "Monitor Deflation Thread" daemon [_thread_blocked, id=18560, stack(0x000000fe57200000,0x000000fe57300000)]
  0x000002a24a82fb50 JavaThread "C2 CompilerThread0" daemon [_thread_blocked, id=18252, stack(0x000000fe57300000,0x000000fe57400000)]
  0x000002a24a8423e0 JavaThread "C1 CompilerThread0" daemon [_thread_in_vm, id=3380, stack(0x000000fe57400000,0x000000fe57500000)]
  0x000002a24a84b560 JavaThread "Sweeper thread" daemon [_thread_blocked, id=10224, stack(0x000000fe57500000,0x000000fe57600000)]
  0x000002a22ff51b50 JavaThread "Common-Cleaner" daemon [_thread_blocked, id=9060, stack(0x000000fe57600000,0x000000fe57700000)]
  0x000002a24d1ef8a0 JavaThread "Notification Thread" daemon [_thread_blocked, id=9208, stack(0x000000fe57800000,0x000000fe57900000)]
  0x000002a24db4afe0 JavaThread "Active Thread: Equinox Container: f538811d-18e8-4fc5-b02c-68614105f09f" [_thread_blocked, id=15992, stack(0x000000fe58000000,0x000000fe58100000)]
  0x000002a24dc00080 JavaThread "Framework Event Dispatcher: Equinox Container: f538811d-18e8-4fc5-b02c-68614105f09f" daemon [_thread_blocked, id=14380, stack(0x000000fe58100000,0x000000fe58200000)]
  0x000002a24dc00550 JavaThread "Start Level: Equinox Container: f538811d-18e8-4fc5-b02c-68614105f09f" daemon [_thread_blocked, id=12724, stack(0x000000fe58200000,0x000000fe58300000)]
  0x000002a24d9cedd0 JavaThread "SCR Component Actor" daemon [_thread_blocked, id=6840, stack(0x000000fe58300000,0x000000fe58400000)]
  0x000002a24dd80550 JavaThread "Worker-JM" [_thread_blocked, id=11060, stack(0x000000fe58600000,0x000000fe58700000)]
  0x000002a24de106e0 JavaThread "Worker-0" [_thread_blocked, id=3880, stack(0x000000fe58700000,0x000000fe58800000)]
  0x000002a24de0f870 JavaThread "Worker-1" [_thread_blocked, id=18888, stack(0x000000fe58800000,0x000000fe58900000)]
  0x000002a24de0fd40 JavaThread "Java indexing" daemon [_thread_blocked, id=18468, stack(0x000000fe58a00000,0x000000fe58b00000)]
  0x000002a24de0e530 JavaThread "JNA Cleaner" daemon [_thread_blocked, id=9604, stack(0x000000fe58b00000,0x000000fe58c00000)]
  0x000002a24de10bb0 JavaThread "Worker-3" [_thread_blocked, id=12700, stack(0x000000fe58e00000,0x000000fe58f00000)]
  0x000002a24de11080 JavaThread "Worker-4" [_thread_blocked, id=3516, stack(0x000000fe58f00000,0x000000fe59000000)]
  0x000002a24de10210 JavaThread "pool-2-thread-1" [_thread_blocked, id=2964, stack(0x000000fe59000000,0x000000fe59100000)]
  0x000002a24de11550 JavaThread "Worker-5" [_thread_blocked, id=3928, stack(0x000000fe59100000,0x000000fe59200000)]
  0x000002a24de0eed0 JavaThread "Worker-6: Initialize Workspace" [_thread_blocked, id=14728, stack(0x000000fe59200000,0x000000fe59300000)]
=>0x000002a251ee5a30 JavaThread "C2 CompilerThread1" daemon [_thread_in_native, id=19400, stack(0x000000fe56700000,0x000000fe56800000)]
  0x000002a251ee31b0 JavaThread "C2 CompilerThread2" daemon [_thread_blocked, id=12052, stack(0x000000fe56800000,0x000000fe56900000)]

Other Threads:
  0x000002a22ff5e9e0 VMThread "VM Thread" [stack: 0x000000fe56c00000,0x000000fe56d00000] [id=5952] _threads_hazard_ptr=0x000002a24e9c2e10
  0x000002a24d1efd70 WatcherThread [stack: 0x000000fe57900000,0x000000fe57a00000] [id=4924]
  0x000002a22fea6f70 GCTaskThread "GC Thread#0" [stack: 0x000000fe56b00000,0x000000fe56c00000] [id=13952]
  0x000002a24dafc550 GCTaskThread "GC Thread#1" [stack: 0x000000fe57700000,0x000000fe57800000] [id=8324]
  0x000002a24d2c7cf0 GCTaskThread "GC Thread#2" [stack: 0x000000fe57a00000,0x000000fe57b00000] [id=300]
  0x000002a24d738440 GCTaskThread "GC Thread#3" [stack: 0x000000fe57b00000,0x000000fe57c00000] [id=18724]
  0x000002a24d7386f0 GCTaskThread "GC Thread#4" [stack: 0x000000fe57c00000,0x000000fe57d00000] [id=9664]
  0x000002a24d115660 GCTaskThread "GC Thread#5" [stack: 0x000000fe57d00000,0x000000fe57e00000] [id=6200]
  0x000002a24d115910 GCTaskThread "GC Thread#6" [stack: 0x000000fe57e00000,0x000000fe57f00000] [id=7392]
  0x000002a24d9a7fa0 GCTaskThread "GC Thread#7" [stack: 0x000000fe58400000,0x000000fe58500000] [id=8380]

Threads with active compile tasks:
C2 CompilerThread0   425103 5123       4       jdk.internal.jimage.ImageReader$SharedImageReader::makeDirectories (54 bytes)
C1 CompilerThread0   425103 5171       3       org.eclipse.jdt.internal.core.JavaElement::getAncestor (30 bytes)
C2 CompilerThread1   425103 5154   !   4       java.nio.file.FileTreeWalker::visit (204 bytes)
C2 CompilerThread2   425103 5153   !   4       java.nio.file.FileTreeWalker::next (144 bytes)

VM state: synchronizing (normal execution)

VM Mutex/Monitor currently owned by a thread:  ([mutex/lock_event])
[0x000002a22fe8a300] Metaspace_lock - owner thread: 0x000002a24a8423e0
[0x000002a22fe8abc0] Threads_lock - owner thread: 0x000002a22ff5e9e0
[0x000002a22fe8b310] Heap_lock - owner thread: 0x000002a24de0eed0
[0x000002a22fe8b430] MethodData_lock - owner thread: 0x000002a24a8423e0

Heap address: 0x00000000c0000000, size: 1024 MB, Compressed Oops mode: 32-bit

CDS archive(s) mapped at: [0x0000000800000000-0x0000000800bd0000-0x0000000800bd0000), size 12386304, SharedBaseAddress: 0x0000000800000000, ArchiveRelocationMode: 0.
Compressed class space mapped at: 0x0000000800c00000-0x0000000840c00000, reserved size: 1073741824
Narrow klass base: 0x0000000800000000, Narrow klass shift: 0, Narrow klass range: 0x100000000

GC Precious Log:
 CPUs: 8 total, 8 available
 Memory: 16064M
 Large Page Support: Disabled
 NUMA Support: Disabled
 Compressed Oops: Enabled (32-bit)
 Alignments: Space 512K, Generation 512K, Heap 2M
 Heap Min Capacity: 100M
 Heap Initial Capacity: 100M
 Heap Max Capacity: 1G
 Pre-touch: Disabled
 Parallel Workers: 8

Heap:
 PSYoungGen      total 22528K, used 22512K [0x00000000eab00000, 0x00000000ec600000, 0x0000000100000000)
  eden space 22016K, 100% used [0x00000000eab00000,0x00000000ec080000,0x00000000ec080000)
  from space 512K, 96% used [0x00000000ec500000,0x00000000ec57c010,0x00000000ec580000)
  to   space 512K, 0% used [0x00000000ec580000,0x00000000ec580000,0x00000000ec600000)
 ParOldGen       total 68608K, used 17264K [0x00000000c0000000, 0x00000000c4300000, 0x00000000eab00000)
  object space 68608K, 25% used [0x00000000c0000000,0x00000000c10dc390,0x00000000c4300000)
 Metaspace       used 40529K, committed 41344K, reserved 1089536K
  class space    used 4371K, committed 4736K, reserved 1048576K

Card table byte_map: [0x000002a2480d0000,0x000002a2482e0000] _byte_map_base: 0x000002a247ad0000

Marking Bits: (ParMarkBitMap*) 0x00007ff96f7195f0
 Begin Bits: [0x000002a248440000, 0x000002a249440000)
 End Bits:   [0x000002a249440000, 0x000002a24a440000)

Polling page: 0x000002a238ec0000

Metaspace:

Usage:
  Non-class:     35.31 MB used.
      Class:      4.27 MB used.
       Both:     39.58 MB used.

Virtual space:
  Non-class space:       40.00 MB reserved,      35.75 MB ( 89%) committed,  5 nodes.
      Class space:        1.00 GB reserved,       4.62 MB ( <1%) committed,  1 nodes.
             Both:        1.04 GB reserved,      40.38 MB (  4%) committed. 

Chunk freelists:
   Non-Class:  3.42 MB
       Class:  3.33 MB
        Both:  6.75 MB

MaxMetaspaceSize: unlimited
CompressedClassSpaceSize: 1.00 GB
Initial GC threshold: 21.00 MB
Current GC threshold: 58.38 MB
CDS: on
MetaspaceReclaimPolicy: balanced
 - commit_granule_bytes: 65536.
 - commit_granule_words: 8192.
 - virtual_space_node_default_size: 1048576.
 - enlarge_chunks_in_place: 1.
 - new_chunks_are_fully_committed: 0.
 - uncommit_free_chunks: 1.
 - use_allocation_guard: 0.
 - handle_deallocations: 1.


Internal statistics:

num_allocs_failed_limit: 6.
num_arena_births: 380.
num_arena_deaths: 14.
num_vsnodes_births: 6.
num_vsnodes_deaths: 0.
num_space_committed: 646.
num_space_uncommitted: 0.
num_chunks_returned_to_freelist: 20.
num_chunks_taken_from_freelist: 2115.
num_chunk_merges: 7.
num_chunk_splits: 1335.
num_chunks_enlarged: 783.
num_purges: 2.
num_inconsistent_stats: 0.

CodeHeap 'non-profiled nmethods': size=120000Kb used=2383Kb max_used=2844Kb free=117616Kb
 bounds [0x000002a2409b0000, 0x000002a240c80000, 0x000002a247ee0000]
CodeHeap 'profiled nmethods': size=120000Kb used=8111Kb max_used=10370Kb free=111888Kb
 bounds [0x000002a238ee0000, 0x000002a239910000, 0x000002a240410000]
CodeHeap 'non-nmethods': size=5760Kb used=1290Kb max_used=1385Kb free=4469Kb
 bounds [0x000002a240410000, 0x000002a240680000, 0x000002a2409b0000]
 total_blobs=4975 nmethods=4372 adapters=517
 compilation: enabled
              stopped_count=0, restarted_count=0
 full_count=0

Compilation events (20 events):
Event: 425.049 Thread 0x000002a251ee31b0 nmethod 5148 0x000002a240a6eb90 code [0x000002a240a6ed00, 0x000002a240a6eeb8]
Event: 425.049 Thread 0x000002a251ee31b0 5155       4       jdk.internal.jrtfs.JrtPath::checkPath (47 bytes)
Event: 425.049 Thread 0x000002a251ee31b0 nmethod 5155 0x000002a240b4b110 code [0x000002a240b4b280, 0x000002a240b4b338]
Event: 425.049 Thread 0x000002a251ee31b0 5153   !   4       java.nio.file.FileTreeWalker::next (144 bytes)
Event: 425.050 Thread 0x000002a24a8423e0 5156       3       java.util.HashSet::remove (20 bytes)
Event: 425.050 Thread 0x000002a24a8423e0 nmethod 5156 0x000002a238fb6e90 code [0x000002a238fb7040, 0x000002a238fb7288]
Event: 425.050 Thread 0x000002a24a8423e0 5157       3       org.eclipse.jdt.internal.compiler.classfmt.ClassFileStruct::utf8At (171 bytes)
Event: 425.050 Thread 0x000002a24a8423e0 nmethod 5157 0x000002a238ef7c10 code [0x000002a238ef7de0, 0x000002a238ef8388]
Event: 425.050 Thread 0x000002a24a8423e0 5158       3       jdk.internal.jimage.ImageReader$SharedImageReader$$Lambda$268/0x00000008010942a0::<init> (15 bytes)
Event: 425.050 Thread 0x000002a251ee5a30 nmethod 5151 0x000002a2409c5c10 code [0x000002a2409c5da0, 0x000002a2409c60e8]
Event: 425.051 Thread 0x000002a251ee5a30 5159       4       java.nio.ByteBufferAsIntBufferL::get (31 bytes)
Event: 425.051 Thread 0x000002a24a8423e0 nmethod 5158 0x000002a238ff8010 code [0x000002a238ff81a0, 0x000002a238ff8338]
Event: 425.052 Thread 0x000002a251ee5a30 nmethod 5159 0x000002a240a97a10 code [0x000002a240a97ba0, 0x000002a240a97cb8]
Event: 425.052 Thread 0x000002a251ee5a30 5150       4       java.util.stream.ReferencePipeline$2$1::accept (27 bytes)
Event: 425.053 Thread 0x000002a251ee5a30 nmethod 5150 0x000002a240a6a490 code [0x000002a240a6a620, 0x000002a240a6a7d8]
Event: 425.053 Thread 0x000002a251ee5a30 5154   !   4       java.nio.file.FileTreeWalker::visit (204 bytes)
Event: 425.056 Thread 0x000002a24a8423e0 5161       3       org.eclipse.core.internal.resources.Resource::checkAccessible (7 bytes)
Event: 425.056 Thread 0x000002a24a8423e0 nmethod 5161 0x000002a2391c4f90 code [0x000002a2391c5120, 0x000002a2391c52e8]
Event: 425.056 Thread 0x000002a24a8423e0 5162       1       java.util.Collections$EmptySet::contains (2 bytes)
Event: 425.057 Thread 0x000002a24a8423e0 nmethod 5162 0x000002a240a6a110 code [0x000002a240a6a2a0, 0x000002a240a6a378]

GC Heap History (20 events):
Event: 5.424 GC heap before
{Heap before GC invocations=12 (full 1):
 PSYoungGen      total 25088K, used 9646K [0x00000000eab00000, 0x00000000ec880000, 0x0000000100000000)
  eden space 23040K, 34% used [0x00000000eab00000,0x00000000eb2cdd20,0x00000000ec180000)
  from space 2048K, 80% used [0x00000000ec680000,0x00000000ec81db38,0x00000000ec880000)
  to   space 2560K, 0% used [0x00000000ec380000,0x00000000ec380000,0x00000000ec600000)
 ParOldGen       total 68608K, used 12716K [0x00000000c0000000, 0x00000000c4300000, 0x00000000eab00000)
  object space 68608K, 18% used [0x00000000c0000000,0x00000000c0c6b3c8,0x00000000c4300000)
 Metaspace       used 34992K, committed 35840K, reserved 1081344K
  class space    used 3706K, committed 4096K, reserved 1048576K
}
Event: 5.426 GC heap after
{Heap after GC invocations=12 (full 1):
 PSYoungGen      total 25600K, used 448K [0x00000000eab00000, 0x00000000ec700000, 0x0000000100000000)
  eden space 23040K, 0% used [0x00000000eab00000,0x00000000eab00000,0x00000000ec180000)
  from space 2560K, 17% used [0x00000000ec380000,0x00000000ec3f0000,0x00000000ec600000)
  to   space 1024K, 0% used [0x00000000ec600000,0x00000000ec600000,0x00000000ec700000)
 ParOldGen       total 68608K, used 14284K [0x00000000c0000000, 0x00000000c4300000, 0x00000000eab00000)
  object space 68608K, 20% used [0x00000000c0000000,0x00000000c0df33c8,0x00000000c4300000)
 Metaspace       used 34992K, committed 35840K, reserved 1081344K
  class space    used 3706K, committed 4096K, reserved 1048576K
}
Event: 5.426 GC heap before
{Heap before GC invocations=13 (full 2):
 PSYoungGen      total 25600K, used 448K [0x00000000eab00000, 0x00000000ec700000, 0x0000000100000000)
  eden space 23040K, 0% used [0x00000000eab00000,0x00000000eab00000,0x00000000ec180000)
  from space 2560K, 17% used [0x00000000ec380000,0x00000000ec3f0000,0x00000000ec600000)
  to   space 1024K, 0% used [0x00000000ec600000,0x00000000ec600000,0x00000000ec700000)
 ParOldGen       total 68608K, used 14284K [0x00000000c0000000, 0x00000000c4300000, 0x00000000eab00000)
  object space 68608K, 20% used [0x00000000c0000000,0x00000000c0df33c8,0x00000000c4300000)
 Metaspace       used 34992K, committed 35840K, reserved 1081344K
  class space    used 3706K, committed 4096K, reserved 1048576K
}
Event: 5.457 GC heap after
{Heap after GC invocations=13 (full 2):
 PSYoungGen      total 25600K, used 0K [0x00000000eab00000, 0x00000000ec700000, 0x0000000100000000)
  eden space 23040K, 0% used [0x00000000eab00000,0x00000000eab00000,0x00000000ec180000)
  from space 2560K, 0% used [0x00000000ec380000,0x00000000ec380000,0x00000000ec600000)
  to   space 1024K, 0% used [0x00000000ec600000,0x00000000ec600000,0x00000000ec700000)
 ParOldGen       total 68608K, used 14177K [0x00000000c0000000, 0x00000000c4300000, 0x00000000eab00000)
  object space 68608K, 20% used [0x00000000c0000000,0x00000000c0dd87a8,0x00000000c4300000)
 Metaspace       used 34992K, committed 35840K, reserved 1081344K
  class space    used 3706K, committed 4096K, reserved 1048576K
}
Event: 9.867 GC heap before
{Heap before GC invocations=14 (full 2):
 PSYoungGen      total 25600K, used 23040K [0x00000000eab00000, 0x00000000ec700000, 0x0000000100000000)
  eden space 23040K, 100% used [0x00000000eab00000,0x00000000ec180000,0x00000000ec180000)
  from space 2560K, 0% used [0x00000000ec380000,0x00000000ec380000,0x00000000ec600000)
  to   space 1024K, 0% used [0x00000000ec600000,0x00000000ec600000,0x00000000ec700000)
 ParOldGen       total 68608K, used 14177K [0x00000000c0000000, 0x00000000c4300000, 0x00000000eab00000)
  object space 68608K, 20% used [0x00000000c0000000,0x00000000c0dd87a8,0x00000000c4300000)
 Metaspace       used 37725K, committed 38528K, reserved 1089536K
  class space    used 4049K, committed 4416K, reserved 1048576K
}
Event: 9.869 GC heap after
{Heap after GC invocations=14 (full 2):
 PSYoungGen      total 23552K, used 1024K [0x00000000eab00000, 0x00000000ec700000, 0x0000000100000000)
  eden space 22528K, 0% used [0x00000000eab00000,0x00000000eab00000,0x00000000ec100000)
  from space 1024K, 100% used [0x00000000ec600000,0x00000000ec700000,0x00000000ec700000)
  to   space 1536K, 0% used [0x00000000ec400000,0x00000000ec400000,0x00000000ec580000)
 ParOldGen       total 68608K, used 14493K [0x00000000c0000000, 0x00000000c4300000, 0x00000000eab00000)
  object space 68608K, 21% used [0x00000000c0000000,0x00000000c0e277b8,0x00000000c4300000)
 Metaspace       used 37725K, committed 38528K, reserved 1089536K
  class space    used 4049K, committed 4416K, reserved 1048576K
}
Event: 47.588 GC heap before
{Heap before GC invocations=15 (full 2):
 PSYoungGen      total 23552K, used 23552K [0x00000000eab00000, 0x00000000ec700000, 0x0000000100000000)
  eden space 22528K, 100% used [0x00000000eab00000,0x00000000ec100000,0x00000000ec100000)
  from space 1024K, 100% used [0x00000000ec600000,0x00000000ec700000,0x00000000ec700000)
  to   space 1536K, 0% used [0x00000000ec400000,0x00000000ec400000,0x00000000ec580000)
 ParOldGen       total 68608K, used 14493K [0x00000000c0000000, 0x00000000c4300000, 0x00000000eab00000)
  object space 68608K, 21% used [0x00000000c0000000,0x00000000c0e277b8,0x00000000c4300000)
 Metaspace       used 38062K, committed 38848K, reserved 1089536K
  class space    used 4090K, committed 4416K, reserved 1048576K
}
Event: 47.590 GC heap after
{Heap after GC invocations=15 (full 2):
 PSYoungGen      total 23552K, used 224K [0x00000000eab00000, 0x00000000ec680000, 0x0000000100000000)
  eden space 22016K, 0% used [0x00000000eab00000,0x00000000eab00000,0x00000000ec080000)
  from space 1536K, 14% used [0x00000000ec400000,0x00000000ec438000,0x00000000ec580000)
  to   space 1024K, 0% used [0x00000000ec580000,0x00000000ec580000,0x00000000ec680000)
 ParOldGen       total 68608K, used 15533K [0x00000000c0000000, 0x00000000c4300000, 0x00000000eab00000)
  object space 68608K, 22% used [0x00000000c0000000,0x00000000c0f2b7d0,0x00000000c4300000)
 Metaspace       used 38062K, committed 38848K, reserved 1089536K
  class space    used 4090K, committed 4416K, reserved 1048576K
}
Event: 86.179 GC heap before
{Heap before GC invocations=16 (full 2):
 PSYoungGen      total 23552K, used 22240K [0x00000000eab00000, 0x00000000ec680000, 0x0000000100000000)
  eden space 22016K, 100% used [0x00000000eab00000,0x00000000ec080000,0x00000000ec080000)
  from space 1536K, 14% used [0x00000000ec400000,0x00000000ec438000,0x00000000ec580000)
  to   space 1024K, 0% used [0x00000000ec580000,0x00000000ec580000,0x00000000ec680000)
 ParOldGen       total 68608K, used 15533K [0x00000000c0000000, 0x00000000c4300000, 0x00000000eab00000)
  object space 68608K, 22% used [0x00000000c0000000,0x00000000c0f2b7d0,0x00000000c4300000)
 Metaspace       used 38071K, committed 38848K, reserved 1089536K
  class space    used 4091K, committed 4416K, reserved 1048576K
}
Event: 86.180 GC heap after
{Heap after GC invocations=16 (full 2):
 PSYoungGen      total 22528K, used 224K [0x00000000eab00000, 0x00000000ec600000, 0x0000000100000000)
  eden space 22016K, 0% used [0x00000000eab00000,0x00000000eab00000,0x00000000ec080000)
  from space 512K, 43% used [0x00000000ec580000,0x00000000ec5b8000,0x00000000ec600000)
  to   space 512K, 0% used [0x00000000ec500000,0x00000000ec500000,0x00000000ec580000)
 ParOldGen       total 68608K, used 15605K [0x00000000c0000000, 0x00000000c4300000, 0x00000000eab00000)
  object space 68608K, 22% used [0x00000000c0000000,0x00000000c0f3d7d0,0x00000000c4300000)
 Metaspace       used 38071K, committed 38848K, reserved 1089536K
  class space    used 4091K, committed 4416K, reserved 1048576K
}
Event: 132.064 GC heap before
{Heap before GC invocations=17 (full 2):
 PSYoungGen      total 22528K, used 22240K [0x00000000eab00000, 0x00000000ec600000, 0x0000000100000000)
  eden space 22016K, 100% used [0x00000000eab00000,0x00000000ec080000,0x00000000ec080000)
  from space 512K, 43% used [0x00000000ec580000,0x00000000ec5b8000,0x00000000ec600000)
  to   space 512K, 0% used [0x00000000ec500000,0x00000000ec500000,0x00000000ec580000)
 ParOldGen       total 68608K, used 15605K [0x00000000c0000000, 0x00000000c4300000, 0x00000000eab00000)
  object space 68608K, 22% used [0x00000000c0000000,0x00000000c0f3d7d0,0x00000000c4300000)
 Metaspace       used 38279K, committed 39040K, reserved 1089536K
  class space    used 4119K, committed 4416K, reserved 1048576K
}
Event: 132.065 GC heap after
{Heap after GC invocations=17 (full 2):
 PSYoungGen      total 22528K, used 490K [0x00000000eab00000, 0x00000000ec600000, 0x0000000100000000)
  eden space 22016K, 0% used [0x00000000eab00000,0x00000000eab00000,0x00000000ec080000)
  from space 512K, 95% used [0x00000000ec500000,0x00000000ec57abf0,0x00000000ec580000)
  to   space 512K, 0% used [0x00000000ec580000,0x00000000ec580000,0x00000000ec600000)
 ParOldGen       total 68608K, used 16109K [0x00000000c0000000, 0x00000000c4300000, 0x00000000eab00000)
  object space 68608K, 23% used [0x00000000c0000000,0x00000000c0fbb7d0,0x00000000c4300000)
 Metaspace       used 38279K, committed 39040K, reserved 1089536K
  class space    used 4119K, committed 4416K, reserved 1048576K
}
Event: 186.001 GC heap before
{Heap before GC invocations=18 (full 2):
 PSYoungGen      total 22528K, used 22506K [0x00000000eab00000, 0x00000000ec600000, 0x0000000100000000)
  eden space 22016K, 100% used [0x00000000eab00000,0x00000000ec080000,0x00000000ec080000)
  from space 512K, 95% used [0x00000000ec500000,0x00000000ec57abf0,0x00000000ec580000)
  to   space 512K, 0% used [0x00000000ec580000,0x00000000ec580000,0x00000000ec600000)
 ParOldGen       total 68608K, used 16109K [0x00000000c0000000, 0x00000000c4300000, 0x00000000eab00000)
  object space 68608K, 23% used [0x00000000c0000000,0x00000000c0fbb7d0,0x00000000c4300000)
 Metaspace       used 38373K, committed 39104K, reserved 1089536K
  class space    used 4125K, committed 4416K, reserved 1048576K
}
Event: 186.001 GC heap after
{Heap after GC invocations=18 (full 2):
 PSYoungGen      total 22528K, used 224K [0x00000000eab00000, 0x00000000ec600000, 0x0000000100000000)
  eden space 22016K, 0% used [0x00000000eab00000,0x00000000eab00000,0x00000000ec080000)
  from space 512K, 43% used [0x00000000ec580000,0x00000000ec5b8000,0x00000000ec600000)
  to   space 512K, 0% used [0x00000000ec500000,0x00000000ec500000,0x00000000ec580000)
 ParOldGen       total 68608K, used 16632K [0x00000000c0000000, 0x00000000c4300000, 0x00000000eab00000)
  object space 68608K, 24% used [0x00000000c0000000,0x00000000c103e370,0x00000000c4300000)
 Metaspace       used 38373K, committed 39104K, reserved 1089536K
  class space    used 4125K, committed 4416K, reserved 1048576K
}
Event: 244.380 GC heap before
{Heap before GC invocations=19 (full 2):
 PSYoungGen      total 22528K, used 22222K [0x00000000eab00000, 0x00000000ec600000, 0x0000000100000000)
  eden space 22016K, 99% used [0x00000000eab00000,0x00000000ec07bac0,0x00000000ec080000)
  from space 512K, 43% used [0x00000000ec580000,0x00000000ec5b8000,0x00000000ec600000)
  to   space 512K, 0% used [0x00000000ec500000,0x00000000ec500000,0x00000000ec580000)
 ParOldGen       total 68608K, used 16632K [0x00000000c0000000, 0x00000000c4300000, 0x00000000eab00000)
  object space 68608K, 24% used [0x00000000c0000000,0x00000000c103e370,0x00000000c4300000)
 Metaspace       used 38391K, committed 39104K, reserved 1089536K
  class space    used 4127K, committed 4416K, reserved 1048576K
}
Event: 244.380 GC heap after
{Heap after GC invocations=19 (full 2):
 PSYoungGen      total 22528K, used 272K [0x00000000eab00000, 0x00000000ec600000, 0x0000000100000000)
  eden space 22016K, 0% used [0x00000000eab00000,0x00000000eab00000,0x00000000ec080000)
  from space 512K, 53% used [0x00000000ec500000,0x00000000ec5440a0,0x00000000ec580000)
  to   space 512K, 0% used [0x00000000ec580000,0x00000000ec580000,0x00000000ec600000)
 ParOldGen       total 68608K, used 16736K [0x00000000c0000000, 0x00000000c4300000, 0x00000000eab00000)
  object space 68608K, 24% used [0x00000000c0000000,0x00000000c1058390,0x00000000c4300000)
 Metaspace       used 38391K, committed 39104K, reserved 1089536K
  class space    used 4127K, committed 4416K, reserved 1048576K
}
Event: 304.302 GC heap before
{Heap before GC invocations=20 (full 2):
 PSYoungGen      total 22528K, used 22288K [0x00000000eab00000, 0x00000000ec600000, 0x0000000100000000)
  eden space 22016K, 100% used [0x00000000eab00000,0x00000000ec080000,0x00000000ec080000)
  from space 512K, 53% used [0x00000000ec500000,0x00000000ec5440a0,0x00000000ec580000)
  to   space 512K, 0% used [0x00000000ec580000,0x00000000ec580000,0x00000000ec600000)
 ParOldGen       total 68608K, used 16736K [0x00000000c0000000, 0x00000000c4300000, 0x00000000eab00000)
  object space 68608K, 24% used [0x00000000c0000000,0x00000000c1058390,0x00000000c4300000)
 Metaspace       used 38410K, committed 39168K, reserved 1089536K
  class space    used 4130K, committed 4480K, reserved 1048576K
}
Event: 304.303 GC heap after
{Heap after GC invocations=20 (full 2):
 PSYoungGen      total 22528K, used 192K [0x00000000eab00000, 0x00000000ec600000, 0x0000000100000000)
  eden space 22016K, 0% used [0x00000000eab00000,0x00000000eab00000,0x00000000ec080000)
  from space 512K, 37% used [0x00000000ec580000,0x00000000ec5b0000,0x00000000ec600000)
  to   space 512K, 0% used [0x00000000ec500000,0x00000000ec500000,0x00000000ec580000)
 ParOldGen       total 68608K, used 16768K [0x00000000c0000000, 0x00000000c4300000, 0x00000000eab00000)
  object space 68608K, 24% used [0x00000000c0000000,0x00000000c1060390,0x00000000c4300000)
 Metaspace       used 38410K, committed 39168K, reserved 1089536K
  class space    used 4130K, committed 4480K, reserved 1048576K
}
Event: 424.887 GC heap before
{Heap before GC invocations=21 (full 2):
 PSYoungGen      total 22528K, used 22207K [0x00000000eab00000, 0x00000000ec600000, 0x0000000100000000)
  eden space 22016K, 99% used [0x00000000eab00000,0x00000000ec07fff0,0x00000000ec080000)
  from space 512K, 37% used [0x00000000ec580000,0x00000000ec5b0000,0x00000000ec600000)
  to   space 512K, 0% used [0x00000000ec500000,0x00000000ec500000,0x00000000ec580000)
 ParOldGen       total 68608K, used 16768K [0x00000000c0000000, 0x00000000c4300000, 0x00000000eab00000)
  object space 68608K, 24% used [0x00000000c0000000,0x00000000c1060390,0x00000000c4300000)
 Metaspace       used 40021K, committed 40896K, reserved 1089536K
  class space    used 4301K, committed 4672K, reserved 1048576K
}
Event: 424.889 GC heap after
{Heap after GC invocations=21 (full 2):
 PSYoungGen      total 22528K, used 496K [0x00000000eab00000, 0x00000000ec600000, 0x0000000100000000)
  eden space 22016K, 0% used [0x00000000eab00000,0x00000000eab00000,0x00000000ec080000)
  from space 512K, 96% used [0x00000000ec500000,0x00000000ec57c010,0x00000000ec580000)
  to   space 512K, 0% used [0x00000000ec580000,0x00000000ec580000,0x00000000ec600000)
 ParOldGen       total 68608K, used 17264K [0x00000000c0000000, 0x00000000c4300000, 0x00000000eab00000)
  object space 68608K, 25% used [0x00000000c0000000,0x00000000c10dc390,0x00000000c4300000)
 Metaspace       used 40021K, committed 40896K, reserved 1089536K
  class space    used 4301K, committed 4672K, reserved 1048576K
}

Deoptimization events (20 events):
Event: 424.732 Thread 0x000002a24de0eed0 Uncommon trap: trap_request=0xffffff76 fr.pc=0x000002a240c376dc relative=0x0000000000000d7c
Event: 424.732 Thread 0x000002a24de0eed0 Uncommon trap: reason=predicate action=maybe_recompile pc=0x000002a240c376dc method=org.eclipse.jdt.ls.core.internal.JobHelpers.getJob(Lorg/eclipse/jdt/ls/core/internal/JobHelpers$IJobMatcher;)Lorg/eclipse/core/runtime/jobs/Job; @ 45 c2
Event: 424.732 Thread 0x000002a24de0eed0 DEOPT PACKING pc=0x000002a240c376dc sp=0x000000fe592fefe0
Event: 424.732 Thread 0x000002a24de0eed0 DEOPT UNPACKING pc=0x000002a2404658a3 sp=0x000000fe592fefd0 mode 2
Event: 424.874 Thread 0x000002a24de0eed0 Uncommon trap: trap_request=0xffffff45 fr.pc=0x000002a240c7470c relative=0x000000000000016c
Event: 424.874 Thread 0x000002a24de0eed0 Uncommon trap: reason=unstable_if action=reinterpret pc=0x000002a240c7470c method=jdk.internal.jrtfs.JrtPath.normalize(Ljava/lang/String;)Ljava/lang/String; @ 78 c2
Event: 424.874 Thread 0x000002a24de0eed0 DEOPT PACKING pc=0x000002a240c7470c sp=0x000000fe592fde10
Event: 424.874 Thread 0x000002a24de0eed0 DEOPT UNPACKING pc=0x000002a2404658a3 sp=0x000000fe592fdd90 mode 2
Event: 424.875 Thread 0x000002a24de0eed0 Uncommon trap: trap_request=0xffffff45 fr.pc=0x000002a240c2b3a8 relative=0x0000000000000888
Event: 424.875 Thread 0x000002a24de0eed0 Uncommon trap: reason=unstable_if action=reinterpret pc=0x000002a240c2b3a8 method=java.util.regex.Pattern.atom()Ljava/util/regex/Pattern$Node; @ 14 c2
Event: 424.875 Thread 0x000002a24de0eed0 DEOPT PACKING pc=0x000002a240c2b3a8 sp=0x000000fe592fcf60
Event: 424.875 Thread 0x000002a24de0eed0 DEOPT UNPACKING pc=0x000002a2404658a3 sp=0x000000fe592fcef0 mode 2
Event: 424.885 Thread 0x000002a24de0eed0 Uncommon trap: trap_request=0xffffff45 fr.pc=0x000002a2409d3260 relative=0x00000000000006c0
Event: 424.885 Thread 0x000002a24de0eed0 Uncommon trap: reason=unstable_if action=reinterpret pc=0x000002a2409d3260 method=jdk.internal.jimage.ImageReader$SharedImageReader.findNode(Ljava/lang/String;)Ljdk/internal/jimage/ImageReader$Node; @ 25 c2
Event: 424.885 Thread 0x000002a24de0eed0 DEOPT PACKING pc=0x000002a2409d3260 sp=0x000000fe592fdb20
Event: 424.886 Thread 0x000002a24de0eed0 DEOPT UNPACKING pc=0x000002a2404658a3 sp=0x000000fe592fdaf8 mode 2
Event: 424.908 Thread 0x000002a24de0eed0 Uncommon trap: trap_request=0xffffff45 fr.pc=0x000002a240a2d31c relative=0x000000000000025c
Event: 424.908 Thread 0x000002a24de0eed0 Uncommon trap: reason=unstable_if action=reinterpret pc=0x000002a240a2d31c method=java.util.HashMap.getNode(Ljava/lang/Object;)Ljava/util/HashMap$Node; @ 66 c2
Event: 424.908 Thread 0x000002a24de0eed0 DEOPT PACKING pc=0x000002a240a2d31c sp=0x000000fe592fe0e0
Event: 424.908 Thread 0x000002a24de0eed0 DEOPT UNPACKING pc=0x000002a2404658a3 sp=0x000000fe592fe000 mode 2

Classes unloaded (7 events):
Event: 3.453 Thread 0x000002a22ff5e9e0 Unloading class 0x0000000800d68400 'java/lang/invoke/LambdaForm$MH+0x0000000800d68400'
Event: 3.453 Thread 0x000002a22ff5e9e0 Unloading class 0x0000000800d68000 'java/lang/invoke/LambdaForm$MH+0x0000000800d68000'
Event: 3.453 Thread 0x000002a22ff5e9e0 Unloading class 0x0000000800d67c00 'java/lang/invoke/LambdaForm$MH+0x0000000800d67c00'
Event: 3.453 Thread 0x000002a22ff5e9e0 Unloading class 0x0000000800d67400 'java/lang/invoke/LambdaForm$MH+0x0000000800d67400'
Event: 3.453 Thread 0x000002a22ff5e9e0 Unloading class 0x0000000800d67000 'java/lang/invoke/LambdaForm$BMH+0x0000000800d67000'
Event: 3.453 Thread 0x000002a22ff5e9e0 Unloading class 0x0000000800d66c00 'java/lang/invoke/LambdaForm$DMH+0x0000000800d66c00'
Event: 3.453 Thread 0x000002a22ff5e9e0 Unloading class 0x0000000800d64000 'java/lang/invoke/LambdaForm$DMH+0x0000000800d64000'

Classes redefined (0 events):
No events

Internal exceptions (20 events):
Event: 424.720 Thread 0x000002a24de11080 Exception <a 'java/io/IOException'{0x00000000eb76e138}> (0x00000000eb76e138) 
thrown [s\open\src\hotspot\share\prims\jni.cpp, line 516]
Event: 424.720 Thread 0x000002a24de11080 Exception <a 'java/io/IOException'{0x00000000eb76e448}> (0x00000000eb76e448) 
thrown [s\open\src\hotspot\share\prims\jni.cpp, line 516]
Event: 424.724 Thread 0x000002a24de0eed0 Exception <a 'java/io/IOException'{0x00000000eb7b9748}> (0x00000000eb7b9748) 
thrown [s\open\src\hotspot\share\prims\jni.cpp, line 516]
Event: 424.724 Thread 0x000002a24de0eed0 Exception <a 'java/io/IOException'{0x00000000eb7b9a58}> (0x00000000eb7b9a58) 
thrown [s\open\src\hotspot\share\prims\jni.cpp, line 516]
Event: 424.724 Thread 0x000002a24de0eed0 Exception <a 'java/io/IOException'{0x00000000eb7b9d68}> (0x00000000eb7b9d68) 
thrown [s\open\src\hotspot\share\prims\jni.cpp, line 516]
Event: 424.724 Thread 0x000002a24de11080 Exception <a 'java/io/IOException'{0x00000000eb78cd50}> (0x00000000eb78cd50) 
thrown [s\open\src\hotspot\share\prims\jni.cpp, line 516]
Event: 424.724 Thread 0x000002a24de11080 Exception <a 'java/io/IOException'{0x00000000eb78d060}> (0x00000000eb78d060) 
thrown [s\open\src\hotspot\share\prims\jni.cpp, line 516]
Event: 424.724 Thread 0x000002a24de11080 Exception <a 'java/io/IOException'{0x00000000eb78d370}> (0x00000000eb78d370) 
thrown [s\open\src\hotspot\share\prims\jni.cpp, line 516]
Event: 424.725 Thread 0x000002a24de0eed0 Exception <a 'java/io/IOException'{0x00000000eb7cb968}> (0x00000000eb7cb968) 
thrown [s\open\src\hotspot\share\prims\jni.cpp, line 516]
Event: 424.725 Thread 0x000002a24de0eed0 Exception <a 'java/io/IOException'{0x00000000eb7cbc78}> (0x00000000eb7cbc78) 
thrown [s\open\src\hotspot\share\prims\jni.cpp, line 516]
Event: 424.725 Thread 0x000002a24de0eed0 Exception <a 'java/io/IOException'{0x00000000eb7cbf88}> (0x00000000eb7cbf88) 
thrown [s\open\src\hotspot\share\prims\jni.cpp, line 516]
Event: 424.727 Thread 0x000002a24de0eed0 Exception <a 'java/io/IOException'{0x00000000eb7dd5b0}> (0x00000000eb7dd5b0) 
thrown [s\open\src\hotspot\share\prims\jni.cpp, line 516]
Event: 424.727 Thread 0x000002a24de0eed0 Exception <a 'java/io/IOException'{0x00000000eb7dd8c0}> (0x00000000eb7dd8c0) 
thrown [s\open\src\hotspot\share\prims\jni.cpp, line 516]
Event: 424.727 Thread 0x000002a24de0eed0 Exception <a 'java/io/IOException'{0x00000000eb7ddbd0}> (0x00000000eb7ddbd0) 
thrown [s\open\src\hotspot\share\prims\jni.cpp, line 516]
Event: 424.754 Thread 0x000002a24de0eed0 Exception <a 'java/lang/NoSuchMethodError'{0x00000000eb892510}: 'int java.lang.invoke.DirectMethodHandle$Holder.invokeInterface(java.lang.Object, java.lang.Object)'> (0x00000000eb892510) 
thrown [s\open\src\hotspot\share\interpreter\linkResolver.cpp, line 759]
Event: 424.754 Thread 0x000002a24de0eed0 Exception <a 'java/lang/IncompatibleClassChangeError'{0x00000000eb895a48}: Found class java.lang.Object, but interface was expected> (0x00000000eb895a48) 
thrown [s\open\src\hotspot\share\interpreter\linkResolver.cpp, line 826]
Event: 424.782 Thread 0x000002a24de0eed0 Exception <a 'java/lang/NoSuchMethodError'{0x00000000eba70030}: 'java.lang.Object java.lang.invoke.Invokers$Holder.invoke_MT(java.lang.Object, java.lang.Object, java.lang.Object)'> (0x00000000eba70030) 
thrown [s\open\src\hotspot\share\interpreter\linkResolver.cpp, line 759]
Event: 425.029 Thread 0x000002a24de0eed0 Exception <a 'java/io/FileNotFoundException'{0x00000000ebadcfa8}> (0x00000000ebadcfa8) 
thrown [s\open\src\hotspot\share\prims\jni.cpp, line 516]
Event: 425.029 Thread 0x000002a24de0eed0 Exception <a 'java/io/FileNotFoundException'{0x00000000ebade898}> (0x00000000ebade898) 
thrown [s\open\src\hotspot\share\prims\jni.cpp, line 516]
Event: 425.032 Thread 0x000002a24de0eed0 Exception <a 'java/lang/NoSuchMethodError'{0x00000000ebaea9c0}: 'void java.lang.invoke.DirectMethodHandle$Holder.invokeStaticInit(java.lang.Object, java.lang.Object, java.lang.Object)'> (0x00000000ebaea9c0) 
thrown [s\open\src\hotspot\share\interpreter\linkResolver.cpp, line 759]

VM Operations (20 events):
Event: 424.554 Executing VM operation: ThreadDump
Event: 424.562 Executing VM operation: ThreadDump done
Event: 424.731 Executing VM operation: HandshakeAllThreads
Event: 424.731 Executing VM operation: HandshakeAllThreads done
Event: 424.767 Executing VM operation: HandshakeAllThreads
Event: 424.767 Executing VM operation: HandshakeAllThreads done
Event: 424.773 Executing VM operation: HandshakeAllThreads
Event: 424.773 Executing VM operation: HandshakeAllThreads done
Event: 424.792 Executing VM operation: HandshakeAllThreads
Event: 424.792 Executing VM operation: HandshakeAllThreads done
Event: 424.825 Executing VM operation: HandshakeAllThreads
Event: 424.825 Executing VM operation: HandshakeAllThreads done
Event: 424.860 Executing VM operation: HandshakeAllThreads
Event: 424.860 Executing VM operation: HandshakeAllThreads done
Event: 424.868 Executing VM operation: HandshakeAllThreads
Event: 424.868 Executing VM operation: HandshakeAllThreads done
Event: 424.882 Executing VM operation: HandshakeAllThreads
Event: 424.882 Executing VM operation: HandshakeAllThreads done
Event: 424.887 Executing VM operation: ParallelGCFailedAllocation
Event: 424.889 Executing VM operation: ParallelGCFailedAllocation done

Events (20 events):
Event: 424.892 Thread 0x000002a24a84b560 flushing nmethod 0x000002a2397dbb10
Event: 424.892 Thread 0x000002a24a84b560 flushing nmethod 0x000002a2397dda10
Event: 424.892 Thread 0x000002a24a84b560 flushing nmethod 0x000002a2397f0290
Event: 424.892 Thread 0x000002a24a84b560 flushing nmethod 0x000002a2397f6290
Event: 424.892 Thread 0x000002a24a84b560 flushing nmethod 0x000002a2397f6610
Event: 424.892 Thread 0x000002a24a84b560 flushing nmethod 0x000002a2397f6990
Event: 424.892 Thread 0x000002a24a84b560 flushing nmethod 0x000002a239883a90
Event: 424.892 Thread 0x000002a24a84b560 flushing nmethod 0x000002a239884190
Event: 424.892 Thread 0x000002a24a84b560 flushing nmethod 0x000002a239884d10
Event: 424.892 Thread 0x000002a24a84b560 flushing nmethod 0x000002a239886490
Event: 424.892 Thread 0x000002a24a84b560 flushing nmethod 0x000002a239886c90
Event: 424.892 Thread 0x000002a24a84b560 flushing nmethod 0x000002a23988bd90
Event: 424.892 Thread 0x000002a24a84b560 flushing nmethod 0x000002a23988d190
Event: 424.892 Thread 0x000002a24a84b560 flushing nmethod 0x000002a2398c2510
Event: 424.892 Thread 0x000002a24a84b560 flushing nmethod 0x000002a2398c6390
Event: 424.916 loading class java/nio/channels/Channels$ReadableByteChannelImpl
Event: 424.916 loading class java/nio/channels/Channels$ReadableByteChannelImpl done
Event: 424.917 loading class java/nio/channels/NonWritableChannelException
Event: 424.917 loading class java/nio/channels/NonWritableChannelException done
Event: 424.967 Thread 0x000002a251ee31b0 Thread added: 0x000002a251ee31b0


Dynamic libraries:
0x00007ff603d50000 - 0x00007ff603d60000 	C:\Program Files\Java\jdk-17\bin\java.exe
0x00007ff9fd350000 - 0x00007ff9fd564000 	C:\WINDOWS\SYSTEM32\ntdll.dll
0x00007ff9fb720000 - 0x00007ff9fb7e2000 	C:\WINDOWS\System32\KERNEL32.DLL
0x00007ff9fa8f0000 - 0x00007ff9fac8c000 	C:\WINDOWS\System32\KERNELBASE.dll
0x00007ff9faed0000 - 0x00007ff9fafe1000 	C:\WINDOWS\System32\ucrtbase.dll
0x00007ff9f6900000 - 0x00007ff9f6918000 	C:\Program Files\Java\jdk-17\bin\jli.dll
0x00007ff9fc860000 - 0x00007ff9fc90e000 	C:\WINDOWS\System32\ADVAPI32.dll
0x00007ff9fbd50000 - 0x00007ff9fbdf7000 	C:\WINDOWS\System32\msvcrt.dll
0x00007ff9fbc90000 - 0x00007ff9fbd34000 	C:\WINDOWS\System32\sechost.dll
0x00007ff9fbe20000 - 0x00007ff9fbf37000 	C:\WINDOWS\System32\RPCRT4.dll
0x00007ff9fce40000 - 0x00007ff9fcfeb000 	C:\WINDOWS\System32\USER32.dll
0x00007ff9ee770000 - 0x00007ff9ee78b000 	C:\Program Files\Java\jdk-17\bin\VCRUNTIME140.dll
0x00007ff9fa800000 - 0x00007ff9fa826000 	C:\WINDOWS\System32\win32u.dll
0x00007ff9fd2e0000 - 0x00007ff9fd309000 	C:\WINDOWS\System32\GDI32.dll
0x00007ff9fad10000 - 0x00007ff9fae23000 	C:\WINDOWS\System32\gdi32full.dll
0x00007ff9fae30000 - 0x00007ff9faeca000 	C:\WINDOWS\System32\msvcp_win.dll
0x00007ff9d5c00000 - 0x00007ff9d5e8e000 	C:\WINDOWS\WinSxS\amd64_microsoft.windows.common-controls_6595b64144ccf1df_6.0.22621.608_none_a9444ca7c10bb01d\COMCTL32.dll
0x00007ff9f7f70000 - 0x00007ff9f7f7a000 	C:\WINDOWS\SYSTEM32\VERSION.dll
0x00007ff9fc730000 - 0x00007ff9fc761000 	C:\WINDOWS\System32\IMM32.DLL
0x00007ff9f6e70000 - 0x00007ff9f6e7c000 	C:\Program Files\Java\jdk-17\bin\vcruntime140_1.dll
0x00007ff9d4c60000 - 0x00007ff9d4cee000 	C:\Program Files\Java\jdk-17\bin\msvcp140.dll
0x00007ff96ec00000 - 0x00007ff96f7d7000 	C:\Program Files\Java\jdk-17\bin\server\jvm.dll
0x00007ff9fc850000 - 0x00007ff9fc858000 	C:\WINDOWS\System32\PSAPI.DLL
0x00007ff9cd780000 - 0x00007ff9cd789000 	C:\WINDOWS\SYSTEM32\WSOCK32.dll
0x00007ff9fb6a0000 - 0x00007ff9fb711000 	C:\WINDOWS\System32\WS2_32.dll
0x00007ff9f1410000 - 0x00007ff9f1444000 	C:\WINDOWS\SYSTEM32\WINMM.dll
0x00007ff9f9860000 - 0x00007ff9f9878000 	C:\WINDOWS\SYSTEM32\kernel.appcore.dll
0x00007ff9f5390000 - 0x00007ff9f539a000 	C:\Program Files\Java\jdk-17\bin\jimage.dll
0x00007ff9f7ce0000 - 0x00007ff9f7f0e000 	C:\WINDOWS\SYSTEM32\DBGHELP.DLL
0x00007ff9fb160000 - 0x00007ff9fb4e9000 	C:\WINDOWS\System32\combase.dll
0x00007ff9fc770000 - 0x00007ff9fc847000 	C:\WINDOWS\System32\OLEAUT32.dll
0x00007ff9cd850000 - 0x00007ff9cd882000 	C:\WINDOWS\SYSTEM32\dbgcore.DLL
0x00007ff9fac90000 - 0x00007ff9fad0b000 	C:\WINDOWS\System32\bcryptPrimitives.dll
0x00007ff9f4aa0000 - 0x00007ff9f4aae000 	C:\Program Files\Java\jdk-17\bin\instrument.dll
0x00007ff9dd3b0000 - 0x00007ff9dd3d5000 	C:\Program Files\Java\jdk-17\bin\java.dll
0x00007ff997800000 - 0x00007ff9978d7000 	C:\Program Files\Java\jdk-17\bin\jsvml.dll
0x00007ff9fbf40000 - 0x00007ff9fc730000 	C:\WINDOWS\System32\SHELL32.dll
0x00007ff9f87a0000 - 0x00007ff9f906d000 	C:\WINDOWS\SYSTEM32\windows.storage.dll
0x00007ff9f8660000 - 0x00007ff9f879e000 	C:\WINDOWS\SYSTEM32\wintypes.dll
0x00007ff9fcff0000 - 0x00007ff9fd0e1000 	C:\WINDOWS\System32\SHCORE.dll
0x00007ff9fcc10000 - 0x00007ff9fcc6e000 	C:\WINDOWS\System32\shlwapi.dll
0x00007ff9fa6c0000 - 0x00007ff9fa6e1000 	C:\WINDOWS\SYSTEM32\profapi.dll
0x00007ff9dd1e0000 - 0x00007ff9dd1f8000 	C:\Program Files\Java\jdk-17\bin\zip.dll
0x00007ff9ee0e0000 - 0x00007ff9ee0f9000 	C:\Program Files\Java\jdk-17\bin\net.dll
0x00007ff9f47c0000 - 0x00007ff9f48f7000 	C:\WINDOWS\SYSTEM32\WINHTTP.dll
0x00007ff9f9d40000 - 0x00007ff9f9da9000 	C:\WINDOWS\system32\mswsock.dll
0x00007ff9dd2a0000 - 0x00007ff9dd2b6000 	C:\Program Files\Java\jdk-17\bin\nio.dll
0x00007ff9f22f0000 - 0x00007ff9f2300000 	C:\Program Files\Java\jdk-17\bin\verify.dll
0x00007ff9da500000 - 0x00007ff9da53e000 	C:\Users\nat24\AppData\Roaming\Code\User\globalStorage\redhat.java\1.16.0\config_win\org.eclipse.equinox.launcher\org.eclipse.equinox.launcher.win32.win32.x86_64_1.2.700.v20221108-1024\eclipse_11801.dll
0x00007ff9fca60000 - 0x00007ff9fcbfc000 	C:\WINDOWS\System32\ole32.dll
0x00007ff9f9fa0000 - 0x00007ff9f9fbb000 	C:\WINDOWS\SYSTEM32\CRYPTSP.dll
0x00007ff9f97c0000 - 0x00007ff9f97f5000 	C:\WINDOWS\system32\rsaenh.dll
0x00007ff9f9e40000 - 0x00007ff9f9e68000 	C:\WINDOWS\SYSTEM32\USERENV.dll
0x00007ff9fa160000 - 0x00007ff9fa188000 	C:\WINDOWS\SYSTEM32\bcrypt.dll
0x00007ff9f9fc0000 - 0x00007ff9f9fcc000 	C:\WINDOWS\SYSTEM32\CRYPTBASE.dll
0x00007ff9f9350000 - 0x00007ff9f937d000 	C:\WINDOWS\SYSTEM32\IPHLPAPI.DLL
0x00007ff9fcc00000 - 0x00007ff9fcc09000 	C:\WINDOWS\System32\NSI.dll
0x00007ff9f1f50000 - 0x00007ff9f1f69000 	C:\WINDOWS\SYSTEM32\dhcpcsvc6.DLL
0x00007ff9f1ac0000 - 0x00007ff9f1adf000 	C:\WINDOWS\SYSTEM32\dhcpcsvc.DLL
0x00007ff9f93f0000 - 0x00007ff9f94e3000 	C:\WINDOWS\SYSTEM32\DNSAPI.dll
0x00007ff9da170000 - 0x00007ff9da1b5000 	C:\Users\nat24\AppData\Local\Temp\jna-104590115\jna11934332374507228911.dll
0x00007ff9f22c0000 - 0x00007ff9f22ca000 	C:\Program Files\Java\jdk-17\bin\management.dll
0x00007ff9f1580000 - 0x00007ff9f158b000 	C:\Program Files\Java\jdk-17\bin\management_ext.dll

dbghelp: loaded successfully - version: 4.0.5 - missing functions: none
symbol engine: initialized successfully - sym options: 0x614 - pdb path: .;C:\Program Files\Java\jdk-17\bin;C:\WINDOWS\SYSTEM32;C:\WINDOWS\WinSxS\amd64_microsoft.windows.common-controls_6595b64144ccf1df_6.0.22621.608_none_a9444ca7c10bb01d;C:\Program Files\Java\jdk-17\bin\server;C:\Users\nat24\AppData\Roaming\Code\User\globalStorage\redhat.java\1.16.0\config_win\org.eclipse.equinox.launcher\org.eclipse.equinox.launcher.win32.win32.x86_64_1.2.700.v20221108-1024;C:\Users\nat24\AppData\Local\Temp\jna-104590115

VM Arguments:
jvm_args: --add-modules=ALL-SYSTEM --add-opens=java.base/java.util=ALL-UNNAMED --add-opens=java.base/java.lang=ALL-UNNAMED --add-opens=java.base/sun.nio.fs=ALL-UNNAMED -Declipse.application=org.eclipse.jdt.ls.core.id1 -Dosgi.bundles.defaultStartLevel=4 -Declipse.product=org.eclipse.jdt.ls.core.product -Djava.import.generatesMetadataFilesAtProjectRoot=false -Dfile.encoding=utf8 -XX:+UseParallelGC -XX:GCTimeRatio=4 -XX:AdaptiveSizePolicyWeight=90 -Dsun.zip.disableMemoryMapping=true -Xmx1G -Xms100m -Xlog:disable -javaagent:c:\Users\nat24\.vscode\extensions\redhat.java-1.16.0-win32-x64\lombok\lombok-1.18.24.jar -XX:+HeapDumpOnOutOfMemoryError -XX:HeapDumpPath=c:\Users\nat24\AppData\Roaming\Code\User\workspaceStorage\7ee068461fea0a2cbf1ecac1b635f22a\redhat.java 
java_command: c:\Users\nat24\.vscode\extensions\redhat.java-1.16.0-win32-x64\server\plugins\org.eclipse.equinox.launcher_1.6.400.v20210924-0641.jar -configuration c:\Users\nat24\AppData\Roaming\Code\User\globalStorage\redhat.java\1.16.0\config_win -data c:\Users\nat24\AppData\Roaming\Code\User\workspaceStorage\7ee068461fea0a2cbf1ecac1b635f22a\redhat.java\jdt_ws
java_class_path (initial): c:\Users\nat24\.vscode\extensions\redhat.java-1.16.0-win32-x64\server\plugins\org.eclipse.equinox.launcher_1.6.400.v20210924-0641.jar
Launcher Type: SUN_STANDARD

[Global flags]
    uintx AdaptiveSizePolicyWeight                 = 90                                        {product} {command line}
     intx CICompilerCount                          = 4                                         {product} {ergonomic}
    uintx GCTimeRatio                              = 4                                         {product} {command line}
     bool HeapDumpOnOutOfMemoryError               = true                                   {manageable} {command line}
    ccstr HeapDumpPath                             = c:\Users\nat24\AppData\Roaming\Code\User\workspaceStorage\7ee068461fea0a2cbf1ecac1b635f22a\redhat.java         {manageable} {command line}
   size_t InitialHeapSize                          = 104857600                                 {product} {command line}
   size_t MaxHeapSize                              = 1073741824                                {product} {command line}
   size_t MaxNewSize                               = 357564416                                 {product} {ergonomic}
   size_t MinHeapDeltaBytes                        = 524288                                    {product} {ergonomic}
   size_t MinHeapSize                              = 104857600                                 {product} {command line}
   size_t NewSize                                  = 34603008                                  {product} {ergonomic}
    uintx NonNMethodCodeHeapSize                   = 5839372                                {pd product} {ergonomic}
    uintx NonProfiledCodeHeapSize                  = 122909434                              {pd product} {ergonomic}
   size_t OldSize                                  = 70254592                                  {product} {ergonomic}
    uintx ProfiledCodeHeapSize                     = 122909434                              {pd product} {ergonomic}
    uintx ReservedCodeCacheSize                    = 251658240                              {pd product} {ergonomic}
     bool SegmentedCodeCache                       = true                                      {product} {ergonomic}
   size_t SoftMaxHeapSize                          = 1073741824                             {manageable} {ergonomic}
     bool UseCompressedClassPointers               = true                           {product lp64_product} {ergonomic}
     bool UseCompressedOops                        = true                           {product lp64_product} {ergonomic}
     bool UseLargePagesIndividualAllocation        = false                                  {pd product} {ergonomic}
     bool UseParallelGC                            = true                                      {product} {command line}

Logging:
Log output configuration:
 #0: stdout all=off uptime,level,tags
 #1: stderr all=off uptime,level,tags

Environment Variables:
CLASSPATH=C:\Users\nat24\eclipse-workspace
PATH=C:\Program Files\Common Files\Oracle\Java\javapath;C:\Python310\Scripts\;C:\Python310\;C:\WINDOWS\system32;C:\WINDOWS;C:\WINDOWS\System32\Wbem;C:\WINDOWS\System32\WindowsPowerShell\v1.0\;C:\WINDOWS\System32\OpenSSH\;C:\Program Files\nodejs\;C:\ProgramData\chocolatey\bin;C:\Program Files\Git\cmd;C:\Program Files\PuTTY\;C:\Users\nat24\AppData\Local\Microsoft\WindowsApps;C:\Users\nat24\AppData\Roaming\npm;C:\Users\nat24\eclipse-workspace\Assignment_1\bin;C:\Users\nat24\AppData\Local\Programs\Microsoft VS Code\bin;
USERNAME=nat24
OS=Windows_NT
PROCESSOR_IDENTIFIER=Intel64 Family 6 Model 140 Stepping 1, GenuineIntel



---------------  S Y S T E M  ---------------

OS:
 Windows 11 , 64 bit Build 22621 (10.0.22621.1485)
OS uptime: 0 days 13:05 hours

CPU: total 8 (initial active 8) (4 cores per cpu, 2 threads per core) family 6 model 140 stepping 1 microcode 0xa6, cx8, cmov, fxsr, ht, mmx, 3dnowpref, sse, sse2, sse3, ssse3, sse4.1, sse4.2, popcnt, lzcnt, tsc, tscinvbit, avx, avx2, aes, erms, clmul, bmi1, bmi2, adx, avx512f, avx512dq, avx512cd, avx512bw, avx512vl, sha, fma, vzeroupper, avx512_vpopcntdq, avx512_vpclmulqdq, avx512_vaes, avx512_vnni, clflush, clflushopt, clwb, avx512_vbmi2, avx512_vbmi

Memory: 4k page, system-wide physical 16064M (2394M free)
TotalPageFile size 65216M (AvailPageFile size 7M)
current process WorkingSet (physical memory assigned to process): 182M, peak: 199M
current process commit charge ("private bytes"): 283M, peak: 306M

vm_info: Java HotSpot(TM) 64-Bit Server VM (17.0.6+9-LTS-190) for windows-amd64 JRE (17.0.6+9-LTS-190), built on Dec  6 2022 15:53:54 by "mach5one" with MS VC++ 17.1 (VS2022)

END.
