#
# There is insufficient memory for the Java Runtime Environment to continue.
# Native memory allocation (mmap) failed to map 65536 bytes for Failed to commit metaspace.
# Possible reasons:
#   The system is out of physical RAM or swap space
#   The process is running with CompressedOops enabled, and the Java Heap may be blocking the growth of the native heap
# Possible solutions:
#   Reduce memory load on the system
#   Increase physical memory or swap space
#   Check if swap backing store is full
#   Decrease Java heap size (-Xmx/-Xms)
#   Decrease number of Java threads
#   Decrease Java thread stack sizes (-Xss)
#   Set larger code cache with -XX:ReservedCodeCacheSize=
#   JVM is running with Unscaled Compressed Oops mode in which the Java heap is
#     placed in the first 4GB address space. The Java Heap base address is the
#     maximum limit for the native heap growth. Please use -XX:HeapBaseMinAddress
#     to set the Java Heap base and to place the Java Heap above 4GB virtual address.
# This output file may be truncated or incomplete.
#
#  Out of Memory Error (virtualSpaceNode.cpp:110), pid=9248, tid=16592
#
# JRE version: Java(TM) SE Runtime Environment (17.0.6+9) (build 17.0.6+9-LTS-190)
# Java VM: Java HotSpot(TM) 64-Bit Server VM (17.0.6+9-LTS-190, mixed mode, sharing, tiered, compressed oops, compressed class ptrs, parallel gc, windows-amd64)
# No core dump will be written. Minidumps are not enabled by default on client versions of Windows
#

---------------  S U M M A R Y ------------

Command Line: --add-modules=ALL-SYSTEM --add-opens=java.base/java.util=ALL-UNNAMED --add-opens=java.base/java.lang=ALL-UNNAMED --add-opens=java.base/sun.nio.fs=ALL-UNNAMED -Declipse.application=org.eclipse.jdt.ls.core.id1 -Dosgi.bundles.defaultStartLevel=4 -Declipse.product=org.eclipse.jdt.ls.core.product -Djava.import.generatesMetadataFilesAtProjectRoot=false -Dfile.encoding=utf8 -XX:+UseParallelGC -XX:GCTimeRatio=4 -XX:AdaptiveSizePolicyWeight=90 -Dsun.zip.disableMemoryMapping=true -Xmx1G -Xms100m -Xlog:disable -javaagent:c:\Users\nat24\.vscode\extensions\redhat.java-1.16.0-win32-x64\lombok\lombok-1.18.24.jar -XX:+HeapDumpOnOutOfMemoryError -XX:HeapDumpPath=c:\Users\nat24\AppData\Roaming\Code\User\workspaceStorage\7ee068461fea0a2cbf1ecac1b635f22a\redhat.java c:\Users\nat24\.vscode\extensions\redhat.java-1.16.0-win32-x64\server\plugins\org.eclipse.equinox.launcher_1.6.400.v20210924-0641.jar -configuration c:\Users\nat24\AppData\Roaming\Code\User\globalStorage\redhat.java\1.16.0\config_win -data c:\Users\nat24\AppData\Roaming\Code\User\workspaceStorage\7ee068461fea0a2cbf1ecac1b635f22a\redhat.java\jdt_ws

Host: 11th Gen Intel(R) Core(TM) i7-1165G7 @ 2.80GHz, 8 cores, 15G,  Windows 11 , 64 bit Build 22621 (10.0.22621.1485)
Time: Thu Apr 13 11:27:55 2023 AUS Eastern Standard Time elapsed time: 1.517829 seconds (0d 0h 0m 1s)

---------------  T H R E A D  ---------------

Current thread (0x00000233f8a9ab30):  JavaThread "Start Level: Equinox Container: 1f96483e-e417-42bb-b92f-3a97a4c35c8a" daemon [_thread_in_vm, id=16592, stack(0x0000004c06f00000,0x0000004c07000000)]

Stack: [0x0000004c06f00000,0x0000004c07000000]
Native frames: (J=compiled Java code, j=interpreted, Vv=VM code, C=native code)
V  [jvm.dll+0x6734ea]
V  [jvm.dll+0x7d18f4]
V  [jvm.dll+0x7d309e]
V  [jvm.dll+0x7d3703]
V  [jvm.dll+0x2433c5]
V  [jvm.dll+0x7cd9fb]
V  [jvm.dll+0x619546]
V  [jvm.dll+0x1bdf07]
V  [jvm.dll+0x61bea0]
V  [jvm.dll+0x619f06]
V  [jvm.dll+0x238ed6]
V  [jvm.dll+0x1e8437]
V  [jvm.dll+0x1de0d1]
V  [jvm.dll+0x5399dc]
V  [jvm.dll+0x74c638]
V  [jvm.dll+0x74c724]
V  [jvm.dll+0x4080bf]
V  [jvm.dll+0x40e0d9]
C  [java.dll+0x17ec]

Java frames: (J=compiled Java code, j=interpreted, Vv=VM code)
J 1142  java.lang.ClassLoader.defineClass1(Ljava/lang/ClassLoader;Ljava/lang/String;[BIILjava/security/ProtectionDomain;Ljava/lang/String;)Ljava/lang/Class; java.base@17.0.6 (0 bytes) @ 0x00000233ebaa19e3 [0x00000233ebaa1920+0x00000000000000c3]
j  java.lang.ClassLoader.defineClass(Ljava/lang/String;[BIILjava/security/ProtectionDomain;)Ljava/lang/Class;+27 java.base@17.0.6
j  org.eclipse.osgi.internal.loader.ModuleClassLoader.defineClass(Ljava/lang/String;[BLorg/eclipse/osgi/internal/loader/classpath/ClasspathEntry;)Lorg/eclipse/osgi/internal/loader/ModuleClassLoader$DefineClassResult;+42
j  org.eclipse.osgi.internal.loader.classpath.ClasspathManager.defineClass(Ljava/lang/String;[BLorg/eclipse/osgi/internal/loader/classpath/ClasspathEntry;Lorg/eclipse/osgi/storage/bundlefile/BundleEntry;Ljava/util/List;)Ljava/lang/Class;+424
j  org.eclipse.osgi.internal.loader.classpath.ClasspathManager.findClassImpl(Ljava/lang/String;Lorg/eclipse/osgi/internal/loader/classpath/ClasspathEntry;Ljava/util/List;)Ljava/lang/Class;+269
j  org.eclipse.osgi.internal.loader.classpath.ClasspathManager.findLocalClassImpl(Ljava/lang/String;[Lorg/eclipse/osgi/internal/loader/classpath/ClasspathEntry;Ljava/util/List;)Ljava/lang/Class;+30
j  org.eclipse.osgi.internal.loader.classpath.ClasspathManager.findLocalClassImpl(Ljava/lang/String;Ljava/util/List;)Ljava/lang/Class;+69
j  org.eclipse.osgi.internal.loader.classpath.ClasspathManager.findLocalClass(Ljava/lang/String;)Ljava/lang/Class;+113
j  org.eclipse.osgi.internal.loader.ModuleClassLoader.findLocalClass(Ljava/lang/String;)Ljava/lang/Class;+5
j  org.eclipse.osgi.internal.loader.BundleLoader.findLocalClass(Ljava/lang/String;)Ljava/lang/Class;+57
J 1705 c1 org.eclipse.osgi.internal.loader.BundleLoader.findClass0(Ljava/lang/String;ZZ)Ljava/lang/Class; (466 bytes) @ 0x00000233e42988d4 [0x00000233e4296120+0x00000000000027b4]
J 1704 c1 org.eclipse.osgi.internal.loader.BundleLoader.findClass(Ljava/lang/String;)Ljava/lang/Class; (8 bytes) @ 0x00000233e429581c [0x00000233e42957a0+0x000000000000007c]
J 1706 c1 org.eclipse.osgi.internal.loader.ModuleClassLoader.loadClass(Ljava/lang/String;Z)Ljava/lang/Class; (36 bytes) @ 0x00000233e429b944 [0x00000233e429b720+0x0000000000000224]
J 966 c1 java.lang.ClassLoader.loadClass(Ljava/lang/String;)Ljava/lang/Class; java.base@17.0.6 (7 bytes) @ 0x00000233e4110acc [0x00000233e41109c0+0x000000000000010c]
j  org.eclipse.osgi.internal.framework.EquinoxBundle.loadClass(Ljava/lang/String;)Ljava/lang/Class;+97
j  org.apache.felix.scr.impl.manager.AbstractComponentManager.initDependencyManagers(Lorg/apache/felix/scr/impl/manager/ComponentContextImpl;)V+55
j  org.apache.felix.scr.impl.manager.AbstractComponentManager.collectDependencies(Lorg/apache/felix/scr/impl/manager/ComponentContextImpl;)Z+2
j  org.apache.felix.scr.impl.manager.SingleComponentManager.getServiceInternal(Lorg/osgi/framework/ServiceRegistration;)Z+25
j  org.apache.felix.scr.impl.manager.AbstractComponentManager.activateInternal()V+427
j  org.apache.felix.scr.impl.manager.AbstractComponentManager.enableInternal()V+174
j  org.apache.felix.scr.impl.manager.AbstractComponentManager.enable(Z)Lorg/osgi/util/promise/Promise;+12
j  org.apache.felix.scr.impl.manager.ConfigurableComponentHolder.enableComponents(Z)Lorg/osgi/util/promise/Promise;+275
j  org.apache.felix.scr.impl.BundleComponentActivator.initialEnable()V+105
j  org.apache.felix.scr.impl.Activator.loadComponents(Lorg/osgi/framework/Bundle;)V+380
j  org.apache.felix.scr.impl.Activator.access$200(Lorg/apache/felix/scr/impl/Activator;Lorg/osgi/framework/Bundle;)V+2
j  org.apache.felix.scr.impl.Activator$ScrExtension.start()V+72
j  org.apache.felix.scr.impl.AbstractExtender.createExtension(Lorg/osgi/framework/Bundle;)V+71
j  org.apache.felix.scr.impl.AbstractExtender.modifiedBundle(Lorg/osgi/framework/Bundle;Lorg/osgi/framework/BundleEvent;Lorg/osgi/framework/Bundle;)V+115
j  org.apache.felix.scr.impl.AbstractExtender.addingBundle(Lorg/osgi/framework/Bundle;Lorg/osgi/framework/BundleEvent;)Lorg/osgi/framework/Bundle;+4
j  org.apache.felix.scr.impl.AbstractExtender.addingBundle(Lorg/osgi/framework/Bundle;Lorg/osgi/framework/BundleEvent;)Ljava/lang/Object;+3
j  org.osgi.util.tracker.BundleTracker$Tracked.customizerAdding(Lorg/osgi/framework/Bundle;Lorg/osgi/framework/BundleEvent;)Ljava/lang/Object;+9
j  org.osgi.util.tracker.BundleTracker$Tracked.customizerAdding(Ljava/lang/Object;Ljava/lang/Object;)Ljava/lang/Object;+9
j  org.osgi.util.tracker.AbstractTracked.trackAdding(Ljava/lang/Object;Ljava/lang/Object;)V+8
j  org.osgi.util.tracker.AbstractTracked.track(Ljava/lang/Object;Ljava/lang/Object;)V+83
j  org.osgi.util.tracker.BundleTracker$Tracked.bundleChanged(Lorg/osgi/framework/BundleEvent;)V+35
J 1577 c1 org.eclipse.osgi.internal.framework.BundleContextImpl.dispatchEvent(Ljava/lang/Object;Ljava/lang/Object;ILjava/lang/Object;)V (558 bytes) @ 0x00000233e425f31c [0x00000233e425e0a0+0x000000000000127c]
j  org.eclipse.osgi.framework.eventmgr.EventManager.dispatchEvent(Ljava/util/Set;Lorg/eclipse/osgi/framework/eventmgr/EventDispatcher;ILjava/lang/Object;)V+48
j  org.eclipse.osgi.framework.eventmgr.ListenerQueue.dispatchEventSynchronous(ILjava/lang/Object;)V+67
j  org.eclipse.osgi.internal.framework.EquinoxEventPublisher.publishBundleEventPrivileged(Lorg/osgi/framework/BundleEvent;)V+547
j  org.eclipse.osgi.internal.framework.EquinoxEventPublisher.publishBundleEvent(Lorg/osgi/framework/BundleEvent;)V+8
j  org.eclipse.osgi.internal.framework.EquinoxEventPublisher.publishBundleEvent(ILorg/osgi/framework/Bundle;Lorg/osgi/framework/Bundle;)V+15
j  org.eclipse.osgi.internal.framework.EquinoxContainerAdaptor.publishModuleEvent(Lorg/eclipse/osgi/container/ModuleContainerAdaptor$ModuleEvent;Lorg/eclipse/osgi/container/Module;Lorg/eclipse/osgi/container/Module;)V+29
j  org.eclipse.osgi.container.Module.publishEvent(Lorg/eclipse/osgi/container/ModuleContainerAdaptor$ModuleEvent;)V+13
j  org.eclipse.osgi.container.Module.start([Lorg/eclipse/osgi/container/Module$StartOptions;)V+588
j  org.eclipse.osgi.container.ModuleContainer$ContainerStartLevel$2.run()V+71
j  org.eclipse.osgi.internal.framework.EquinoxContainerAdaptor$1$1.execute(Ljava/lang/Runnable;)V+1
j  org.eclipse.osgi.container.ModuleContainer$ContainerStartLevel.incStartLevel(ILjava/util/List;Z)V+192
j  org.eclipse.osgi.container.ModuleContainer$ContainerStartLevel.incStartLevel(ILjava/util/List;Ljava/util/List;Ljava/util/List;Ljava/util/List;)V+4
j  org.eclipse.osgi.container.ModuleContainer$ContainerStartLevel.doContainerStartLevel(Lorg/eclipse/osgi/container/Module;I[Lorg/osgi/framework/FrameworkListener;)V+349
j  org.eclipse.osgi.container.ModuleContainer$ContainerStartLevel.dispatchEvent(Lorg/eclipse/osgi/container/Module;[Lorg/osgi/framework/FrameworkListener;ILjava/lang/Integer;)V+32
j  org.eclipse.osgi.container.ModuleContainer$ContainerStartLevel.dispatchEvent(Ljava/lang/Object;Ljava/lang/Object;ILjava/lang/Object;)V+15
j  org.eclipse.osgi.framework.eventmgr.EventManager.dispatchEvent(Ljava/util/Set;Lorg/eclipse/osgi/framework/eventmgr/EventDispatcher;ILjava/lang/Object;)V+48
j  org.eclipse.osgi.framework.eventmgr.EventManager$EventThread.run()V+26
v  ~StubRoutines::call_stub

---------------  P R O C E S S  ---------------

Threads class SMR info:
_java_thread_list=0x00000233f8949320, length=18, elements={
0x00000233dc6f52a0, 0x00000233f512b1b0, 0x00000233f512c480, 0x00000233f5137450,
0x00000233f513a210, 0x00000233f513abc0, 0x00000233f513d580, 0x00000233f513e310,
0x00000233f515d960, 0x00000233f7832c00, 0x00000233f78dfe40, 0x00000233f7a3c1c0,
0x00000233f7ace8d0, 0x00000233f7eaeba0, 0x00000233f8a9a660, 0x00000233f8a9ab30,
0x00000233f8702b30, 0x00000233f86f5930
}

Java Threads: ( => current thread )
  0x00000233dc6f52a0 JavaThread "main" [_thread_blocked, id=2956, stack(0x0000004c05700000,0x0000004c05800000)]
  0x00000233f512b1b0 JavaThread "Reference Handler" daemon [_thread_blocked, id=11408, stack(0x0000004c05a00000,0x0000004c05b00000)]
  0x00000233f512c480 JavaThread "Finalizer" daemon [_thread_blocked, id=18708, stack(0x0000004c05b00000,0x0000004c05c00000)]
  0x00000233f5137450 JavaThread "Signal Dispatcher" daemon [_thread_blocked, id=11596, stack(0x0000004c05c00000,0x0000004c05d00000)]
  0x00000233f513a210 JavaThread "Attach Listener" daemon [_thread_blocked, id=8516, stack(0x0000004c05d00000,0x0000004c05e00000)]
  0x00000233f513abc0 JavaThread "Service Thread" daemon [_thread_blocked, id=9484, stack(0x0000004c05e00000,0x0000004c05f00000)]
  0x00000233f513d580 JavaThread "Monitor Deflation Thread" daemon [_thread_blocked, id=6612, stack(0x0000004c05f00000,0x0000004c06000000)]
  0x00000233f513e310 JavaThread "C2 CompilerThread0" daemon [_thread_blocked, id=12940, stack(0x0000004c06000000,0x0000004c06100000)]
  0x00000233f515d960 JavaThread "C1 CompilerThread0" daemon [_thread_blocked, id=552, stack(0x0000004c06100000,0x0000004c06200000)]
  0x00000233f7832c00 JavaThread "Sweeper thread" daemon [_thread_blocked, id=16368, stack(0x0000004c06200000,0x0000004c06300000)]
  0x00000233f78dfe40 JavaThread "Common-Cleaner" daemon [_thread_blocked, id=17776, stack(0x0000004c06300000,0x0000004c06400000)]
  0x00000233f7a3c1c0 JavaThread "Notification Thread" daemon [_thread_blocked, id=2192, stack(0x0000004c06400000,0x0000004c06500000)]
  0x00000233f7ace8d0 JavaThread "C2 CompilerThread1" daemon [_thread_blocked, id=5496, stack(0x0000004c06600000,0x0000004c06700000)]
  0x00000233f7eaeba0 JavaThread "Active Thread: Equinox Container: 1f96483e-e417-42bb-b92f-3a97a4c35c8a" [_thread_blocked, id=11024, stack(0x0000004c06700000,0x0000004c06800000)]
  0x00000233f8a9a660 JavaThread "Framework Event Dispatcher: Equinox Container: 1f96483e-e417-42bb-b92f-3a97a4c35c8a" daemon [_thread_blocked, id=18592, stack(0x0000004c06e00000,0x0000004c06f00000)]
=>0x00000233f8a9ab30 JavaThread "Start Level: Equinox Container: 1f96483e-e417-42bb-b92f-3a97a4c35c8a" daemon [_thread_in_vm, id=16592, stack(0x0000004c06f00000,0x0000004c07000000)]
  0x00000233f8702b30 JavaThread "SCR Component Actor" daemon [_thread_blocked, id=11800, stack(0x0000004c07000000,0x0000004c07100000)]
  0x00000233f86f5930 JavaThread "SCR Component Registry" daemon [_thread_blocked, id=7836, stack(0x0000004c07200000,0x0000004c07300000)]

Other Threads:
  0x00000233da54eb50 VMThread "VM Thread" [stack: 0x0000004c05900000,0x0000004c05a00000] [id=3620]
  0x00000233f795dc30 WatcherThread [stack: 0x0000004c06500000,0x0000004c06600000] [id=2364]
  0x00000233dc70a680 GCTaskThread "GC Thread#0" [stack: 0x0000004c05800000,0x0000004c05900000] [id=10436]
  0x00000233f7e96e40 GCTaskThread "GC Thread#1" [stack: 0x0000004c06800000,0x0000004c06900000] [id=10292]
  0x00000233f7b26f20 GCTaskThread "GC Thread#2" [stack: 0x0000004c06900000,0x0000004c06a00000] [id=9200]
  0x00000233f7e970f0 GCTaskThread "GC Thread#3" [stack: 0x0000004c06a00000,0x0000004c06b00000] [id=8640]
  0x00000233f8153530 GCTaskThread "GC Thread#4" [stack: 0x0000004c06b00000,0x0000004c06c00000] [id=8968]
  0x00000233f85c37d0 GCTaskThread "GC Thread#5" [stack: 0x0000004c06c00000,0x0000004c06d00000] [id=11612]
  0x00000233f7e99490 GCTaskThread "GC Thread#6" [stack: 0x0000004c06d00000,0x0000004c06e00000] [id=10676]
  0x00000233f872ef80 GCTaskThread "GC Thread#7" [stack: 0x0000004c07100000,0x0000004c07200000] [id=1708]

Threads with active compile tasks:

VM state: not at safepoint (normal execution)

VM Mutex/Monitor currently owned by a thread:  ([mutex/lock_event])
[0x00000233dc6f0480] Metaspace_lock - owner thread: 0x00000233f8a9ab30

Heap address: 0x00000000c0000000, size: 1024 MB, Compressed Oops mode: 32-bit

CDS archive(s) mapped at: [0x0000000800000000-0x0000000800bd0000-0x0000000800bd0000), size 12386304, SharedBaseAddress: 0x0000000800000000, ArchiveRelocationMode: 0.
Compressed class space mapped at: 0x0000000800c00000-0x0000000840c00000, reserved size: 1073741824
Narrow klass base: 0x0000000800000000, Narrow klass shift: 0, Narrow klass range: 0x100000000

GC Precious Log:
 CPUs: 8 total, 8 available
 Memory: 16064M
 Large Page Support: Disabled
 NUMA Support: Disabled
 Compressed Oops: Enabled (32-bit)
 Alignments: Space 512K, Generation 512K, Heap 2M
 Heap Min Capacity: 100M
 Heap Initial Capacity: 100M
 Heap Max Capacity: 1G
 Pre-touch: Disabled
 Parallel Workers: 8

Heap:
 PSYoungGen      total 29696K, used 10665K [0x00000000eab00000, 0x00000000ecc00000, 0x0000000100000000)
  eden space 25600K, 25% used [0x00000000eab00000,0x00000000eb16ad98,0x00000000ec400000)
  from space 4096K, 99% used [0x00000000ec800000,0x00000000ecbff718,0x00000000ecc00000)
  to   space 4096K, 0% used [0x00000000ec400000,0x00000000ec400000,0x00000000ec800000)
 ParOldGen       total 68608K, used 1929K [0x00000000c0000000, 0x00000000c4300000, 0x00000000eab00000)
  object space 68608K, 2% used [0x00000000c0000000,0x00000000c01e2728,0x00000000c4300000)
 Metaspace       used 9794K, committed 10048K, reserved 1064960K
  class space    used 958K, committed 1088K, reserved 1048576K

Card table byte_map: [0x00000233dc0b0000,0x00000233dc2c0000] _byte_map_base: 0x00000233dbab0000

Marking Bits: (ParMarkBitMap*) 0x00007ff96f7195f0
 Begin Bits: [0x00000233f2f60000, 0x00000233f3f60000)
 End Bits:   [0x00000233f3f60000, 0x00000233f4f60000)

Polling page: 0x00000233da6f0000

Metaspace:

Usage:
  Non-class:      8.63 MB used.
      Class:    958.22 KB used.
       Both:      9.57 MB used.

Virtual space:
  Non-class space:       16.00 MB reserved,       8.75 MB ( 55%) committed,  2 nodes.
      Class space:        1.00 GB reserved,       1.06 MB ( <1%) committed,  1 nodes.
             Both:        1.02 GB reserved,       9.81 MB ( <1%) committed. 

Chunk freelists:
   Non-Class:  2.56 MB
       Class:  2.89 MB
        Both:  5.45 MB

MaxMetaspaceSize: unlimited
CompressedClassSpaceSize: 1.00 GB
Initial GC threshold: 21.00 MB
Current GC threshold: 21.00 MB
CDS: on
MetaspaceReclaimPolicy: balanced
 - commit_granule_bytes: 65536.
 - commit_granule_words: 8192.
 - virtual_space_node_default_size: 1048576.
 - enlarge_chunks_in_place: 1.
 - new_chunks_are_fully_committed: 0.
 - uncommit_free_chunks: 1.
 - use_allocation_guard: 0.
 - handle_deallocations: 1.


Internal statistics:

num_allocs_failed_limit: 0.
num_arena_births: 94.
num_arena_deaths: 0.
num_vsnodes_births: 3.
num_vsnodes_deaths: 0.
num_space_committed: 157.
num_space_uncommitted: 0.
num_chunks_returned_to_freelist: 0.
num_chunks_taken_from_freelist: 309.
num_chunk_merges: 0.
num_chunk_splits: 216.
num_chunks_enlarged: 162.
num_purges: 0.
num_inconsistent_stats: 0.

CodeHeap 'non-profiled nmethods': size=120000Kb used=709Kb max_used=709Kb free=119290Kb
 bounds [0x00000233eba30000, 0x00000233ebca0000, 0x00000233f2f60000]
CodeHeap 'profiled nmethods': size=120000Kb used=3361Kb max_used=3361Kb free=116638Kb
 bounds [0x00000233e3f60000, 0x00000233e42b0000, 0x00000233eb490000]
CodeHeap 'non-nmethods': size=5760Kb used=1179Kb max_used=1199Kb free=4580Kb
 bounds [0x00000233eb490000, 0x00000233eb700000, 0x00000233eba30000]
 total_blobs=2195 nmethods=1739 adapters=370
 compilation: enabled
              stopped_count=0, restarted_count=0
 full_count=0

Compilation events (20 events):
Event: 1.511 Thread 0x00000233f515d960 1730       1       org.eclipse.osgi.internal.hooks.EclipseLazyStarter::isProcessClassRecursionSupported (2 bytes)
Event: 1.511 Thread 0x00000233f515d960 nmethod 1730 0x00000233ebae0290 code [0x00000233ebae0420, 0x00000233ebae04f8]
Event: 1.511 Thread 0x00000233f515d960 1731       1       org.eclipse.osgi.internal.weaving.WeavingHookConfigurator::isProcessClassRecursionSupported (2 bytes)
Event: 1.511 Thread 0x00000233f515d960 nmethod 1731 0x00000233ebae0590 code [0x00000233ebae0720, 0x00000233ebae07f8]
Event: 1.511 Thread 0x00000233f515d960 1732       3       org.eclipse.osgi.storage.bundlefile.CloseableBundleFile::mruListUse (16 bytes)
Event: 1.512 Thread 0x00000233f515d960 nmethod 1732 0x00000233e42a6490 code [0x00000233e42a6640, 0x00000233e42a67e8]
Event: 1.512 Thread 0x00000233f515d960 1735       3       org.eclipse.osgi.internal.loader.classpath.ClasspathManager::processClass (91 bytes)
Event: 1.512 Thread 0x00000233f515d960 nmethod 1735 0x00000233e42a6890 code [0x00000233e42a6aa0, 0x00000233e42a73b8]
Event: 1.512 Thread 0x00000233f515d960 1733   !   3       org.eclipse.osgi.storage.bundlefile.MRUBundleFileList::use (55 bytes)
Event: 1.512 Thread 0x00000233f515d960 nmethod 1733 0x00000233e42a7610 code [0x00000233e42a77e0, 0x00000233e42a7be8]
Event: 1.512 Thread 0x00000233f515d960 1734       1       org.eclipse.osgi.internal.framework.EquinoxContainer::isProcessClassRecursionSupportedByAll (5 bytes)
Event: 1.512 Thread 0x00000233f515d960 nmethod 1734 0x00000233ebae0890 code [0x00000233ebae0a20, 0x00000233ebae0af8]
Event: 1.512 Thread 0x00000233f515d960 1736       1       org.eclipse.osgi.internal.weaving.WovenClassImpl::setState (6 bytes)
Event: 1.512 Thread 0x00000233f515d960 nmethod 1736 0x00000233ebae0b90 code [0x00000233ebae0d20, 0x00000233ebae0df8]
Event: 1.512 Thread 0x00000233f515d960 1737       1       org.eclipse.osgi.internal.loader.classpath.ClasspathEntry::getDomain (5 bytes)
Event: 1.512 Thread 0x00000233f515d960 nmethod 1737 0x00000233ebae0e90 code [0x00000233ebae1020, 0x00000233ebae10f8]
Event: 1.514 Thread 0x00000233f515d960 1738       3       java.lang.ThreadLocal::set (30 bytes)
Event: 1.515 Thread 0x00000233f515d960 nmethod 1738 0x00000233e42a7e10 code [0x00000233e42a7fe0, 0x00000233e42a8378]
Event: 1.515 Thread 0x00000233f7ace8d0 1739       4       java.util.Objects::checkIndex (7 bytes)
Event: 1.515 Thread 0x00000233f7ace8d0 nmethod 1739 0x00000233ebae1190 code [0x00000233ebae1300, 0x00000233ebae1398]

GC Heap History (4 events):
Event: 0.962 GC heap before
{Heap before GC invocations=1 (full 0):
 PSYoungGen      total 29696K, used 25600K [0x00000000eab00000, 0x00000000ecc00000, 0x0000000100000000)
  eden space 25600K, 100% used [0x00000000eab00000,0x00000000ec400000,0x00000000ec400000)
  from space 4096K, 0% used [0x00000000ec800000,0x00000000ec800000,0x00000000ecc00000)
  to   space 4096K, 0% used [0x00000000ec400000,0x00000000ec400000,0x00000000ec800000)
 ParOldGen       total 68608K, used 0K [0x00000000c0000000, 0x00000000c4300000, 0x00000000eab00000)
  object space 68608K, 0% used [0x00000000c0000000,0x00000000c0000000,0x00000000c4300000)
 Metaspace       used 4669K, committed 4800K, reserved 1056768K
  class space    used 430K, committed 448K, reserved 1048576K
}
Event: 0.973 GC heap after
{Heap after GC invocations=1 (full 0):
 PSYoungGen      total 29696K, used 3697K [0x00000000eab00000, 0x00000000ecc00000, 0x0000000100000000)
  eden space 25600K, 0% used [0x00000000eab00000,0x00000000eab00000,0x00000000ec400000)
  from space 4096K, 90% used [0x00000000ec400000,0x00000000ec79c680,0x00000000ec800000)
  to   space 4096K, 0% used [0x00000000ec800000,0x00000000ec800000,0x00000000ecc00000)
 ParOldGen       total 68608K, used 0K [0x00000000c0000000, 0x00000000c4300000, 0x00000000eab00000)
  object space 68608K, 0% used [0x00000000c0000000,0x00000000c0000000,0x00000000c4300000)
 Metaspace       used 4669K, committed 4800K, reserved 1056768K
  class space    used 430K, committed 448K, reserved 1048576K
}
Event: 1.454 GC heap before
{Heap before GC invocations=2 (full 0):
 PSYoungGen      total 29696K, used 29297K [0x00000000eab00000, 0x00000000ecc00000, 0x0000000100000000)
  eden space 25600K, 100% used [0x00000000eab00000,0x00000000ec400000,0x00000000ec400000)
  from space 4096K, 90% used [0x00000000ec400000,0x00000000ec79c680,0x00000000ec800000)
  to   space 4096K, 0% used [0x00000000ec800000,0x00000000ec800000,0x00000000ecc00000)
 ParOldGen       total 68608K, used 0K [0x00000000c0000000, 0x00000000c4300000, 0x00000000eab00000)
  object space 68608K, 0% used [0x00000000c0000000,0x00000000c0000000,0x00000000c4300000)
 Metaspace       used 8296K, committed 8512K, reserved 1056768K
  class space    used 801K, committed 896K, reserved 1048576K
}
Event: 1.461 GC heap after
{Heap after GC invocations=2 (full 0):
 PSYoungGen      total 29696K, used 4093K [0x00000000eab00000, 0x00000000ecc00000, 0x0000000100000000)
  eden space 25600K, 0% used [0x00000000eab00000,0x00000000eab00000,0x00000000ec400000)
  from space 4096K, 99% used [0x00000000ec800000,0x00000000ecbff718,0x00000000ecc00000)
  to   space 4096K, 0% used [0x00000000ec400000,0x00000000ec400000,0x00000000ec800000)
 ParOldGen       total 68608K, used 1929K [0x00000000c0000000, 0x00000000c4300000, 0x00000000eab00000)
  object space 68608K, 2% used [0x00000000c0000000,0x00000000c01e2728,0x00000000c4300000)
 Metaspace       used 8296K, committed 8512K, reserved 1056768K
  class space    used 801K, committed 896K, reserved 1048576K
}

Deoptimization events (20 events):
Event: 1.165 Thread 0x00000233dc6f52a0 Uncommon trap: trap_request=0xffffffc6 fr.pc=0x00000233eba643a0 relative=0x0000000000000640
Event: 1.165 Thread 0x00000233dc6f52a0 Uncommon trap: reason=bimorphic_or_optimized_type_check action=maybe_recompile pc=0x00000233eba643a0 method=java.util.Collections$UnmodifiableCollection$1.<init>(Ljava/util/Collections$UnmodifiableCollection;)V @ 17 c2
Event: 1.165 Thread 0x00000233dc6f52a0 DEOPT PACKING pc=0x00000233eba643a0 sp=0x0000004c057f7fc0
Event: 1.165 Thread 0x00000233dc6f52a0 DEOPT UNPACKING pc=0x00000233eb4e58a3 sp=0x0000004c057f7f08 mode 2
Event: 1.237 Thread 0x00000233dc6f52a0 Uncommon trap: trap_request=0xffffff45 fr.pc=0x00000233eba7a118 relative=0x00000000000002d8
Event: 1.237 Thread 0x00000233dc6f52a0 Uncommon trap: reason=unstable_if action=reinterpret pc=0x00000233eba7a118 method=java.lang.invoke.VarHandle.checkExactAccessMode(Ljava/lang/invoke/VarHandle$AccessDescriptor;)V @ 4 c2
Event: 1.237 Thread 0x00000233dc6f52a0 DEOPT PACKING pc=0x00000233eba7a118 sp=0x0000004c057fe1b0
Event: 1.237 Thread 0x00000233dc6f52a0 DEOPT UNPACKING pc=0x00000233eb4e58a3 sp=0x0000004c057fe180 mode 2
Event: 1.276 Thread 0x00000233dc6f52a0 Uncommon trap: trap_request=0xffffffde fr.pc=0x00000233eba8ad54 relative=0x0000000000000934
Event: 1.276 Thread 0x00000233dc6f52a0 Uncommon trap: reason=class_check action=maybe_recompile pc=0x00000233eba8ad54 method=java.util.HashMap.putVal(ILjava/lang/Object;Ljava/lang/Object;ZZ)Ljava/lang/Object; @ 253 c2
Event: 1.276 Thread 0x00000233dc6f52a0 DEOPT PACKING pc=0x00000233eba8ad54 sp=0x0000004c057fdc40
Event: 1.276 Thread 0x00000233dc6f52a0 DEOPT UNPACKING pc=0x00000233eb4e58a3 sp=0x0000004c057fdbc0 mode 2
Event: 1.277 Thread 0x00000233dc6f52a0 Uncommon trap: trap_request=0xffffffde fr.pc=0x00000233eba8ad54 relative=0x0000000000000934
Event: 1.277 Thread 0x00000233dc6f52a0 Uncommon trap: reason=class_check action=maybe_recompile pc=0x00000233eba8ad54 method=java.util.HashMap.putVal(ILjava/lang/Object;Ljava/lang/Object;ZZ)Ljava/lang/Object; @ 253 c2
Event: 1.277 Thread 0x00000233dc6f52a0 DEOPT PACKING pc=0x00000233eba8ad54 sp=0x0000004c057fdc40
Event: 1.277 Thread 0x00000233dc6f52a0 DEOPT UNPACKING pc=0x00000233eb4e58a3 sp=0x0000004c057fdbc0 mode 2
Event: 1.349 Thread 0x00000233dc6f52a0 DEOPT PACKING pc=0x00000233e4062acb sp=0x0000004c057fe260
Event: 1.349 Thread 0x00000233dc6f52a0 DEOPT UNPACKING pc=0x00000233eb4e63e3 sp=0x0000004c057fd780 mode 0
Event: 1.364 Thread 0x00000233dc6f52a0 DEOPT PACKING pc=0x00000233e4062acb sp=0x0000004c057fe1e0
Event: 1.364 Thread 0x00000233dc6f52a0 DEOPT UNPACKING pc=0x00000233eb4e63e3 sp=0x0000004c057fd700 mode 0

Classes unloaded (0 events):
No events

Classes redefined (0 events):
No events

Internal exceptions (20 events):
Event: 0.696 Thread 0x00000233dc6f52a0 Exception <a 'java/io/FileNotFoundException'{0x00000000eb9044f8}> (0x00000000eb9044f8) 
thrown [s\open\src\hotspot\share\prims\jni.cpp, line 516]
Event: 0.709 Thread 0x00000233dc6f52a0 Exception <a 'java/io/FileNotFoundException'{0x00000000eb940e68}> (0x00000000eb940e68) 
thrown [s\open\src\hotspot\share\prims\jni.cpp, line 516]
Event: 0.885 Thread 0x00000233dc6f52a0 Exception <a 'java/lang/ClassNotFoundException'{0x00000000ec148678}: sun/net/www/protocol/c/Handler> (0x00000000ec148678) 
thrown [s\open\src\hotspot\share\classfile\systemDictionary.cpp, line 256]
Event: 0.885 Thread 0x00000233dc6f52a0 Exception <a 'java/lang/ClassNotFoundException'{0x00000000ec1499d8}: sun/net/www/protocol/c/Handler> (0x00000000ec1499d8) 
thrown [s\open\src\hotspot\share\classfile\systemDictionary.cpp, line 256]
Event: 0.886 Thread 0x00000233dc6f52a0 Exception <a 'java/lang/ClassNotFoundException'{0x00000000ec14ab78}: sun/net/www/protocol/c/Handler> (0x00000000ec14ab78) 
thrown [s\open\src\hotspot\share\classfile\systemDictionary.cpp, line 256]
Event: 0.898 Thread 0x00000233dc6f52a0 Exception <a 'java/io/FileNotFoundException'{0x00000000ec1710e8}> (0x00000000ec1710e8) 
thrown [s\open\src\hotspot\share\prims\jni.cpp, line 516]
Event: 0.930 Thread 0x00000233dc6f52a0 Implicit null exception at 0x00000233eba72e5b to 0x00000233eba737c0
Event: 0.930 Thread 0x00000233dc6f52a0 Implicit null exception at 0x00000233eba62d2c to 0x00000233eba63144
Event: 0.930 Thread 0x00000233dc6f52a0 Implicit null exception at 0x00000233eba609ac to 0x00000233eba60dc8
Event: 0.930 Thread 0x00000233dc6f52a0 Implicit null exception at 0x00000233eba7210f to 0x00000233eba72189
Event: 0.981 Thread 0x00000233dc6f52a0 Exception <a 'java/lang/NoSuchMethodError'{0x00000000eab39d30}: 'int java.lang.invoke.DirectMethodHandle$Holder.invokeStaticInit(java.lang.Object, java.lang.Object, java.lang.Object, java.lang.Object)'> (0x00000000eab39d30) 
thrown [s\open\src\hotspot\share\interpreter\linkResolver.cpp, line 759]
Event: 0.982 Thread 0x00000233dc6f52a0 Exception <a 'java/lang/NoSuchMethodError'{0x00000000eab444a8}: 'java.lang.Object java.lang.invoke.DirectMethodHandle$Holder.invokeInterface(java.lang.Object, java.lang.Object)'> (0x00000000eab444a8) 
thrown [s\open\src\hotspot\share\interpreter\linkResolver.cpp, line 759]
Event: 0.983 Thread 0x00000233dc6f52a0 Exception <a 'java/lang/IncompatibleClassChangeError'{0x00000000eab47ca0}: Found class java.lang.Object, but interface was expected> (0x00000000eab47ca0) 
thrown [s\open\src\hotspot\share\interpreter\linkResolver.cpp, line 826]
Event: 0.983 Thread 0x00000233dc6f52a0 Exception <a 'java/lang/NoSuchMethodError'{0x00000000eab4c3c8}: 'void java.lang.invoke.DirectMethodHandle$Holder.invokeStatic(java.lang.Object, java.lang.Object)'> (0x00000000eab4c3c8) 
thrown [s\open\src\hotspot\share\interpreter\linkResolver.cpp, line 759]
Event: 0.983 Thread 0x00000233dc6f52a0 Exception <a 'java/lang/NoSuchMethodError'{0x00000000eab4fce0}: 'void java.lang.invoke.DirectMethodHandle$Holder.invokeStaticInit(java.lang.Object, java.lang.Object)'> (0x00000000eab4fce0) 
thrown [s\open\src\hotspot\share\interpreter\linkResolver.cpp, line 759]
Event: 0.984 Thread 0x00000233dc6f52a0 Exception <a 'java/lang/NoSuchMethodError'{0x00000000eab574d8}: 'int java.lang.invoke.DirectMethodHandle$Holder.invokeStaticInit(java.lang.Object, java.lang.Object)'> (0x00000000eab574d8) 
thrown [s\open\src\hotspot\share\interpreter\linkResolver.cpp, line 759]
Event: 1.036 Thread 0x00000233dc6f52a0 Exception <a 'java/lang/NoSuchMethodError'{0x00000000eace07f0}: 'void java.lang.invoke.DirectMethodHandle$Holder.invokeSpecial(java.lang.Object, java.lang.Object, java.lang.Object)'> (0x00000000eace07f0) 
thrown [s\open\src\hotspot\share\interpreter\linkResolver.cpp, line 759]
Event: 1.267 Thread 0x00000233dc6f52a0 Exception <a 'java/lang/NoSuchMethodError'{0x00000000eb9b17b8}: 'java.lang.Object java.lang.invoke.DirectMethodHandle$Holder.newInvokeSpecial(java.lang.Object, int, java.lang.Object)'> (0x00000000eb9b17b8) 
thrown [s\open\src\hotspot\share\interpreter\linkResolver.cpp, line 759]
Event: 1.393 Thread 0x00000233dc6f52a0 Exception <a 'java/lang/UnsatisfiedLinkError'{0x00000000ebf7fdd0}: 'void org.eclipse.equinox.launcher.JNIBridge._update_splash()'> (0x00000000ebf7fdd0) 
thrown [s\open\src\hotspot\share\prims\nativeLookup.cpp, line 543]
Event: 1.421 Thread 0x00000233f8a9ab30 Exception <a 'java/lang/NoSuchMethodError'{0x00000000ec22abc8}: 'java.lang.Object java.lang.invoke.DirectMethodHandle$Holder.invokeStaticInit(java.lang.Object)'> (0x00000000ec22abc8) 
thrown [s\open\src\hotspot\share\interpreter\linkResolver.cpp, line 759]

VM Operations (20 events):
Event: 0.663 Executing VM operation: HandshakeAllThreads
Event: 0.663 Executing VM operation: HandshakeAllThreads done
Event: 0.681 Executing VM operation: HandshakeAllThreads
Event: 0.681 Executing VM operation: HandshakeAllThreads done
Event: 0.869 Executing VM operation: HandshakeAllThreads
Event: 0.869 Executing VM operation: HandshakeAllThreads done
Event: 0.930 Executing VM operation: ICBufferFull
Event: 0.931 Executing VM operation: ICBufferFull done
Event: 0.962 Executing VM operation: ParallelGCFailedAllocation
Event: 0.973 Executing VM operation: ParallelGCFailedAllocation done
Event: 1.253 Executing VM operation: HandshakeAllThreads
Event: 1.253 Executing VM operation: HandshakeAllThreads done
Event: 1.253 Executing VM operation: HandshakeAllThreads
Event: 1.253 Executing VM operation: HandshakeAllThreads done
Event: 1.257 Executing VM operation: HandshakeAllThreads
Event: 1.257 Executing VM operation: HandshakeAllThreads done
Event: 1.433 Executing VM operation: HandshakeAllThreads
Event: 1.433 Executing VM operation: HandshakeAllThreads done
Event: 1.454 Executing VM operation: ParallelGCFailedAllocation
Event: 1.461 Executing VM operation: ParallelGCFailedAllocation done

Events (20 events):
Event: 1.491 loading class java/io/CharConversionException
Event: 1.491 loading class java/io/CharConversionException done
Event: 1.491 loading class com/sun/org/apache/xerces/internal/impl/io/MalformedByteSequenceException done
Event: 1.498 loading class java/util/concurrent/RejectedExecutionException
Event: 1.498 loading class java/util/concurrent/RejectedExecutionException done
Event: 1.498 loading class java/util/concurrent/CompletionStage
Event: 1.498 loading class java/util/concurrent/CompletionStage done
Event: 1.499 loading class java/util/Timer
Event: 1.499 loading class java/util/Timer done
Event: 1.499 loading class java/util/TaskQueue
Event: 1.499 loading class java/util/TaskQueue done
Event: 1.499 loading class java/util/TimerThread
Event: 1.499 loading class java/util/TimerThread done
Event: 1.499 loading class java/util/Timer$ThreadReaper
Event: 1.499 loading class java/util/Timer$ThreadReaper done
Event: 1.499 Thread 0x00000233f86f5930 Thread added: 0x00000233f86f5930
Event: 1.508 loading class java/util/concurrent/locks/ReentrantLock$FairSync
Event: 1.508 loading class java/util/concurrent/locks/ReentrantLock$FairSync done
Event: 1.509 loading class java/util/Collections$ReverseComparator
Event: 1.509 loading class java/util/Collections$ReverseComparator done


Dynamic libraries:
0x00007ff603d50000 - 0x00007ff603d60000 	C:\Program Files\Java\jdk-17\bin\java.exe
0x00007ff9fd350000 - 0x00007ff9fd564000 	C:\WINDOWS\SYSTEM32\ntdll.dll
0x00007ff9fb720000 - 0x00007ff9fb7e2000 	C:\WINDOWS\System32\KERNEL32.DLL
0x00007ff9fa8f0000 - 0x00007ff9fac8c000 	C:\WINDOWS\System32\KERNELBASE.dll
0x00007ff9f7160000 - 0x00007ff9f71f6000 	C:\WINDOWS\SYSTEM32\apphelp.dll
0x00007ff9faed0000 - 0x00007ff9fafe1000 	C:\WINDOWS\System32\ucrtbase.dll
0x00007ff9ee770000 - 0x00007ff9ee78b000 	C:\Program Files\Java\jdk-17\bin\VCRUNTIME140.dll
0x00007ff9f6900000 - 0x00007ff9f6918000 	C:\Program Files\Java\jdk-17\bin\jli.dll
0x00007ff9fc860000 - 0x00007ff9fc90e000 	C:\WINDOWS\System32\ADVAPI32.dll
0x00007ff9fbd50000 - 0x00007ff9fbdf7000 	C:\WINDOWS\System32\msvcrt.dll
0x00007ff9fbc90000 - 0x00007ff9fbd34000 	C:\WINDOWS\System32\sechost.dll
0x00007ff9fbe20000 - 0x00007ff9fbf37000 	C:\WINDOWS\System32\RPCRT4.dll
0x00007ff9fce40000 - 0x00007ff9fcfeb000 	C:\WINDOWS\System32\USER32.dll
0x00007ff9fa800000 - 0x00007ff9fa826000 	C:\WINDOWS\System32\win32u.dll
0x00007ff9d5c00000 - 0x00007ff9d5e8e000 	C:\WINDOWS\WinSxS\amd64_microsoft.windows.common-controls_6595b64144ccf1df_6.0.22621.608_none_a9444ca7c10bb01d\COMCTL32.dll
0x00007ff9fd2e0000 - 0x00007ff9fd309000 	C:\WINDOWS\System32\GDI32.dll
0x00007ff9fad10000 - 0x00007ff9fae23000 	C:\WINDOWS\System32\gdi32full.dll
0x00007ff9fae30000 - 0x00007ff9faeca000 	C:\WINDOWS\System32\msvcp_win.dll
0x00007ff9f7f70000 - 0x00007ff9f7f7a000 	C:\WINDOWS\SYSTEM32\VERSION.dll
0x00007ff9fc730000 - 0x00007ff9fc761000 	C:\WINDOWS\System32\IMM32.DLL
0x00007ff9f6e70000 - 0x00007ff9f6e7c000 	C:\Program Files\Java\jdk-17\bin\vcruntime140_1.dll
0x00007ff9d4c60000 - 0x00007ff9d4cee000 	C:\Program Files\Java\jdk-17\bin\msvcp140.dll
0x00007ff96ec00000 - 0x00007ff96f7d7000 	C:\Program Files\Java\jdk-17\bin\server\jvm.dll
0x00007ff9fc850000 - 0x00007ff9fc858000 	C:\WINDOWS\System32\PSAPI.DLL
0x00007ff9cd780000 - 0x00007ff9cd789000 	C:\WINDOWS\SYSTEM32\WSOCK32.dll
0x00007ff9fb6a0000 - 0x00007ff9fb711000 	C:\WINDOWS\System32\WS2_32.dll
0x00007ff9f1410000 - 0x00007ff9f1444000 	C:\WINDOWS\SYSTEM32\WINMM.dll
0x00007ff9f9860000 - 0x00007ff9f9878000 	C:\WINDOWS\SYSTEM32\kernel.appcore.dll
0x00007ff9f5390000 - 0x00007ff9f539a000 	C:\Program Files\Java\jdk-17\bin\jimage.dll
0x00007ff9f7ce0000 - 0x00007ff9f7f0e000 	C:\WINDOWS\SYSTEM32\DBGHELP.DLL
0x00007ff9fb160000 - 0x00007ff9fb4e9000 	C:\WINDOWS\System32\combase.dll
0x00007ff9fc770000 - 0x00007ff9fc847000 	C:\WINDOWS\System32\OLEAUT32.dll
0x00007ff9cd850000 - 0x00007ff9cd882000 	C:\WINDOWS\SYSTEM32\dbgcore.DLL
0x00007ff9fac90000 - 0x00007ff9fad0b000 	C:\WINDOWS\System32\bcryptPrimitives.dll
0x00007ff9f4aa0000 - 0x00007ff9f4aae000 	C:\Program Files\Java\jdk-17\bin\instrument.dll
0x00007ff9dd3b0000 - 0x00007ff9dd3d5000 	C:\Program Files\Java\jdk-17\bin\java.dll
0x00007ff997800000 - 0x00007ff9978d7000 	C:\Program Files\Java\jdk-17\bin\jsvml.dll
0x00007ff9fbf40000 - 0x00007ff9fc730000 	C:\WINDOWS\System32\SHELL32.dll
0x00007ff9f87a0000 - 0x00007ff9f906d000 	C:\WINDOWS\SYSTEM32\windows.storage.dll
0x00007ff9f8660000 - 0x00007ff9f879e000 	C:\WINDOWS\SYSTEM32\wintypes.dll
0x00007ff9fcff0000 - 0x00007ff9fd0e1000 	C:\WINDOWS\System32\SHCORE.dll
0x00007ff9fcc10000 - 0x00007ff9fcc6e000 	C:\WINDOWS\System32\shlwapi.dll
0x00007ff9fa6c0000 - 0x00007ff9fa6e1000 	C:\WINDOWS\SYSTEM32\profapi.dll
0x00007ff9dd1e0000 - 0x00007ff9dd1f8000 	C:\Program Files\Java\jdk-17\bin\zip.dll
0x00007ff9ee0e0000 - 0x00007ff9ee0f9000 	C:\Program Files\Java\jdk-17\bin\net.dll
0x00007ff9f47c0000 - 0x00007ff9f48f7000 	C:\WINDOWS\SYSTEM32\WINHTTP.dll
0x00007ff9f9d40000 - 0x00007ff9f9da9000 	C:\WINDOWS\system32\mswsock.dll
0x00007ff9dd2a0000 - 0x00007ff9dd2b6000 	C:\Program Files\Java\jdk-17\bin\nio.dll
0x00007ff9f22f0000 - 0x00007ff9f2300000 	C:\Program Files\Java\jdk-17\bin\verify.dll
0x00007ff9da500000 - 0x00007ff9da53e000 	C:\Users\nat24\AppData\Roaming\Code\User\globalStorage\redhat.java\1.16.0\config_win\org.eclipse.equinox.launcher\org.eclipse.equinox.launcher.win32.win32.x86_64_1.2.700.v20221108-1024\eclipse_11801.dll
0x00007ff9fca60000 - 0x00007ff9fcbfc000 	C:\WINDOWS\System32\ole32.dll

dbghelp: loaded successfully - version: 4.0.5 - missing functions: none
symbol engine: initialized successfully - sym options: 0x614 - pdb path: .;C:\Program Files\Java\jdk-17\bin;C:\WINDOWS\SYSTEM32;C:\WINDOWS\WinSxS\amd64_microsoft.windows.common-controls_6595b64144ccf1df_6.0.22621.608_none_a9444ca7c10bb01d;C:\Program Files\Java\jdk-17\bin\server;C:\Users\nat24\AppData\Roaming\Code\User\globalStorage\redhat.java\1.16.0\config_win\org.eclipse.equinox.launcher\org.eclipse.equinox.launcher.win32.win32.x86_64_1.2.700.v20221108-1024

VM Arguments:
jvm_args: --add-modules=ALL-SYSTEM --add-opens=java.base/java.util=ALL-UNNAMED --add-opens=java.base/java.lang=ALL-UNNAMED --add-opens=java.base/sun.nio.fs=ALL-UNNAMED -Declipse.application=org.eclipse.jdt.ls.core.id1 -Dosgi.bundles.defaultStartLevel=4 -Declipse.product=org.eclipse.jdt.ls.core.product -Djava.import.generatesMetadataFilesAtProjectRoot=false -Dfile.encoding=utf8 -XX:+UseParallelGC -XX:GCTimeRatio=4 -XX:AdaptiveSizePolicyWeight=90 -Dsun.zip.disableMemoryMapping=true -Xmx1G -Xms100m -Xlog:disable -javaagent:c:\Users\nat24\.vscode\extensions\redhat.java-1.16.0-win32-x64\lombok\lombok-1.18.24.jar -XX:+HeapDumpOnOutOfMemoryError -XX:HeapDumpPath=c:\Users\nat24\AppData\Roaming\Code\User\workspaceStorage\7ee068461fea0a2cbf1ecac1b635f22a\redhat.java 
java_command: c:\Users\nat24\.vscode\extensions\redhat.java-1.16.0-win32-x64\server\plugins\org.eclipse.equinox.launcher_1.6.400.v20210924-0641.jar -configuration c:\Users\nat24\AppData\Roaming\Code\User\globalStorage\redhat.java\1.16.0\config_win -data c:\Users\nat24\AppData\Roaming\Code\User\workspaceStorage\7ee068461fea0a2cbf1ecac1b635f22a\redhat.java\jdt_ws
java_class_path (initial): c:\Users\nat24\.vscode\extensions\redhat.java-1.16.0-win32-x64\server\plugins\org.eclipse.equinox.launcher_1.6.400.v20210924-0641.jar
Launcher Type: SUN_STANDARD

[Global flags]
    uintx AdaptiveSizePolicyWeight                 = 90                                        {product} {command line}
     intx CICompilerCount                          = 4                                         {product} {ergonomic}
    uintx GCTimeRatio                              = 4                                         {product} {command line}
     bool HeapDumpOnOutOfMemoryError               = true                                   {manageable} {command line}
    ccstr HeapDumpPath                             = c:\Users\nat24\AppData\Roaming\Code\User\workspaceStorage\7ee068461fea0a2cbf1ecac1b635f22a\redhat.java         {manageable} {command line}
   size_t InitialHeapSize                          = 104857600                                 {product} {command line}
   size_t MaxHeapSize                              = 1073741824                                {product} {command line}
   size_t MaxNewSize                               = 357564416                                 {product} {ergonomic}
   size_t MinHeapDeltaBytes                        = 524288                                    {product} {ergonomic}
   size_t MinHeapSize                              = 104857600                                 {product} {command line}
   size_t NewSize                                  = 34603008                                  {product} {ergonomic}
    uintx NonNMethodCodeHeapSize                   = 5839372                                {pd product} {ergonomic}
    uintx NonProfiledCodeHeapSize                  = 122909434                              {pd product} {ergonomic}
   size_t OldSize                                  = 70254592                                  {product} {ergonomic}
    uintx ProfiledCodeHeapSize                     = 122909434                              {pd product} {ergonomic}
    uintx ReservedCodeCacheSize                    = 251658240                              {pd product} {ergonomic}
     bool SegmentedCodeCache                       = true                                      {product} {ergonomic}
   size_t SoftMaxHeapSize                          = 1073741824                             {manageable} {ergonomic}
     bool UseCompressedClassPointers               = true                           {product lp64_product} {ergonomic}
     bool UseCompressedOops                        = true                           {product lp64_product} {ergonomic}
     bool UseLargePagesIndividualAllocation        = false                                  {pd product} {ergonomic}
     bool UseParallelGC                            = true                                      {product} {command line}

Logging:
Log output configuration:
 #0: stdout all=off uptime,level,tags
 #1: stderr all=off uptime,level,tags

Environment Variables:
CLASSPATH=C:\Users\nat24\eclipse-workspace
PATH=C:\Program Files\Common Files\Oracle\Java\javapath;C:\Python310\Scripts\;C:\Python310\;C:\WINDOWS\system32;C:\WINDOWS;C:\WINDOWS\System32\Wbem;C:\WINDOWS\System32\WindowsPowerShell\v1.0\;C:\WINDOWS\System32\OpenSSH\;C:\Program Files\nodejs\;C:\ProgramData\chocolatey\bin;C:\Program Files\Git\cmd;C:\Program Files\PuTTY\;C:\Users\nat24\AppData\Local\Microsoft\WindowsApps;C:\Users\nat24\AppData\Roaming\npm;C:\Users\nat24\eclipse-workspace\Assignment_1\bin;C:\Users\nat24\AppData\Local\Programs\Microsoft VS Code\bin;
USERNAME=nat24
OS=Windows_NT
PROCESSOR_IDENTIFIER=Intel64 Family 6 Model 140 Stepping 1, GenuineIntel



---------------  S Y S T E M  ---------------

OS:
 Windows 11 , 64 bit Build 22621 (10.0.22621.1485)
OS uptime: 0 days 12:59 hours

CPU: total 8 (initial active 8) (4 cores per cpu, 2 threads per core) family 6 model 140 stepping 1 microcode 0xa6, cx8, cmov, fxsr, ht, mmx, 3dnowpref, sse, sse2, sse3, ssse3, sse4.1, sse4.2, popcnt, lzcnt, tsc, tscinvbit, avx, avx2, aes, erms, clmul, bmi1, bmi2, adx, avx512f, avx512dq, avx512cd, avx512bw, avx512vl, sha, fma, vzeroupper, avx512_vpopcntdq, avx512_vpclmulqdq, avx512_vaes, avx512_vnni, clflush, clflushopt, clwb, avx512_vbmi2, avx512_vbmi

Memory: 4k page, system-wide physical 16064M (1879M free)
TotalPageFile size 65216M (AvailPageFile size 2M)
current process WorkingSet (physical memory assigned to process): 97M, peak: 97M
current process commit charge ("private bytes"): 216M, peak: 216M

vm_info: Java HotSpot(TM) 64-Bit Server VM (17.0.6+9-LTS-190) for windows-amd64 JRE (17.0.6+9-LTS-190), built on Dec  6 2022 15:53:54 by "mach5one" with MS VC++ 17.1 (VS2022)

END.
