#
# There is insufficient memory for the Java Runtime Environment to continue.
# Native memory allocation (malloc) failed to allocate 454416 bytes for Chunk::new
# Possible reasons:
#   The system is out of physical RAM or swap space
#   The process is running with CompressedOops enabled, and the Java Heap may be blocking the growth of the native heap
# Possible solutions:
#   Reduce memory load on the system
#   Increase physical memory or swap space
#   Check if swap backing store is full
#   Decrease Java heap size (-Xmx/-Xms)
#   Decrease number of Java threads
#   Decrease Java thread stack sizes (-Xss)
#   Set larger code cache with -XX:ReservedCodeCacheSize=
#   JVM is running with Unscaled Compressed Oops mode in which the Java heap is
#     placed in the first 4GB address space. The Java Heap base address is the
#     maximum limit for the native heap growth. Please use -XX:HeapBaseMinAddress
#     to set the Java Heap base and to place the Java Heap above 4GB virtual address.
# This output file may be truncated or incomplete.
#
#  Out of Memory Error (arena.cpp:189), pid=5696, tid=4012
#
# JRE version: Java(TM) SE Runtime Environment (17.0.6+9) (build 17.0.6+9-LTS-190)
# Java VM: Java HotSpot(TM) 64-Bit Server VM (17.0.6+9-LTS-190, mixed mode, sharing, tiered, compressed oops, compressed class ptrs, parallel gc, windows-amd64)
# No core dump will be written. Minidumps are not enabled by default on client versions of Windows
#

---------------  S U M M A R Y ------------

Command Line: --add-modules=ALL-SYSTEM --add-opens=java.base/java.util=ALL-UNNAMED --add-opens=java.base/java.lang=ALL-UNNAMED --add-opens=java.base/sun.nio.fs=ALL-UNNAMED -Declipse.application=org.eclipse.jdt.ls.core.id1 -Dosgi.bundles.defaultStartLevel=4 -Declipse.product=org.eclipse.jdt.ls.core.product -Djava.import.generatesMetadataFilesAtProjectRoot=false -Dfile.encoding=utf8 -XX:+UseParallelGC -XX:GCTimeRatio=4 -XX:AdaptiveSizePolicyWeight=90 -Dsun.zip.disableMemoryMapping=true -Xmx1G -Xms100m -Xlog:disable -javaagent:c:\Users\nat24\.vscode\extensions\redhat.java-1.16.0-win32-x64\lombok\lombok-1.18.24.jar c:\Users\nat24\.vscode\extensions\redhat.java-1.16.0-win32-x64\server\plugins\org.eclipse.equinox.launcher_1.6.400.v20210924-0641.jar -configuration c:\Users\nat24\AppData\Roaming\Code\User\globalStorage\redhat.java\1.16.0\config_ss_win -data c:\Users\nat24\AppData\Roaming\Code\User\workspaceStorage\7ee068461fea0a2cbf1ecac1b635f22a\redhat.java\ss_ws

Host: 11th Gen Intel(R) Core(TM) i7-1165G7 @ 2.80GHz, 8 cores, 15G,  Windows 11 , 64 bit Build 22621 (10.0.22621.1485)
Time: Thu Apr 13 11:57:55 2023 AUS Eastern Standard Time elapsed time: 1.492570 seconds (0d 0h 0m 1s)

---------------  T H R E A D  ---------------

Current thread (0x0000024b99583280):  JavaThread "C2 CompilerThread1" daemon [_thread_in_native, id=4012, stack(0x00000084d1000000,0x00000084d1100000)]


Current CompileTask:
C2:   1492 1839       4       java.io.DataInputStream::readUTF (501 bytes)

Stack: [0x00000084d1000000,0x00000084d1100000]
Native frames: (J=compiled Java code, j=interpreted, Vv=VM code, C=native code)
V  [jvm.dll+0x6734ea]
V  [jvm.dll+0x7d18f4]
V  [jvm.dll+0x7d309e]
V  [jvm.dll+0x7d3703]
V  [jvm.dll+0x2433c5]
V  [jvm.dll+0xaa46b]
V  [jvm.dll+0xaaa0c]
V  [jvm.dll+0x35eadf]
V  [jvm.dll+0x329401]
V  [jvm.dll+0x32889a]
V  [jvm.dll+0x215ddf]
V  [jvm.dll+0x215211]
V  [jvm.dll+0x1a1730]
V  [jvm.dll+0x224b6e]
V  [jvm.dll+0x222f15]
V  [jvm.dll+0x78753c]
V  [jvm.dll+0x781a7a]
V  [jvm.dll+0x672375]
C  [ucrtbase.dll+0x29363]
C  [KERNEL32.DLL+0x1269d]
C  [ntdll.dll+0x5a9f8]


---------------  P R O C E S S  ---------------

Threads class SMR info:
_java_thread_list=0x0000024b9a0f4ee0, length=18, elements={
0x0000024bfe108780, 0x0000024bfe1bbd30, 0x0000024bfe1bc5f0, 0x0000024bfe39e740,
0x0000024bfe39f000, 0x0000024bfe3a0060, 0x0000024bfe3a5d70, 0x0000024bfe3a7100,
0x0000024bfe3a8250, 0x0000024bfe3b1320, 0x0000024bfe16c180, 0x0000024b99583280,
0x0000024b99681f80, 0x0000024b99baafc0, 0x0000024b99fe2dc0, 0x0000024b99fdf050,
0x0000024b99f660c0, 0x0000024b9a101a30
}

Java Threads: ( => current thread )
  0x0000024bfe108780 JavaThread "main" [_thread_blocked, id=8168, stack(0x00000084d0300000,0x00000084d0400000)]
  0x0000024bfe1bbd30 JavaThread "Reference Handler" daemon [_thread_blocked, id=15380, stack(0x00000084d0600000,0x00000084d0700000)]
  0x0000024bfe1bc5f0 JavaThread "Finalizer" daemon [_thread_blocked, id=19056, stack(0x00000084d0700000,0x00000084d0800000)]
  0x0000024bfe39e740 JavaThread "Signal Dispatcher" daemon [_thread_blocked, id=15460, stack(0x00000084d0800000,0x00000084d0900000)]
  0x0000024bfe39f000 JavaThread "Attach Listener" daemon [_thread_blocked, id=5296, stack(0x00000084d0900000,0x00000084d0a00000)]
  0x0000024bfe3a0060 JavaThread "Service Thread" daemon [_thread_blocked, id=10760, stack(0x00000084d0a00000,0x00000084d0b00000)]
  0x0000024bfe3a5d70 JavaThread "Monitor Deflation Thread" daemon [_thread_blocked, id=3844, stack(0x00000084d0b00000,0x00000084d0c00000)]
  0x0000024bfe3a7100 JavaThread "C2 CompilerThread0" daemon [_thread_blocked, id=16812, stack(0x00000084d0c00000,0x00000084d0d00000)]
  0x0000024bfe3a8250 JavaThread "C1 CompilerThread0" daemon [_thread_blocked, id=16444, stack(0x00000084d0d00000,0x00000084d0e00000)]
  0x0000024bfe3b1320 JavaThread "Sweeper thread" daemon [_thread_blocked, id=1232, stack(0x00000084d0e00000,0x00000084d0f00000)]
  0x0000024bfe16c180 JavaThread "Common-Cleaner" daemon [_thread_blocked, id=2240, stack(0x00000084d0f00000,0x00000084d1000000)]
=>0x0000024b99583280 JavaThread "C2 CompilerThread1" daemon [_thread_in_native, id=4012, stack(0x00000084d1000000,0x00000084d1100000)]
  0x0000024b99681f80 JavaThread "Notification Thread" daemon [_thread_blocked, id=18876, stack(0x00000084d1100000,0x00000084d1200000)]
  0x0000024b99baafc0 JavaThread "Active Thread: Equinox Container: 7caf0cfb-2a97-4737-bbfe-c8b3ce509fe0" [_thread_blocked, id=14412, stack(0x00000084d1a00000,0x00000084d1b00000)]
  0x0000024b99fe2dc0 JavaThread "Framework Event Dispatcher: Equinox Container: 7caf0cfb-2a97-4737-bbfe-c8b3ce509fe0" daemon [_thread_blocked, id=5000, stack(0x00000084d1b00000,0x00000084d1c00000)]
  0x0000024b99fdf050 JavaThread "Start Level: Equinox Container: 7caf0cfb-2a97-4737-bbfe-c8b3ce509fe0" daemon [_thread_in_Java, id=2096, stack(0x00000084d1c00000,0x00000084d1d00000)]
  0x0000024b99f660c0 JavaThread "SCR Component Actor" daemon [_thread_blocked, id=17440, stack(0x00000084d1d00000,0x00000084d1e00000)]
  0x0000024b9a101a30 JavaThread "SCR Component Registry" daemon [_thread_blocked, id=2432, stack(0x00000084d1e00000,0x00000084d1f00000)]

Other Threads:
  0x0000024bfe3911d0 VMThread "VM Thread" [stack: 0x00000084d0500000,0x00000084d0600000] [id=1320]
  0x0000024b99665110 WatcherThread [stack: 0x00000084d1200000,0x00000084d1300000] [id=15164]
  0x0000024bfe11d240 GCTaskThread "GC Thread#0" [stack: 0x00000084d0400000,0x00000084d0500000] [id=18968]
  0x0000024b99c35070 GCTaskThread "GC Thread#1" [stack: 0x00000084d1400000,0x00000084d1500000] [id=140]
  0x0000024b99ffb460 GCTaskThread "GC Thread#2" [stack: 0x00000084d1500000,0x00000084d1600000] [id=12772]
  0x0000024b99ffb710 GCTaskThread "GC Thread#3" [stack: 0x00000084d1600000,0x00000084d1700000] [id=12076]
  0x0000024b99ffb9c0 GCTaskThread "GC Thread#4" [stack: 0x00000084d1700000,0x00000084d1800000] [id=14684]
  0x0000024b99ffbc70 GCTaskThread "GC Thread#5" [stack: 0x00000084d1800000,0x00000084d1900000] [id=6236]
  0x0000024b99ffbf20 GCTaskThread "GC Thread#6" [stack: 0x00000084d1900000,0x00000084d1a00000] [id=15464]
  0x0000024b9a1109e0 GCTaskThread "GC Thread#7" [stack: 0x00000084d1300000,0x00000084d1400000] [id=300]

Threads with active compile tasks:
C2 CompilerThread1     1510 1839       4       java.io.DataInputStream::readUTF (501 bytes)

VM state: not at safepoint (normal execution)

VM Mutex/Monitor currently owned by a thread:  ([mutex/lock_event])
[0x0000024bfe103850] Compile_lock - owner thread: 0x0000024b99fdf050

Heap address: 0x00000000c0000000, size: 1024 MB, Compressed Oops mode: 32-bit

CDS archive(s) mapped at: [0x0000000800000000-0x0000000800bd0000-0x0000000800bd0000), size 12386304, SharedBaseAddress: 0x0000000800000000, ArchiveRelocationMode: 0.
Compressed class space mapped at: 0x0000000800c00000-0x0000000840c00000, reserved size: 1073741824
Narrow klass base: 0x0000000800000000, Narrow klass shift: 0, Narrow klass range: 0x100000000

GC Precious Log:
 CPUs: 8 total, 8 available
 Memory: 16064M
 Large Page Support: Disabled
 NUMA Support: Disabled
 Compressed Oops: Enabled (32-bit)
 Alignments: Space 512K, Generation 512K, Heap 2M
 Heap Min Capacity: 100M
 Heap Initial Capacity: 100M
 Heap Max Capacity: 1G
 Pre-touch: Disabled
 Parallel Workers: 8

Heap:
 PSYoungGen      total 29696K, used 17208K [0x00000000eab00000, 0x00000000ecc00000, 0x0000000100000000)
  eden space 25600K, 51% used [0x00000000eab00000,0x00000000eb7d0458,0x00000000ec400000)
  from space 4096K, 99% used [0x00000000ec800000,0x00000000ecbfdee8,0x00000000ecc00000)
  to   space 4096K, 0% used [0x00000000ec400000,0x00000000ec400000,0x00000000ec800000)
 ParOldGen       total 68608K, used 1297K [0x00000000c0000000, 0x00000000c4300000, 0x00000000eab00000)
  object space 68608K, 1% used [0x00000000c0000000,0x00000000c0144708,0x00000000c4300000)
 Metaspace       used 11150K, committed 11520K, reserved 1064960K
  class space    used 1103K, committed 1280K, reserved 1048576K

Card table byte_map: [0x0000024bfdab0000,0x0000024bfdcc0000] _byte_map_base: 0x0000024bfd4b0000

Marking Bits: (ParMarkBitMap*) 0x00007ff96f7195f0
 Begin Bits: [0x0000024b967b0000, 0x0000024b977b0000)
 End Bits:   [0x0000024b977b0000, 0x0000024b987b0000)

Polling page: 0x0000024bfc070000

Metaspace:

Usage:
  Non-class:      9.81 MB used.
      Class:      1.08 MB used.
       Both:     10.89 MB used.

Virtual space:
  Non-class space:       16.00 MB reserved,      10.00 MB ( 62%) committed,  2 nodes.
      Class space:        1.00 GB reserved,       1.25 MB ( <1%) committed,  1 nodes.
             Both:        1.02 GB reserved,      11.25 MB (  1%) committed. 

Chunk freelists:
   Non-Class:  1.38 MB
       Class:  2.74 MB
        Both:  4.12 MB

MaxMetaspaceSize: unlimited
CompressedClassSpaceSize: 1.00 GB
Initial GC threshold: 21.00 MB
Current GC threshold: 21.00 MB
CDS: on
MetaspaceReclaimPolicy: balanced
 - commit_granule_bytes: 65536.
 - commit_granule_words: 8192.
 - virtual_space_node_default_size: 1048576.
 - enlarge_chunks_in_place: 1.
 - new_chunks_are_fully_committed: 0.
 - uncommit_free_chunks: 1.
 - use_allocation_guard: 0.
 - handle_deallocations: 1.


Internal statistics:

num_allocs_failed_limit: 0.
num_arena_births: 112.
num_arena_deaths: 0.
num_vsnodes_births: 3.
num_vsnodes_deaths: 0.
num_space_committed: 180.
num_space_uncommitted: 0.
num_chunks_returned_to_freelist: 0.
num_chunks_taken_from_freelist: 420.
num_chunk_merges: 0.
num_chunk_splits: 290.
num_chunks_enlarged: 214.
num_purges: 0.
num_inconsistent_stats: 0.

CodeHeap 'non-profiled nmethods': size=120000Kb used=726Kb max_used=726Kb free=119273Kb
 bounds [0x0000024b8f280000, 0x0000024b8f4f0000, 0x0000024b967b0000]
CodeHeap 'profiled nmethods': size=120000Kb used=3622Kb max_used=3622Kb free=116377Kb
 bounds [0x0000024b877b0000, 0x0000024b87b40000, 0x0000024b8ece0000]
CodeHeap 'non-nmethods': size=5760Kb used=1179Kb max_used=1196Kb free=4580Kb
 bounds [0x0000024b8ece0000, 0x0000024b8ef50000, 0x0000024b8f280000]
 total_blobs=2342 nmethods=1877 adapters=379
 compilation: enabled
              stopped_count=0, restarted_count=0
 full_count=0

Compilation events (20 events):
Event: 1.481 Thread 0x0000024bfe3a8250 1857       1       org.eclipse.osgi.container.ModuleRevision::getTypes (5 bytes)
Event: 1.481 Thread 0x0000024bfe3a8250 nmethod 1857 0x0000024b8f335110 code [0x0000024b8f3352a0, 0x0000024b8f335378]
Event: 1.482 Thread 0x0000024bfe3a8250 1858       1       sun.nio.fs.NativeBuffer::size (5 bytes)
Event: 1.482 Thread 0x0000024bfe3a8250 nmethod 1858 0x0000024b8f335410 code [0x0000024b8f3355a0, 0x0000024b8f335678]
Event: 1.483 Thread 0x0000024bfe3a8250 1859       3       java.io.File::exists (34 bytes)
Event: 1.484 Thread 0x0000024bfe3a8250 nmethod 1859 0x0000024b87b2f690 code [0x0000024b87b2f880, 0x0000024b87b2fdc8]
Event: 1.485 Thread 0x0000024bfe3a8250 1860       3       java.util.LinkedHashMap::getOrDefault (29 bytes)
Event: 1.485 Thread 0x0000024bfe3a8250 nmethod 1860 0x0000024b87b2ff90 code [0x0000024b87b30140, 0x0000024b87b30398]
Event: 1.486 Thread 0x0000024bfe3a8250 1861       3       java.util.ArrayList$SubList::iterator (5 bytes)
Event: 1.486 Thread 0x0000024bfe3a8250 nmethod 1861 0x0000024b87b30490 code [0x0000024b87b306a0, 0x0000024b87b30cf8]
Event: 1.486 Thread 0x0000024bfe3a8250 1862       3       java.util.ArrayList$SubList::listIterator (19 bytes)
Event: 1.487 Thread 0x0000024bfe3a8250 nmethod 1862 0x0000024b87b30f90 code [0x0000024b87b31180, 0x0000024b87b31698]
Event: 1.487 Thread 0x0000024bfe3a8250 1863       3       java.util.ArrayList$SubList::rangeCheckForAdd (26 bytes)
Event: 1.487 Thread 0x0000024bfe3a8250 nmethod 1863 0x0000024b87b31910 code [0x0000024b87b31b40, 0x0000024b87b321e8]
Event: 1.487 Thread 0x0000024bfe3a8250 1864       3       java.util.ArrayList$SubList$1::<init> (39 bytes)
Event: 1.487 Thread 0x0000024bfe3a8250 nmethod 1864 0x0000024b87b32510 code [0x0000024b87b326a0, 0x0000024b87b32838]
Event: 1.489 Thread 0x0000024bfe3a8250 1865       3       java.lang.Class::reflectionData (43 bytes)
Event: 1.490 Thread 0x0000024bfe3a8250 nmethod 1865 0x0000024b87b32910 code [0x0000024b87b32ae0, 0x0000024b87b32ef8]
Event: 1.490 Thread 0x0000024bfe3a8250 1866       3       org.eclipse.osgi.container.ModuleContainer::checkAdminPermission (27 bytes)
Event: 1.490 Thread 0x0000024bfe3a8250 nmethod 1866 0x0000024b87b33090 code [0x0000024b87b33280, 0x0000024b87b33718]

GC Heap History (4 events):
Event: 0.563 GC heap before
{Heap before GC invocations=1 (full 0):
 PSYoungGen      total 29696K, used 25600K [0x00000000eab00000, 0x00000000ecc00000, 0x0000000100000000)
  eden space 25600K, 100% used [0x00000000eab00000,0x00000000ec400000,0x00000000ec400000)
  from space 4096K, 0% used [0x00000000ec800000,0x00000000ec800000,0x00000000ecc00000)
  to   space 4096K, 0% used [0x00000000ec400000,0x00000000ec400000,0x00000000ec800000)
 ParOldGen       total 68608K, used 0K [0x00000000c0000000, 0x00000000c4300000, 0x00000000eab00000)
  object space 68608K, 0% used [0x00000000c0000000,0x00000000c0000000,0x00000000c4300000)
 Metaspace       used 4687K, committed 4800K, reserved 1056768K
  class space    used 433K, committed 448K, reserved 1048576K
}
Event: 0.570 GC heap after
{Heap after GC invocations=1 (full 0):
 PSYoungGen      total 29696K, used 3649K [0x00000000eab00000, 0x00000000ecc00000, 0x0000000100000000)
  eden space 25600K, 0% used [0x00000000eab00000,0x00000000eab00000,0x00000000ec400000)
  from space 4096K, 89% used [0x00000000ec400000,0x00000000ec790690,0x00000000ec800000)
  to   space 4096K, 0% used [0x00000000ec800000,0x00000000ec800000,0x00000000ecc00000)
 ParOldGen       total 68608K, used 8K [0x00000000c0000000, 0x00000000c4300000, 0x00000000eab00000)
  object space 68608K, 0% used [0x00000000c0000000,0x00000000c0002000,0x00000000c4300000)
 Metaspace       used 4687K, committed 4800K, reserved 1056768K
  class space    used 433K, committed 448K, reserved 1048576K
}
Event: 1.270 GC heap before
{Heap before GC invocations=2 (full 0):
 PSYoungGen      total 29696K, used 29218K [0x00000000eab00000, 0x00000000ecc00000, 0x0000000100000000)
  eden space 25600K, 99% used [0x00000000eab00000,0x00000000ec3f81f8,0x00000000ec400000)
  from space 4096K, 89% used [0x00000000ec400000,0x00000000ec790690,0x00000000ec800000)
  to   space 4096K, 0% used [0x00000000ec800000,0x00000000ec800000,0x00000000ecc00000)
 ParOldGen       total 68608K, used 8K [0x00000000c0000000, 0x00000000c4300000, 0x00000000eab00000)
  object space 68608K, 0% used [0x00000000c0000000,0x00000000c0002000,0x00000000c4300000)
 Metaspace       used 8893K, committed 9152K, reserved 1056768K
  class space    used 864K, committed 960K, reserved 1048576K
}
Event: 1.275 GC heap after
{Heap after GC invocations=2 (full 0):
 PSYoungGen      total 29696K, used 4087K [0x00000000eab00000, 0x00000000ecc00000, 0x0000000100000000)
  eden space 25600K, 0% used [0x00000000eab00000,0x00000000eab00000,0x00000000ec400000)
  from space 4096K, 99% used [0x00000000ec800000,0x00000000ecbfdee8,0x00000000ecc00000)
  to   space 4096K, 0% used [0x00000000ec400000,0x00000000ec400000,0x00000000ec800000)
 ParOldGen       total 68608K, used 1297K [0x00000000c0000000, 0x00000000c4300000, 0x00000000eab00000)
  object space 68608K, 1% used [0x00000000c0000000,0x00000000c0144708,0x00000000c4300000)
 Metaspace       used 8893K, committed 9152K, reserved 1056768K
  class space    used 864K, committed 960K, reserved 1048576K
}

Deoptimization events (20 events):
Event: 1.405 Thread 0x0000024b99fdf050 Uncommon trap: trap_request=0xffffffde fr.pc=0x0000024b8f2f07e0 relative=0x0000000000001460
Event: 1.405 Thread 0x0000024b99fdf050 Uncommon trap: reason=class_check action=maybe_recompile pc=0x0000024b8f2f07e0 method=java.io.DataInputStream.readFully([BII)V @ 30 c2
Event: 1.405 Thread 0x0000024b99fdf050 DEOPT PACKING pc=0x0000024b8f2f07e0 sp=0x00000084d1cfb3d0
Event: 1.405 Thread 0x0000024b99fdf050 DEOPT UNPACKING pc=0x0000024b8ed358a3 sp=0x00000084d1cfb308 mode 2
Event: 1.406 Thread 0x0000024b99fdf050 Uncommon trap: trap_request=0xffffffde fr.pc=0x0000024b8f2e9f34 relative=0x0000000000000294
Event: 1.406 Thread 0x0000024b99fdf050 Uncommon trap: reason=class_check action=maybe_recompile pc=0x0000024b8f2e9f34 method=java.io.DataInputStream.readByte()B @ 4 c2
Event: 1.406 Thread 0x0000024b99fdf050 DEOPT PACKING pc=0x0000024b8f2e9f34 sp=0x00000084d1cfb500
Event: 1.406 Thread 0x0000024b99fdf050 DEOPT UNPACKING pc=0x0000024b8ed358a3 sp=0x00000084d1cfb4b8 mode 2
Event: 1.406 Thread 0x0000024b99fdf050 Uncommon trap: trap_request=0xffffffde fr.pc=0x0000024b8f2e9f34 relative=0x0000000000000294
Event: 1.406 Thread 0x0000024b99fdf050 Uncommon trap: reason=class_check action=maybe_recompile pc=0x0000024b8f2e9f34 method=java.io.DataInputStream.readByte()B @ 4 c2
Event: 1.406 Thread 0x0000024b99fdf050 DEOPT PACKING pc=0x0000024b8f2e9f34 sp=0x00000084d1cfb500
Event: 1.406 Thread 0x0000024b99fdf050 DEOPT UNPACKING pc=0x0000024b8ed358a3 sp=0x00000084d1cfb4b8 mode 2
Event: 1.406 Thread 0x0000024b99fdf050 Uncommon trap: trap_request=0xffffffde fr.pc=0x0000024b8f2f07e0 relative=0x0000000000001460
Event: 1.406 Thread 0x0000024b99fdf050 Uncommon trap: reason=class_check action=maybe_recompile pc=0x0000024b8f2f07e0 method=java.io.DataInputStream.readFully([BII)V @ 30 c2
Event: 1.406 Thread 0x0000024b99fdf050 DEOPT PACKING pc=0x0000024b8f2f07e0 sp=0x00000084d1cfb3d0
Event: 1.406 Thread 0x0000024b99fdf050 DEOPT UNPACKING pc=0x0000024b8ed358a3 sp=0x00000084d1cfb308 mode 2
Event: 1.406 Thread 0x0000024b99fdf050 Uncommon trap: trap_request=0xffffffde fr.pc=0x0000024b8f2f07e0 relative=0x0000000000001460
Event: 1.406 Thread 0x0000024b99fdf050 Uncommon trap: reason=class_check action=maybe_recompile pc=0x0000024b8f2f07e0 method=java.io.DataInputStream.readFully([BII)V @ 30 c2
Event: 1.406 Thread 0x0000024b99fdf050 DEOPT PACKING pc=0x0000024b8f2f07e0 sp=0x00000084d1cfb3d0
Event: 1.406 Thread 0x0000024b99fdf050 DEOPT UNPACKING pc=0x0000024b8ed358a3 sp=0x00000084d1cfb308 mode 2

Classes unloaded (0 events):
No events

Classes redefined (0 events):
No events

Internal exceptions (20 events):
Event: 0.489 Thread 0x0000024bfe108780 Exception <a 'java/lang/ClassNotFoundException'{0x00000000ec145fa8}: sun/net/www/protocol/c/Handler> (0x00000000ec145fa8) 
thrown [s\open\src\hotspot\share\classfile\systemDictionary.cpp, line 256]
Event: 0.500 Thread 0x0000024bfe108780 Exception <a 'java/io/FileNotFoundException'{0x00000000ec164db8}> (0x00000000ec164db8) 
thrown [s\open\src\hotspot\share\prims\jni.cpp, line 516]
Event: 0.532 Thread 0x0000024bfe108780 Implicit null exception at 0x0000024b8f2c29db to 0x0000024b8f2c3340
Event: 0.533 Thread 0x0000024bfe108780 Implicit null exception at 0x0000024b8f2b408c to 0x0000024b8f2b42c0
Event: 0.533 Thread 0x0000024bfe108780 Implicit null exception at 0x0000024b8f2cc86c to 0x0000024b8f2cca3c
Event: 0.533 Thread 0x0000024bfe108780 Implicit null exception at 0x0000024b8f2c158f to 0x0000024b8f2c1609
Event: 0.576 Thread 0x0000024bfe108780 Exception <a 'java/lang/NoSuchMethodError'{0x00000000eab2dee0}: 'int java.lang.invoke.DirectMethodHandle$Holder.invokeStaticInit(java.lang.Object, java.lang.Object, java.lang.Object, java.lang.Object)'> (0x00000000eab2dee0) 
thrown [s\open\src\hotspot\share\interpreter\linkResolver.cpp, line 759]
Event: 0.578 Thread 0x0000024bfe108780 Exception <a 'java/lang/NoSuchMethodError'{0x00000000eab38658}: 'java.lang.Object java.lang.invoke.DirectMethodHandle$Holder.invokeInterface(java.lang.Object, java.lang.Object)'> (0x00000000eab38658) 
thrown [s\open\src\hotspot\share\interpreter\linkResolver.cpp, line 759]
Event: 0.579 Thread 0x0000024bfe108780 Exception <a 'java/lang/IncompatibleClassChangeError'{0x00000000eab3be50}: Found class java.lang.Object, but interface was expected> (0x00000000eab3be50) 
thrown [s\open\src\hotspot\share\interpreter\linkResolver.cpp, line 826]
Event: 0.581 Thread 0x0000024bfe108780 Exception <a 'java/lang/NoSuchMethodError'{0x00000000eab40578}: 'void java.lang.invoke.DirectMethodHandle$Holder.invokeStatic(java.lang.Object, java.lang.Object)'> (0x00000000eab40578) 
thrown [s\open\src\hotspot\share\interpreter\linkResolver.cpp, line 759]
Event: 0.582 Thread 0x0000024bfe108780 Exception <a 'java/lang/NoSuchMethodError'{0x00000000eab43e90}: 'void java.lang.invoke.DirectMethodHandle$Holder.invokeStaticInit(java.lang.Object, java.lang.Object)'> (0x00000000eab43e90) 
thrown [s\open\src\hotspot\share\interpreter\linkResolver.cpp, line 759]
Event: 0.584 Thread 0x0000024bfe108780 Exception <a 'java/lang/NoSuchMethodError'{0x00000000eab4b668}: 'int java.lang.invoke.DirectMethodHandle$Holder.invokeStaticInit(java.lang.Object, java.lang.Object)'> (0x00000000eab4b668) 
thrown [s\open\src\hotspot\share\interpreter\linkResolver.cpp, line 759]
Event: 0.640 Thread 0x0000024bfe108780 Exception <a 'java/lang/NoSuchMethodError'{0x00000000eacb9888}: 'void java.lang.invoke.DirectMethodHandle$Holder.invokeSpecial(java.lang.Object, java.lang.Object, java.lang.Object)'> (0x00000000eacb9888) 
thrown [s\open\src\hotspot\share\interpreter\linkResolver.cpp, line 759]
Event: 0.897 Thread 0x0000024bfe108780 Exception <a 'java/lang/NoSuchMethodError'{0x00000000eb848490}: 'java.lang.Object java.lang.invoke.DirectMethodHandle$Holder.newInvokeSpecial(java.lang.Object, int, java.lang.Object)'> (0x00000000eb848490) 
thrown [s\open\src\hotspot\share\interpreter\linkResolver.cpp, line 759]
Event: 1.166 Thread 0x0000024bfe108780 Exception <a 'java/lang/UnsatisfiedLinkError'{0x00000000ebd74658}: 'void org.eclipse.equinox.launcher.JNIBridge._update_splash()'> (0x00000000ebd74658) 
thrown [s\open\src\hotspot\share\prims\nativeLookup.cpp, line 543]
Event: 1.209 Thread 0x0000024b99fdf050 Exception <a 'java/lang/NoSuchMethodError'{0x00000000ec03cc58}: 'java.lang.Object java.lang.invoke.DirectMethodHandle$Holder.invokeStaticInit(java.lang.Object)'> (0x00000000ec03cc58) 
thrown [s\open\src\hotspot\share\interpreter\linkResolver.cpp, line 759]
Event: 1.400 Thread 0x0000024b99fdf050 Exception <a 'java/io/FileNotFoundException'{0x00000000eb359b60}> (0x00000000eb359b60) 
thrown [s\open\src\hotspot\share\prims\jni.cpp, line 516]
Event: 1.414 Thread 0x0000024b99fdf050 Exception <a 'java/lang/NullPointerException'{0x00000000eb3ab9d8}> (0x00000000eb3ab9d8) 
thrown [s\open\src\hotspot\share\interpreter\linkResolver.cpp, line 1350]
Event: 1.414 Thread 0x0000024b99fdf050 Exception <a 'java/lang/NullPointerException'{0x00000000eb3ac200}> (0x00000000eb3ac200) 
thrown [s\open\src\hotspot\share\interpreter\linkResolver.cpp, line 1350]
Event: 1.447 Thread 0x0000024b99fdf050 Exception <a 'java/lang/NoSuchMethodError'{0x00000000eb4cb6d0}: 'java.lang.Object java.lang.invoke.Invokers$Holder.invokeExact_MT(java.lang.Object, java.lang.Object, java.lang.Object, java.lang.Object, java.lang.Object, java.lang.Object)'> (0x00000000eb4cb6d0) 
thrown [s\open\src\hotspot\share\interpreter\linkResolver.cpp, line 759]

VM Operations (20 events):
Event: 0.319 Executing VM operation: HandshakeAllThreads
Event: 0.319 Executing VM operation: HandshakeAllThreads done
Event: 0.333 Executing VM operation: HandshakeAllThreads
Event: 0.333 Executing VM operation: HandshakeAllThreads done
Event: 0.474 Executing VM operation: HandshakeAllThreads
Event: 0.474 Executing VM operation: HandshakeAllThreads done
Event: 0.533 Executing VM operation: ICBufferFull
Event: 0.533 Executing VM operation: ICBufferFull done
Event: 0.562 Executing VM operation: ParallelGCFailedAllocation
Event: 0.570 Executing VM operation: ParallelGCFailedAllocation done
Event: 0.873 Executing VM operation: HandshakeAllThreads
Event: 0.873 Executing VM operation: HandshakeAllThreads done
Event: 0.873 Executing VM operation: HandshakeAllThreads
Event: 0.873 Executing VM operation: HandshakeAllThreads done
Event: 0.883 Executing VM operation: HandshakeAllThreads
Event: 0.883 Executing VM operation: HandshakeAllThreads done
Event: 1.224 Executing VM operation: HandshakeAllThreads
Event: 1.224 Executing VM operation: HandshakeAllThreads done
Event: 1.270 Executing VM operation: ParallelGCFailedAllocation
Event: 1.275 Executing VM operation: ParallelGCFailedAllocation done

Events (20 events):
Event: 1.305 loading class java/util/Timer done
Event: 1.305 loading class java/util/TaskQueue
Event: 1.305 loading class java/util/TaskQueue done
Event: 1.305 loading class java/util/TimerThread
Event: 1.306 loading class java/util/TimerThread done
Event: 1.306 loading class java/util/Timer$ThreadReaper
Event: 1.306 loading class java/util/Timer$ThreadReaper done
Event: 1.306 Thread 0x0000024b9a101a30 Thread added: 0x0000024b9a101a30
Event: 1.317 loading class java/util/concurrent/locks/ReentrantLock$FairSync
Event: 1.317 loading class java/util/concurrent/locks/ReentrantLock$FairSync done
Event: 1.319 loading class java/util/Collections$ReverseComparator
Event: 1.319 loading class java/util/Collections$ReverseComparator done
Event: 1.354 loading class javax/xml/parsers/ParserConfigurationException
Event: 1.354 loading class javax/xml/parsers/ParserConfigurationException done
Event: 1.364 loading class java/lang/CloneNotSupportedException
Event: 1.364 loading class java/lang/CloneNotSupportedException done
Event: 1.449 loading class java/util/Comparators$NaturalOrderComparator
Event: 1.449 loading class java/util/Comparators$NaturalOrderComparator done
Event: 1.449 loading class java/util/Collections$ReverseComparator2
Event: 1.449 loading class java/util/Collections$ReverseComparator2 done


Dynamic libraries:
0x00007ff603d50000 - 0x00007ff603d60000 	C:\Program Files\Java\jdk-17\bin\java.exe
0x00007ff9fd350000 - 0x00007ff9fd564000 	C:\WINDOWS\SYSTEM32\ntdll.dll
0x00007ff9fb720000 - 0x00007ff9fb7e2000 	C:\WINDOWS\System32\KERNEL32.DLL
0x00007ff9fa8f0000 - 0x00007ff9fac8c000 	C:\WINDOWS\System32\KERNELBASE.dll
0x00007ff9faed0000 - 0x00007ff9fafe1000 	C:\WINDOWS\System32\ucrtbase.dll
0x00007ff9ee770000 - 0x00007ff9ee78b000 	C:\Program Files\Java\jdk-17\bin\VCRUNTIME140.dll
0x00007ff9f6900000 - 0x00007ff9f6918000 	C:\Program Files\Java\jdk-17\bin\jli.dll
0x00007ff9fc860000 - 0x00007ff9fc90e000 	C:\WINDOWS\System32\ADVAPI32.dll
0x00007ff9fbd50000 - 0x00007ff9fbdf7000 	C:\WINDOWS\System32\msvcrt.dll
0x00007ff9fbc90000 - 0x00007ff9fbd34000 	C:\WINDOWS\System32\sechost.dll
0x00007ff9fbe20000 - 0x00007ff9fbf37000 	C:\WINDOWS\System32\RPCRT4.dll
0x00007ff9fce40000 - 0x00007ff9fcfeb000 	C:\WINDOWS\System32\USER32.dll
0x00007ff9fa800000 - 0x00007ff9fa826000 	C:\WINDOWS\System32\win32u.dll
0x00007ff9d5c00000 - 0x00007ff9d5e8e000 	C:\WINDOWS\WinSxS\amd64_microsoft.windows.common-controls_6595b64144ccf1df_6.0.22621.608_none_a9444ca7c10bb01d\COMCTL32.dll
0x00007ff9fd2e0000 - 0x00007ff9fd309000 	C:\WINDOWS\System32\GDI32.dll
0x00007ff9fad10000 - 0x00007ff9fae23000 	C:\WINDOWS\System32\gdi32full.dll
0x00007ff9fae30000 - 0x00007ff9faeca000 	C:\WINDOWS\System32\msvcp_win.dll
0x00007ff9f7f70000 - 0x00007ff9f7f7a000 	C:\WINDOWS\SYSTEM32\VERSION.dll
0x00007ff9fc730000 - 0x00007ff9fc761000 	C:\WINDOWS\System32\IMM32.DLL
0x00007ff9f6e70000 - 0x00007ff9f6e7c000 	C:\Program Files\Java\jdk-17\bin\vcruntime140_1.dll
0x00007ff9d4c60000 - 0x00007ff9d4cee000 	C:\Program Files\Java\jdk-17\bin\msvcp140.dll
0x00007ff96ec00000 - 0x00007ff96f7d7000 	C:\Program Files\Java\jdk-17\bin\server\jvm.dll
0x00007ff9fc850000 - 0x00007ff9fc858000 	C:\WINDOWS\System32\PSAPI.DLL
0x00007ff9f1410000 - 0x00007ff9f1444000 	C:\WINDOWS\SYSTEM32\WINMM.dll
0x00007ff9cd780000 - 0x00007ff9cd789000 	C:\WINDOWS\SYSTEM32\WSOCK32.dll
0x00007ff9fb6a0000 - 0x00007ff9fb711000 	C:\WINDOWS\System32\WS2_32.dll
0x00007ff9f9860000 - 0x00007ff9f9878000 	C:\WINDOWS\SYSTEM32\kernel.appcore.dll
0x00007ff9f5390000 - 0x00007ff9f539a000 	C:\Program Files\Java\jdk-17\bin\jimage.dll
0x00007ff9f7ce0000 - 0x00007ff9f7f0e000 	C:\WINDOWS\SYSTEM32\DBGHELP.DLL
0x00007ff9fb160000 - 0x00007ff9fb4e9000 	C:\WINDOWS\System32\combase.dll
0x00007ff9fc770000 - 0x00007ff9fc847000 	C:\WINDOWS\System32\OLEAUT32.dll
0x00007ff9cd850000 - 0x00007ff9cd882000 	C:\WINDOWS\SYSTEM32\dbgcore.DLL
0x00007ff9fac90000 - 0x00007ff9fad0b000 	C:\WINDOWS\System32\bcryptPrimitives.dll
0x00007ff9f4aa0000 - 0x00007ff9f4aae000 	C:\Program Files\Java\jdk-17\bin\instrument.dll
0x00007ff9dd3b0000 - 0x00007ff9dd3d5000 	C:\Program Files\Java\jdk-17\bin\java.dll
0x00007ff997800000 - 0x00007ff9978d7000 	C:\Program Files\Java\jdk-17\bin\jsvml.dll
0x00007ff9fbf40000 - 0x00007ff9fc730000 	C:\WINDOWS\System32\SHELL32.dll
0x00007ff9f87a0000 - 0x00007ff9f906d000 	C:\WINDOWS\SYSTEM32\windows.storage.dll
0x00007ff9f8660000 - 0x00007ff9f879e000 	C:\WINDOWS\SYSTEM32\wintypes.dll
0x00007ff9fcff0000 - 0x00007ff9fd0e1000 	C:\WINDOWS\System32\SHCORE.dll
0x00007ff9fcc10000 - 0x00007ff9fcc6e000 	C:\WINDOWS\System32\shlwapi.dll
0x00007ff9fa6c0000 - 0x00007ff9fa6e1000 	C:\WINDOWS\SYSTEM32\profapi.dll
0x00007ff9dd1e0000 - 0x00007ff9dd1f8000 	C:\Program Files\Java\jdk-17\bin\zip.dll
0x00007ff9ee0e0000 - 0x00007ff9ee0f9000 	C:\Program Files\Java\jdk-17\bin\net.dll
0x00007ff9f47c0000 - 0x00007ff9f48f7000 	C:\WINDOWS\SYSTEM32\WINHTTP.dll
0x00007ff9f9d40000 - 0x00007ff9f9da9000 	C:\WINDOWS\system32\mswsock.dll
0x00007ff9dd2a0000 - 0x00007ff9dd2b6000 	C:\Program Files\Java\jdk-17\bin\nio.dll
0x00007ff9f22f0000 - 0x00007ff9f2300000 	C:\Program Files\Java\jdk-17\bin\verify.dll
0x00007ff9dd1a0000 - 0x00007ff9dd1de000 	C:\Users\nat24\AppData\Roaming\Code\User\globalStorage\redhat.java\1.16.0\config_ss_win\org.eclipse.equinox.launcher\org.eclipse.equinox.launcher.win32.win32.x86_64_1.2.700.v20221108-1024\eclipse_11801.dll
0x00007ff9fca60000 - 0x00007ff9fcbfc000 	C:\WINDOWS\System32\ole32.dll

dbghelp: loaded successfully - version: 4.0.5 - missing functions: none
symbol engine: initialized successfully - sym options: 0x614 - pdb path: .;C:\Program Files\Java\jdk-17\bin;C:\WINDOWS\SYSTEM32;C:\WINDOWS\WinSxS\amd64_microsoft.windows.common-controls_6595b64144ccf1df_6.0.22621.608_none_a9444ca7c10bb01d;C:\Program Files\Java\jdk-17\bin\server;C:\Users\nat24\AppData\Roaming\Code\User\globalStorage\redhat.java\1.16.0\config_ss_win\org.eclipse.equinox.launcher\org.eclipse.equinox.launcher.win32.win32.x86_64_1.2.700.v20221108-1024

VM Arguments:
jvm_args: --add-modules=ALL-SYSTEM --add-opens=java.base/java.util=ALL-UNNAMED --add-opens=java.base/java.lang=ALL-UNNAMED --add-opens=java.base/sun.nio.fs=ALL-UNNAMED -Declipse.application=org.eclipse.jdt.ls.core.id1 -Dosgi.bundles.defaultStartLevel=4 -Declipse.product=org.eclipse.jdt.ls.core.product -Djava.import.generatesMetadataFilesAtProjectRoot=false -Dfile.encoding=utf8 -XX:+UseParallelGC -XX:GCTimeRatio=4 -XX:AdaptiveSizePolicyWeight=90 -Dsun.zip.disableMemoryMapping=true -Xmx1G -Xms100m -Xlog:disable -javaagent:c:\Users\nat24\.vscode\extensions\redhat.java-1.16.0-win32-x64\lombok\lombok-1.18.24.jar 
java_command: c:\Users\nat24\.vscode\extensions\redhat.java-1.16.0-win32-x64\server\plugins\org.eclipse.equinox.launcher_1.6.400.v20210924-0641.jar -configuration c:\Users\nat24\AppData\Roaming\Code\User\globalStorage\redhat.java\1.16.0\config_ss_win -data c:\Users\nat24\AppData\Roaming\Code\User\workspaceStorage\7ee068461fea0a2cbf1ecac1b635f22a\redhat.java\ss_ws
java_class_path (initial): c:\Users\nat24\.vscode\extensions\redhat.java-1.16.0-win32-x64\server\plugins\org.eclipse.equinox.launcher_1.6.400.v20210924-0641.jar
Launcher Type: SUN_STANDARD

[Global flags]
    uintx AdaptiveSizePolicyWeight                 = 90                                        {product} {command line}
     intx CICompilerCount                          = 4                                         {product} {ergonomic}
    uintx GCTimeRatio                              = 4                                         {product} {command line}
   size_t InitialHeapSize                          = 104857600                                 {product} {command line}
   size_t MaxHeapSize                              = 1073741824                                {product} {command line}
   size_t MaxNewSize                               = 357564416                                 {product} {ergonomic}
   size_t MinHeapDeltaBytes                        = 524288                                    {product} {ergonomic}
   size_t MinHeapSize                              = 104857600                                 {product} {command line}
   size_t NewSize                                  = 34603008                                  {product} {ergonomic}
    uintx NonNMethodCodeHeapSize                   = 5839372                                {pd product} {ergonomic}
    uintx NonProfiledCodeHeapSize                  = 122909434                              {pd product} {ergonomic}
   size_t OldSize                                  = 70254592                                  {product} {ergonomic}
    uintx ProfiledCodeHeapSize                     = 122909434                              {pd product} {ergonomic}
    uintx ReservedCodeCacheSize                    = 251658240                              {pd product} {ergonomic}
     bool SegmentedCodeCache                       = true                                      {product} {ergonomic}
   size_t SoftMaxHeapSize                          = 1073741824                             {manageable} {ergonomic}
     bool UseCompressedClassPointers               = true                           {product lp64_product} {ergonomic}
     bool UseCompressedOops                        = true                           {product lp64_product} {ergonomic}
     bool UseLargePagesIndividualAllocation        = false                                  {pd product} {ergonomic}
     bool UseParallelGC                            = true                                      {product} {command line}

Logging:
Log output configuration:
 #0: stdout all=off uptime,level,tags
 #1: stderr all=off uptime,level,tags

Environment Variables:
CLASSPATH=C:\Users\nat24\eclipse-workspace
PATH=C:\Program Files\Common Files\Oracle\Java\javapath;C:\Python310\Scripts\;C:\Python310\;C:\WINDOWS\system32;C:\WINDOWS;C:\WINDOWS\System32\Wbem;C:\WINDOWS\System32\WindowsPowerShell\v1.0\;C:\WINDOWS\System32\OpenSSH\;C:\Program Files\nodejs\;C:\ProgramData\chocolatey\bin;C:\Program Files\Git\cmd;C:\Program Files\PuTTY\;C:\Users\nat24\AppData\Local\Microsoft\WindowsApps;C:\Users\nat24\AppData\Roaming\npm;C:\Users\nat24\eclipse-workspace\Assignment_1\bin;C:\Users\nat24\AppData\Local\Programs\Microsoft VS Code\bin;
USERNAME=nat24
OS=Windows_NT
PROCESSOR_IDENTIFIER=Intel64 Family 6 Model 140 Stepping 1, GenuineIntel



---------------  S Y S T E M  ---------------

OS:
 Windows 11 , 64 bit Build 22621 (10.0.22621.1485)
OS uptime: 0 days 13:29 hours

CPU: total 8 (initial active 8) (4 cores per cpu, 2 threads per core) family 6 model 140 stepping 1 microcode 0xa6, cx8, cmov, fxsr, ht, mmx, 3dnowpref, sse, sse2, sse3, ssse3, sse4.1, sse4.2, popcnt, lzcnt, tsc, tscinvbit, avx, avx2, aes, erms, clmul, bmi1, bmi2, adx, avx512f, avx512dq, avx512cd, avx512bw, avx512vl, sha, fma, vzeroupper, avx512_vpopcntdq, avx512_vpclmulqdq, avx512_vaes, avx512_vnni, clflush, clflushopt, clwb, avx512_vbmi2, avx512_vbmi

Memory: 4k page, system-wide physical 16064M (5726M free)
TotalPageFile size 65216M (AvailPageFile size 183M)
current process WorkingSet (physical memory assigned to process): 97M, peak: 97M
current process commit charge ("private bytes"): 217M, peak: 217M

vm_info: Java HotSpot(TM) 64-Bit Server VM (17.0.6+9-LTS-190) for windows-amd64 JRE (17.0.6+9-LTS-190), built on Dec  6 2022 15:53:54 by "mach5one" with MS VC++ 17.1 (VS2022)

END.
