#
# There is insufficient memory for the Java Runtime Environment to continue.
# Native memory allocation (malloc) failed to allocate 1618576 bytes for Chunk::new
# Possible reasons:
#   The system is out of physical RAM or swap space
#   The process is running with CompressedOops enabled, and the Java Heap may be blocking the growth of the native heap
# Possible solutions:
#   Reduce memory load on the system
#   Increase physical memory or swap space
#   Check if swap backing store is full
#   Decrease Java heap size (-Xmx/-Xms)
#   Decrease number of Java threads
#   Decrease Java thread stack sizes (-Xss)
#   Set larger code cache with -XX:ReservedCodeCacheSize=
#   JVM is running with Unscaled Compressed Oops mode in which the Java heap is
#     placed in the first 4GB address space. The Java Heap base address is the
#     maximum limit for the native heap growth. Please use -XX:HeapBaseMinAddress
#     to set the Java Heap base and to place the Java Heap above 4GB virtual address.
# This output file may be truncated or incomplete.
#
#  Out of Memory Error (arena.cpp:189), pid=720, tid=8960
#
# JRE version: Java(TM) SE Runtime Environment (17.0.6+9) (build 17.0.6+9-LTS-190)
# Java VM: Java HotSpot(TM) 64-Bit Server VM (17.0.6+9-LTS-190, mixed mode, sharing, tiered, compressed oops, compressed class ptrs, parallel gc, windows-amd64)
# No core dump will be written. Minidumps are not enabled by default on client versions of Windows
#

---------------  S U M M A R Y ------------

Command Line: --add-modules=ALL-SYSTEM --add-opens=java.base/java.util=ALL-UNNAMED --add-opens=java.base/java.lang=ALL-UNNAMED --add-opens=java.base/sun.nio.fs=ALL-UNNAMED -Declipse.application=org.eclipse.jdt.ls.core.id1 -Dosgi.bundles.defaultStartLevel=4 -Declipse.product=org.eclipse.jdt.ls.core.product -Djava.import.generatesMetadataFilesAtProjectRoot=false -Dfile.encoding=utf8 -XX:+UseParallelGC -XX:GCTimeRatio=4 -XX:AdaptiveSizePolicyWeight=90 -Dsun.zip.disableMemoryMapping=true -Xmx1G -Xms100m -Xlog:disable -javaagent:c:\Users\nat24\.vscode\extensions\redhat.java-1.16.0-win32-x64\lombok\lombok-1.18.24.jar c:\Users\nat24\.vscode\extensions\redhat.java-1.16.0-win32-x64\server\plugins\org.eclipse.equinox.launcher_1.6.400.v20210924-0641.jar -configuration c:\Users\nat24\AppData\Roaming\Code\User\globalStorage\redhat.java\1.16.0\config_ss_win -data c:\Users\nat24\AppData\Roaming\Code\User\workspaceStorage\7ee068461fea0a2cbf1ecac1b635f22a\redhat.java\ss_ws

Host: 11th Gen Intel(R) Core(TM) i7-1165G7 @ 2.80GHz, 8 cores, 15G,  Windows 11 , 64 bit Build 22621 (10.0.22621.1485)
Time: Thu Apr 13 11:33:23 2023 AUS Eastern Standard Time elapsed time: 2.279516 seconds (0d 0h 0m 2s)

---------------  T H R E A D  ---------------

Current thread (0x000001ebae816a10):  JavaThread "C2 CompilerThread1" daemon [_thread_in_native, id=8960, stack(0x00000059dca00000,0x00000059dcb00000)]


Current CompileTask:
C2:   2279 2252       4       org.objectweb.asm.ClassReader::readMethod (1066 bytes)

Stack: [0x00000059dca00000,0x00000059dcb00000]
Native frames: (J=compiled Java code, j=interpreted, Vv=VM code, C=native code)
V  [jvm.dll+0x6734ea]
V  [jvm.dll+0x7d18f4]
V  [jvm.dll+0x7d309e]
V  [jvm.dll+0x7d3703]
V  [jvm.dll+0x2433c5]
V  [jvm.dll+0xaa46b]
V  [jvm.dll+0xaaa0c]
V  [jvm.dll+0x35eadf]
V  [jvm.dll+0x1b967a]
V  [jvm.dll+0x215f37]
V  [jvm.dll+0x215211]
V  [jvm.dll+0x1a1730]
V  [jvm.dll+0x224b6e]
V  [jvm.dll+0x222f15]
V  [jvm.dll+0x78753c]
V  [jvm.dll+0x781a7a]
V  [jvm.dll+0x672375]
C  [ucrtbase.dll+0x29363]
C  [KERNEL32.DLL+0x1269d]
C  [ntdll.dll+0x5a9f8]


---------------  P R O C E S S  ---------------

Threads class SMR info:
_java_thread_list=0x000001ebaf146fc0, length=22, elements={
0x000001eb92570f50, 0x000001ebaafa10c0, 0x000001ebaafa2210, 0x000001ebaafb9d60,
0x000001ebaafba710, 0x000001ebaafbd870, 0x000001ebaafbf9d0, 0x000001ebaafc32e0,
0x000001ebaafe7090, 0x000001ebaafc4470, 0x000001ebad8f5ee0, 0x000001ebad8f3d30,
0x000001ebad8f4200, 0x000001ebad8f2ec0, 0x000001ebad8f3390, 0x000001ebad8f5070,
0x000001ebad8f4ba0, 0x000001ebad8f5a10, 0x000001ebad8f3860, 0x000001ebad8f63b0,
0x000001ebae816a10, 0x000001ebad8f6880
}

Java Threads: ( => current thread )
  0x000001eb92570f50 JavaThread "main" [_thread_blocked, id=9716, stack(0x00000059dac00000,0x00000059dad00000)]
  0x000001ebaafa10c0 JavaThread "Reference Handler" daemon [_thread_blocked, id=740, stack(0x00000059daf00000,0x00000059db000000)]
  0x000001ebaafa2210 JavaThread "Finalizer" daemon [_thread_blocked, id=13584, stack(0x00000059db000000,0x00000059db100000)]
  0x000001ebaafb9d60 JavaThread "Signal Dispatcher" daemon [_thread_blocked, id=11404, stack(0x00000059db100000,0x00000059db200000)]
  0x000001ebaafba710 JavaThread "Attach Listener" daemon [_thread_blocked, id=16760, stack(0x00000059db200000,0x00000059db300000)]
  0x000001ebaafbd870 JavaThread "Service Thread" daemon [_thread_blocked, id=17768, stack(0x00000059db300000,0x00000059db400000)]
  0x000001ebaafbf9d0 JavaThread "Monitor Deflation Thread" daemon [_thread_blocked, id=5436, stack(0x00000059db400000,0x00000059db500000)]
  0x000001ebaafc32e0 JavaThread "C2 CompilerThread0" daemon [_thread_blocked, id=2452, stack(0x00000059db500000,0x00000059db600000)]
  0x000001ebaafe7090 JavaThread "C1 CompilerThread0" daemon [_thread_blocked, id=7836, stack(0x00000059db600000,0x00000059db700000)]
  0x000001ebaafc4470 JavaThread "Sweeper thread" daemon [_thread_blocked, id=14344, stack(0x00000059db700000,0x00000059db800000)]
  0x000001ebad8f5ee0 JavaThread "Common-Cleaner" daemon [_thread_blocked, id=9960, stack(0x00000059db800000,0x00000059db900000)]
  0x000001ebad8f3d30 JavaThread "Notification Thread" daemon [_thread_blocked, id=15252, stack(0x00000059dba00000,0x00000059dbb00000)]
  0x000001ebad8f4200 JavaThread "Active Thread: Equinox Container: 24246506-bc4a-4089-8929-d2596ad5a693" [_thread_blocked, id=14156, stack(0x00000059dc300000,0x00000059dc400000)]
  0x000001ebad8f2ec0 JavaThread "Framework Event Dispatcher: Equinox Container: 24246506-bc4a-4089-8929-d2596ad5a693" daemon [_thread_blocked, id=10080, stack(0x00000059dc400000,0x00000059dc500000)]
  0x000001ebad8f3390 JavaThread "Start Level: Equinox Container: 24246506-bc4a-4089-8929-d2596ad5a693" daemon [_thread_blocked, id=8800, stack(0x00000059dc500000,0x00000059dc600000)]
  0x000001ebad8f5070 JavaThread "SCR Component Actor" daemon [_thread_blocked, id=14404, stack(0x00000059dc600000,0x00000059dc700000)]
  0x000001ebad8f4ba0 JavaThread "SCR Component Registry" daemon [_thread_blocked, id=6648, stack(0x00000059dbc00000,0x00000059dbd00000)]
  0x000001ebad8f5a10 JavaThread "Worker-JM" [_thread_blocked, id=10272, stack(0x00000059dc700000,0x00000059dc800000)]
  0x000001ebad8f3860 JavaThread "Worker-0" [_thread_blocked, id=4484, stack(0x00000059dc800000,0x00000059dc900000)]
  0x000001ebad8f63b0 JavaThread "Worker-1" [_thread_blocked, id=7988, stack(0x00000059dc900000,0x00000059dca00000)]
=>0x000001ebae816a10 JavaThread "C2 CompilerThread1" daemon [_thread_in_native, id=8960, stack(0x00000059dca00000,0x00000059dcb00000)]
  0x000001ebad8f6880 JavaThread "Java indexing" daemon [_thread_blocked, id=17892, stack(0x00000059dcb00000,0x00000059dcc00000)]

Other Threads:
  0x000001ebaaf9bb70 VMThread "VM Thread" [stack: 0x00000059dae00000,0x00000059daf00000] [id=13864]
  0x000001ebadaa0940 WatcherThread [stack: 0x00000059dbb00000,0x00000059dbc00000] [id=3972]
  0x000001eb92587050 GCTaskThread "GC Thread#0" [stack: 0x00000059dad00000,0x00000059dae00000] [id=7936]
  0x000001ebadfff1e0 GCTaskThread "GC Thread#1" [stack: 0x00000059dbd00000,0x00000059dbe00000] [id=17888]
  0x000001ebadfff490 GCTaskThread "GC Thread#2" [stack: 0x00000059dbe00000,0x00000059dbf00000] [id=10336]
  0x000001ebae2f1040 GCTaskThread "GC Thread#3" [stack: 0x00000059dbf00000,0x00000059dc000000] [id=15492]
  0x000001ebae2f12f0 GCTaskThread "GC Thread#4" [stack: 0x00000059dc000000,0x00000059dc100000] [id=15440]
  0x000001ebae2f15a0 GCTaskThread "GC Thread#5" [stack: 0x00000059dc100000,0x00000059dc200000] [id=17604]
  0x000001ebae2f1850 GCTaskThread "GC Thread#6" [stack: 0x00000059dc200000,0x00000059dc300000] [id=17712]
  0x000001ebae59d3b0 GCTaskThread "GC Thread#7" [stack: 0x00000059db900000,0x00000059dba00000] [id=3792]

Threads with active compile tasks:
C2 CompilerThread1     2293 2252       4       org.objectweb.asm.ClassReader::readMethod (1066 bytes)

VM state: not at safepoint (normal execution)

VM Mutex/Monitor currently owned by a thread: None

Heap address: 0x00000000c0000000, size: 1024 MB, Compressed Oops mode: 32-bit

CDS archive(s) mapped at: [0x0000000800000000-0x0000000800bd0000-0x0000000800bd0000), size 12386304, SharedBaseAddress: 0x0000000800000000, ArchiveRelocationMode: 0.
Compressed class space mapped at: 0x0000000800c00000-0x0000000840c00000, reserved size: 1073741824
Narrow klass base: 0x0000000800000000, Narrow klass shift: 0, Narrow klass range: 0x100000000

GC Precious Log:
 CPUs: 8 total, 8 available
 Memory: 16064M
 Large Page Support: Disabled
 NUMA Support: Disabled
 Compressed Oops: Enabled (32-bit)
 Alignments: Space 512K, Generation 512K, Heap 2M
 Heap Min Capacity: 100M
 Heap Initial Capacity: 100M
 Heap Max Capacity: 1G
 Pre-touch: Disabled
 Parallel Workers: 8

Heap:
 PSYoungGen      total 29696K, used 6738K [0x00000000eab00000, 0x00000000ecc00000, 0x0000000100000000)
  eden space 25600K, 10% used [0x00000000eab00000,0x00000000ead96cb8,0x00000000ec400000)
  from space 4096K, 99% used [0x00000000ec400000,0x00000000ec7fdf20,0x00000000ec800000)
  to   space 4096K, 0% used [0x00000000ec800000,0x00000000ec800000,0x00000000ecc00000)
 ParOldGen       total 68608K, used 4069K [0x00000000c0000000, 0x00000000c4300000, 0x00000000eab00000)
  object space 68608K, 5% used [0x00000000c0000000,0x00000000c03f9580,0x00000000c4300000)
 Metaspace       used 20503K, committed 20992K, reserved 1073152K
  class space    used 1896K, committed 2112K, reserved 1048576K

Card table byte_map: [0x000001eb91f20000,0x000001eb92130000] _byte_map_base: 0x000001eb91920000

Marking Bits: (ParMarkBitMap*) 0x00007ff96f7195f0
 Begin Bits: [0x000001eba8df0000, 0x000001eba9df0000)
 End Bits:   [0x000001eba9df0000, 0x000001ebaadf0000)

Polling page: 0x000001eb904e0000

Metaspace:

Usage:
  Non-class:     18.17 MB used.
      Class:      1.85 MB used.
       Both:     20.02 MB used.

Virtual space:
  Non-class space:       24.00 MB reserved,      18.44 MB ( 77%) committed,  3 nodes.
      Class space:        1.00 GB reserved,       2.06 MB ( <1%) committed,  1 nodes.
             Both:        1.02 GB reserved,      20.50 MB (  2%) committed. 

Chunk freelists:
   Non-Class:  736.00 KB
       Class:  1.97 MB
        Both:  2.69 MB

MaxMetaspaceSize: unlimited
CompressedClassSpaceSize: 1.00 GB
Initial GC threshold: 21.00 MB
Current GC threshold: 21.00 MB
CDS: on
MetaspaceReclaimPolicy: balanced
 - commit_granule_bytes: 65536.
 - commit_granule_words: 8192.
 - virtual_space_node_default_size: 1048576.
 - enlarge_chunks_in_place: 1.
 - new_chunks_are_fully_committed: 0.
 - uncommit_free_chunks: 1.
 - use_allocation_guard: 0.
 - handle_deallocations: 1.


Internal statistics:

num_allocs_failed_limit: 0.
num_arena_births: 216.
num_arena_deaths: 0.
num_vsnodes_births: 4.
num_vsnodes_deaths: 0.
num_space_committed: 328.
num_space_uncommitted: 0.
num_chunks_returned_to_freelist: 0.
num_chunks_taken_from_freelist: 908.
num_chunk_merges: 0.
num_chunk_splits: 624.
num_chunks_enlarged: 449.
num_purges: 0.
num_inconsistent_stats: 0.

CodeHeap 'non-profiled nmethods': size=120000Kb used=979Kb max_used=979Kb free=119020Kb
 bounds [0x000001eba18c0000, 0x000001eba1b30000, 0x000001eba8df0000]
CodeHeap 'profiled nmethods': size=120000Kb used=4742Kb max_used=4742Kb free=115257Kb
 bounds [0x000001eb99df0000, 0x000001eb9a2a0000, 0x000001eba1320000]
CodeHeap 'non-nmethods': size=5760Kb used=1236Kb max_used=1256Kb free=4523Kb
 bounds [0x000001eba1320000, 0x000001eba1590000, 0x000001eba18c0000]
 total_blobs=2904 nmethods=2367 adapters=451
 compilation: enabled
              stopped_count=0, restarted_count=0
 full_count=0

Compilation events (20 events):
Event: 2.264 Thread 0x000001ebaafc32e0 2261       4       org.objectweb.asm.ByteVector::putByteArray (49 bytes)
Event: 2.266 Thread 0x000001ebaafc32e0 nmethod 2261 0x000001eba19b3b10 code [0x000001eba19b3c80, 0x000001eba19b3e18]
Event: 2.266 Thread 0x000001ebaafc32e0 2262       4       java.util.HashMap::afterNodeRemoval (1 bytes)
Event: 2.266 Thread 0x000001ebaafc32e0 nmethod 2262 0x000001eba19b3f90 code [0x000001eba19b4100, 0x000001eba19b4178]
Event: 2.266 Thread 0x000001ebaafe7090 2360   !   3       jdk.internal.reflect.NativeConstructorAccessorImpl::newInstance (122 bytes)
Event: 2.266 Thread 0x000001ebaafc32e0 2362       4       java.util.ArrayList$SubList$1::next (85 bytes)
Event: 2.266 Thread 0x000001ebaafe7090 nmethod 2360 0x000001eb9a28d210 code [0x000001eb9a28d460, 0x000001eb9a28e008]
Event: 2.267 Thread 0x000001ebaafc32e0 nmethod 2362 0x000001eba19b4710 code [0x000001eba19b48a0, 0x000001eba19b49d8]
Event: 2.270 Thread 0x000001ebaafe7090 2363       3       java.util.concurrent.ConcurrentHashMap::remove (8 bytes)
Event: 2.270 Thread 0x000001ebaafe7090 nmethod 2363 0x000001eb9a28e510 code [0x000001eb9a28e6c0, 0x000001eb9a28e808]
Event: 2.276 Thread 0x000001ebaafe7090 2364       3       java.util.TreeMap::leftOf (13 bytes)
Event: 2.276 Thread 0x000001ebaafe7090 nmethod 2364 0x000001eb9a28e890 code [0x000001eb9a28ea20, 0x000001eb9a28eb98]
Event: 2.276 Thread 0x000001ebaafe7090 2365       3       java.lang.Character::toUpperCase (6 bytes)
Event: 2.276 Thread 0x000001ebaafe7090 nmethod 2365 0x000001eb9a28ec90 code [0x000001eb9a28ee40, 0x000001eb9a28f098]
Event: 2.276 Thread 0x000001ebaafe7090 2366       3       java.lang.Character::toUpperCase (9 bytes)
Event: 2.276 Thread 0x000001ebaafe7090 nmethod 2366 0x000001eb9a28f190 code [0x000001eb9a28f340, 0x000001eb9a28f538]
Event: 2.277 Thread 0x000001ebaafe7090 2368       3       java.lang.ProcessEnvironment$NameComparator::compare (90 bytes)
Event: 2.278 Thread 0x000001ebaafe7090 nmethod 2368 0x000001eb9a28f610 code [0x000001eb9a28f920, 0x000001eb9a290b58]
Event: 2.278 Thread 0x000001ebaafe7090 2367       3       java.lang.ProcessEnvironment$NameComparator::compare (13 bytes)
Event: 2.278 Thread 0x000001ebaafe7090 nmethod 2367 0x000001eb9a291410 code [0x000001eb9a2915c0, 0x000001eb9a2918e8]

GC Heap History (10 events):
Event: 0.500 GC heap before
{Heap before GC invocations=1 (full 0):
 PSYoungGen      total 29696K, used 25600K [0x00000000eab00000, 0x00000000ecc00000, 0x0000000100000000)
  eden space 25600K, 100% used [0x00000000eab00000,0x00000000ec400000,0x00000000ec400000)
  from space 4096K, 0% used [0x00000000ec800000,0x00000000ec800000,0x00000000ecc00000)
  to   space 4096K, 0% used [0x00000000ec400000,0x00000000ec400000,0x00000000ec800000)
 ParOldGen       total 68608K, used 0K [0x00000000c0000000, 0x00000000c4300000, 0x00000000eab00000)
  object space 68608K, 0% used [0x00000000c0000000,0x00000000c0000000,0x00000000c4300000)
 Metaspace       used 4672K, committed 4800K, reserved 1056768K
  class space    used 431K, committed 448K, reserved 1048576K
}
Event: 0.507 GC heap after
{Heap after GC invocations=1 (full 0):
 PSYoungGen      total 29696K, used 3656K [0x00000000eab00000, 0x00000000ecc00000, 0x0000000100000000)
  eden space 25600K, 0% used [0x00000000eab00000,0x00000000eab00000,0x00000000ec400000)
  from space 4096K, 89% used [0x00000000ec400000,0x00000000ec792228,0x00000000ec800000)
  to   space 4096K, 0% used [0x00000000ec800000,0x00000000ec800000,0x00000000ecc00000)
 ParOldGen       total 68608K, used 16K [0x00000000c0000000, 0x00000000c4300000, 0x00000000eab00000)
  object space 68608K, 0% used [0x00000000c0000000,0x00000000c0004000,0x00000000c4300000)
 Metaspace       used 4672K, committed 4800K, reserved 1056768K
  class space    used 431K, committed 448K, reserved 1048576K
}
Event: 1.136 GC heap before
{Heap before GC invocations=2 (full 0):
 PSYoungGen      total 29696K, used 29256K [0x00000000eab00000, 0x00000000ecc00000, 0x0000000100000000)
  eden space 25600K, 100% used [0x00000000eab00000,0x00000000ec400000,0x00000000ec400000)
  from space 4096K, 89% used [0x00000000ec400000,0x00000000ec792228,0x00000000ec800000)
  to   space 4096K, 0% used [0x00000000ec800000,0x00000000ec800000,0x00000000ecc00000)
 ParOldGen       total 68608K, used 16K [0x00000000c0000000, 0x00000000c4300000, 0x00000000eab00000)
  object space 68608K, 0% used [0x00000000c0000000,0x00000000c0004000,0x00000000c4300000)
 Metaspace       used 8834K, committed 9152K, reserved 1056768K
  class space    used 858K, committed 1024K, reserved 1048576K
}
Event: 1.143 GC heap after
{Heap after GC invocations=2 (full 0):
 PSYoungGen      total 29696K, used 4077K [0x00000000eab00000, 0x00000000ecc00000, 0x0000000100000000)
  eden space 25600K, 0% used [0x00000000eab00000,0x00000000eab00000,0x00000000ec400000)
  from space 4096K, 99% used [0x00000000ec800000,0x00000000ecbfb708,0x00000000ecc00000)
  to   space 4096K, 0% used [0x00000000ec400000,0x00000000ec400000,0x00000000ec800000)
 ParOldGen       total 68608K, used 1301K [0x00000000c0000000, 0x00000000c4300000, 0x00000000eab00000)
  object space 68608K, 1% used [0x00000000c0000000,0x00000000c01456f8,0x00000000c4300000)
 Metaspace       used 8834K, committed 9152K, reserved 1056768K
  class space    used 858K, committed 1024K, reserved 1048576K
}
Event: 1.767 GC heap before
{Heap before GC invocations=3 (full 0):
 PSYoungGen      total 29696K, used 29677K [0x00000000eab00000, 0x00000000ecc00000, 0x0000000100000000)
  eden space 25600K, 100% used [0x00000000eab00000,0x00000000ec400000,0x00000000ec400000)
  from space 4096K, 99% used [0x00000000ec800000,0x00000000ecbfb708,0x00000000ecc00000)
  to   space 4096K, 0% used [0x00000000ec400000,0x00000000ec400000,0x00000000ec800000)
 ParOldGen       total 68608K, used 1301K [0x00000000c0000000, 0x00000000c4300000, 0x00000000eab00000)
  object space 68608K, 1% used [0x00000000c0000000,0x00000000c01456f8,0x00000000c4300000)
 Metaspace       used 13490K, committed 13888K, reserved 1064960K
  class space    used 1338K, committed 1536K, reserved 1048576K
}
Event: 1.770 GC heap after
{Heap after GC invocations=3 (full 0):
 PSYoungGen      total 29696K, used 4069K [0x00000000eab00000, 0x00000000ecc00000, 0x0000000100000000)
  eden space 25600K, 0% used [0x00000000eab00000,0x00000000eab00000,0x00000000ec400000)
  from space 4096K, 99% used [0x00000000ec400000,0x00000000ec7f9538,0x00000000ec800000)
  to   space 4096K, 0% used [0x00000000ec800000,0x00000000ec800000,0x00000000ecc00000)
 ParOldGen       total 68608K, used 2851K [0x00000000c0000000, 0x00000000c4300000, 0x00000000eab00000)
  object space 68608K, 4% used [0x00000000c0000000,0x00000000c02c8e40,0x00000000c4300000)
 Metaspace       used 13490K, committed 13888K, reserved 1064960K
  class space    used 1338K, committed 1536K, reserved 1048576K
}
Event: 2.023 GC heap before
{Heap before GC invocations=4 (full 0):
 PSYoungGen      total 29696K, used 29669K [0x00000000eab00000, 0x00000000ecc00000, 0x0000000100000000)
  eden space 25600K, 100% used [0x00000000eab00000,0x00000000ec400000,0x00000000ec400000)
  from space 4096K, 99% used [0x00000000ec400000,0x00000000ec7f9538,0x00000000ec800000)
  to   space 4096K, 0% used [0x00000000ec800000,0x00000000ec800000,0x00000000ecc00000)
 ParOldGen       total 68608K, used 2851K [0x00000000c0000000, 0x00000000c4300000, 0x00000000eab00000)
  object space 68608K, 4% used [0x00000000c0000000,0x00000000c02c8e40,0x00000000c4300000)
 Metaspace       used 16962K, committed 17408K, reserved 1064960K
  class space    used 1598K, committed 1792K, reserved 1048576K
}
Event: 2.026 GC heap after
{Heap after GC invocations=4 (full 0):
 PSYoungGen      total 29696K, used 4080K [0x00000000eab00000, 0x00000000ecc00000, 0x0000000100000000)
  eden space 25600K, 0% used [0x00000000eab00000,0x00000000eab00000,0x00000000ec400000)
  from space 4096K, 99% used [0x00000000ec800000,0x00000000ecbfc170,0x00000000ecc00000)
  to   space 4096K, 0% used [0x00000000ec400000,0x00000000ec400000,0x00000000ec800000)
 ParOldGen       total 68608K, used 3656K [0x00000000c0000000, 0x00000000c4300000, 0x00000000eab00000)
  object space 68608K, 5% used [0x00000000c0000000,0x00000000c0392068,0x00000000c4300000)
 Metaspace       used 16962K, committed 17408K, reserved 1064960K
  class space    used 1598K, committed 1792K, reserved 1048576K
}
Event: 2.233 GC heap before
{Heap before GC invocations=5 (full 0):
 PSYoungGen      total 29696K, used 29680K [0x00000000eab00000, 0x00000000ecc00000, 0x0000000100000000)
  eden space 25600K, 100% used [0x00000000eab00000,0x00000000ec400000,0x00000000ec400000)
  from space 4096K, 99% used [0x00000000ec800000,0x00000000ecbfc170,0x00000000ecc00000)
  to   space 4096K, 0% used [0x00000000ec400000,0x00000000ec400000,0x00000000ec800000)
 ParOldGen       total 68608K, used 3656K [0x00000000c0000000, 0x00000000c4300000, 0x00000000eab00000)
  object space 68608K, 5% used [0x00000000c0000000,0x00000000c0392068,0x00000000c4300000)
 Metaspace       used 20173K, committed 20608K, reserved 1073152K
  class space    used 1859K, committed 2048K, reserved 1048576K
}
Event: 2.236 GC heap after
{Heap after GC invocations=5 (full 0):
 PSYoungGen      total 29696K, used 4087K [0x00000000eab00000, 0x00000000ecc00000, 0x0000000100000000)
  eden space 25600K, 0% used [0x00000000eab00000,0x00000000eab00000,0x00000000ec400000)
  from space 4096K, 99% used [0x00000000ec400000,0x00000000ec7fdf20,0x00000000ec800000)
  to   space 4096K, 0% used [0x00000000ec800000,0x00000000ec800000,0x00000000ecc00000)
 ParOldGen       total 68608K, used 4069K [0x00000000c0000000, 0x00000000c4300000, 0x00000000eab00000)
  object space 68608K, 5% used [0x00000000c0000000,0x00000000c03f9580,0x00000000c4300000)
 Metaspace       used 20173K, committed 20608K, reserved 1073152K
  class space    used 1859K, committed 2048K, reserved 1048576K
}

Deoptimization events (20 events):
Event: 2.237 Thread 0x000001ebad8f3390 DEOPT PACKING pc=0x000001eb99ef0c5e sp=0x00000059dc5f8c00
Event: 2.237 Thread 0x000001ebad8f3390 DEOPT UNPACKING pc=0x000001eba13763e3 sp=0x00000059dc5f80f8 mode 0
Event: 2.238 Thread 0x000001ebad8f3390 DEOPT PACKING pc=0x000001eb99ef0c5e sp=0x00000059dc5f8c00
Event: 2.240 Thread 0x000001ebad8f3390 DEOPT UNPACKING pc=0x000001eba13763e3 sp=0x00000059dc5f80f8 mode 0
Event: 2.275 Thread 0x000001ebad8f3390 Uncommon trap: trap_request=0xffffffc6 fr.pc=0x000001eba194d130 relative=0x0000000000000970
Event: 2.275 Thread 0x000001ebad8f3390 Uncommon trap: reason=bimorphic_or_optimized_type_check action=maybe_recompile pc=0x000001eba194d130 method=java.util.HashMap.putVal(ILjava/lang/Object;Ljava/lang/Object;ZZ)Ljava/lang/Object; @ 56 c2
Event: 2.275 Thread 0x000001ebad8f3390 DEOPT PACKING pc=0x000001eba194d130 sp=0x00000059dc5fdb60
Event: 2.275 Thread 0x000001ebad8f3390 DEOPT UNPACKING pc=0x000001eba13758a3 sp=0x00000059dc5fdab8 mode 2
Event: 2.275 Thread 0x000001ebad8f3390 Uncommon trap: trap_request=0xffffffc6 fr.pc=0x000001eba194d130 relative=0x0000000000000970
Event: 2.275 Thread 0x000001ebad8f3390 Uncommon trap: reason=bimorphic_or_optimized_type_check action=maybe_recompile pc=0x000001eba194d130 method=java.util.HashMap.putVal(ILjava/lang/Object;Ljava/lang/Object;ZZ)Ljava/lang/Object; @ 56 c2
Event: 2.275 Thread 0x000001ebad8f3390 DEOPT PACKING pc=0x000001eba194d130 sp=0x00000059dc5fdb60
Event: 2.275 Thread 0x000001ebad8f3390 DEOPT UNPACKING pc=0x000001eba13758a3 sp=0x00000059dc5fdab8 mode 2
Event: 2.275 Thread 0x000001ebad8f3390 Uncommon trap: trap_request=0xffffffc6 fr.pc=0x000001eba194d130 relative=0x0000000000000970
Event: 2.275 Thread 0x000001ebad8f3390 Uncommon trap: reason=bimorphic_or_optimized_type_check action=maybe_recompile pc=0x000001eba194d130 method=java.util.HashMap.putVal(ILjava/lang/Object;Ljava/lang/Object;ZZ)Ljava/lang/Object; @ 56 c2
Event: 2.275 Thread 0x000001ebad8f3390 DEOPT PACKING pc=0x000001eba194d130 sp=0x00000059dc5fdb60
Event: 2.275 Thread 0x000001ebad8f3390 DEOPT UNPACKING pc=0x000001eba13758a3 sp=0x00000059dc5fdab8 mode 2
Event: 2.275 Thread 0x000001ebad8f3390 Uncommon trap: trap_request=0xffffffc6 fr.pc=0x000001eba194d130 relative=0x0000000000000970
Event: 2.275 Thread 0x000001ebad8f3390 Uncommon trap: reason=bimorphic_or_optimized_type_check action=maybe_recompile pc=0x000001eba194d130 method=java.util.HashMap.putVal(ILjava/lang/Object;Ljava/lang/Object;ZZ)Ljava/lang/Object; @ 56 c2
Event: 2.275 Thread 0x000001ebad8f3390 DEOPT PACKING pc=0x000001eba194d130 sp=0x00000059dc5fdb60
Event: 2.275 Thread 0x000001ebad8f3390 DEOPT UNPACKING pc=0x000001eba13758a3 sp=0x00000059dc5fdab8 mode 2

Classes unloaded (0 events):
No events

Classes redefined (0 events):
No events

Internal exceptions (20 events):
Event: 1.618 Thread 0x000001ebad8f3390 Exception <a 'java/lang/NoSuchMethodError'{0x00000000ebd8f7e8}: 'java.lang.Object java.lang.invoke.DelegatingMethodHandle$Holder.reinvoke_L(java.lang.Object, java.lang.Object, java.lang.Object, java.lang.Object, int, int)'> (0x00000000ebd8f7e8) 
thrown [s\open\src\hotspot\share\interpreter\linkResolver.cpp, line 759]
Event: 1.619 Thread 0x000001ebad8f3390 Exception <a 'java/lang/NoSuchMethodError'{0x00000000ebda77f0}: 'java.lang.Object java.lang.invoke.Invokers$Holder.invokeExact_MT(java.lang.Object, java.lang.Object, java.lang.Object, java.lang.Object)'> (0x00000000ebda77f0) 
thrown [s\open\src\hotspot\share\interpreter\linkResolver.cpp, line 759]
Event: 1.719 Thread 0x000001ebad8f3390 Exception <a 'java/lang/NoSuchMethodError'{0x00000000ec1e5b88}: 'java.lang.Object java.lang.invoke.DirectMethodHandle$Holder.newInvokeSpecial(java.lang.Object, java.lang.Object, java.lang.Object, java.lang.Object, java.lang.Object)'> (0x00000000ec1e5b88) 
thrown [s\open\src\hotspot\share\interpreter\linkResolver.cpp, line 759]
Event: 1.801 Thread 0x000001ebad8f3390 Exception <a 'java/lang/NoSuchMethodError'{0x00000000eac6bd48}: 'java.lang.Object java.lang.invoke.DirectMethodHandle$Holder.invokeSpecial(java.lang.Object, java.lang.Object, java.lang.Object, long, java.lang.Object)'> (0x00000000eac6bd48) 
thrown [s\open\src\hotspot\share\interpreter\linkResolver.cpp, line 759]
Event: 1.801 Thread 0x000001ebad8f3390 Exception <a 'java/lang/NoSuchMethodError'{0x00000000eac73f00}: 'java.lang.Object java.lang.invoke.DirectMethodHandle$Holder.newInvokeSpecial(java.lang.Object, java.lang.Object, java.lang.Object, long)'> (0x00000000eac73f00) 
thrown [s\open\src\hotspot\share\interpreter\linkResolver.cpp, line 759]
Event: 1.801 Thread 0x000001ebad8f3390 Exception <a 'java/lang/NoSuchMethodError'{0x00000000eac784a0}: 'java.lang.Object java.lang.invoke.DirectMethodHandle$Holder.invokeSpecial(java.lang.Object, java.lang.Object, java.lang.Object, java.lang.Object, long)'> (0x00000000eac784a0) 
thrown [s\open\src\hotspot\share\interpreter\linkResolver.cpp, line 759]
Event: 1.808 Thread 0x000001ebad8f3390 Exception <a 'java/lang/NoSuchMethodError'{0x00000000eaccab30}: 'int java.lang.invoke.DirectMethodHandle$Holder.invokeStaticInit(java.lang.Object, java.lang.Object, java.lang.Object)'> (0x00000000eaccab30) 
thrown [s\open\src\hotspot\share\interpreter\linkResolver.cpp, line 759]
Event: 1.813 Thread 0x000001ebad8f3390 Exception <a 'java/lang/IncompatibleClassChangeError'{0x00000000ead51d18}: Found class java.lang.Object, but interface was expected> (0x00000000ead51d18) 
thrown [s\open\src\hotspot\share\interpreter\linkResolver.cpp, line 826]
Event: 1.816 Thread 0x000001ebad8f3390 Exception <a 'java/lang/NoSuchMethodError'{0x00000000ead63f10}: 'java.lang.Object java.lang.invoke.DirectMethodHandle$Holder.invokeSpecial(java.lang.Object, java.lang.Object, java.lang.Object, int, java.lang.Object, java.lang.Object)'> (0x00000000ead63f10) 
thrown [s\open\src\hotspot\share\interpreter\linkResolver.cpp, line 759]
Event: 1.817 Thread 0x000001ebad8f3390 Exception <a 'java/lang/NoSuchMethodError'{0x00000000ead6c698}: 'java.lang.Object java.lang.invoke.DirectMethodHandle$Holder.newInvokeSpecial(java.lang.Object, java.lang.Object, java.lang.Object, int, java.lang.Object)'> (0x00000000ead6c698) 
thrown [s\open\src\hotspot\share\interpreter\linkResolver.cpp, line 759]
Event: 1.817 Thread 0x000001ebad8f3390 Exception <a 'java/lang/NoSuchMethodError'{0x00000000ead70af0}: 'java.lang.Object java.lang.invoke.DirectMethodHandle$Holder.invokeSpecial(java.lang.Object, java.lang.Object, java.lang.Object, java.lang.Object, int, java.lang.Object)'> (0x00000000ead70af0) 
thrown [s\open\src\hotspot\share\interpreter\linkResolver.cpp, line 759]
Event: 1.818 Thread 0x000001ebad8f3390 Exception <a 'java/lang/NoSuchMethodError'{0x00000000ead74880}: 'java.lang.Object java.lang.invoke.Invokers$Holder.linkToTargetMethod(java.lang.Object, java.lang.Object, int, java.lang.Object, java.lang.Object)'> (0x00000000ead74880) 
thrown [s\open\src\hotspot\share\interpreter\linkResolver.cpp, line 759]
Event: 1.819 Thread 0x000001ebad8f3860 Exception <a 'java/lang/NoSuchMethodError'{0x00000000eacd3c90}: 'java.lang.Object java.lang.invoke.DirectMethodHandle$Holder.invokeSpecial(java.lang.Object, java.lang.Object, int, java.lang.Object, java.lang.Object)'> (0x00000000eacd3c90) 
thrown [s\open\src\hotspot\share\interpreter\linkResolver.cpp, line 759]
Event: 1.819 Thread 0x000001ebad8f3860 Exception <a 'java/lang/NoSuchMethodError'{0x00000000eacdb360}: 'java.lang.Object java.lang.invoke.DirectMethodHandle$Holder.newInvokeSpecial(java.lang.Object, java.lang.Object, int, java.lang.Object)'> (0x00000000eacdb360) 
thrown [s\open\src\hotspot\share\interpreter\linkResolver.cpp, line 759]
Event: 1.820 Thread 0x000001ebad8f3860 Exception <a 'java/lang/NoSuchMethodError'{0x00000000eacdee70}: 'java.lang.Object java.lang.invoke.DirectMethodHandle$Holder.invokeSpecial(java.lang.Object, java.lang.Object, java.lang.Object, int, java.lang.Object)'> (0x00000000eacdee70) 
thrown [s\open\src\hotspot\share\interpreter\linkResolver.cpp, line 759]
Event: 1.847 Thread 0x000001ebad8f3860 Exception <a 'java/io/FileNotFoundException'{0x00000000eaef3f78}> (0x00000000eaef3f78) 
thrown [s\open\src\hotspot\share\prims\jni.cpp, line 516]
Event: 2.231 Thread 0x000001ebad8f3390 Exception <a 'java/lang/ClassNotFoundException'{0x00000000ec3d3418}: com/sun/org/apache/xerces/internal/impl/msg/spi/DOMMessagesProvider> (0x00000000ec3d3418) 
thrown [s\open\src\hotspot\share\classfile\systemDictionary.cpp, line 256]
Event: 2.232 Thread 0x000001ebad8f3390 Exception <a 'java/lang/ClassNotFoundException'{0x00000000ec3f6060}: com/sun/org/apache/xerces/internal/impl/msg/spi/XMLSerializerMessagesProvider> (0x00000000ec3f6060) 
thrown [s\open\src\hotspot\share\classfile\systemDictionary.cpp, line 256]
Event: 2.236 Thread 0x000001ebad8f3390 Exception <a 'java/lang/ClassNotFoundException'{0x00000000eab01330}: com/sun/org/apache/xerces/internal/impl/msg/spi/XMLMessagesProvider> (0x00000000eab01330) 
thrown [s\open\src\hotspot\share\classfile\systemDictionary.cpp, line 256]
Event: 2.254 Thread 0x000001ebad8f3390 Exception <a 'java/lang/NoSuchMethodError'{0x00000000eaba7c80}: 'void java.lang.invoke.DirectMethodHandle$Holder.invokeVirtual(java.lang.Object, java.lang.Object)'> (0x00000000eaba7c80) 
thrown [s\open\src\hotspot\share\interpreter\linkResolver.cpp, line 759]

VM Operations (20 events):
Event: 1.136 Executing VM operation: ParallelGCFailedAllocation
Event: 1.143 Executing VM operation: ParallelGCFailedAllocation done
Event: 1.515 Executing VM operation: HandshakeAllThreads
Event: 1.515 Executing VM operation: HandshakeAllThreads done
Event: 1.523 Executing VM operation: HandshakeAllThreads
Event: 1.523 Executing VM operation: HandshakeAllThreads done
Event: 1.524 Executing VM operation: HandshakeAllThreads
Event: 1.524 Executing VM operation: HandshakeAllThreads done
Event: 1.614 Executing VM operation: HandshakeAllThreads
Event: 1.614 Executing VM operation: HandshakeAllThreads done
Event: 1.767 Executing VM operation: ParallelGCFailedAllocation
Event: 1.770 Executing VM operation: ParallelGCFailedAllocation done
Event: 1.839 Executing VM operation: HandshakeAllThreads
Event: 1.839 Executing VM operation: HandshakeAllThreads done
Event: 2.023 Executing VM operation: ParallelGCFailedAllocation
Event: 2.026 Executing VM operation: ParallelGCFailedAllocation done
Event: 2.233 Executing VM operation: ParallelGCFailedAllocation
Event: 2.236 Executing VM operation: ParallelGCFailedAllocation done
Event: 2.273 Executing VM operation: HandshakeAllThreads
Event: 2.274 Executing VM operation: HandshakeAllThreads done

Events (20 events):
Event: 2.266 loading class java/net/SocketAddress
Event: 2.266 loading class java/net/SocketAddress done
Event: 2.266 loading class java/net/InetSocketAddress
Event: 2.266 loading class java/net/InetSocketAddress done
Event: 2.266 loading class java/nio/channels/AsynchronousByteChannel
Event: 2.266 loading class java/nio/channels/AsynchronousChannel
Event: 2.266 loading class java/nio/channels/AsynchronousChannel done
Event: 2.266 loading class java/nio/channels/AsynchronousByteChannel done
Event: 2.271 loading class java/lang/ProcessEnvironment
Event: 2.271 loading class java/lang/ProcessEnvironment done
Event: 2.274 loading class java/lang/ProcessEnvironment$NameComparator
Event: 2.274 loading class java/lang/ProcessEnvironment$NameComparator done
Event: 2.274 loading class java/lang/ProcessEnvironment$EntryComparator
Event: 2.274 loading class java/lang/ProcessEnvironment$EntryComparator done
Event: 2.275 loading class java/lang/ProcessEnvironment$CheckedEntrySet
Event: 2.275 loading class java/lang/ProcessEnvironment$CheckedEntrySet done
Event: 2.275 loading class java/lang/ProcessEnvironment$CheckedEntrySet$1
Event: 2.276 loading class java/lang/ProcessEnvironment$CheckedEntrySet$1 done
Event: 2.276 loading class java/lang/ProcessEnvironment$CheckedEntry
Event: 2.276 loading class java/lang/ProcessEnvironment$CheckedEntry done


Dynamic libraries:
0x00007ff603d50000 - 0x00007ff603d60000 	C:\Program Files\Java\jdk-17\bin\java.exe
0x00007ff9fd350000 - 0x00007ff9fd564000 	C:\WINDOWS\SYSTEM32\ntdll.dll
0x00007ff9fb720000 - 0x00007ff9fb7e2000 	C:\WINDOWS\System32\KERNEL32.DLL
0x00007ff9fa8f0000 - 0x00007ff9fac8c000 	C:\WINDOWS\System32\KERNELBASE.dll
0x00007ff9faed0000 - 0x00007ff9fafe1000 	C:\WINDOWS\System32\ucrtbase.dll
0x00007ff9f6900000 - 0x00007ff9f6918000 	C:\Program Files\Java\jdk-17\bin\jli.dll
0x00007ff9ee770000 - 0x00007ff9ee78b000 	C:\Program Files\Java\jdk-17\bin\VCRUNTIME140.dll
0x00007ff9fc860000 - 0x00007ff9fc90e000 	C:\WINDOWS\System32\ADVAPI32.dll
0x00007ff9fbd50000 - 0x00007ff9fbdf7000 	C:\WINDOWS\System32\msvcrt.dll
0x00007ff9fbc90000 - 0x00007ff9fbd34000 	C:\WINDOWS\System32\sechost.dll
0x00007ff9fbe20000 - 0x00007ff9fbf37000 	C:\WINDOWS\System32\RPCRT4.dll
0x00007ff9fce40000 - 0x00007ff9fcfeb000 	C:\WINDOWS\System32\USER32.dll
0x00007ff9fa800000 - 0x00007ff9fa826000 	C:\WINDOWS\System32\win32u.dll
0x00007ff9fd2e0000 - 0x00007ff9fd309000 	C:\WINDOWS\System32\GDI32.dll
0x00007ff9d5c00000 - 0x00007ff9d5e8e000 	C:\WINDOWS\WinSxS\amd64_microsoft.windows.common-controls_6595b64144ccf1df_6.0.22621.608_none_a9444ca7c10bb01d\COMCTL32.dll
0x00007ff9fad10000 - 0x00007ff9fae23000 	C:\WINDOWS\System32\gdi32full.dll
0x00007ff9fae30000 - 0x00007ff9faeca000 	C:\WINDOWS\System32\msvcp_win.dll
0x00007ff9f7f70000 - 0x00007ff9f7f7a000 	C:\WINDOWS\SYSTEM32\VERSION.dll
0x00007ff9fc730000 - 0x00007ff9fc761000 	C:\WINDOWS\System32\IMM32.DLL
0x00007ff9f6e70000 - 0x00007ff9f6e7c000 	C:\Program Files\Java\jdk-17\bin\vcruntime140_1.dll
0x00007ff9d4c60000 - 0x00007ff9d4cee000 	C:\Program Files\Java\jdk-17\bin\msvcp140.dll
0x00007ff96ec00000 - 0x00007ff96f7d7000 	C:\Program Files\Java\jdk-17\bin\server\jvm.dll
0x00007ff9fc850000 - 0x00007ff9fc858000 	C:\WINDOWS\System32\PSAPI.DLL
0x00007ff9cd780000 - 0x00007ff9cd789000 	C:\WINDOWS\SYSTEM32\WSOCK32.dll
0x00007ff9f1410000 - 0x00007ff9f1444000 	C:\WINDOWS\SYSTEM32\WINMM.dll
0x00007ff9fb6a0000 - 0x00007ff9fb711000 	C:\WINDOWS\System32\WS2_32.dll
0x00007ff9f9860000 - 0x00007ff9f9878000 	C:\WINDOWS\SYSTEM32\kernel.appcore.dll
0x00007ff9f5390000 - 0x00007ff9f539a000 	C:\Program Files\Java\jdk-17\bin\jimage.dll
0x00007ff9f7ce0000 - 0x00007ff9f7f0e000 	C:\WINDOWS\SYSTEM32\DBGHELP.DLL
0x00007ff9fb160000 - 0x00007ff9fb4e9000 	C:\WINDOWS\System32\combase.dll
0x00007ff9fc770000 - 0x00007ff9fc847000 	C:\WINDOWS\System32\OLEAUT32.dll
0x00007ff9cd850000 - 0x00007ff9cd882000 	C:\WINDOWS\SYSTEM32\dbgcore.DLL
0x00007ff9fac90000 - 0x00007ff9fad0b000 	C:\WINDOWS\System32\bcryptPrimitives.dll
0x00007ff9f4aa0000 - 0x00007ff9f4aae000 	C:\Program Files\Java\jdk-17\bin\instrument.dll
0x00007ff9dd3b0000 - 0x00007ff9dd3d5000 	C:\Program Files\Java\jdk-17\bin\java.dll
0x00007ff997800000 - 0x00007ff9978d7000 	C:\Program Files\Java\jdk-17\bin\jsvml.dll
0x00007ff9fbf40000 - 0x00007ff9fc730000 	C:\WINDOWS\System32\SHELL32.dll
0x00007ff9f87a0000 - 0x00007ff9f906d000 	C:\WINDOWS\SYSTEM32\windows.storage.dll
0x00007ff9f8660000 - 0x00007ff9f879e000 	C:\WINDOWS\SYSTEM32\wintypes.dll
0x00007ff9fcff0000 - 0x00007ff9fd0e1000 	C:\WINDOWS\System32\SHCORE.dll
0x00007ff9fcc10000 - 0x00007ff9fcc6e000 	C:\WINDOWS\System32\shlwapi.dll
0x00007ff9fa6c0000 - 0x00007ff9fa6e1000 	C:\WINDOWS\SYSTEM32\profapi.dll
0x00007ff9dd1e0000 - 0x00007ff9dd1f8000 	C:\Program Files\Java\jdk-17\bin\zip.dll
0x00007ff9ee0e0000 - 0x00007ff9ee0f9000 	C:\Program Files\Java\jdk-17\bin\net.dll
0x00007ff9f47c0000 - 0x00007ff9f48f7000 	C:\WINDOWS\SYSTEM32\WINHTTP.dll
0x00007ff9f9d40000 - 0x00007ff9f9da9000 	C:\WINDOWS\system32\mswsock.dll
0x00007ff9dd2a0000 - 0x00007ff9dd2b6000 	C:\Program Files\Java\jdk-17\bin\nio.dll
0x00007ff9f22f0000 - 0x00007ff9f2300000 	C:\Program Files\Java\jdk-17\bin\verify.dll
0x00007ff9e6000000 - 0x00007ff9e603e000 	C:\Users\nat24\AppData\Roaming\Code\User\globalStorage\redhat.java\1.16.0\config_ss_win\org.eclipse.equinox.launcher\org.eclipse.equinox.launcher.win32.win32.x86_64_1.2.700.v20221108-1024\eclipse_11801.dll
0x00007ff9fca60000 - 0x00007ff9fcbfc000 	C:\WINDOWS\System32\ole32.dll

dbghelp: loaded successfully - version: 4.0.5 - missing functions: none
symbol engine: initialized successfully - sym options: 0x614 - pdb path: .;C:\Program Files\Java\jdk-17\bin;C:\WINDOWS\SYSTEM32;C:\WINDOWS\WinSxS\amd64_microsoft.windows.common-controls_6595b64144ccf1df_6.0.22621.608_none_a9444ca7c10bb01d;C:\Program Files\Java\jdk-17\bin\server;C:\Users\nat24\AppData\Roaming\Code\User\globalStorage\redhat.java\1.16.0\config_ss_win\org.eclipse.equinox.launcher\org.eclipse.equinox.launcher.win32.win32.x86_64_1.2.700.v20221108-1024

VM Arguments:
jvm_args: --add-modules=ALL-SYSTEM --add-opens=java.base/java.util=ALL-UNNAMED --add-opens=java.base/java.lang=ALL-UNNAMED --add-opens=java.base/sun.nio.fs=ALL-UNNAMED -Declipse.application=org.eclipse.jdt.ls.core.id1 -Dosgi.bundles.defaultStartLevel=4 -Declipse.product=org.eclipse.jdt.ls.core.product -Djava.import.generatesMetadataFilesAtProjectRoot=false -Dfile.encoding=utf8 -XX:+UseParallelGC -XX:GCTimeRatio=4 -XX:AdaptiveSizePolicyWeight=90 -Dsun.zip.disableMemoryMapping=true -Xmx1G -Xms100m -Xlog:disable -javaagent:c:\Users\nat24\.vscode\extensions\redhat.java-1.16.0-win32-x64\lombok\lombok-1.18.24.jar 
java_command: c:\Users\nat24\.vscode\extensions\redhat.java-1.16.0-win32-x64\server\plugins\org.eclipse.equinox.launcher_1.6.400.v20210924-0641.jar -configuration c:\Users\nat24\AppData\Roaming\Code\User\globalStorage\redhat.java\1.16.0\config_ss_win -data c:\Users\nat24\AppData\Roaming\Code\User\workspaceStorage\7ee068461fea0a2cbf1ecac1b635f22a\redhat.java\ss_ws
java_class_path (initial): c:\Users\nat24\.vscode\extensions\redhat.java-1.16.0-win32-x64\server\plugins\org.eclipse.equinox.launcher_1.6.400.v20210924-0641.jar
Launcher Type: SUN_STANDARD

[Global flags]
    uintx AdaptiveSizePolicyWeight                 = 90                                        {product} {command line}
     intx CICompilerCount                          = 4                                         {product} {ergonomic}
    uintx GCTimeRatio                              = 4                                         {product} {command line}
   size_t InitialHeapSize                          = 104857600                                 {product} {command line}
   size_t MaxHeapSize                              = 1073741824                                {product} {command line}
   size_t MaxNewSize                               = 357564416                                 {product} {ergonomic}
   size_t MinHeapDeltaBytes                        = 524288                                    {product} {ergonomic}
   size_t MinHeapSize                              = 104857600                                 {product} {command line}
   size_t NewSize                                  = 34603008                                  {product} {ergonomic}
    uintx NonNMethodCodeHeapSize                   = 5839372                                {pd product} {ergonomic}
    uintx NonProfiledCodeHeapSize                  = 122909434                              {pd product} {ergonomic}
   size_t OldSize                                  = 70254592                                  {product} {ergonomic}
    uintx ProfiledCodeHeapSize                     = 122909434                              {pd product} {ergonomic}
    uintx ReservedCodeCacheSize                    = 251658240                              {pd product} {ergonomic}
     bool SegmentedCodeCache                       = true                                      {product} {ergonomic}
   size_t SoftMaxHeapSize                          = 1073741824                             {manageable} {ergonomic}
     bool UseCompressedClassPointers               = true                           {product lp64_product} {ergonomic}
     bool UseCompressedOops                        = true                           {product lp64_product} {ergonomic}
     bool UseLargePagesIndividualAllocation        = false                                  {pd product} {ergonomic}
     bool UseParallelGC                            = true                                      {product} {command line}

Logging:
Log output configuration:
 #0: stdout all=off uptime,level,tags
 #1: stderr all=off uptime,level,tags

Environment Variables:
CLASSPATH=C:\Users\nat24\eclipse-workspace
PATH=C:\Program Files\Common Files\Oracle\Java\javapath;C:\Python310\Scripts\;C:\Python310\;C:\WINDOWS\system32;C:\WINDOWS;C:\WINDOWS\System32\Wbem;C:\WINDOWS\System32\WindowsPowerShell\v1.0\;C:\WINDOWS\System32\OpenSSH\;C:\Program Files\nodejs\;C:\ProgramData\chocolatey\bin;C:\Program Files\Git\cmd;C:\Program Files\PuTTY\;C:\Users\nat24\AppData\Local\Microsoft\WindowsApps;C:\Users\nat24\AppData\Roaming\npm;C:\Users\nat24\eclipse-workspace\Assignment_1\bin;C:\Users\nat24\AppData\Local\Programs\Microsoft VS Code\bin;
USERNAME=nat24
OS=Windows_NT
PROCESSOR_IDENTIFIER=Intel64 Family 6 Model 140 Stepping 1, GenuineIntel



---------------  S Y S T E M  ---------------

OS:
 Windows 11 , 64 bit Build 22621 (10.0.22621.1485)
OS uptime: 0 days 13:04 hours

CPU: total 8 (initial active 8) (4 cores per cpu, 2 threads per core) family 6 model 140 stepping 1 microcode 0xa6, cx8, cmov, fxsr, ht, mmx, 3dnowpref, sse, sse2, sse3, ssse3, sse4.1, sse4.2, popcnt, lzcnt, tsc, tscinvbit, avx, avx2, aes, erms, clmul, bmi1, bmi2, adx, avx512f, avx512dq, avx512cd, avx512bw, avx512vl, sha, fma, vzeroupper, avx512_vpopcntdq, avx512_vpclmulqdq, avx512_vaes, avx512_vnni, clflush, clflushopt, clwb, avx512_vbmi2, avx512_vbmi

Memory: 4k page, system-wide physical 16064M (2581M free)
TotalPageFile size 65216M (AvailPageFile size 5M)
current process WorkingSet (physical memory assigned to process): 127M, peak: 129M
current process commit charge ("private bytes"): 244M, peak: 248M

vm_info: Java HotSpot(TM) 64-Bit Server VM (17.0.6+9-LTS-190) for windows-amd64 JRE (17.0.6+9-LTS-190), built on Dec  6 2022 15:53:54 by "mach5one" with MS VC++ 17.1 (VS2022)

END.
