#
# There is insufficient memory for the Java Runtime Environment to continue.
# Native memory allocation (mmap) failed to map 65536 bytes for Failed to commit metaspace.
# Possible reasons:
#   The system is out of physical RAM or swap space
#   The process is running with CompressedOops enabled, and the Java Heap may be blocking the growth of the native heap
# Possible solutions:
#   Reduce memory load on the system
#   Increase physical memory or swap space
#   Check if swap backing store is full
#   Decrease Java heap size (-Xmx/-Xms)
#   Decrease number of Java threads
#   Decrease Java thread stack sizes (-Xss)
#   Set larger code cache with -XX:ReservedCodeCacheSize=
#   JVM is running with Unscaled Compressed Oops mode in which the Java heap is
#     placed in the first 4GB address space. The Java Heap base address is the
#     maximum limit for the native heap growth. Please use -XX:HeapBaseMinAddress
#     to set the Java Heap base and to place the Java Heap above 4GB virtual address.
# This output file may be truncated or incomplete.
#
#  Out of Memory Error (virtualSpaceNode.cpp:110), pid=19172, tid=4556
#
# JRE version: Java(TM) SE Runtime Environment (17.0.6+9) (build 17.0.6+9-LTS-190)
# Java VM: Java HotSpot(TM) 64-Bit Server VM (17.0.6+9-LTS-190, mixed mode, sharing, tiered, compressed oops, compressed class ptrs, parallel gc, windows-amd64)
# No core dump will be written. Minidumps are not enabled by default on client versions of Windows
#

---------------  S U M M A R Y ------------

Command Line: --add-modules=ALL-SYSTEM --add-opens=java.base/java.util=ALL-UNNAMED --add-opens=java.base/java.lang=ALL-UNNAMED --add-opens=java.base/sun.nio.fs=ALL-UNNAMED -Declipse.application=org.eclipse.jdt.ls.core.id1 -Dosgi.bundles.defaultStartLevel=4 -Declipse.product=org.eclipse.jdt.ls.core.product -Djava.import.generatesMetadataFilesAtProjectRoot=false -Dfile.encoding=utf8 -XX:+UseParallelGC -XX:GCTimeRatio=4 -XX:AdaptiveSizePolicyWeight=90 -Dsun.zip.disableMemoryMapping=true -Xmx1G -Xms100m -Xlog:disable -javaagent:c:\Users\nat24\.vscode\extensions\redhat.java-1.16.0-win32-x64\lombok\lombok-1.18.24.jar -XX:+HeapDumpOnOutOfMemoryError -XX:HeapDumpPath=c:\Users\nat24\AppData\Roaming\Code\User\workspaceStorage\7ee068461fea0a2cbf1ecac1b635f22a\redhat.java c:\Users\nat24\.vscode\extensions\redhat.java-1.16.0-win32-x64\server\plugins\org.eclipse.equinox.launcher_1.6.400.v20210924-0641.jar -configuration c:\Users\nat24\AppData\Roaming\Code\User\globalStorage\redhat.java\1.16.0\config_win -data c:\Users\nat24\AppData\Roaming\Code\User\workspaceStorage\7ee068461fea0a2cbf1ecac1b635f22a\redhat.java\jdt_ws

Host: 11th Gen Intel(R) Core(TM) i7-1165G7 @ 2.80GHz, 8 cores, 15G,  Windows 11 , 64 bit Build 22621 (10.0.22621.1485)
Time: Thu Apr 13 11:32:47 2023 AUS Eastern Standard Time elapsed time: 3.099115 seconds (0d 0h 0m 3s)

---------------  T H R E A D  ---------------

Current thread (0x000002327e1ec960):  JavaThread "pool-1-thread-1" [_thread_in_vm, id=4556, stack(0x000000c455400000,0x000000c455500000)]

Stack: [0x000000c455400000,0x000000c455500000]
Native frames: (J=compiled Java code, j=interpreted, Vv=VM code, C=native code)
V  [jvm.dll+0x6734ea]
V  [jvm.dll+0x7d18f4]
V  [jvm.dll+0x7d309e]
V  [jvm.dll+0x7d3703]
V  [jvm.dll+0x2433c5]
V  [jvm.dll+0x7cd9fb]
V  [jvm.dll+0x619546]
V  [jvm.dll+0x1bdf07]
V  [jvm.dll+0x61bea0]
V  [jvm.dll+0x619f06]
V  [jvm.dll+0x623c07]
V  [jvm.dll+0x1e79bd]
V  [jvm.dll+0x1e7f85]
V  [jvm.dll+0x1e88cb]
V  [jvm.dll+0x1de0d1]
V  [jvm.dll+0x5399dc]
V  [jvm.dll+0x74c638]
V  [jvm.dll+0x74c724]
V  [jvm.dll+0x4080bf]
V  [jvm.dll+0x40e0d9]
C  [java.dll+0x17ec]

Java frames: (J=compiled Java code, j=interpreted, Vv=VM code)
J 1130  java.lang.ClassLoader.defineClass1(Ljava/lang/ClassLoader;Ljava/lang/String;[BIILjava/security/ProtectionDomain;Ljava/lang/String;)Ljava/lang/Class; java.base@17.0.6 (0 bytes) @ 0x0000023207b3f263 [0x0000023207b3f1a0+0x00000000000000c3]
J 1749 c1 java.lang.ClassLoader.defineClass(Ljava/lang/String;[BIILjava/security/ProtectionDomain;)Ljava/lang/Class; java.base@17.0.6 (43 bytes) @ 0x000002320034dd5c [0x000002320034da00+0x000000000000035c]
J 2203 c1 org.eclipse.osgi.internal.loader.ModuleClassLoader.defineClass(Ljava/lang/String;[BLorg/eclipse/osgi/internal/loader/classpath/ClasspathEntry;)Lorg/eclipse/osgi/internal/loader/ModuleClassLoader$DefineClassResult; (138 bytes) @ 0x000002320046189c [0x0000023200461640+0x000000000000025c]
J 1807 c1 org.eclipse.osgi.internal.loader.classpath.ClasspathManager.defineClass(Ljava/lang/String;[BLorg/eclipse/osgi/internal/loader/classpath/ClasspathEntry;Lorg/eclipse/osgi/storage/bundlefile/BundleEntry;Ljava/util/List;)Ljava/lang/Class; (636 bytes) @ 0x000002320037676c [0x0000023200374c60+0x0000000000001b0c]
J 2999 c1 org.eclipse.osgi.internal.loader.classpath.ClasspathManager.findClassImpl(Ljava/lang/String;Lorg/eclipse/osgi/internal/loader/classpath/ClasspathEntry;Ljava/util/List;)Ljava/lang/Class; (308 bytes) @ 0x00000232005dc204 [0x00000232005d9700+0x0000000000002b04]
J 2063 c1 org.eclipse.osgi.internal.loader.classpath.ClasspathManager.findLocalClassImpl(Ljava/lang/String;[Lorg/eclipse/osgi/internal/loader/classpath/ClasspathEntry;Ljava/util/List;)Ljava/lang/Class; (55 bytes) @ 0x00000232004127cc [0x0000023200412640+0x000000000000018c]
J 1787 c1 org.eclipse.osgi.internal.loader.classpath.ClasspathManager.findLocalClassImpl(Ljava/lang/String;Ljava/util/List;)Ljava/lang/Class; (132 bytes) @ 0x0000023200368684 [0x0000023200368140+0x0000000000000544]
J 1987 c1 org.eclipse.osgi.internal.loader.classpath.ClasspathManager.findLocalClass(Ljava/lang/String;)Ljava/lang/Class; (210 bytes) @ 0x00000232003df9bc [0x00000232003deca0+0x0000000000000d1c]
J 2014 c1 org.eclipse.osgi.internal.loader.BundleLoader.findLocalClass(Ljava/lang/String;)Ljava/lang/Class; (152 bytes) @ 0x00000232003f4c0c [0x00000232003f43a0+0x000000000000086c]
J 1714 c1 org.eclipse.osgi.internal.loader.BundleLoader.findClass0(Ljava/lang/String;ZZ)Ljava/lang/Class; (466 bytes) @ 0x00000232003343d4 [0x0000023200331c20+0x00000000000027b4]
J 1713 c1 org.eclipse.osgi.internal.loader.BundleLoader.findClass(Ljava/lang/String;)Ljava/lang/Class; (8 bytes) @ 0x000002320033131c [0x00000232003312a0+0x000000000000007c]
J 1715 c1 org.eclipse.osgi.internal.loader.ModuleClassLoader.loadClass(Ljava/lang/String;Z)Ljava/lang/Class; (36 bytes) @ 0x0000023200337444 [0x0000023200337220+0x0000000000000224]
J 2887 c2 java.lang.ClassLoader.loadClass(Ljava/lang/String;)Ljava/lang/Class; java.base@17.0.6 (7 bytes) @ 0x0000023207c05f40 [0x0000023207c05f00+0x0000000000000040]
v  ~StubRoutines::call_stub
j  java.lang.Class.getDeclaredFields0(Z)[Ljava/lang/reflect/Field;+0 java.base@17.0.6
j  java.lang.Class.privateGetDeclaredFields(Z)[Ljava/lang/reflect/Field;+34 java.base@17.0.6
j  java.lang.Class.getDeclaredFields()[Ljava/lang/reflect/Field;+20 java.base@17.0.6
j  com.google.gson.internal.bind.ReflectiveTypeAdapterFactory.getBoundFields(Lcom/google/gson/Gson;Lcom/google/gson/reflect/TypeToken;Ljava/lang/Class;ZZ)Ljava/util/Map;+29
j  com.google.gson.internal.bind.ReflectiveTypeAdapterFactory.create(Lcom/google/gson/Gson;Lcom/google/gson/reflect/TypeToken;)Lcom/google/gson/TypeAdapter;+136
j  com.google.gson.Gson.getAdapter(Lcom/google/gson/reflect/TypeToken;)Lcom/google/gson/TypeAdapter;+148
j  com.google.gson.internal.bind.ReflectiveTypeAdapterFactory.createBoundField(Lcom/google/gson/Gson;Ljava/lang/reflect/Field;Ljava/lang/reflect/Method;Ljava/lang/String;Lcom/google/gson/reflect/TypeToken;ZZZ)Lcom/google/gson/internal/bind/ReflectiveTypeAdapterFactory$BoundField;+96
j  com.google.gson.internal.bind.ReflectiveTypeAdapterFactory.getBoundFields(Lcom/google/gson/Gson;Lcom/google/gson/reflect/TypeToken;Ljava/lang/Class;ZZ)Ljava/util/Map;+383
j  com.google.gson.internal.bind.ReflectiveTypeAdapterFactory.create(Lcom/google/gson/Gson;Lcom/google/gson/reflect/TypeToken;)Lcom/google/gson/TypeAdapter;+136
j  com.google.gson.Gson.getAdapter(Lcom/google/gson/reflect/TypeToken;)Lcom/google/gson/TypeAdapter;+148
j  com.google.gson.Gson.fromJson(Lcom/google/gson/stream/JsonReader;Lcom/google/gson/reflect/TypeToken;)Ljava/lang/Object;+22
j  com.google.gson.Gson.fromJson(Lcom/google/gson/stream/JsonReader;Ljava/lang/reflect/Type;)Ljava/lang/Object;+6
j  org.eclipse.lsp4j.adapters.InitializeParamsTypeAdapter.readCapabilities(Lcom/google/gson/stream/JsonReader;)Lorg/eclipse/lsp4j/ClientCapabilities;+7
j  org.eclipse.lsp4j.adapters.InitializeParamsTypeAdapter.read(Lcom/google/gson/stream/JsonReader;)Lorg/eclipse/lsp4j/InitializeParams;+419
j  org.eclipse.lsp4j.adapters.InitializeParamsTypeAdapter.read(Lcom/google/gson/stream/JsonReader;)Ljava/lang/Object;+2
j  com.google.gson.TypeAdapter$1.read(Lcom/google/gson/stream/JsonReader;)Ljava/lang/Object;+21
j  com.google.gson.Gson.fromJson(Lcom/google/gson/stream/JsonReader;Lcom/google/gson/reflect/TypeToken;)Ljava/lang/Object;+30
j  com.google.gson.Gson.fromJson(Lcom/google/gson/stream/JsonReader;Ljava/lang/reflect/Type;)Ljava/lang/Object;+6
j  org.eclipse.lsp4j.jsonrpc.json.adapters.MessageTypeAdapter.fromJson(Lcom/google/gson/stream/JsonReader;Ljava/lang/reflect/Type;)Ljava/lang/Object;+19
j  org.eclipse.lsp4j.jsonrpc.json.adapters.MessageTypeAdapter.parseParams(Lcom/google/gson/stream/JsonReader;Ljava/lang/String;)Ljava/lang/Object;+38
j  org.eclipse.lsp4j.jsonrpc.json.adapters.MessageTypeAdapter.read(Lcom/google/gson/stream/JsonReader;)Lorg/eclipse/lsp4j/jsonrpc/messages/Message;+308
j  org.eclipse.lsp4j.jsonrpc.json.adapters.MessageTypeAdapter.read(Lcom/google/gson/stream/JsonReader;)Ljava/lang/Object;+2
j  com.google.gson.Gson.fromJson(Lcom/google/gson/stream/JsonReader;Lcom/google/gson/reflect/TypeToken;)Ljava/lang/Object;+30
j  com.google.gson.Gson.fromJson(Lcom/google/gson/stream/JsonReader;Ljava/lang/reflect/Type;)Ljava/lang/Object;+6
j  org.eclipse.lsp4j.jsonrpc.json.MessageJsonHandler.parseMessage(Ljava/io/Reader;)Lorg/eclipse/lsp4j/jsonrpc/messages/Message;+16
j  org.eclipse.lsp4j.jsonrpc.json.MessageJsonHandler.parseMessage(Ljava/lang/CharSequence;)Lorg/eclipse/lsp4j/jsonrpc/messages/Message;+16
j  org.eclipse.lsp4j.jsonrpc.json.StreamMessageProducer.handleMessage(Ljava/io/InputStream;Lorg/eclipse/lsp4j/jsonrpc/json/StreamMessageProducer$Headers;)Z+88
j  org.eclipse.lsp4j.jsonrpc.json.StreamMessageProducer.listen(Lorg/eclipse/lsp4j/jsonrpc/MessageConsumer;)V+158
j  org.eclipse.lsp4j.jsonrpc.json.ConcurrentMessageProcessor.run()V+12
j  java.util.concurrent.Executors$RunnableAdapter.call()Ljava/lang/Object;+4 java.base@17.0.6
j  java.util.concurrent.FutureTask.run()V+39 java.base@17.0.6
j  java.util.concurrent.ThreadPoolExecutor.runWorker(Ljava/util/concurrent/ThreadPoolExecutor$Worker;)V+92 java.base@17.0.6
j  java.util.concurrent.ThreadPoolExecutor$Worker.run()V+5 java.base@17.0.6
j  java.lang.Thread.run()V+11 java.base@17.0.6
v  ~StubRoutines::call_stub

---------------  P R O C E S S  ---------------

Threads class SMR info:
_java_thread_list=0x000002320f9ec960, length=25, elements={
0x000002326e97f470, 0x000002327a300990, 0x000002327a301ce0, 0x000002327a316200,
0x000002327a316db0, 0x000002327a31e780, 0x000002327a3217e0, 0x000002327a32c3d0,
0x000002327a32ed00, 0x000002327a32f300, 0x000002327a322650, 0x000002327a31f630,
0x000002327d5f2140, 0x000002327a322b20, 0x000002327a3204a0, 0x000002327a31ffd0,
0x000002327a321cb0, 0x000002327a320970, 0x000002327a322ff0, 0x000002327a31fb00,
0x000002327a320e40, 0x000002327a321310, 0x000002327e1f2e70, 0x000002327e1ec490,
0x000002327e1ec960
}

Java Threads: ( => current thread )
  0x000002326e97f470 JavaThread "main" [_thread_blocked, id=9152, stack(0x000000c453000000,0x000000c453100000)]
  0x000002327a300990 JavaThread "Reference Handler" daemon [_thread_blocked, id=9112, stack(0x000000c453300000,0x000000c453400000)]
  0x000002327a301ce0 JavaThread "Finalizer" daemon [_thread_blocked, id=19152, stack(0x000000c453400000,0x000000c453500000)]
  0x000002327a316200 JavaThread "Signal Dispatcher" daemon [_thread_blocked, id=7660, stack(0x000000c453500000,0x000000c453600000)]
  0x000002327a316db0 JavaThread "Attach Listener" daemon [_thread_blocked, id=2060, stack(0x000000c453600000,0x000000c453700000)]
  0x000002327a31e780 JavaThread "Service Thread" daemon [_thread_blocked, id=17904, stack(0x000000c453700000,0x000000c453800000)]
  0x000002327a3217e0 JavaThread "Monitor Deflation Thread" daemon [_thread_blocked, id=13704, stack(0x000000c453800000,0x000000c453900000)]
  0x000002327a32c3d0 JavaThread "C2 CompilerThread0" daemon [_thread_in_native, id=15252, stack(0x000000c453900000,0x000000c453a00000)]
  0x000002327a32ed00 JavaThread "C1 CompilerThread0" daemon [_thread_blocked, id=3972, stack(0x000000c453a00000,0x000000c453b00000)]
  0x000002327a32f300 JavaThread "Sweeper thread" daemon [_thread_blocked, id=6304, stack(0x000000c453b00000,0x000000c453c00000)]
  0x000002327a322650 JavaThread "Common-Cleaner" daemon [_thread_blocked, id=11292, stack(0x000000c453c00000,0x000000c453d00000)]
  0x000002327a31f630 JavaThread "Notification Thread" daemon [_thread_blocked, id=17812, stack(0x000000c453d00000,0x000000c453e00000)]
  0x000002327d5f2140 JavaThread "C2 CompilerThread1" daemon [_thread_blocked, id=12036, stack(0x000000c454500000,0x000000c454600000)]
  0x000002327a322b20 JavaThread "Active Thread: Equinox Container: ebdb8372-90e5-4bad-8d6f-6d0dfa3e571b" [_thread_blocked, id=10568, stack(0x000000c454600000,0x000000c454700000)]
  0x000002327a3204a0 JavaThread "Framework Event Dispatcher: Equinox Container: ebdb8372-90e5-4bad-8d6f-6d0dfa3e571b" daemon [_thread_blocked, id=18968, stack(0x000000c454700000,0x000000c454800000)]
  0x000002327a31ffd0 JavaThread "Start Level: Equinox Container: ebdb8372-90e5-4bad-8d6f-6d0dfa3e571b" daemon [_thread_blocked, id=14780, stack(0x000000c454800000,0x000000c454900000)]
  0x000002327a321cb0 JavaThread "SCR Component Actor" daemon [_thread_blocked, id=10584, stack(0x000000c454900000,0x000000c454a00000)]
  0x000002327a320970 JavaThread "SCR Component Registry" daemon [_thread_blocked, id=14952, stack(0x000000c454b00000,0x000000c454c00000)]
  0x000002327a322ff0 JavaThread "Worker-JM" [_thread_blocked, id=15552, stack(0x000000c454c00000,0x000000c454d00000)]
  0x000002327a31fb00 JavaThread "Worker-0" [_thread_blocked, id=8572, stack(0x000000c454d00000,0x000000c454e00000)]
  0x000002327a320e40 JavaThread "Worker-1" [_thread_blocked, id=1200, stack(0x000000c454e00000,0x000000c454f00000)]
  0x000002327a321310 JavaThread "Java indexing" daemon [_thread_blocked, id=15104, stack(0x000000c455000000,0x000000c455100000)]
  0x000002327e1f2e70 JavaThread "JNA Cleaner" daemon [_thread_blocked, id=7744, stack(0x000000c454f00000,0x000000c455000000)]
  0x000002327e1ec490 JavaThread "pool-2-thread-1" [_thread_blocked, id=9136, stack(0x000000c455300000,0x000000c455400000)]
=>0x000002327e1ec960 JavaThread "pool-1-thread-1" [_thread_in_vm, id=4556, stack(0x000000c455400000,0x000000c455500000)]

Other Threads:
  0x000002327a2f91d0 VMThread "VM Thread" [stack: 0x000000c453200000,0x000000c453300000] [id=5188]
  0x000002327cdf9270 WatcherThread [stack: 0x000000c453e00000,0x000000c453f00000] [id=13252]
  0x000002326e9993a0 GCTaskThread "GC Thread#0" [stack: 0x000000c453100000,0x000000c453200000] [id=3224]
  0x000002327d3b7c30 GCTaskThread "GC Thread#1" [stack: 0x000000c453f00000,0x000000c454000000] [id=10572]
  0x000002327d13cb00 GCTaskThread "GC Thread#2" [stack: 0x000000c454000000,0x000000c454100000] [id=19400]
  0x000002327d13cdb0 GCTaskThread "GC Thread#3" [stack: 0x000000c454100000,0x000000c454200000] [id=12076]
  0x000002327d13d060 GCTaskThread "GC Thread#4" [stack: 0x000000c454200000,0x000000c454300000] [id=540]
  0x000002327d13d310 GCTaskThread "GC Thread#5" [stack: 0x000000c454300000,0x000000c454400000] [id=18280]
  0x000002327d13d5c0 GCTaskThread "GC Thread#6" [stack: 0x000000c454400000,0x000000c454500000] [id=13316]
  0x000002327d7e1890 GCTaskThread "GC Thread#7" [stack: 0x000000c454a00000,0x000000c454b00000] [id=14112]

Threads with active compile tasks:
C2 CompilerThread0     3114 3088       4       jdk.internal.org.objectweb.asm.Frame::execute (2305 bytes)

VM state: not at safepoint (normal execution)

VM Mutex/Monitor currently owned by a thread:  ([mutex/lock_event])
[0x000002326e979640] Metaspace_lock - owner thread: 0x000002327e1ec960

Heap address: 0x00000000c0000000, size: 1024 MB, Compressed Oops mode: 32-bit

CDS archive(s) mapped at: [0x0000000800000000-0x0000000800bd0000-0x0000000800bd0000), size 12386304, SharedBaseAddress: 0x0000000800000000, ArchiveRelocationMode: 0.
Compressed class space mapped at: 0x0000000800c00000-0x0000000840c00000, reserved size: 1073741824
Narrow klass base: 0x0000000800000000, Narrow klass shift: 0, Narrow klass range: 0x100000000

GC Precious Log:
 CPUs: 8 total, 8 available
 Memory: 16064M
 Large Page Support: Disabled
 NUMA Support: Disabled
 Compressed Oops: Enabled (32-bit)
 Alignments: Space 512K, Generation 512K, Heap 2M
 Heap Min Capacity: 100M
 Heap Initial Capacity: 100M
 Heap Max Capacity: 1G
 Pre-touch: Disabled
 Parallel Workers: 8

Heap:
 PSYoungGen      total 26112K, used 23814K [0x00000000eab00000, 0x00000000ec980000, 0x0000000100000000)
  eden space 24576K, 91% used [0x00000000eab00000,0x00000000ec107718,0x00000000ec300000)
  from space 1536K, 81% used [0x00000000ec480000,0x00000000ec5ba1f8,0x00000000ec600000)
  to   space 2560K, 0% used [0x00000000ec700000,0x00000000ec700000,0x00000000ec980000)
 ParOldGen       total 68608K, used 9952K [0x00000000c0000000, 0x00000000c4300000, 0x00000000eab00000)
  object space 68608K, 14% used [0x00000000c0000000,0x00000000c09b8140,0x00000000c4300000)
 Metaspace       used 28001K, committed 28672K, reserved 1081344K
  class space    used 2805K, committed 3072K, reserved 1048576K

Card table byte_map: [0x0000023277bc0000,0x0000023277dd0000] _byte_map_base: 0x00000232775c0000

Marking Bits: (ParMarkBitMap*) 0x00007ff96f7195f0
 Begin Bits: [0x0000023277f30000, 0x0000023278f30000)
 End Bits:   [0x0000023278f30000, 0x0000023279f30000)

Polling page: 0x000002326ea50000

Metaspace:

Usage:
  Non-class:     24.60 MB used.
      Class:      2.74 MB used.
       Both:     27.34 MB used.

Virtual space:
  Non-class space:       32.00 MB reserved,      25.00 MB ( 78%) committed,  4 nodes.
      Class space:        1.00 GB reserved,       3.00 MB ( <1%) committed,  1 nodes.
             Both:        1.03 GB reserved,      28.00 MB (  3%) committed. 

Chunk freelists:
   Non-Class:  2.80 MB
       Class:  963.00 KB
        Both:  3.74 MB

MaxMetaspaceSize: unlimited
CompressedClassSpaceSize: 1.00 GB
Initial GC threshold: 21.00 MB
Current GC threshold: 35.00 MB
CDS: on
MetaspaceReclaimPolicy: balanced
 - commit_granule_bytes: 65536.
 - commit_granule_words: 8192.
 - virtual_space_node_default_size: 1048576.
 - enlarge_chunks_in_place: 1.
 - new_chunks_are_fully_committed: 0.
 - uncommit_free_chunks: 1.
 - use_allocation_guard: 0.
 - handle_deallocations: 1.


Internal statistics:

num_allocs_failed_limit: 3.
num_arena_births: 310.
num_arena_deaths: 14.
num_vsnodes_births: 5.
num_vsnodes_deaths: 0.
num_space_committed: 448.
num_space_uncommitted: 0.
num_chunks_returned_to_freelist: 17.
num_chunks_taken_from_freelist: 1370.
num_chunk_merges: 7.
num_chunk_splits: 931.
num_chunks_enlarged: 642.
num_purges: 2.
num_inconsistent_stats: 0.

CodeHeap 'non-profiled nmethods': size=120000Kb used=1385Kb max_used=1385Kb free=118614Kb
 bounds [0x0000023207ad0000, 0x0000023207d40000, 0x000002320f000000]
CodeHeap 'profiled nmethods': size=120000Kb used=6260Kb max_used=6260Kb free=113739Kb
 bounds [0x0000023200000000, 0x0000023200620000, 0x0000023207530000]
CodeHeap 'non-nmethods': size=5760Kb used=1266Kb max_used=1301Kb free=4493Kb
 bounds [0x0000023207530000, 0x00000232077a0000, 0x0000023207ad0000]
 total_blobs=3689 nmethods=3115 adapters=488
 compilation: enabled
              stopped_count=0, restarted_count=0
 full_count=0

Compilation events (20 events):
Event: 3.077 Thread 0x000002327a32ed00 nmethod 3107 0x0000023207c28790 code [0x0000023207c28920, 0x0000023207c289f8]
Event: 3.077 Thread 0x000002327a32ed00 3105       3       jdk.internal.org.objectweb.asm.SymbolTable::addConstantString (8 bytes)
Event: 3.077 Thread 0x000002327a32ed00 nmethod 3105 0x000002320061b710 code [0x000002320061b8a0, 0x000002320061b9e8]
Event: 3.081 Thread 0x000002327d5f2140 nmethod 3099 0x0000023207c28a90 code [0x0000023207c28c40, 0x0000023207c292d8]
Event: 3.082 Thread 0x000002327a32ed00 3108       1       java.util.Collections$SingletonList::size (2 bytes)
Event: 3.083 Thread 0x000002327a32ed00 nmethod 3108 0x0000023207c29710 code [0x0000023207c298a0, 0x0000023207c29978]
Event: 3.090 Thread 0x000002327a32ed00 3110       1       com.google.gson.reflect.TypeToken::getType (5 bytes)
Event: 3.090 Thread 0x000002327a32ed00 nmethod 3110 0x0000023207c29e10 code [0x0000023207c29fa0, 0x0000023207c2a078]
Event: 3.090 Thread 0x000002327a32ed00 3111       3       java.lang.Class::isLocalOrAnonymousClass (5 bytes)
Event: 3.090 Thread 0x000002327a32ed00 nmethod 3111 0x000002320061ba90 code [0x000002320061bc40, 0x000002320061be38]
Event: 3.090 Thread 0x000002327a32ed00 3112       3       java.lang.Class::hasEnclosingMethodInfo (17 bytes)
Event: 3.090 Thread 0x000002327a32ed00 nmethod 3112 0x000002320061bf10 code [0x000002320061c0c0, 0x000002320061c298]
Event: 3.090 Thread 0x000002327a32ed00 3113       3       com.google.gson.internal.bind.TypeAdapters$31::create (20 bytes)
Event: 3.090 Thread 0x000002327d5f2140 3115       4       jdk.internal.access.SharedSecrets::getJavaLangAccess (4 bytes)
Event: 3.090 Thread 0x000002327a32ed00 nmethod 3113 0x000002320061c390 code [0x000002320061c540, 0x000002320061c6f8]
Event: 3.090 Thread 0x000002327a32ed00 3114       1       com.google.gson.reflect.TypeToken::hashCode (5 bytes)
Event: 3.090 Thread 0x000002327a32ed00 nmethod 3114 0x0000023207c2a110 code [0x0000023207c2a2a0, 0x0000023207c2a378]
Event: 3.090 Thread 0x000002327a32ed00 3116       3       jdk.internal.reflect.ClassFileAssembler::emitConstantPoolClass (23 bytes)
Event: 3.091 Thread 0x000002327d5f2140 nmethod 3115 0x0000023207c2a410 code [0x0000023207c2a580, 0x0000023207c2a5f8]
Event: 3.091 Thread 0x000002327a32ed00 nmethod 3116 0x000002320061c810 code [0x000002320061ca00, 0x000002320061ce68]

GC Heap History (16 events):
Event: 0.831 GC heap before
{Heap before GC invocations=1 (full 0):
 PSYoungGen      total 29696K, used 25600K [0x00000000eab00000, 0x00000000ecc00000, 0x0000000100000000)
  eden space 25600K, 100% used [0x00000000eab00000,0x00000000ec400000,0x00000000ec400000)
  from space 4096K, 0% used [0x00000000ec800000,0x00000000ec800000,0x00000000ecc00000)
  to   space 4096K, 0% used [0x00000000ec400000,0x00000000ec400000,0x00000000ec800000)
 ParOldGen       total 68608K, used 0K [0x00000000c0000000, 0x00000000c4300000, 0x00000000eab00000)
  object space 68608K, 0% used [0x00000000c0000000,0x00000000c0000000,0x00000000c4300000)
 Metaspace       used 4676K, committed 4800K, reserved 1056768K
  class space    used 430K, committed 448K, reserved 1048576K
}
Event: 0.845 GC heap after
{Heap after GC invocations=1 (full 0):
 PSYoungGen      total 29696K, used 3665K [0x00000000eab00000, 0x00000000ecc00000, 0x0000000100000000)
  eden space 25600K, 0% used [0x00000000eab00000,0x00000000eab00000,0x00000000ec400000)
  from space 4096K, 89% used [0x00000000ec400000,0x00000000ec794680,0x00000000ec800000)
  to   space 4096K, 0% used [0x00000000ec800000,0x00000000ec800000,0x00000000ecc00000)
 ParOldGen       total 68608K, used 0K [0x00000000c0000000, 0x00000000c4300000, 0x00000000eab00000)
  object space 68608K, 0% used [0x00000000c0000000,0x00000000c0000000,0x00000000c4300000)
 Metaspace       used 4676K, committed 4800K, reserved 1056768K
  class space    used 430K, committed 448K, reserved 1048576K
}
Event: 1.644 GC heap before
{Heap before GC invocations=2 (full 0):
 PSYoungGen      total 29696K, used 29265K [0x00000000eab00000, 0x00000000ecc00000, 0x0000000100000000)
  eden space 25600K, 100% used [0x00000000eab00000,0x00000000ec400000,0x00000000ec400000)
  from space 4096K, 89% used [0x00000000ec400000,0x00000000ec794680,0x00000000ec800000)
  to   space 4096K, 0% used [0x00000000ec800000,0x00000000ec800000,0x00000000ecc00000)
 ParOldGen       total 68608K, used 0K [0x00000000c0000000, 0x00000000c4300000, 0x00000000eab00000)
  object space 68608K, 0% used [0x00000000c0000000,0x00000000c0000000,0x00000000c4300000)
 Metaspace       used 8394K, committed 8640K, reserved 1056768K
  class space    used 810K, committed 896K, reserved 1048576K
}
Event: 1.650 GC heap after
{Heap after GC invocations=2 (full 0):
 PSYoungGen      total 29696K, used 4093K [0x00000000eab00000, 0x00000000ecc00000, 0x0000000100000000)
  eden space 25600K, 0% used [0x00000000eab00000,0x00000000eab00000,0x00000000ec400000)
  from space 4096K, 99% used [0x00000000ec800000,0x00000000ecbff718,0x00000000ecc00000)
  to   space 4096K, 0% used [0x00000000ec400000,0x00000000ec400000,0x00000000ec800000)
 ParOldGen       total 68608K, used 1941K [0x00000000c0000000, 0x00000000c4300000, 0x00000000eab00000)
  object space 68608K, 2% used [0x00000000c0000000,0x00000000c01e5708,0x00000000c4300000)
 Metaspace       used 8394K, committed 8640K, reserved 1056768K
  class space    used 810K, committed 896K, reserved 1048576K
}
Event: 2.091 GC heap before
{Heap before GC invocations=3 (full 0):
 PSYoungGen      total 29696K, used 29693K [0x00000000eab00000, 0x00000000ecc00000, 0x0000000100000000)
  eden space 25600K, 100% used [0x00000000eab00000,0x00000000ec400000,0x00000000ec400000)
  from space 4096K, 99% used [0x00000000ec800000,0x00000000ecbff718,0x00000000ecc00000)
  to   space 4096K, 0% used [0x00000000ec400000,0x00000000ec400000,0x00000000ec800000)
 ParOldGen       total 68608K, used 1941K [0x00000000c0000000, 0x00000000c4300000, 0x00000000eab00000)
  object space 68608K, 2% used [0x00000000c0000000,0x00000000c01e5708,0x00000000c4300000)
 Metaspace       used 13087K, committed 13440K, reserved 1064960K
  class space    used 1278K, committed 1408K, reserved 1048576K
}
Event: 2.094 GC heap after
{Heap after GC invocations=3 (full 0):
 PSYoungGen      total 29696K, used 4086K [0x00000000eab00000, 0x00000000ecc00000, 0x0000000100000000)
  eden space 25600K, 0% used [0x00000000eab00000,0x00000000eab00000,0x00000000ec400000)
  from space 4096K, 99% used [0x00000000ec400000,0x00000000ec7fd878,0x00000000ec800000)
  to   space 4096K, 0% used [0x00000000ec800000,0x00000000ec800000,0x00000000ecc00000)
 ParOldGen       total 68608K, used 3692K [0x00000000c0000000, 0x00000000c4300000, 0x00000000eab00000)
  object space 68608K, 5% used [0x00000000c0000000,0x00000000c039b018,0x00000000c4300000)
 Metaspace       used 13087K, committed 13440K, reserved 1064960K
  class space    used 1278K, committed 1408K, reserved 1048576K
}
Event: 2.310 GC heap before
{Heap before GC invocations=4 (full 0):
 PSYoungGen      total 29696K, used 29686K [0x00000000eab00000, 0x00000000ecc00000, 0x0000000100000000)
  eden space 25600K, 99% used [0x00000000eab00000,0x00000000ec3ffff8,0x00000000ec400000)
  from space 4096K, 99% used [0x00000000ec400000,0x00000000ec7fd878,0x00000000ec800000)
  to   space 4096K, 0% used [0x00000000ec800000,0x00000000ec800000,0x00000000ecc00000)
 ParOldGen       total 68608K, used 3692K [0x00000000c0000000, 0x00000000c4300000, 0x00000000eab00000)
  object space 68608K, 5% used [0x00000000c0000000,0x00000000c039b018,0x00000000c4300000)
 Metaspace       used 16266K, committed 16768K, reserved 1064960K
  class space    used 1665K, committed 1920K, reserved 1048576K
}
Event: 2.313 GC heap after
{Heap after GC invocations=4 (full 0):
 PSYoungGen      total 29696K, used 4089K [0x00000000eab00000, 0x00000000ecc00000, 0x0000000100000000)
  eden space 25600K, 0% used [0x00000000eab00000,0x00000000eab00000,0x00000000ec400000)
  from space 4096K, 99% used [0x00000000ec800000,0x00000000ecbfe460,0x00000000ecc00000)
  to   space 4096K, 0% used [0x00000000ec400000,0x00000000ec400000,0x00000000ec800000)
 ParOldGen       total 68608K, used 5766K [0x00000000c0000000, 0x00000000c4300000, 0x00000000eab00000)
  object space 68608K, 8% used [0x00000000c0000000,0x00000000c05a1b20,0x00000000c4300000)
 Metaspace       used 16266K, committed 16768K, reserved 1064960K
  class space    used 1665K, committed 1920K, reserved 1048576K
}
Event: 2.425 GC heap before
{Heap before GC invocations=5 (full 0):
 PSYoungGen      total 29696K, used 29689K [0x00000000eab00000, 0x00000000ecc00000, 0x0000000100000000)
  eden space 25600K, 100% used [0x00000000eab00000,0x00000000ec400000,0x00000000ec400000)
  from space 4096K, 99% used [0x00000000ec800000,0x00000000ecbfe460,0x00000000ecc00000)
  to   space 4096K, 0% used [0x00000000ec400000,0x00000000ec400000,0x00000000ec800000)
 ParOldGen       total 68608K, used 5766K [0x00000000c0000000, 0x00000000c4300000, 0x00000000eab00000)
  object space 68608K, 8% used [0x00000000c0000000,0x00000000c05a1b20,0x00000000c4300000)
 Metaspace       used 19839K, committed 20352K, reserved 1073152K
  class space    used 1921K, committed 2176K, reserved 1048576K
}
Event: 2.427 GC heap after
{Heap after GC invocations=5 (full 0):
 PSYoungGen      total 29184K, used 4072K [0x00000000eab00000, 0x00000000ece80000, 0x0000000100000000)
  eden space 25088K, 0% used [0x00000000eab00000,0x00000000eab00000,0x00000000ec380000)
  from space 4096K, 99% used [0x00000000ec400000,0x00000000ec7fa1d8,0x00000000ec800000)
  to   space 5632K, 0% used [0x00000000ec900000,0x00000000ec900000,0x00000000ece80000)
 ParOldGen       total 68608K, used 6462K [0x00000000c0000000, 0x00000000c4300000, 0x00000000eab00000)
  object space 68608K, 9% used [0x00000000c0000000,0x00000000c064fb30,0x00000000c4300000)
 Metaspace       used 19839K, committed 20352K, reserved 1073152K
  class space    used 1921K, committed 2176K, reserved 1048576K
}
Event: 2.463 GC heap before
{Heap before GC invocations=6 (full 0):
 PSYoungGen      total 29184K, used 12652K [0x00000000eab00000, 0x00000000ece80000, 0x0000000100000000)
  eden space 25088K, 34% used [0x00000000eab00000,0x00000000eb3611a8,0x00000000ec380000)
  from space 4096K, 99% used [0x00000000ec400000,0x00000000ec7fa1d8,0x00000000ec800000)
  to   space 5632K, 0% used [0x00000000ec900000,0x00000000ec900000,0x00000000ece80000)
 ParOldGen       total 68608K, used 6462K [0x00000000c0000000, 0x00000000c4300000, 0x00000000eab00000)
  object space 68608K, 9% used [0x00000000c0000000,0x00000000c064fb30,0x00000000c4300000)
 Metaspace       used 21032K, committed 21504K, reserved 1073152K
  class space    used 2019K, committed 2240K, reserved 1048576K
}
Event: 2.466 GC heap after
{Heap after GC invocations=6 (full 0):
 PSYoungGen      total 29696K, used 4202K [0x00000000eab00000, 0x00000000ecd80000, 0x0000000100000000)
  eden space 25088K, 0% used [0x00000000eab00000,0x00000000eab00000,0x00000000ec380000)
  from space 4608K, 91% used [0x00000000ec900000,0x00000000ecd1aa68,0x00000000ecd80000)
  to   space 4608K, 0% used [0x00000000ec480000,0x00000000ec480000,0x00000000ec900000)
 ParOldGen       total 68608K, used 6470K [0x00000000c0000000, 0x00000000c4300000, 0x00000000eab00000)
  object space 68608K, 9% used [0x00000000c0000000,0x00000000c0651b30,0x00000000c4300000)
 Metaspace       used 21032K, committed 21504K, reserved 1073152K
  class space    used 2019K, committed 2240K, reserved 1048576K
}
Event: 2.466 GC heap before
{Heap before GC invocations=7 (full 1):
 PSYoungGen      total 29696K, used 4202K [0x00000000eab00000, 0x00000000ecd80000, 0x0000000100000000)
  eden space 25088K, 0% used [0x00000000eab00000,0x00000000eab00000,0x00000000ec380000)
  from space 4608K, 91% used [0x00000000ec900000,0x00000000ecd1aa68,0x00000000ecd80000)
  to   space 4608K, 0% used [0x00000000ec480000,0x00000000ec480000,0x00000000ec900000)
 ParOldGen       total 68608K, used 6470K [0x00000000c0000000, 0x00000000c4300000, 0x00000000eab00000)
  object space 68608K, 9% used [0x00000000c0000000,0x00000000c0651b30,0x00000000c4300000)
 Metaspace       used 21032K, committed 21504K, reserved 1073152K
  class space    used 2019K, committed 2240K, reserved 1048576K
}
Event: 2.480 GC heap after
{Heap after GC invocations=7 (full 1):
 PSYoungGen      total 29696K, used 0K [0x00000000eab00000, 0x00000000ecd80000, 0x0000000100000000)
  eden space 25088K, 0% used [0x00000000eab00000,0x00000000eab00000,0x00000000ec380000)
  from space 4608K, 0% used [0x00000000ec900000,0x00000000ec900000,0x00000000ecd80000)
  to   space 4608K, 0% used [0x00000000ec480000,0x00000000ec480000,0x00000000ec900000)
 ParOldGen       total 68608K, used 9944K [0x00000000c0000000, 0x00000000c4300000, 0x00000000eab00000)
  object space 68608K, 14% used [0x00000000c0000000,0x00000000c09b6140,0x00000000c4300000)
 Metaspace       used 21019K, committed 21504K, reserved 1073152K
  class space    used 2015K, committed 2240K, reserved 1048576K
}
Event: 2.813 GC heap before
{Heap before GC invocations=8 (full 1):
 PSYoungGen      total 29696K, used 25088K [0x00000000eab00000, 0x00000000ecd80000, 0x0000000100000000)
  eden space 25088K, 100% used [0x00000000eab00000,0x00000000ec380000,0x00000000ec380000)
  from space 4608K, 0% used [0x00000000ec900000,0x00000000ec900000,0x00000000ecd80000)
  to   space 4608K, 0% used [0x00000000ec480000,0x00000000ec480000,0x00000000ec900000)
 ParOldGen       total 68608K, used 9944K [0x00000000c0000000, 0x00000000c4300000, 0x00000000eab00000)
  object space 68608K, 14% used [0x00000000c0000000,0x00000000c09b6140,0x00000000c4300000)
 Metaspace       used 24478K, committed 25088K, reserved 1073152K
  class space    used 2355K, committed 2624K, reserved 1048576K
}
Event: 2.814 GC heap after
{Heap after GC invocations=8 (full 1):
 PSYoungGen      total 26112K, used 1256K [0x00000000eab00000, 0x00000000ec980000, 0x0000000100000000)
  eden space 24576K, 0% used [0x00000000eab00000,0x00000000eab00000,0x00000000ec300000)
  from space 1536K, 81% used [0x00000000ec480000,0x00000000ec5ba1f8,0x00000000ec600000)
  to   space 2560K, 0% used [0x00000000ec700000,0x00000000ec700000,0x00000000ec980000)
 ParOldGen       total 68608K, used 9952K [0x00000000c0000000, 0x00000000c4300000, 0x00000000eab00000)
  object space 68608K, 14% used [0x00000000c0000000,0x00000000c09b8140,0x00000000c4300000)
 Metaspace       used 24478K, committed 25088K, reserved 1073152K
  class space    used 2355K, committed 2624K, reserved 1048576K
}

Deoptimization events (20 events):
Event: 2.883 Thread 0x000002326e97f470 DEOPT PACKING pc=0x0000023207bfef94 sp=0x000000c4530fe570
Event: 2.883 Thread 0x000002326e97f470 DEOPT UNPACKING pc=0x00000232075858a3 sp=0x000000c4530fe520 mode 2
Event: 2.894 Thread 0x000002326e97f470 Uncommon trap: trap_request=0xffffff45 fr.pc=0x0000023207be4c50 relative=0x0000000000001270
Event: 2.894 Thread 0x000002326e97f470 Uncommon trap: reason=unstable_if action=reinterpret pc=0x0000023207be4c50 method=java.util.Properties.loadConvert([CIILjava/lang/StringBuilder;)Ljava/lang/String; @ 463 c2
Event: 2.894 Thread 0x000002326e97f470 DEOPT PACKING pc=0x0000023207be4c50 sp=0x000000c4530f7e10
Event: 2.894 Thread 0x000002326e97f470 DEOPT UNPACKING pc=0x00000232075858a3 sp=0x000000c4530f7dd8 mode 2
Event: 2.961 Thread 0x000002326e97f470 Uncommon trap: trap_request=0xffffff45 fr.pc=0x0000023207c15f6c relative=0x00000000000010ac
Event: 2.961 Thread 0x000002326e97f470 Uncommon trap: reason=unstable_if action=reinterpret pc=0x0000023207c15f6c method=java.util.zip.ZipCoder.hash(Ljava/lang/String;)I @ 23 c2
Event: 2.961 Thread 0x000002326e97f470 DEOPT PACKING pc=0x0000023207c15f6c sp=0x000000c4530fa640
Event: 2.961 Thread 0x000002326e97f470 DEOPT UNPACKING pc=0x00000232075858a3 sp=0x000000c4530fa520 mode 2
Event: 2.961 Thread 0x000002326e97f470 Uncommon trap: trap_request=0xffffff45 fr.pc=0x0000023207c13ea4 relative=0x00000000000008c4
Event: 2.961 Thread 0x000002326e97f470 Uncommon trap: reason=unstable_if action=reinterpret pc=0x0000023207c13ea4 method=java.util.zip.ZipCoder.hash(Ljava/lang/String;)I @ 23 c2
Event: 2.961 Thread 0x000002326e97f470 DEOPT PACKING pc=0x0000023207c13ea4 sp=0x000000c4530fa5b0
Event: 2.961 Thread 0x000002326e97f470 DEOPT UNPACKING pc=0x00000232075858a3 sp=0x000000c4530fa510 mode 2
Event: 2.961 Thread 0x000002326e97f470 Uncommon trap: trap_request=0xffffff45 fr.pc=0x0000023207c05a6c relative=0x00000000000001cc
Event: 2.961 Thread 0x000002326e97f470 Uncommon trap: reason=unstable_if action=reinterpret pc=0x0000023207c05a6c method=java.util.zip.ZipCoder.hash(Ljava/lang/String;)I @ 23 c2
Event: 2.961 Thread 0x000002326e97f470 DEOPT PACKING pc=0x0000023207c05a6c sp=0x000000c4530fa570
Event: 2.961 Thread 0x000002326e97f470 DEOPT UNPACKING pc=0x00000232075858a3 sp=0x000000c4530fa508 mode 2
Event: 2.962 Thread 0x000002326e97f470 DEOPT PACKING pc=0x000002320040f23c sp=0x000000c4530fccb0
Event: 2.962 Thread 0x000002326e97f470 DEOPT UNPACKING pc=0x00000232075863e3 sp=0x000000c4530fc268 mode 0

Classes unloaded (7 events):
Event: 2.469 Thread 0x000002327a2f91d0 Unloading class 0x0000000800d66400 'java/lang/invoke/LambdaForm$MH+0x0000000800d66400'
Event: 2.469 Thread 0x000002327a2f91d0 Unloading class 0x0000000800d66000 'java/lang/invoke/LambdaForm$MH+0x0000000800d66000'
Event: 2.469 Thread 0x000002327a2f91d0 Unloading class 0x0000000800d65c00 'java/lang/invoke/LambdaForm$MH+0x0000000800d65c00'
Event: 2.469 Thread 0x000002327a2f91d0 Unloading class 0x0000000800d65800 'java/lang/invoke/LambdaForm$MH+0x0000000800d65800'
Event: 2.469 Thread 0x000002327a2f91d0 Unloading class 0x0000000800d65000 'java/lang/invoke/LambdaForm$BMH+0x0000000800d65000'
Event: 2.469 Thread 0x000002327a2f91d0 Unloading class 0x0000000800d64c00 'java/lang/invoke/LambdaForm$DMH+0x0000000800d64c00'
Event: 2.469 Thread 0x000002327a2f91d0 Unloading class 0x0000000800d62000 'java/lang/invoke/LambdaForm$DMH+0x0000000800d62000'

Classes redefined (0 events):
No events

Internal exceptions (20 events):
Event: 2.316 Thread 0x000002327a31fb00 Exception <a 'java/io/FileNotFoundException'{0x00000000eab8c2c0}> (0x00000000eab8c2c0) 
thrown [s\open\src\hotspot\share\prims\jni.cpp, line 516]
Event: 2.536 Thread 0x000002327a31ffd0 Exception <a 'java/lang/ClassNotFoundException'{0x00000000eb972b68}: com/sun/org/apache/xerces/internal/impl/msg/spi/DOMMessagesProvider> (0x00000000eb972b68) 
thrown [s\open\src\hotspot\share\classfile\systemDictionary.cpp, line 256]
Event: 2.538 Thread 0x000002327a31ffd0 Exception <a 'java/lang/ClassNotFoundException'{0x00000000eb98a1e0}: com/sun/org/apache/xerces/internal/impl/msg/spi/XMLSerializerMessagesProvider> (0x00000000eb98a1e0) 
thrown [s\open\src\hotspot\share\classfile\systemDictionary.cpp, line 256]
Event: 2.538 Thread 0x000002327a31ffd0 Exception <a 'java/lang/ClassNotFoundException'{0x00000000eb995228}: com/sun/org/apache/xerces/internal/impl/msg/spi/XMLMessagesProvider> (0x00000000eb995228) 
thrown [s\open\src\hotspot\share\classfile\systemDictionary.cpp, line 256]
Event: 2.553 Thread 0x000002327a31ffd0 Exception <a 'java/lang/NoSuchMethodError'{0x00000000eba5fad8}: 'void java.lang.invoke.DirectMethodHandle$Holder.invokeVirtual(java.lang.Object, java.lang.Object)'> (0x00000000eba5fad8) 
thrown [s\open\src\hotspot\share\interpreter\linkResolver.cpp, line 759]
Event: 2.567 Thread 0x000002327a31ffd0 Exception <a 'java/lang/NoSuchMethodError'{0x00000000ebbac228}: 'java.lang.Object java.lang.invoke.DirectMethodHandle$Holder.invokeStaticInit(java.lang.Object, int, int, int, int)'> (0x00000000ebbac228) 
thrown [s\open\src\hotspot\share\interpreter\linkResolver.cpp, line 759]
Event: 2.701 Thread 0x000002327a31ffd0 Exception <a 'java/lang/NoSuchMethodError'{0x00000000ebc75240}: 'java.lang.Object java.lang.invoke.DirectMethodHandle$Holder.invokeStaticInit(java.lang.Object, java.lang.Object, int, int, int, int)'> (0x00000000ebc75240) 
thrown [s\open\src\hotspot\share\interpreter\linkResolver.cpp, line 759]
Event: 2.742 Thread 0x000002327a31ffd0 Exception <a 'java/lang/ClassNotFoundException'{0x00000000ebfda3f8}: com/sun/org/apache/xml/internal/serializer/spi/XMLEntitiesProvider> (0x00000000ebfda3f8) 
thrown [s\open\src\hotspot\share\classfile\systemDictionary.cpp, line 256]
Event: 2.807 Thread 0x000002327a31ffd0 Exception <a 'java/io/FileNotFoundException'{0x00000000ec2fe1b8}> (0x00000000ec2fe1b8) 
thrown [s\open\src\hotspot\share\prims\jni.cpp, line 516]
Event: 2.859 Thread 0x000002327a31ffd0 Exception <a 'java/lang/UnsatisfiedLinkError'{0x00000000ead3a658}: The specified procedure could not be found.
> (0x00000000ead3a658) 
thrown [s\open\src\hotspot\share\prims\jni.cpp, line 535]
Event: 2.861 Thread 0x000002327a31ffd0 Exception <a 'java/io/FileNotFoundException'{0x00000000ead5d5a8}> (0x00000000ead5d5a8) 
thrown [s\open\src\hotspot\share\prims\jni.cpp, line 516]
Event: 2.866 Thread 0x000002327a31ffd0 Exception <a 'java/io/FileNotFoundException'{0x00000000eadd0208}> (0x00000000eadd0208) 
thrown [s\open\src\hotspot\share\prims\jni.cpp, line 516]
Event: 2.873 Thread 0x000002327a31ffd0 Exception <a 'java/lang/UnsatisfiedLinkError'{0x00000000eae5c4e0}: The specified procedure could not be found.
> (0x00000000eae5c4e0) 
thrown [s\open\src\hotspot\share\prims\jni.cpp, line 535]
Event: 2.922 Thread 0x000002326e97f470 Exception <a 'java/lang/NoSuchMethodError'{0x00000000eb21e0d8}: 'java.lang.Object java.lang.invoke.DirectMethodHandle$Holder.invokeStatic(java.lang.Object, java.lang.Object, long, java.lang.Object)'> (0x00000000eb21e0d8) 
thrown [s\open\src\hotspot\share\interpreter\linkResolver.cpp, line 759]
Event: 2.922 Thread 0x000002326e97f470 Exception <a 'java/lang/NoSuchMethodError'{0x00000000eb221b70}: 'java.lang.Object java.lang.invoke.DirectMethodHandle$Holder.invokeStaticInit(java.lang.Object, java.lang.Object, long, java.lang.Object)'> (0x00000000eb221b70) 
thrown [s\open\src\hotspot\share\interpreter\linkResolver.cpp, line 759]
Event: 2.923 Thread 0x000002326e97f470 Exception <a 'java/lang/NoSuchMethodError'{0x00000000eb2283d8}: 'java.lang.Object java.lang.invoke.DirectMethodHandle$Holder.newInvokeSpecial(java.lang.Object, java.lang.Object, long)'> (0x00000000eb2283d8) 
thrown [s\open\src\hotspot\share\interpreter\linkResolver.cpp, line 759]
Event: 2.923 Thread 0x000002326e97f470 Exception <a 'java/lang/NoSuchMethodError'{0x00000000eb22be18}: 'java.lang.Object java.lang.invoke.Invokers$Holder.linkToTargetMethod(java.lang.Object, long, java.lang.Object)'> (0x00000000eb22be18) 
thrown [s\open\src\hotspot\share\interpreter\linkResolver.cpp, line 759]
Event: 2.946 Thread 0x000002326e97f470 Exception <a 'java/lang/NoSuchMethodError'{0x00000000eb3c9a98}: 'void java.lang.invoke.DirectMethodHandle$Holder.invokeStatic(java.lang.Object, java.lang.Object, java.lang.Object, java.lang.Object)'> (0x00000000eb3c9a98) 
thrown [s\open\src\hotspot\share\interpreter\linkResolver.cpp, line 759]
Event: 3.035 Thread 0x000002326e97f470 Exception <a 'java/lang/NoSuchMethodError'{0x00000000ebd91910}: 'void java.lang.invoke.DirectMethodHandle$Holder.invokeSpecial(java.lang.Object, java.lang.Object, java.lang.Object, java.lang.Object, java.lang.Object, java.lang.Object)'> (0x00000000ebd91910) 
thrown [s\open\src\hotspot\share\interpreter\linkResolver.cpp, line 759]
Event: 3.036 Thread 0x000002326e97f470 Exception <a 'java/lang/IncompatibleClassChangeError'{0x00000000ebd9d910}: Found class java.lang.Object, but interface was expected> (0x00000000ebd9d910) 
thrown [s\open\src\hotspot\share\interpreter\linkResolver.cpp, line 826]

VM Operations (20 events):
Event: 2.310 Executing VM operation: ParallelGCFailedAllocation
Event: 2.313 Executing VM operation: ParallelGCFailedAllocation done
Event: 2.425 Executing VM operation: ParallelGCFailedAllocation
Event: 2.427 Executing VM operation: ParallelGCFailedAllocation done
Event: 2.463 Executing VM operation: CollectForMetadataAllocation
Event: 2.480 Executing VM operation: CollectForMetadataAllocation done
Event: 2.560 Executing VM operation: HandshakeAllThreads
Event: 2.560 Executing VM operation: HandshakeAllThreads done
Event: 2.698 Executing VM operation: HandshakeAllThreads
Event: 2.698 Executing VM operation: HandshakeAllThreads done
Event: 2.769 Executing VM operation: HandshakeAllThreads
Event: 2.769 Executing VM operation: HandshakeAllThreads done
Event: 2.813 Executing VM operation: ParallelGCFailedAllocation
Event: 2.814 Executing VM operation: ParallelGCFailedAllocation done
Event: 2.852 Executing VM operation: HandshakeAllThreads
Event: 2.853 Executing VM operation: HandshakeAllThreads done
Event: 2.962 Executing VM operation: HandshakeAllThreads
Event: 2.962 Executing VM operation: HandshakeAllThreads done
Event: 3.081 Executing VM operation: HandshakeAllThreads
Event: 3.081 Executing VM operation: HandshakeAllThreads done

Events (20 events):
Event: 2.964 loading class sun/reflect/generics/tree/Wildcard done
Event: 2.964 loading class sun/reflect/generics/reflectiveObjects/WildcardTypeImpl
Event: 2.965 loading class java/lang/reflect/WildcardType
Event: 2.965 loading class java/lang/reflect/WildcardType done
Event: 2.965 loading class sun/reflect/generics/reflectiveObjects/WildcardTypeImpl done
Event: 2.991 loading class sun/reflect/generics/tree/ArrayTypeSignature
Event: 2.991 loading class sun/reflect/generics/tree/ArrayTypeSignature done
Event: 2.993 loading class sun/reflect/generics/tree/BooleanSignature
Event: 2.993 loading class sun/reflect/generics/tree/BooleanSignature done
Event: 3.021 loading class java/util/concurrent/atomic/AtomicIntegerArray
Event: 3.021 loading class java/util/concurrent/atomic/AtomicIntegerArray done
Event: 3.021 loading class java/util/Currency
Event: 3.022 loading class java/util/Currency done
Event: 3.024 loading class java/util/concurrent/atomic/AtomicLongArray
Event: 3.024 loading class java/util/concurrent/atomic/AtomicLongArray done
Event: 3.051 Thread 0x000002327e1ec960 Thread added: 0x000002327e1ec960
Event: 3.080 loading class sun/reflect/generics/repository/FieldRepository
Event: 3.080 loading class sun/reflect/generics/repository/FieldRepository done
Event: 3.087 loading class jdk/internal/reflect/UnsafeQualifiedIntegerFieldAccessorImpl
Event: 3.087 loading class jdk/internal/reflect/UnsafeQualifiedIntegerFieldAccessorImpl done


Dynamic libraries:
0x00007ff603d50000 - 0x00007ff603d60000 	C:\Program Files\Java\jdk-17\bin\java.exe
0x00007ff9fd350000 - 0x00007ff9fd564000 	C:\WINDOWS\SYSTEM32\ntdll.dll
0x00007ff9fb720000 - 0x00007ff9fb7e2000 	C:\WINDOWS\System32\KERNEL32.DLL
0x00007ff9fa8f0000 - 0x00007ff9fac8c000 	C:\WINDOWS\System32\KERNELBASE.dll
0x00007ff9faed0000 - 0x00007ff9fafe1000 	C:\WINDOWS\System32\ucrtbase.dll
0x00007ff9ee770000 - 0x00007ff9ee78b000 	C:\Program Files\Java\jdk-17\bin\VCRUNTIME140.dll
0x00007ff9f6900000 - 0x00007ff9f6918000 	C:\Program Files\Java\jdk-17\bin\jli.dll
0x00007ff9fc860000 - 0x00007ff9fc90e000 	C:\WINDOWS\System32\ADVAPI32.dll
0x00007ff9fbd50000 - 0x00007ff9fbdf7000 	C:\WINDOWS\System32\msvcrt.dll
0x00007ff9fbc90000 - 0x00007ff9fbd34000 	C:\WINDOWS\System32\sechost.dll
0x00007ff9fbe20000 - 0x00007ff9fbf37000 	C:\WINDOWS\System32\RPCRT4.dll
0x00007ff9fce40000 - 0x00007ff9fcfeb000 	C:\WINDOWS\System32\USER32.dll
0x00007ff9fa800000 - 0x00007ff9fa826000 	C:\WINDOWS\System32\win32u.dll
0x00007ff9fd2e0000 - 0x00007ff9fd309000 	C:\WINDOWS\System32\GDI32.dll
0x00007ff9fad10000 - 0x00007ff9fae23000 	C:\WINDOWS\System32\gdi32full.dll
0x00007ff9fae30000 - 0x00007ff9faeca000 	C:\WINDOWS\System32\msvcp_win.dll
0x00007ff9d5c00000 - 0x00007ff9d5e8e000 	C:\WINDOWS\WinSxS\amd64_microsoft.windows.common-controls_6595b64144ccf1df_6.0.22621.608_none_a9444ca7c10bb01d\COMCTL32.dll
0x00007ff9f7f70000 - 0x00007ff9f7f7a000 	C:\WINDOWS\SYSTEM32\VERSION.dll
0x00007ff9fc730000 - 0x00007ff9fc761000 	C:\WINDOWS\System32\IMM32.DLL
0x00007ff9f6e70000 - 0x00007ff9f6e7c000 	C:\Program Files\Java\jdk-17\bin\vcruntime140_1.dll
0x00007ff9d4c60000 - 0x00007ff9d4cee000 	C:\Program Files\Java\jdk-17\bin\msvcp140.dll
0x00007ff96ec00000 - 0x00007ff96f7d7000 	C:\Program Files\Java\jdk-17\bin\server\jvm.dll
0x00007ff9fc850000 - 0x00007ff9fc858000 	C:\WINDOWS\System32\PSAPI.DLL
0x00007ff9cd780000 - 0x00007ff9cd789000 	C:\WINDOWS\SYSTEM32\WSOCK32.dll
0x00007ff9f1410000 - 0x00007ff9f1444000 	C:\WINDOWS\SYSTEM32\WINMM.dll
0x00007ff9fb6a0000 - 0x00007ff9fb711000 	C:\WINDOWS\System32\WS2_32.dll
0x00007ff9f9860000 - 0x00007ff9f9878000 	C:\WINDOWS\SYSTEM32\kernel.appcore.dll
0x00007ff9f5390000 - 0x00007ff9f539a000 	C:\Program Files\Java\jdk-17\bin\jimage.dll
0x00007ff9f7ce0000 - 0x00007ff9f7f0e000 	C:\WINDOWS\SYSTEM32\DBGHELP.DLL
0x00007ff9fb160000 - 0x00007ff9fb4e9000 	C:\WINDOWS\System32\combase.dll
0x00007ff9fc770000 - 0x00007ff9fc847000 	C:\WINDOWS\System32\OLEAUT32.dll
0x00007ff9cd850000 - 0x00007ff9cd882000 	C:\WINDOWS\SYSTEM32\dbgcore.DLL
0x00007ff9fac90000 - 0x00007ff9fad0b000 	C:\WINDOWS\System32\bcryptPrimitives.dll
0x00007ff9f4aa0000 - 0x00007ff9f4aae000 	C:\Program Files\Java\jdk-17\bin\instrument.dll
0x00007ff9dd3b0000 - 0x00007ff9dd3d5000 	C:\Program Files\Java\jdk-17\bin\java.dll
0x00007ff997800000 - 0x00007ff9978d7000 	C:\Program Files\Java\jdk-17\bin\jsvml.dll
0x00007ff9fbf40000 - 0x00007ff9fc730000 	C:\WINDOWS\System32\SHELL32.dll
0x00007ff9f87a0000 - 0x00007ff9f906d000 	C:\WINDOWS\SYSTEM32\windows.storage.dll
0x00007ff9f8660000 - 0x00007ff9f879e000 	C:\WINDOWS\SYSTEM32\wintypes.dll
0x00007ff9fcff0000 - 0x00007ff9fd0e1000 	C:\WINDOWS\System32\SHCORE.dll
0x00007ff9fcc10000 - 0x00007ff9fcc6e000 	C:\WINDOWS\System32\shlwapi.dll
0x00007ff9fa6c0000 - 0x00007ff9fa6e1000 	C:\WINDOWS\SYSTEM32\profapi.dll
0x00007ff9dd1e0000 - 0x00007ff9dd1f8000 	C:\Program Files\Java\jdk-17\bin\zip.dll
0x00007ff9ee0e0000 - 0x00007ff9ee0f9000 	C:\Program Files\Java\jdk-17\bin\net.dll
0x00007ff9f47c0000 - 0x00007ff9f48f7000 	C:\WINDOWS\SYSTEM32\WINHTTP.dll
0x00007ff9f9d40000 - 0x00007ff9f9da9000 	C:\WINDOWS\system32\mswsock.dll
0x00007ff9dd2a0000 - 0x00007ff9dd2b6000 	C:\Program Files\Java\jdk-17\bin\nio.dll
0x00007ff9f22f0000 - 0x00007ff9f2300000 	C:\Program Files\Java\jdk-17\bin\verify.dll
0x00007ff9da500000 - 0x00007ff9da53e000 	C:\Users\nat24\AppData\Roaming\Code\User\globalStorage\redhat.java\1.16.0\config_win\org.eclipse.equinox.launcher\org.eclipse.equinox.launcher.win32.win32.x86_64_1.2.700.v20221108-1024\eclipse_11801.dll
0x00007ff9fca60000 - 0x00007ff9fcbfc000 	C:\WINDOWS\System32\ole32.dll
0x00007ff9f9fa0000 - 0x00007ff9f9fbb000 	C:\WINDOWS\SYSTEM32\CRYPTSP.dll
0x00007ff9f97c0000 - 0x00007ff9f97f5000 	C:\WINDOWS\system32\rsaenh.dll
0x00007ff9f9e40000 - 0x00007ff9f9e68000 	C:\WINDOWS\SYSTEM32\USERENV.dll
0x00007ff9fa160000 - 0x00007ff9fa188000 	C:\WINDOWS\SYSTEM32\bcrypt.dll
0x00007ff9f9fc0000 - 0x00007ff9f9fcc000 	C:\WINDOWS\SYSTEM32\CRYPTBASE.dll
0x00007ff9f9350000 - 0x00007ff9f937d000 	C:\WINDOWS\SYSTEM32\IPHLPAPI.DLL
0x00007ff9fcc00000 - 0x00007ff9fcc09000 	C:\WINDOWS\System32\NSI.dll
0x00007ff9f1f50000 - 0x00007ff9f1f69000 	C:\WINDOWS\SYSTEM32\dhcpcsvc6.DLL
0x00007ff9f1ac0000 - 0x00007ff9f1adf000 	C:\WINDOWS\SYSTEM32\dhcpcsvc.DLL
0x00007ff9f93f0000 - 0x00007ff9f94e3000 	C:\WINDOWS\SYSTEM32\DNSAPI.dll
0x00007ff9e5fe0000 - 0x00007ff9e6025000 	C:\Users\nat24\AppData\Local\Temp\jna-104590115\jna6747482330161216383.dll

dbghelp: loaded successfully - version: 4.0.5 - missing functions: none
symbol engine: initialized successfully - sym options: 0x614 - pdb path: .;C:\Program Files\Java\jdk-17\bin;C:\WINDOWS\SYSTEM32;C:\WINDOWS\WinSxS\amd64_microsoft.windows.common-controls_6595b64144ccf1df_6.0.22621.608_none_a9444ca7c10bb01d;C:\Program Files\Java\jdk-17\bin\server;C:\Users\nat24\AppData\Roaming\Code\User\globalStorage\redhat.java\1.16.0\config_win\org.eclipse.equinox.launcher\org.eclipse.equinox.launcher.win32.win32.x86_64_1.2.700.v20221108-1024;C:\Users\nat24\AppData\Local\Temp\jna-104590115

VM Arguments:
jvm_args: --add-modules=ALL-SYSTEM --add-opens=java.base/java.util=ALL-UNNAMED --add-opens=java.base/java.lang=ALL-UNNAMED --add-opens=java.base/sun.nio.fs=ALL-UNNAMED -Declipse.application=org.eclipse.jdt.ls.core.id1 -Dosgi.bundles.defaultStartLevel=4 -Declipse.product=org.eclipse.jdt.ls.core.product -Djava.import.generatesMetadataFilesAtProjectRoot=false -Dfile.encoding=utf8 -XX:+UseParallelGC -XX:GCTimeRatio=4 -XX:AdaptiveSizePolicyWeight=90 -Dsun.zip.disableMemoryMapping=true -Xmx1G -Xms100m -Xlog:disable -javaagent:c:\Users\nat24\.vscode\extensions\redhat.java-1.16.0-win32-x64\lombok\lombok-1.18.24.jar -XX:+HeapDumpOnOutOfMemoryError -XX:HeapDumpPath=c:\Users\nat24\AppData\Roaming\Code\User\workspaceStorage\7ee068461fea0a2cbf1ecac1b635f22a\redhat.java 
java_command: c:\Users\nat24\.vscode\extensions\redhat.java-1.16.0-win32-x64\server\plugins\org.eclipse.equinox.launcher_1.6.400.v20210924-0641.jar -configuration c:\Users\nat24\AppData\Roaming\Code\User\globalStorage\redhat.java\1.16.0\config_win -data c:\Users\nat24\AppData\Roaming\Code\User\workspaceStorage\7ee068461fea0a2cbf1ecac1b635f22a\redhat.java\jdt_ws
java_class_path (initial): c:\Users\nat24\.vscode\extensions\redhat.java-1.16.0-win32-x64\server\plugins\org.eclipse.equinox.launcher_1.6.400.v20210924-0641.jar
Launcher Type: SUN_STANDARD

[Global flags]
    uintx AdaptiveSizePolicyWeight                 = 90                                        {product} {command line}
     intx CICompilerCount                          = 4                                         {product} {ergonomic}
    uintx GCTimeRatio                              = 4                                         {product} {command line}
     bool HeapDumpOnOutOfMemoryError               = true                                   {manageable} {command line}
    ccstr HeapDumpPath                             = c:\Users\nat24\AppData\Roaming\Code\User\workspaceStorage\7ee068461fea0a2cbf1ecac1b635f22a\redhat.java         {manageable} {command line}
   size_t InitialHeapSize                          = 104857600                                 {product} {command line}
   size_t MaxHeapSize                              = 1073741824                                {product} {command line}
   size_t MaxNewSize                               = 357564416                                 {product} {ergonomic}
   size_t MinHeapDeltaBytes                        = 524288                                    {product} {ergonomic}
   size_t MinHeapSize                              = 104857600                                 {product} {command line}
   size_t NewSize                                  = 34603008                                  {product} {ergonomic}
    uintx NonNMethodCodeHeapSize                   = 5839372                                {pd product} {ergonomic}
    uintx NonProfiledCodeHeapSize                  = 122909434                              {pd product} {ergonomic}
   size_t OldSize                                  = 70254592                                  {product} {ergonomic}
    uintx ProfiledCodeHeapSize                     = 122909434                              {pd product} {ergonomic}
    uintx ReservedCodeCacheSize                    = 251658240                              {pd product} {ergonomic}
     bool SegmentedCodeCache                       = true                                      {product} {ergonomic}
   size_t SoftMaxHeapSize                          = 1073741824                             {manageable} {ergonomic}
     bool UseCompressedClassPointers               = true                           {product lp64_product} {ergonomic}
     bool UseCompressedOops                        = true                           {product lp64_product} {ergonomic}
     bool UseLargePagesIndividualAllocation        = false                                  {pd product} {ergonomic}
     bool UseParallelGC                            = true                                      {product} {command line}

Logging:
Log output configuration:
 #0: stdout all=off uptime,level,tags
 #1: stderr all=off uptime,level,tags

Environment Variables:
CLASSPATH=C:\Users\nat24\eclipse-workspace
PATH=C:\Program Files\Common Files\Oracle\Java\javapath;C:\Python310\Scripts\;C:\Python310\;C:\WINDOWS\system32;C:\WINDOWS;C:\WINDOWS\System32\Wbem;C:\WINDOWS\System32\WindowsPowerShell\v1.0\;C:\WINDOWS\System32\OpenSSH\;C:\Program Files\nodejs\;C:\ProgramData\chocolatey\bin;C:\Program Files\Git\cmd;C:\Program Files\PuTTY\;C:\Users\nat24\AppData\Local\Microsoft\WindowsApps;C:\Users\nat24\AppData\Roaming\npm;C:\Users\nat24\eclipse-workspace\Assignment_1\bin;C:\Users\nat24\AppData\Local\Programs\Microsoft VS Code\bin;
USERNAME=nat24
OS=Windows_NT
PROCESSOR_IDENTIFIER=Intel64 Family 6 Model 140 Stepping 1, GenuineIntel



---------------  S Y S T E M  ---------------

OS:
 Windows 11 , 64 bit Build 22621 (10.0.22621.1485)
OS uptime: 0 days 13:04 hours

CPU: total 8 (initial active 8) (4 cores per cpu, 2 threads per core) family 6 model 140 stepping 1 microcode 0xa6, cx8, cmov, fxsr, ht, mmx, 3dnowpref, sse, sse2, sse3, ssse3, sse4.1, sse4.2, popcnt, lzcnt, tsc, tscinvbit, avx, avx2, aes, erms, clmul, bmi1, bmi2, adx, avx512f, avx512dq, avx512cd, avx512bw, avx512vl, sha, fma, vzeroupper, avx512_vpopcntdq, avx512_vpclmulqdq, avx512_vaes, avx512_vnni, clflush, clflushopt, clwb, avx512_vbmi2, avx512_vbmi

Memory: 4k page, system-wide physical 16064M (2606M free)
TotalPageFile size 65216M (AvailPageFile size 1M)
current process WorkingSet (physical memory assigned to process): 150M, peak: 150M
current process commit charge ("private bytes"): 258M, peak: 259M

vm_info: Java HotSpot(TM) 64-Bit Server VM (17.0.6+9-LTS-190) for windows-amd64 JRE (17.0.6+9-LTS-190), built on Dec  6 2022 15:53:54 by "mach5one" with MS VC++ 17.1 (VS2022)

END.
