#
# There is insufficient memory for the Java Runtime Environment to continue.
# Native memory allocation (mmap) failed to map 65536 bytes for Failed to commit metaspace.
# Possible reasons:
#   The system is out of physical RAM or swap space
#   The process is running with CompressedOops enabled, and the Java Heap may be blocking the growth of the native heap
# Possible solutions:
#   Reduce memory load on the system
#   Increase physical memory or swap space
#   Check if swap backing store is full
#   Decrease Java heap size (-Xmx/-Xms)
#   Decrease number of Java threads
#   Decrease Java thread stack sizes (-Xss)
#   Set larger code cache with -XX:ReservedCodeCacheSize=
#   JVM is running with Unscaled Compressed Oops mode in which the Java heap is
#     placed in the first 4GB address space. The Java Heap base address is the
#     maximum limit for the native heap growth. Please use -XX:HeapBaseMinAddress
#     to set the Java Heap base and to place the Java Heap above 4GB virtual address.
# This output file may be truncated or incomplete.
#
#  Out of Memory Error (virtualSpaceNode.cpp:110), pid=10744, tid=4984
#
# JRE version: Java(TM) SE Runtime Environment (17.0.6+9) (build 17.0.6+9-LTS-190)
# Java VM: Java HotSpot(TM) 64-Bit Server VM (17.0.6+9-LTS-190, mixed mode, sharing, tiered, compressed oops, compressed class ptrs, parallel gc, windows-amd64)
# No core dump will be written. Minidumps are not enabled by default on client versions of Windows
#

---------------  S U M M A R Y ------------

Command Line: --add-modules=ALL-SYSTEM --add-opens=java.base/java.util=ALL-UNNAMED --add-opens=java.base/java.lang=ALL-UNNAMED --add-opens=java.base/sun.nio.fs=ALL-UNNAMED -Declipse.application=org.eclipse.jdt.ls.core.id1 -Dosgi.bundles.defaultStartLevel=4 -Declipse.product=org.eclipse.jdt.ls.core.product -Djava.import.generatesMetadataFilesAtProjectRoot=false -Dfile.encoding=utf8 -XX:+UseParallelGC -XX:GCTimeRatio=4 -XX:AdaptiveSizePolicyWeight=90 -Dsun.zip.disableMemoryMapping=true -Xmx1G -Xms100m -Xlog:disable -javaagent:c:\Users\nat24\.vscode\extensions\redhat.java-1.16.0-win32-x64\lombok\lombok-1.18.24.jar -XX:+HeapDumpOnOutOfMemoryError -XX:HeapDumpPath=c:\Users\nat24\AppData\Roaming\Code\User\workspaceStorage\7ee068461fea0a2cbf1ecac1b635f22a\redhat.java c:\Users\nat24\.vscode\extensions\redhat.java-1.16.0-win32-x64\server\plugins\org.eclipse.equinox.launcher_1.6.400.v20210924-0641.jar -configuration c:\Users\nat24\AppData\Roaming\Code\User\globalStorage\redhat.java\1.16.0\config_win -data c:\Users\nat24\AppData\Roaming\Code\User\workspaceStorage\7ee068461fea0a2cbf1ecac1b635f22a\redhat.java\jdt_ws

Host: 11th Gen Intel(R) Core(TM) i7-1165G7 @ 2.80GHz, 8 cores, 15G,  Windows 11 , 64 bit Build 22621 (10.0.22621.1485)
Time: Thu Apr 13 11:59:27 2023 AUS Eastern Standard Time elapsed time: 0.386776 seconds (0d 0h 0m 0s)

---------------  T H R E A D  ---------------

Current thread (0x000001f9c9004c80):  JavaThread "main" [_thread_in_vm, id=4984, stack(0x00000038df400000,0x00000038df500000)]

Stack: [0x00000038df400000,0x00000038df500000]
Native frames: (J=compiled Java code, j=interpreted, Vv=VM code, C=native code)
V  [jvm.dll+0x6734ea]
V  [jvm.dll+0x7d18f4]
V  [jvm.dll+0x7d309e]
V  [jvm.dll+0x7d3703]
V  [jvm.dll+0x2433c5]
V  [jvm.dll+0x7cd9fb]
V  [jvm.dll+0x619546]
V  [jvm.dll+0x6195aa]
V  [jvm.dll+0x61bdcd]
V  [jvm.dll+0x619f06]
V  [jvm.dll+0x240e9c]
V  [jvm.dll+0x6c995d]
V  [jvm.dll+0x6ca35f]
V  [jvm.dll+0x36b265]
V  [jvm.dll+0x36a442]
V  [jvm.dll+0x36a3e8]
V  [jvm.dll+0x37a0ea]
C  0x000001f9d7dcb057

Java frames: (J=compiled Java code, j=interpreted, Vv=VM code)
j  java.lang.Class.privateGetPublicMethods()[Ljava/lang/reflect/Method;+20 java.base@17.0.6
j  java.lang.Class.getMethods()[Ljava/lang/reflect/Method;+19 java.base@17.0.6
j  java.lang.reflect.Proxy$ProxyBuilder.referencedTypes(Ljava/lang/ClassLoader;Ljava/util/List;)Ljava/util/Set;+37 java.base@17.0.6
j  java.lang.reflect.Proxy$ProxyBuilder.<init>(Ljava/lang/ClassLoader;Ljava/util/List;)V+67 java.base@17.0.6
j  java.lang.reflect.Proxy$ProxyBuilder.<init>(Ljava/lang/ClassLoader;Ljava/lang/Class;)V+6 java.base@17.0.6
j  java.lang.reflect.Proxy.lambda$getProxyConstructor$0(Ljava/lang/ClassLoader;Ljdk/internal/loader/AbstractClassLoaderValue$Sub;)Ljava/lang/reflect/Constructor;+12 java.base@17.0.6
j  java.lang.reflect.Proxy$$Lambda$33+0x0000000800c285c8.apply(Ljava/lang/Object;Ljava/lang/Object;)Ljava/lang/Object;+8 java.base@17.0.6
j  jdk.internal.loader.AbstractClassLoaderValue$Memoizer.get()Ljava/lang/Object;+75 java.base@17.0.6
j  jdk.internal.loader.AbstractClassLoaderValue.computeIfAbsent(Ljava/lang/ClassLoader;Ljava/util/function/BiFunction;)Ljava/lang/Object;+63 java.base@17.0.6
j  java.lang.reflect.Proxy.getProxyConstructor(Ljava/lang/Class;Ljava/lang/ClassLoader;[Ljava/lang/Class;)Ljava/lang/reflect/Constructor;+40 java.base@17.0.6
j  java.lang.reflect.Proxy.newProxyInstance(Ljava/lang/ClassLoader;[Ljava/lang/Class;Ljava/lang/reflect/InvocationHandler;)Ljava/lang/Object;+22 java.base@17.0.6
j  sun.reflect.annotation.AnnotationParser$1.run()Ljava/lang/annotation/Annotation;+33 java.base@17.0.6
j  sun.reflect.annotation.AnnotationParser$1.run()Ljava/lang/Object;+1 java.base@17.0.6
j  java.security.AccessController.executePrivileged(Ljava/security/PrivilegedAction;Ljava/security/AccessControlContext;Ljava/lang/Class;)Ljava/lang/Object;+29 java.base@17.0.6
j  java.security.AccessController.doPrivileged(Ljava/security/PrivilegedAction;)Ljava/lang/Object;+5 java.base@17.0.6
j  sun.reflect.annotation.AnnotationParser.annotationForMap(Ljava/lang/Class;Ljava/util/Map;)Ljava/lang/annotation/Annotation;+9 java.base@17.0.6
j  sun.reflect.annotation.AnnotationParser.parseAnnotation2(Ljava/nio/ByteBuffer;Ljdk/internal/reflect/ConstantPool;Ljava/lang/Class;Z[Ljava/lang/Class;)Ljava/lang/annotation/Annotation;+267 java.base@17.0.6
j  sun.reflect.annotation.AnnotationParser.parseAnnotations2([BLjdk/internal/reflect/ConstantPool;Ljava/lang/Class;[Ljava/lang/Class;)Ljava/util/Map;+41 java.base@17.0.6
j  sun.reflect.annotation.AnnotationParser.parseSelectAnnotations([BLjdk/internal/reflect/ConstantPool;Ljava/lang/Class;[Ljava/lang/Class;)Ljava/util/Map;+12 java.base@17.0.6
j  sun.reflect.annotation.AnnotationType.<init>(Ljava/lang/Class;)V+291 java.base@17.0.6
j  sun.reflect.annotation.AnnotationType.getInstance(Ljava/lang/Class;)Lsun/reflect/annotation/AnnotationType;+21 java.base@17.0.6
j  sun.reflect.annotation.AnnotationParser.parseAnnotation2(Ljava/nio/ByteBuffer;Ljdk/internal/reflect/ConstantPool;Ljava/lang/Class;Z[Ljava/lang/Class;)Ljava/lang/annotation/Annotation;+103 java.base@17.0.6
j  sun.reflect.annotation.AnnotationParser.parseAnnotations2([BLjdk/internal/reflect/ConstantPool;Ljava/lang/Class;[Ljava/lang/Class;)Ljava/util/Map;+41 java.base@17.0.6
j  sun.reflect.annotation.AnnotationParser.parseAnnotations([BLjdk/internal/reflect/ConstantPool;Ljava/lang/Class;)Ljava/util/Map;+12 java.base@17.0.6
j  java.lang.reflect.Executable.declaredAnnotations()Ljava/util/Map;+62 java.base@17.0.6
j  java.lang.reflect.Executable.declaredAnnotations()Ljava/util/Map;+35 java.base@17.0.6
j  java.lang.reflect.Executable.getAnnotation(Ljava/lang/Class;)Ljava/lang/annotation/Annotation;+7 java.base@17.0.6
j  java.lang.reflect.Method.getAnnotation(Ljava/lang/Class;)Ljava/lang/annotation/Annotation;+2 java.base@17.0.6
j  java.lang.reflect.AnnotatedElement.isAnnotationPresent(Ljava/lang/Class;)Z+2 java.base@17.0.6
j  java.lang.reflect.AccessibleObject.isAnnotationPresent(Ljava/lang/Class;)Z+2 java.base@17.0.6
j  jdk.internal.reflect.Reflection.isCallerSensitive(Ljava/lang/reflect/Method;)Z+18 java.base@17.0.6
j  jdk.internal.reflect.ReflectionFactory.newMethodAccessor(Ljava/lang/reflect/Method;)Ljdk/internal/reflect/MethodAccessor;+4 java.base@17.0.6
j  java.lang.reflect.Method.acquireMethodAccessor()Ljdk/internal/reflect/MethodAccessor;+33 java.base@17.0.6
j  java.lang.reflect.Method.invoke(Ljava/lang/Object;[Ljava/lang/Object;)Ljava/lang/Object;+52 java.base@17.0.6
j  org.eclipse.osgi.internal.framework.EquinoxContainer.<init>(Ljava/util/Map;Lorg/osgi/framework/connect/ModuleConnector;)V+37
j  org.eclipse.osgi.launch.Equinox.<init>(Ljava/util/Map;Lorg/osgi/framework/connect/ModuleConnector;)V+10
j  org.eclipse.osgi.launch.Equinox.<init>(Ljava/util/Map;)V+3
j  org.eclipse.core.runtime.adaptor.EclipseStarter.startup([Ljava/lang/String;Ljava/lang/Runnable;)Lorg/osgi/framework/BundleContext;+28
j  org.eclipse.core.runtime.adaptor.EclipseStarter.run([Ljava/lang/String;Ljava/lang/Runnable;)Ljava/lang/Object;+21
v  ~StubRoutines::call_stub
j  jdk.internal.reflect.NativeMethodAccessorImpl.invoke0(Ljava/lang/reflect/Method;Ljava/lang/Object;[Ljava/lang/Object;)Ljava/lang/Object;+0 java.base@17.0.6
j  jdk.internal.reflect.NativeMethodAccessorImpl.invoke(Ljava/lang/Object;[Ljava/lang/Object;)Ljava/lang/Object;+133 java.base@17.0.6
j  jdk.internal.reflect.DelegatingMethodAccessorImpl.invoke(Ljava/lang/Object;[Ljava/lang/Object;)Ljava/lang/Object;+6 java.base@17.0.6
j  java.lang.reflect.Method.invoke(Ljava/lang/Object;[Ljava/lang/Object;)Ljava/lang/Object;+59 java.base@17.0.6
j  org.eclipse.equinox.launcher.Main.invokeFramework([Ljava/lang/String;[Ljava/net/URL;)V+201
j  org.eclipse.equinox.launcher.Main.basicRun([Ljava/lang/String;)V+159
j  org.eclipse.equinox.launcher.Main.run([Ljava/lang/String;)I+4
j  org.eclipse.equinox.launcher.Main.main([Ljava/lang/String;)V+10
v  ~StubRoutines::call_stub

---------------  P R O C E S S  ---------------

Threads class SMR info:
_java_thread_list=0x000001f9e44c3ed0, length=14, elements={
0x000001f9c9004c80, 0x000001f9e1a2fa00, 0x000001f9e1a30d50, 0x000001f9e1a46870,
0x000001f9e1a47420, 0x000001f9e1a4f9b0, 0x000001f9e1a50b00, 0x000001f9e1a51890,
0x000001f9e1a56f10, 0x000001f9e1a57900, 0x000001f9e41a2e80, 0x000001f9e42155c0,
0x000001f9e4349310, 0x000001f9e44fdbb0
}

Java Threads: ( => current thread )
=>0x000001f9c9004c80 JavaThread "main" [_thread_in_vm, id=4984, stack(0x00000038df400000,0x00000038df500000)]
  0x000001f9e1a2fa00 JavaThread "Reference Handler" daemon [_thread_blocked, id=2428, stack(0x00000038df700000,0x00000038df800000)]
  0x000001f9e1a30d50 JavaThread "Finalizer" daemon [_thread_blocked, id=7988, stack(0x00000038df800000,0x00000038df900000)]
  0x000001f9e1a46870 JavaThread "Signal Dispatcher" daemon [_thread_blocked, id=14564, stack(0x00000038df900000,0x00000038dfa00000)]
  0x000001f9e1a47420 JavaThread "Attach Listener" daemon [_thread_blocked, id=2964, stack(0x00000038dfa00000,0x00000038dfb00000)]
  0x000001f9e1a4f9b0 JavaThread "Service Thread" daemon [_thread_blocked, id=17420, stack(0x00000038dfb00000,0x00000038dfc00000)]
  0x000001f9e1a50b00 JavaThread "Monitor Deflation Thread" daemon [_thread_blocked, id=12224, stack(0x00000038dfc00000,0x00000038dfd00000)]
  0x000001f9e1a51890 JavaThread "C2 CompilerThread0" daemon [_thread_blocked, id=18320, stack(0x00000038dfd00000,0x00000038dfe00000)]
  0x000001f9e1a56f10 JavaThread "C1 CompilerThread0" daemon [_thread_blocked, id=15852, stack(0x00000038dfe00000,0x00000038dff00000)]
  0x000001f9e1a57900 JavaThread "Sweeper thread" daemon [_thread_blocked, id=4904, stack(0x00000038dff00000,0x00000038e0000000)]
  0x000001f9e41a2e80 JavaThread "Common-Cleaner" daemon [_thread_blocked, id=3684, stack(0x00000038e0000000,0x00000038e0100000)]
  0x000001f9e42155c0 JavaThread "C2 CompilerThread1" daemon [_thread_blocked, id=12080, stack(0x00000038e0100000,0x00000038e0200000)]
  0x000001f9e4349310 JavaThread "Notification Thread" daemon [_thread_blocked, id=13604, stack(0x00000038e0200000,0x00000038e0300000)]
  0x000001f9e44fdbb0 JavaThread "C2 CompilerThread2" daemon [_thread_blocked, id=17632, stack(0x00000038e0400000,0x00000038e0500000)]

Other Threads:
  0x000001f9c6e7ea00 VMThread "VM Thread" [stack: 0x00000038df600000,0x00000038df700000] [id=7792]
  0x000001f9e435c020 WatcherThread [stack: 0x00000038e0300000,0x00000038e0400000] [id=7024]
  0x000001f9c901ab10 GCTaskThread "GC Thread#0" [stack: 0x00000038df500000,0x00000038df600000] [id=15480]

Threads with active compile tasks:

VM state: not at safepoint (normal execution)

VM Mutex/Monitor currently owned by a thread:  ([mutex/lock_event])
[0x000001f9c6da6020] Metaspace_lock - owner thread: 0x000001f9c9004c80

Heap address: 0x00000000c0000000, size: 1024 MB, Compressed Oops mode: 32-bit

CDS archive(s) mapped at: [0x0000000800000000-0x0000000800bd0000-0x0000000800bd0000), size 12386304, SharedBaseAddress: 0x0000000800000000, ArchiveRelocationMode: 0.
Compressed class space mapped at: 0x0000000800c00000-0x0000000840c00000, reserved size: 1073741824
Narrow klass base: 0x0000000800000000, Narrow klass shift: 0, Narrow klass range: 0x100000000

GC Precious Log:
 CPUs: 8 total, 8 available
 Memory: 16064M
 Large Page Support: Disabled
 NUMA Support: Disabled
 Compressed Oops: Enabled (32-bit)
 Alignments: Space 512K, Generation 512K, Heap 2M
 Heap Min Capacity: 100M
 Heap Initial Capacity: 100M
 Heap Max Capacity: 1G
 Pre-touch: Disabled
 Parallel Workers: 8

Heap:
 PSYoungGen      total 29696K, used 19049K [0x00000000eab00000, 0x00000000ecc00000, 0x0000000100000000)
  eden space 25600K, 74% used [0x00000000eab00000,0x00000000ebd9a538,0x00000000ec400000)
  from space 4096K, 0% used [0x00000000ec800000,0x00000000ec800000,0x00000000ecc00000)
  to   space 4096K, 0% used [0x00000000ec400000,0x00000000ec400000,0x00000000ec800000)
 ParOldGen       total 68608K, used 0K [0x00000000c0000000, 0x00000000c4300000, 0x00000000eab00000)
  object space 68608K, 0% used [0x00000000c0000000,0x00000000c0000000,0x00000000c4300000)
 Metaspace       used 3608K, committed 3712K, reserved 1056768K
  class space    used 342K, committed 384K, reserved 1048576K

Card table byte_map: [0x000001f9c89e0000,0x000001f9c8bf0000] _byte_map_base: 0x000001f9c83e0000

Marking Bits: (ParMarkBitMap*) 0x00007ff96f7195f0
 Begin Bits: [0x000001f9df880000, 0x000001f9e0880000)
 End Bits:   [0x000001f9e0880000, 0x000001f9e1880000)

Polling page: 0x000001f9c87d0000

Metaspace:

Usage:
  Non-class:      3.19 MB used.
      Class:    342.97 KB used.
       Both:      3.52 MB used.

Virtual space:
  Non-class space:        8.00 MB reserved,       3.25 MB ( 41%) committed,  1 nodes.
      Class space:        1.00 GB reserved,     384.00 KB ( <1%) committed,  1 nodes.
             Both:        1.01 GB reserved,       3.62 MB ( <1%) committed. 

Chunk freelists:
   Non-Class:  3.53 MB
       Class:  3.56 MB
        Both:  7.09 MB

MaxMetaspaceSize: unlimited
CompressedClassSpaceSize: 1.00 GB
Initial GC threshold: 21.00 MB
Current GC threshold: 21.00 MB
CDS: on
MetaspaceReclaimPolicy: balanced
 - commit_granule_bytes: 65536.
 - commit_granule_words: 8192.
 - virtual_space_node_default_size: 1048576.
 - enlarge_chunks_in_place: 1.
 - new_chunks_are_fully_committed: 0.
 - uncommit_free_chunks: 1.
 - use_allocation_guard: 0.
 - handle_deallocations: 1.


Internal statistics:

num_allocs_failed_limit: 0.
num_arena_births: 18.
num_arena_deaths: 0.
num_vsnodes_births: 2.
num_vsnodes_deaths: 0.
num_space_committed: 58.
num_space_uncommitted: 0.
num_chunks_returned_to_freelist: 0.
num_chunks_taken_from_freelist: 50.
num_chunk_merges: 0.
num_chunk_splits: 36.
num_chunks_enlarged: 28.
num_purges: 0.
num_inconsistent_stats: 0.

CodeHeap 'non-profiled nmethods': size=120000Kb used=333Kb max_used=333Kb free=119666Kb
 bounds [0x000001f9d8350000, 0x000001f9d85c0000, 0x000001f9df880000]
CodeHeap 'profiled nmethods': size=120000Kb used=1288Kb max_used=1288Kb free=118711Kb
 bounds [0x000001f9d0880000, 0x000001f9d0af0000, 0x000001f9d7db0000]
CodeHeap 'non-nmethods': size=5760Kb used=1143Kb max_used=1174Kb free=4616Kb
 bounds [0x000001f9d7db0000, 0x000001f9d8020000, 0x000001f9d8350000]
 total_blobs=1196 nmethods=776 adapters=335
 compilation: enabled
              stopped_count=0, restarted_count=0
 full_count=0

Compilation events (20 events):
Event: 0.368 Thread 0x000001f9e1a56f10 nmethod 765 0x000001f9d09bbc90 code [0x000001f9d09bc0c0, 0x000001f9d09bea98]
Event: 0.368 Thread 0x000001f9e1a56f10  766       3       java.lang.invoke.VarHandleByteArrayAsInts$ArrayHandle::set (39 bytes)
Event: 0.368 Thread 0x000001f9e1a56f10 nmethod 766 0x000001f9d09bf710 code [0x000001f9d09bf900, 0x000001f9d09bfe38]
Event: 0.368 Thread 0x000001f9e1a56f10  767       3       jdk.internal.misc.Unsafe::putIntUnaligned (14 bytes)
Event: 0.368 Thread 0x000001f9e1a56f10 nmethod 767 0x000001f9d09c0010 code [0x000001f9d09c01c0, 0x000001f9d09c0418]
Event: 0.368 Thread 0x000001f9e1a56f10  769       1       java.net.URLStreamHandler::getDefaultPort (2 bytes)
Event: 0.368 Thread 0x000001f9e1a56f10 nmethod 769 0x000001f9d839d710 code [0x000001f9d839d8a0, 0x000001f9d839d978]
Event: 0.369 Thread 0x000001f9e1a56f10  770       1       java.nio.Buffer::position (5 bytes)
Event: 0.369 Thread 0x000001f9e1a56f10 nmethod 770 0x000001f9d839da10 code [0x000001f9d839dba0, 0x000001f9d839dc78]
Event: 0.369 Thread 0x000001f9e1a56f10  771       3       java.lang.reflect.Modifier::isProtected (12 bytes)
Event: 0.369 Thread 0x000001f9e1a56f10 nmethod 771 0x000001f9d09c0510 code [0x000001f9d09c06a0, 0x000001f9d09c07f8]
Event: 0.369 Thread 0x000001f9e1a56f10  772       3       java.util.ArrayDeque::inc (12 bytes)
Event: 0.369 Thread 0x000001f9e1a56f10 nmethod 772 0x000001f9d09c0890 code [0x000001f9d09c0a20, 0x000001f9d09c0b58]
Event: 0.370 Thread 0x000001f9e1a56f10  773       3       java.util.WeakHashMap::getTable (9 bytes)
Event: 0.370 Thread 0x000001f9e1a56f10 nmethod 773 0x000001f9d09c0c10 code [0x000001f9d09c0da0, 0x000001f9d09c0ee8]
Event: 0.370 Thread 0x000001f9e1a56f10  774   !   3       java.util.WeakHashMap::expungeStaleEntries (139 bytes)
Event: 0.371 Thread 0x000001f9e1a56f10 nmethod 774 0x000001f9d09c0f90 code [0x000001f9d09c11a0, 0x000001f9d09c1b08]
Event: 0.371 Thread 0x000001f9e1a56f10  775       3       java.util.WeakHashMap::indexFor (6 bytes)
Event: 0.371 Thread 0x000001f9e1a56f10 nmethod 775 0x000001f9d09c1f90 code [0x000001f9d09c2120, 0x000001f9d09c2218]
Event: 0.372 Thread 0x000001f9e1a51890  776   !   4       java.lang.String::replace (258 bytes)

GC Heap History (0 events):
No events

Deoptimization events (20 events):
Event: 0.356 Thread 0x000001f9c9004c80 DEOPT PACKING pc=0x000001f9d09692ba sp=0x00000038df4fe5a0
Event: 0.356 Thread 0x000001f9c9004c80 DEOPT UNPACKING pc=0x000001f9d7e063e3 sp=0x00000038df4fd9f8 mode 0
Event: 0.356 Thread 0x000001f9c9004c80 DEOPT PACKING pc=0x000001f9d09691e2 sp=0x00000038df4fe5a0
Event: 0.356 Thread 0x000001f9c9004c80 DEOPT UNPACKING pc=0x000001f9d7e063e3 sp=0x00000038df4fd9f8 mode 0
Event: 0.356 Thread 0x000001f9c9004c80 DEOPT PACKING pc=0x000001f9d09691e2 sp=0x00000038df4fe5a0
Event: 0.356 Thread 0x000001f9c9004c80 DEOPT UNPACKING pc=0x000001f9d7e063e3 sp=0x00000038df4fd9f8 mode 0
Event: 0.356 Thread 0x000001f9c9004c80 DEOPT PACKING pc=0x000001f9d09691e2 sp=0x00000038df4fe5a0
Event: 0.356 Thread 0x000001f9c9004c80 DEOPT UNPACKING pc=0x000001f9d7e063e3 sp=0x00000038df4fd9f8 mode 0
Event: 0.356 Thread 0x000001f9c9004c80 DEOPT PACKING pc=0x000001f9d09692ba sp=0x00000038df4fe5a0
Event: 0.356 Thread 0x000001f9c9004c80 DEOPT UNPACKING pc=0x000001f9d7e063e3 sp=0x00000038df4fd9f8 mode 0
Event: 0.356 Thread 0x000001f9c9004c80 DEOPT PACKING pc=0x000001f9d09692ba sp=0x00000038df4fe5a0
Event: 0.356 Thread 0x000001f9c9004c80 DEOPT UNPACKING pc=0x000001f9d7e063e3 sp=0x00000038df4fd9f8 mode 0
Event: 0.356 Thread 0x000001f9c9004c80 DEOPT PACKING pc=0x000001f9d09692ba sp=0x00000038df4fe5a0
Event: 0.356 Thread 0x000001f9c9004c80 DEOPT UNPACKING pc=0x000001f9d7e063e3 sp=0x00000038df4fd9f8 mode 0
Event: 0.356 Thread 0x000001f9c9004c80 DEOPT PACKING pc=0x000001f9d09692ba sp=0x00000038df4fe5a0
Event: 0.356 Thread 0x000001f9c9004c80 DEOPT UNPACKING pc=0x000001f9d7e063e3 sp=0x00000038df4fd9f8 mode 0
Event: 0.356 Thread 0x000001f9c9004c80 DEOPT PACKING pc=0x000001f9d09691e2 sp=0x00000038df4fe5a0
Event: 0.356 Thread 0x000001f9c9004c80 DEOPT UNPACKING pc=0x000001f9d7e063e3 sp=0x00000038df4fd9f8 mode 0
Event: 0.356 Thread 0x000001f9c9004c80 DEOPT PACKING pc=0x000001f9d09691e2 sp=0x00000038df4fe5a0
Event: 0.356 Thread 0x000001f9c9004c80 DEOPT UNPACKING pc=0x000001f9d7e063e3 sp=0x00000038df4fd9f8 mode 0

Classes unloaded (0 events):
No events

Classes redefined (0 events):
No events

Internal exceptions (8 events):
Event: 0.053 Thread 0x000001f9c9004c80 Exception <a 'java/lang/NoSuchMethodError'{0x00000000eaca1d88}: 'void java.lang.invoke.DirectMethodHandle$Holder.invokeStatic(java.lang.Object, java.lang.Object, java.lang.Object)'> (0x00000000eaca1d88) 
thrown [s\open\src\hotspot\share\interpreter\linkResolver.cpp, line 759]
Event: 0.144 Thread 0x000001f9c9004c80 Exception <a 'java/lang/reflect/InvocationTargetException'{0x00000000eaf6b130}> (0x00000000eaf6b130) 
thrown [s\open\src\hotspot\share\runtime\reflection.cpp, line 1121]
Event: 0.298 Thread 0x000001f9c9004c80 Exception <a 'java/lang/ClassNotFoundException'{0x00000000eb8e97f0}: sun/net/www/protocol/c/Handler> (0x00000000eb8e97f0) 
thrown [s\open\src\hotspot\share\classfile\systemDictionary.cpp, line 256]
Event: 0.301 Thread 0x000001f9c9004c80 Exception <a 'java/io/FileNotFoundException'{0x00000000eb905460}> (0x00000000eb905460) 
thrown [s\open\src\hotspot\share\prims\jni.cpp, line 516]
Event: 0.301 Thread 0x000001f9c9004c80 Exception <a 'java/io/FileNotFoundException'{0x00000000eb906170}> (0x00000000eb906170) 
thrown [s\open\src\hotspot\share\prims\jni.cpp, line 516]
Event: 0.301 Thread 0x000001f9c9004c80 Exception <a 'java/io/FileNotFoundException'{0x00000000eb906e60}> (0x00000000eb906e60) 
thrown [s\open\src\hotspot\share\prims\jni.cpp, line 516]
Event: 0.301 Thread 0x000001f9c9004c80 Exception <a 'java/io/FileNotFoundException'{0x00000000eb907b20}> (0x00000000eb907b20) 
thrown [s\open\src\hotspot\share\prims\jni.cpp, line 516]
Event: 0.304 Thread 0x000001f9c9004c80 Exception <a 'java/io/FileNotFoundException'{0x00000000eb945670}> (0x00000000eb945670) 
thrown [s\open\src\hotspot\share\prims\jni.cpp, line 516]

VM Operations (8 events):
Event: 0.055 Executing VM operation: HandshakeAllThreads
Event: 0.055 Executing VM operation: HandshakeAllThreads done
Event: 0.102 Executing VM operation: HandshakeAllThreads
Event: 0.102 Executing VM operation: HandshakeAllThreads done
Event: 0.282 Executing VM operation: HandshakeAllThreads
Event: 0.282 Executing VM operation: HandshakeAllThreads done
Event: 0.293 Executing VM operation: HandshakeAllThreads
Event: 0.293 Executing VM operation: HandshakeAllThreads done

Events (20 events):
Event: 0.372 loading class sun/reflect/annotation/ExceptionProxy done
Event: 0.372 loading class sun/reflect/annotation/AnnotationTypeMismatchExceptionProxy done
Event: 0.372 loading class sun/reflect/annotation/AnnotationParser$1
Event: 0.372 loading class sun/reflect/annotation/AnnotationParser$1 done
Event: 0.372 loading class sun/reflect/annotation/AnnotationInvocationHandler
Event: 0.373 loading class java/lang/reflect/InvocationHandler
Event: 0.373 loading class java/lang/reflect/InvocationHandler done
Event: 0.373 loading class sun/reflect/annotation/AnnotationInvocationHandler done
Event: 0.373 loading class java/lang/reflect/Proxy
Event: 0.373 loading class java/lang/reflect/Proxy done
Event: 0.373 loading class java/lang/reflect/Proxy$1
Event: 0.373 loading class java/lang/reflect/Proxy$1 done
Event: 0.373 loading class jdk/internal/loader/AbstractClassLoaderValue$Sub
Event: 0.373 loading class jdk/internal/loader/AbstractClassLoaderValue$Sub done
Event: 0.373 loading class java/lang/reflect/Proxy$ProxyBuilder
Event: 0.374 loading class java/lang/reflect/Proxy$ProxyBuilder done
Event: 0.374 loading class java/util/Collections$SingletonList
Event: 0.374 loading class java/util/Collections$SingletonList done
Event: 0.374 loading class java/lang/PublicMethods
Event: 0.374 loading class java/lang/PublicMethods done


Dynamic libraries:
0x00007ff603d50000 - 0x00007ff603d60000 	C:\Program Files\Java\jdk-17\bin\java.exe
0x00007ff9fd350000 - 0x00007ff9fd564000 	C:\WINDOWS\SYSTEM32\ntdll.dll
0x00007ff9fb720000 - 0x00007ff9fb7e2000 	C:\WINDOWS\System32\KERNEL32.DLL
0x00007ff9fa8f0000 - 0x00007ff9fac8c000 	C:\WINDOWS\System32\KERNELBASE.dll
0x00007ff9faed0000 - 0x00007ff9fafe1000 	C:\WINDOWS\System32\ucrtbase.dll
0x00007ff9f6900000 - 0x00007ff9f6918000 	C:\Program Files\Java\jdk-17\bin\jli.dll
0x00007ff9ee770000 - 0x00007ff9ee78b000 	C:\Program Files\Java\jdk-17\bin\VCRUNTIME140.dll
0x00007ff9fc860000 - 0x00007ff9fc90e000 	C:\WINDOWS\System32\ADVAPI32.dll
0x00007ff9fbd50000 - 0x00007ff9fbdf7000 	C:\WINDOWS\System32\msvcrt.dll
0x00007ff9fbc90000 - 0x00007ff9fbd34000 	C:\WINDOWS\System32\sechost.dll
0x00007ff9fbe20000 - 0x00007ff9fbf37000 	C:\WINDOWS\System32\RPCRT4.dll
0x00007ff9fce40000 - 0x00007ff9fcfeb000 	C:\WINDOWS\System32\USER32.dll
0x00007ff9fa800000 - 0x00007ff9fa826000 	C:\WINDOWS\System32\win32u.dll
0x00007ff9fd2e0000 - 0x00007ff9fd309000 	C:\WINDOWS\System32\GDI32.dll
0x00007ff9fad10000 - 0x00007ff9fae23000 	C:\WINDOWS\System32\gdi32full.dll
0x00007ff9d5c00000 - 0x00007ff9d5e8e000 	C:\WINDOWS\WinSxS\amd64_microsoft.windows.common-controls_6595b64144ccf1df_6.0.22621.608_none_a9444ca7c10bb01d\COMCTL32.dll
0x00007ff9fae30000 - 0x00007ff9faeca000 	C:\WINDOWS\System32\msvcp_win.dll
0x00007ff9f7f70000 - 0x00007ff9f7f7a000 	C:\WINDOWS\SYSTEM32\VERSION.dll
0x00007ff9fc730000 - 0x00007ff9fc761000 	C:\WINDOWS\System32\IMM32.DLL
0x00007ff9f6e70000 - 0x00007ff9f6e7c000 	C:\Program Files\Java\jdk-17\bin\vcruntime140_1.dll
0x00007ff9d4c60000 - 0x00007ff9d4cee000 	C:\Program Files\Java\jdk-17\bin\msvcp140.dll
0x00007ff96ec00000 - 0x00007ff96f7d7000 	C:\Program Files\Java\jdk-17\bin\server\jvm.dll
0x00007ff9fc850000 - 0x00007ff9fc858000 	C:\WINDOWS\System32\PSAPI.DLL
0x00007ff9cd780000 - 0x00007ff9cd789000 	C:\WINDOWS\SYSTEM32\WSOCK32.dll
0x00007ff9f1410000 - 0x00007ff9f1444000 	C:\WINDOWS\SYSTEM32\WINMM.dll
0x00007ff9fb6a0000 - 0x00007ff9fb711000 	C:\WINDOWS\System32\WS2_32.dll
0x00007ff9f9860000 - 0x00007ff9f9878000 	C:\WINDOWS\SYSTEM32\kernel.appcore.dll
0x00007ff9f5390000 - 0x00007ff9f539a000 	C:\Program Files\Java\jdk-17\bin\jimage.dll
0x00007ff9f7ce0000 - 0x00007ff9f7f0e000 	C:\WINDOWS\SYSTEM32\DBGHELP.DLL
0x00007ff9fb160000 - 0x00007ff9fb4e9000 	C:\WINDOWS\System32\combase.dll
0x00007ff9fc770000 - 0x00007ff9fc847000 	C:\WINDOWS\System32\OLEAUT32.dll
0x00007ff9cd850000 - 0x00007ff9cd882000 	C:\WINDOWS\SYSTEM32\dbgcore.DLL
0x00007ff9fac90000 - 0x00007ff9fad0b000 	C:\WINDOWS\System32\bcryptPrimitives.dll
0x00007ff9e5fe0000 - 0x00007ff9e5fee000 	C:\Program Files\Java\jdk-17\bin\instrument.dll
0x00007ff9dd3b0000 - 0x00007ff9dd3d5000 	C:\Program Files\Java\jdk-17\bin\java.dll
0x00007ff997800000 - 0x00007ff9978d7000 	C:\Program Files\Java\jdk-17\bin\jsvml.dll
0x00007ff9fbf40000 - 0x00007ff9fc730000 	C:\WINDOWS\System32\SHELL32.dll
0x00007ff9f87a0000 - 0x00007ff9f906d000 	C:\WINDOWS\SYSTEM32\windows.storage.dll
0x00007ff9f8660000 - 0x00007ff9f879e000 	C:\WINDOWS\SYSTEM32\wintypes.dll
0x00007ff9fcff0000 - 0x00007ff9fd0e1000 	C:\WINDOWS\System32\SHCORE.dll
0x00007ff9fcc10000 - 0x00007ff9fcc6e000 	C:\WINDOWS\System32\shlwapi.dll
0x00007ff9fa6c0000 - 0x00007ff9fa6e1000 	C:\WINDOWS\SYSTEM32\profapi.dll
0x00007ff9dd1e0000 - 0x00007ff9dd1f8000 	C:\Program Files\Java\jdk-17\bin\zip.dll
0x00007ff9ee0e0000 - 0x00007ff9ee0f9000 	C:\Program Files\Java\jdk-17\bin\net.dll
0x00007ff9f47c0000 - 0x00007ff9f48f7000 	C:\WINDOWS\SYSTEM32\WINHTTP.dll
0x00007ff9f9d40000 - 0x00007ff9f9da9000 	C:\WINDOWS\system32\mswsock.dll
0x00007ff9dd2a0000 - 0x00007ff9dd2b6000 	C:\Program Files\Java\jdk-17\bin\nio.dll
0x00007ff9f22f0000 - 0x00007ff9f2300000 	C:\Program Files\Java\jdk-17\bin\verify.dll

dbghelp: loaded successfully - version: 4.0.5 - missing functions: none
symbol engine: initialized successfully - sym options: 0x614 - pdb path: .;C:\Program Files\Java\jdk-17\bin;C:\WINDOWS\SYSTEM32;C:\WINDOWS\WinSxS\amd64_microsoft.windows.common-controls_6595b64144ccf1df_6.0.22621.608_none_a9444ca7c10bb01d;C:\Program Files\Java\jdk-17\bin\server

VM Arguments:
jvm_args: --add-modules=ALL-SYSTEM --add-opens=java.base/java.util=ALL-UNNAMED --add-opens=java.base/java.lang=ALL-UNNAMED --add-opens=java.base/sun.nio.fs=ALL-UNNAMED -Declipse.application=org.eclipse.jdt.ls.core.id1 -Dosgi.bundles.defaultStartLevel=4 -Declipse.product=org.eclipse.jdt.ls.core.product -Djava.import.generatesMetadataFilesAtProjectRoot=false -Dfile.encoding=utf8 -XX:+UseParallelGC -XX:GCTimeRatio=4 -XX:AdaptiveSizePolicyWeight=90 -Dsun.zip.disableMemoryMapping=true -Xmx1G -Xms100m -Xlog:disable -javaagent:c:\Users\nat24\.vscode\extensions\redhat.java-1.16.0-win32-x64\lombok\lombok-1.18.24.jar -XX:+HeapDumpOnOutOfMemoryError -XX:HeapDumpPath=c:\Users\nat24\AppData\Roaming\Code\User\workspaceStorage\7ee068461fea0a2cbf1ecac1b635f22a\redhat.java 
java_command: c:\Users\nat24\.vscode\extensions\redhat.java-1.16.0-win32-x64\server\plugins\org.eclipse.equinox.launcher_1.6.400.v20210924-0641.jar -configuration c:\Users\nat24\AppData\Roaming\Code\User\globalStorage\redhat.java\1.16.0\config_win -data c:\Users\nat24\AppData\Roaming\Code\User\workspaceStorage\7ee068461fea0a2cbf1ecac1b635f22a\redhat.java\jdt_ws
java_class_path (initial): c:\Users\nat24\.vscode\extensions\redhat.java-1.16.0-win32-x64\server\plugins\org.eclipse.equinox.launcher_1.6.400.v20210924-0641.jar
Launcher Type: SUN_STANDARD

[Global flags]
    uintx AdaptiveSizePolicyWeight                 = 90                                        {product} {command line}
     intx CICompilerCount                          = 4                                         {product} {ergonomic}
    uintx GCTimeRatio                              = 4                                         {product} {command line}
     bool HeapDumpOnOutOfMemoryError               = true                                   {manageable} {command line}
    ccstr HeapDumpPath                             = c:\Users\nat24\AppData\Roaming\Code\User\workspaceStorage\7ee068461fea0a2cbf1ecac1b635f22a\redhat.java         {manageable} {command line}
   size_t InitialHeapSize                          = 104857600                                 {product} {command line}
   size_t MaxHeapSize                              = 1073741824                                {product} {command line}
   size_t MaxNewSize                               = 357564416                                 {product} {ergonomic}
   size_t MinHeapDeltaBytes                        = 524288                                    {product} {ergonomic}
   size_t MinHeapSize                              = 104857600                                 {product} {command line}
   size_t NewSize                                  = 34603008                                  {product} {ergonomic}
    uintx NonNMethodCodeHeapSize                   = 5839372                                {pd product} {ergonomic}
    uintx NonProfiledCodeHeapSize                  = 122909434                              {pd product} {ergonomic}
   size_t OldSize                                  = 70254592                                  {product} {ergonomic}
    uintx ProfiledCodeHeapSize                     = 122909434                              {pd product} {ergonomic}
    uintx ReservedCodeCacheSize                    = 251658240                              {pd product} {ergonomic}
     bool SegmentedCodeCache                       = true                                      {product} {ergonomic}
   size_t SoftMaxHeapSize                          = 1073741824                             {manageable} {ergonomic}
     bool UseCompressedClassPointers               = true                           {product lp64_product} {ergonomic}
     bool UseCompressedOops                        = true                           {product lp64_product} {ergonomic}
     bool UseLargePagesIndividualAllocation        = false                                  {pd product} {ergonomic}
     bool UseParallelGC                            = true                                      {product} {command line}

Logging:
Log output configuration:
 #0: stdout all=off uptime,level,tags
 #1: stderr all=off uptime,level,tags

Environment Variables:
CLASSPATH=C:\Users\nat24\eclipse-workspace
PATH=C:\Program Files\Common Files\Oracle\Java\javapath;C:\Python310\Scripts\;C:\Python310\;C:\WINDOWS\system32;C:\WINDOWS;C:\WINDOWS\System32\Wbem;C:\WINDOWS\System32\WindowsPowerShell\v1.0\;C:\WINDOWS\System32\OpenSSH\;C:\Program Files\nodejs\;C:\ProgramData\chocolatey\bin;C:\Program Files\Git\cmd;C:\Program Files\PuTTY\;C:\Users\nat24\AppData\Local\Microsoft\WindowsApps;C:\Users\nat24\AppData\Roaming\npm;C:\Users\nat24\eclipse-workspace\Assignment_1\bin;C:\Users\nat24\AppData\Local\Programs\Microsoft VS Code\bin;
USERNAME=nat24
OS=Windows_NT
PROCESSOR_IDENTIFIER=Intel64 Family 6 Model 140 Stepping 1, GenuineIntel



---------------  S Y S T E M  ---------------

OS:
 Windows 11 , 64 bit Build 22621 (10.0.22621.1485)
OS uptime: 0 days 13:31 hours

CPU: total 8 (initial active 8) (4 cores per cpu, 2 threads per core) family 6 model 140 stepping 1 microcode 0xa6, cx8, cmov, fxsr, ht, mmx, 3dnowpref, sse, sse2, sse3, ssse3, sse4.1, sse4.2, popcnt, lzcnt, tsc, tscinvbit, avx, avx2, aes, erms, clmul, bmi1, bmi2, adx, avx512f, avx512dq, avx512cd, avx512bw, avx512vl, sha, fma, vzeroupper, avx512_vpopcntdq, avx512_vpclmulqdq, avx512_vaes, avx512_vnni, clflush, clflushopt, clwb, avx512_vbmi2, avx512_vbmi

Memory: 4k page, system-wide physical 16064M (5704M free)
TotalPageFile size 65216M (AvailPageFile size 4M)
current process WorkingSet (physical memory assigned to process): 66M, peak: 67M
current process commit charge ("private bytes"): 205M, peak: 206M

vm_info: Java HotSpot(TM) 64-Bit Server VM (17.0.6+9-LTS-190) for windows-amd64 JRE (17.0.6+9-LTS-190), built on Dec  6 2022 15:53:54 by "mach5one" with MS VC++ 17.1 (VS2022)

END.
