#
# There is insufficient memory for the Java Runtime Environment to continue.
# Native memory allocation (malloc) failed to allocate 283776 bytes for Chunk::new
# Possible reasons:
#   The system is out of physical RAM or swap space
#   The process is running with CompressedOops enabled, and the Java Heap may be blocking the growth of the native heap
# Possible solutions:
#   Reduce memory load on the system
#   Increase physical memory or swap space
#   Check if swap backing store is full
#   Decrease Java heap size (-Xmx/-Xms)
#   Decrease number of Java threads
#   Decrease Java thread stack sizes (-Xss)
#   Set larger code cache with -XX:ReservedCodeCacheSize=
#   JVM is running with Unscaled Compressed Oops mode in which the Java heap is
#     placed in the first 4GB address space. The Java Heap base address is the
#     maximum limit for the native heap growth. Please use -XX:HeapBaseMinAddress
#     to set the Java Heap base and to place the Java Heap above 4GB virtual address.
# This output file may be truncated or incomplete.
#
#  Out of Memory Error (arena.cpp:189), pid=9948, tid=9588
#
# JRE version: Java(TM) SE Runtime Environment (17.0.6+9) (build 17.0.6+9-LTS-190)
# Java VM: Java HotSpot(TM) 64-Bit Server VM (17.0.6+9-LTS-190, mixed mode, sharing, tiered, compressed oops, compressed class ptrs, parallel gc, windows-amd64)
# No core dump will be written. Minidumps are not enabled by default on client versions of Windows
#

---------------  S U M M A R Y ------------

Command Line: --add-modules=ALL-SYSTEM --add-opens=java.base/java.util=ALL-UNNAMED --add-opens=java.base/java.lang=ALL-UNNAMED --add-opens=java.base/sun.nio.fs=ALL-UNNAMED -Declipse.application=org.eclipse.jdt.ls.core.id1 -Dosgi.bundles.defaultStartLevel=4 -Declipse.product=org.eclipse.jdt.ls.core.product -Djava.import.generatesMetadataFilesAtProjectRoot=false -Dfile.encoding=utf8 -XX:+UseParallelGC -XX:GCTimeRatio=4 -XX:AdaptiveSizePolicyWeight=90 -Dsun.zip.disableMemoryMapping=true -Xmx1G -Xms100m -Xlog:disable -javaagent:c:\Users\nat24\.vscode\extensions\redhat.java-1.16.0-win32-x64\lombok\lombok-1.18.24.jar -XX:+HeapDumpOnOutOfMemoryError -XX:HeapDumpPath=c:\Users\nat24\AppData\Roaming\Code\User\workspaceStorage\7ee068461fea0a2cbf1ecac1b635f22a\redhat.java c:\Users\nat24\.vscode\extensions\redhat.java-1.16.0-win32-x64\server\plugins\org.eclipse.equinox.launcher_1.6.400.v20210924-0641.jar -configuration c:\Users\nat24\AppData\Roaming\Code\User\globalStorage\redhat.java\1.16.0\config_win -data c:\Users\nat24\AppData\Roaming\Code\User\workspaceStorage\7ee068461fea0a2cbf1ecac1b635f22a\redhat.java\jdt_ws

Host: 11th Gen Intel(R) Core(TM) i7-1165G7 @ 2.80GHz, 8 cores, 15G,  Windows 11 , 64 bit Build 22621 (10.0.22621.1485)
Time: Thu Apr 13 11:33:22 2023 AUS Eastern Standard Time elapsed time: 0.567132 seconds (0d 0h 0m 0s)

---------------  T H R E A D  ---------------

Current thread (0x000001e67c22c070):  JavaThread "C2 CompilerThread0" daemon [_thread_in_native, id=9588, stack(0x000000064b100000,0x000000064b200000)]


Current CompileTask:
C2:    567  638       4       lombok.patcher.PatchScript::classMatches (41 bytes)

Stack: [0x000000064b100000,0x000000064b200000]
Native frames: (J=compiled Java code, j=interpreted, Vv=VM code, C=native code)
V  [jvm.dll+0x6734ea]
V  [jvm.dll+0x7d18f4]
V  [jvm.dll+0x7d309e]
V  [jvm.dll+0x7d3703]
V  [jvm.dll+0x2433c5]
V  [jvm.dll+0xaa46b]
V  [jvm.dll+0xaaa0c]
V  [jvm.dll+0x2a8b1f]
V  [jvm.dll+0x57bf85]
V  [jvm.dll+0x21e142]
V  [jvm.dll+0x21e51f]
V  [jvm.dll+0x217c36]
V  [jvm.dll+0x215109]
V  [jvm.dll+0x1a1730]
V  [jvm.dll+0x224b6e]
V  [jvm.dll+0x222f15]
V  [jvm.dll+0x78753c]
V  [jvm.dll+0x781a7a]
V  [jvm.dll+0x672375]
C  [ucrtbase.dll+0x29363]
C  [KERNEL32.DLL+0x1269d]
C  [ntdll.dll+0x5a9f8]


---------------  P R O C E S S  ---------------

Threads class SMR info:
_java_thread_list=0x000001e67eade940, length=14, elements={
0x000001e6727d2750, 0x000001e67c2021b0, 0x000001e67c203b10, 0x000001e67c21c570,
0x000001e67c21d120, 0x000001e67c2252b0, 0x000001e67c226e20, 0x000001e67c22c070,
0x000001e67c22e230, 0x000001e67c23f010, 0x000001e67e8d7830, 0x000001e67e98af00,
0x000001e67ea29c00, 0x000001e67eae3240
}

Java Threads: ( => current thread )
  0x000001e6727d2750 JavaThread "main" [_thread_in_Java, id=2072, stack(0x000000064a800000,0x000000064a900000)]
  0x000001e67c2021b0 JavaThread "Reference Handler" daemon [_thread_blocked, id=18580, stack(0x000000064ab00000,0x000000064ac00000)]
  0x000001e67c203b10 JavaThread "Finalizer" daemon [_thread_blocked, id=16772, stack(0x000000064ac00000,0x000000064ad00000)]
  0x000001e67c21c570 JavaThread "Signal Dispatcher" daemon [_thread_blocked, id=7804, stack(0x000000064ad00000,0x000000064ae00000)]
  0x000001e67c21d120 JavaThread "Attach Listener" daemon [_thread_blocked, id=16592, stack(0x000000064ae00000,0x000000064af00000)]
  0x000001e67c2252b0 JavaThread "Service Thread" daemon [_thread_blocked, id=11608, stack(0x000000064af00000,0x000000064b000000)]
  0x000001e67c226e20 JavaThread "Monitor Deflation Thread" daemon [_thread_blocked, id=15328, stack(0x000000064b000000,0x000000064b100000)]
=>0x000001e67c22c070 JavaThread "C2 CompilerThread0" daemon [_thread_in_native, id=9588, stack(0x000000064b100000,0x000000064b200000)]
  0x000001e67c22e230 JavaThread "C1 CompilerThread0" daemon [_thread_in_native, id=17028, stack(0x000000064b200000,0x000000064b300000)]
  0x000001e67c23f010 JavaThread "Sweeper thread" daemon [_thread_blocked, id=12160, stack(0x000000064b300000,0x000000064b400000)]
  0x000001e67e8d7830 JavaThread "Common-Cleaner" daemon [_thread_blocked, id=2244, stack(0x000000064b400000,0x000000064b500000)]
  0x000001e67e98af00 JavaThread "C2 CompilerThread1" daemon [_thread_in_native, id=15400, stack(0x000000064b500000,0x000000064b600000)]
  0x000001e67ea29c00 JavaThread "Notification Thread" daemon [_thread_blocked, id=6988, stack(0x000000064b600000,0x000000064b700000)]
  0x000001e67eae3240 JavaThread "C2 CompilerThread2" daemon [_thread_in_native, id=15520, stack(0x000000064b800000,0x000000064b900000)]

Other Threads:
  0x000001e67289ec10 VMThread "VM Thread" [stack: 0x000000064aa00000,0x000000064ab00000] [id=11552]
  0x000001e67ea26550 WatcherThread [stack: 0x000000064b700000,0x000000064b800000] [id=19436]
  0x000001e6727e8dd0 GCTaskThread "GC Thread#0" [stack: 0x000000064a900000,0x000000064aa00000] [id=12592]

Threads with active compile tasks:
C2 CompilerThread0      584  638       4       lombok.patcher.PatchScript::classMatches (41 bytes)
C2 CompilerThread1      584  675       4       java.util.StringTokenizer::scanToken (179 bytes)
C2 CompilerThread2      584  639       4       lombok.patcher.scripts.MethodLevelPatchScript::patch (21 bytes)

VM state: not at safepoint (normal execution)

VM Mutex/Monitor currently owned by a thread: None

Heap address: 0x00000000c0000000, size: 1024 MB, Compressed Oops mode: 32-bit

CDS archive(s) mapped at: [0x0000000800000000-0x0000000800bd0000-0x0000000800bd0000), size 12386304, SharedBaseAddress: 0x0000000800000000, ArchiveRelocationMode: 0.
Compressed class space mapped at: 0x0000000800c00000-0x0000000840c00000, reserved size: 1073741824
Narrow klass base: 0x0000000800000000, Narrow klass shift: 0, Narrow klass range: 0x100000000

GC Precious Log:
 CPUs: 8 total, 8 available
 Memory: 16064M
 Large Page Support: Disabled
 NUMA Support: Disabled
 Compressed Oops: Enabled (32-bit)
 Alignments: Space 512K, Generation 512K, Heap 2M
 Heap Min Capacity: 100M
 Heap Initial Capacity: 100M
 Heap Max Capacity: 1G
 Pre-touch: Disabled
 Parallel Workers: 8

Heap:
 PSYoungGen      total 29696K, used 15085K [0x00000000eab00000, 0x00000000ecc00000, 0x0000000100000000)
  eden space 25600K, 58% used [0x00000000eab00000,0x00000000eb9bb610,0x00000000ec400000)
  from space 4096K, 0% used [0x00000000ec800000,0x00000000ec800000,0x00000000ecc00000)
  to   space 4096K, 0% used [0x00000000ec400000,0x00000000ec400000,0x00000000ec800000)
 ParOldGen       total 68608K, used 0K [0x00000000c0000000, 0x00000000c4300000, 0x00000000eab00000)
  object space 68608K, 0% used [0x00000000c0000000,0x00000000c0000000,0x00000000c4300000)
 Metaspace       used 3063K, committed 3136K, reserved 1056768K
  class space    used 280K, committed 320K, reserved 1048576K

Card table byte_map: [0x000001e6721b0000,0x000001e6723c0000] _byte_map_base: 0x000001e671bb0000

Marking Bits: (ParMarkBitMap*) 0x00007ff96f7195f0
 Begin Bits: [0x000001e67a050000, 0x000001e67b050000)
 End Bits:   [0x000001e67b050000, 0x000001e67c050000)

Polling page: 0x000001e671fa0000

Metaspace:

Usage:
  Non-class:      2.72 MB used.
      Class:    280.70 KB used.
       Both:      2.99 MB used.

Virtual space:
  Non-class space:        8.00 MB reserved,       2.75 MB ( 34%) committed,  1 nodes.
      Class space:        1.00 GB reserved,     320.00 KB ( <1%) committed,  1 nodes.
             Both:        1.01 GB reserved,       3.06 MB ( <1%) committed. 

Chunk freelists:
   Non-Class:  3.69 MB
       Class:  3.71 MB
        Both:  7.39 MB

MaxMetaspaceSize: unlimited
CompressedClassSpaceSize: 1.00 GB
Initial GC threshold: 21.00 MB
Current GC threshold: 21.00 MB
CDS: on
MetaspaceReclaimPolicy: balanced
 - commit_granule_bytes: 65536.
 - commit_granule_words: 8192.
 - virtual_space_node_default_size: 1048576.
 - enlarge_chunks_in_place: 1.
 - new_chunks_are_fully_committed: 0.
 - uncommit_free_chunks: 1.
 - use_allocation_guard: 0.
 - handle_deallocations: 1.


Internal statistics:

num_allocs_failed_limit: 0.
num_arena_births: 12.
num_arena_deaths: 0.
num_vsnodes_births: 2.
num_vsnodes_deaths: 0.
num_space_committed: 49.
num_space_uncommitted: 0.
num_chunks_returned_to_freelist: 0.
num_chunks_taken_from_freelist: 32.
num_chunk_merges: 0.
num_chunk_splits: 22.
num_chunks_enlarged: 19.
num_purges: 0.
num_inconsistent_stats: 0.

CodeHeap 'non-profiled nmethods': size=120000Kb used=232Kb max_used=232Kb free=119768Kb
 bounds [0x000001e607ad0000, 0x000001e607d40000, 0x000001e60f000000]
CodeHeap 'profiled nmethods': size=120000Kb used=1147Kb max_used=1147Kb free=118852Kb
 bounds [0x000001e600000000, 0x000001e600270000, 0x000001e607530000]
CodeHeap 'non-nmethods': size=5760Kb used=1140Kb max_used=1168Kb free=4619Kb
 bounds [0x000001e607530000, 0x000001e6077a0000, 0x000001e607ad0000]
 total_blobs=1088 nmethods=671 adapters=332
 compilation: enabled
              stopped_count=0, restarted_count=0
 full_count=0

Compilation events (20 events):
Event: 0.553 Thread 0x000001e67c22e230  645       3       java.security.Provider$ServiceKey::<init> (39 bytes)
Event: 0.553 Thread 0x000001e67c22e230 nmethod 645 0x000001e600103090 code [0x000001e600103280, 0x000001e6001036c8]
Event: 0.553 Thread 0x000001e67c22e230  646       3       java.security.Provider$ServiceKey::hashCode (19 bytes)
Event: 0.554 Thread 0x000001e67c22e230 nmethod 646 0x000001e600103890 code [0x000001e600103a40, 0x000001e600103bd8]
Event: 0.554 Thread 0x000001e67c22e230  647       1       java.security.Provider$UString::toString (5 bytes)
Event: 0.554 Thread 0x000001e67c22e230 nmethod 647 0x000001e607b06790 code [0x000001e607b06920, 0x000001e607b069f8]
Event: 0.554 Thread 0x000001e67c22e230  648       1       java.security.Provider$Service::getProvider (5 bytes)
Event: 0.554 Thread 0x000001e67c22e230 nmethod 648 0x000001e607b06a90 code [0x000001e607b06c20, 0x000001e607b06cf8]
Event: 0.554 Thread 0x000001e67c22e230  649       3       sun.security.provider.SHA2::implCompress0 (490 bytes)
Event: 0.555 Thread 0x000001e67c22e230 nmethod 649 0x000001e600103d10 code [0x000001e600103f00, 0x000001e600104768]
Event: 0.555 Thread 0x000001e67c22e230  650       3       sun.security.provider.ByteArrayAccess::b2iBig64 (231 bytes)
Event: 0.561 Thread 0x000001e67e98af00 nmethod 637 0x000001e607b06d90 code [0x000001e607b06f60, 0x000001e607b07638]
Event: 0.561 Thread 0x000001e67e98af00  653       4       jdk.internal.misc.Unsafe::getIntUnaligned (12 bytes)
Event: 0.561 Thread 0x000001e67e98af00 nmethod 653 0x000001e607b07a90 code [0x000001e607b07c00, 0x000001e607b07cb8]
Event: 0.561 Thread 0x000001e67e98af00  656 %     4       sun.security.provider.SHA2::implCompress0 @ 27 (490 bytes)
Event: 0.562 Thread 0x000001e67c22e230 nmethod 650 0x000001e600104c10 code [0x000001e600105780, 0x000001e60010c2d8]
Event: 0.562 Thread 0x000001e67c22e230  651       3       sun.security.provider.SHA2::implCompress (13 bytes)
Event: 0.562 Thread 0x000001e67c22e230 nmethod 651 0x000001e60010e210 code [0x000001e60010e400, 0x000001e60010e868]
Event: 0.562 Thread 0x000001e67c22e230  652       3       sun.security.provider.SHA2::implCompressCheck (27 bytes)
Event: 0.562 Thread 0x000001e67c22e230 nmethod 652 0x000001e60010ea90 code [0x000001e60010ec60, 0x000001e60010f018]

GC Heap History (0 events):
No events

Deoptimization events (20 events):
Event: 0.432 Thread 0x000001e6727d2750 Uncommon trap: trap_request=0xffffff45 fr.pc=0x000001e607af6128 relative=0x00000000000005a8
Event: 0.432 Thread 0x000001e6727d2750 Uncommon trap: reason=unstable_if action=reinterpret pc=0x000001e607af6128 method=java.lang.String.replace(Ljava/lang/CharSequence;Ljava/lang/CharSequence;)Ljava/lang/String; @ 48 c2
Event: 0.432 Thread 0x000001e6727d2750 DEOPT PACKING pc=0x000001e607af6128 sp=0x000000064a8fce70
Event: 0.432 Thread 0x000001e6727d2750 DEOPT UNPACKING pc=0x000001e6075858a3 sp=0x000000064a8fcde0 mode 2
Event: 0.453 Thread 0x000001e6727d2750 Uncommon trap: trap_request=0xffffffde fr.pc=0x000001e607af7408 relative=0x0000000000000528
Event: 0.453 Thread 0x000001e6727d2750 Uncommon trap: reason=class_check action=maybe_recompile pc=0x000001e607af7408 method=java.util.Collections$UnmodifiableCollection$1.<init>(Ljava/util/Collections$UnmodifiableCollection;)V @ 17 c2
Event: 0.453 Thread 0x000001e6727d2750 DEOPT PACKING pc=0x000001e607af7408 sp=0x000000064a8fca10
Event: 0.453 Thread 0x000001e6727d2750 DEOPT UNPACKING pc=0x000001e6075858a3 sp=0x000000064a8fc958 mode 2
Event: 0.542 Thread 0x000001e6727d2750 Uncommon trap: trap_request=0xffffffde fr.pc=0x000001e607addce0 relative=0x00000000000006e0
Event: 0.542 Thread 0x000001e6727d2750 Uncommon trap: reason=class_check action=maybe_recompile pc=0x000001e607addce0 method=java.util.HashMap.putVal(ILjava/lang/Object;Ljava/lang/Object;ZZ)Ljava/lang/Object; @ 91 c2
Event: 0.542 Thread 0x000001e6727d2750 DEOPT PACKING pc=0x000001e607addce0 sp=0x000000064a8fe1c0
Event: 0.542 Thread 0x000001e6727d2750 DEOPT UNPACKING pc=0x000001e6075858a3 sp=0x000000064a8fe160 mode 2
Event: 0.542 Thread 0x000001e6727d2750 Uncommon trap: trap_request=0xffffffde fr.pc=0x000001e607afcce0 relative=0x0000000000000940
Event: 0.542 Thread 0x000001e6727d2750 Uncommon trap: reason=class_check action=maybe_recompile pc=0x000001e607afcce0 method=java.util.HashMap.putVal(ILjava/lang/Object;Ljava/lang/Object;ZZ)Ljava/lang/Object; @ 91 c2
Event: 0.542 Thread 0x000001e6727d2750 DEOPT PACKING pc=0x000001e607afcce0 sp=0x000000064a8fe370
Event: 0.542 Thread 0x000001e6727d2750 DEOPT UNPACKING pc=0x000001e6075858a3 sp=0x000000064a8fe288 mode 2
Event: 0.542 Thread 0x000001e6727d2750 Uncommon trap: trap_request=0xffffffde fr.pc=0x000001e607afcce0 relative=0x0000000000000940
Event: 0.542 Thread 0x000001e6727d2750 Uncommon trap: reason=class_check action=maybe_recompile pc=0x000001e607afcce0 method=java.util.HashMap.putVal(ILjava/lang/Object;Ljava/lang/Object;ZZ)Ljava/lang/Object; @ 91 c2
Event: 0.542 Thread 0x000001e6727d2750 DEOPT PACKING pc=0x000001e607afcce0 sp=0x000000064a8fe370
Event: 0.542 Thread 0x000001e6727d2750 DEOPT UNPACKING pc=0x000001e6075858a3 sp=0x000000064a8fe288 mode 2

Classes unloaded (0 events):
No events

Classes redefined (0 events):
No events

Internal exceptions (2 events):
Event: 0.071 Thread 0x000001e6727d2750 Exception <a 'java/lang/NoSuchMethodError'{0x00000000eaca1d88}: 'void java.lang.invoke.DirectMethodHandle$Holder.invokeStatic(java.lang.Object, java.lang.Object, java.lang.Object)'> (0x00000000eaca1d88) 
thrown [s\open\src\hotspot\share\interpreter\linkResolver.cpp, line 759]
Event: 0.237 Thread 0x000001e6727d2750 Exception <a 'java/lang/reflect/InvocationTargetException'{0x00000000eaf6b130}> (0x00000000eaf6b130) 
thrown [s\open\src\hotspot\share\runtime\reflection.cpp, line 1121]

VM Operations (6 events):
Event: 0.073 Executing VM operation: HandshakeAllThreads
Event: 0.073 Executing VM operation: HandshakeAllThreads done
Event: 0.141 Executing VM operation: HandshakeAllThreads
Event: 0.141 Executing VM operation: HandshakeAllThreads done
Event: 0.549 Executing VM operation: HandshakeAllThreads
Event: 0.549 Executing VM operation: HandshakeAllThreads done

Events (20 events):
Event: 0.548 loading class sun/security/util/Length
Event: 0.548 loading class sun/security/util/Length done
Event: 0.548 loading class javax/crypto/SecretKey
Event: 0.548 loading class javax/crypto/SecretKey done
Event: 0.550 loading class java/util/Base64
Event: 0.550 loading class java/util/Base64 done
Event: 0.550 loading class java/util/Base64$Decoder
Event: 0.550 loading class java/util/Base64$Decoder done
Event: 0.551 loading class java/util/Base64$Encoder
Event: 0.551 loading class java/util/Base64$Encoder done
Event: 0.551 loading class java/util/jar/JarVerifier$VerifierStream
Event: 0.552 loading class java/util/jar/JarVerifier$VerifierStream done
Event: 0.552 loading class sun/security/util/ManifestEntryVerifier$SunProviderHolder
Event: 0.552 loading class sun/security/util/ManifestEntryVerifier$SunProviderHolder done
Event: 0.564 loading class java/lang/NumberFormatException
Event: 0.564 loading class java/lang/NumberFormatException done
Event: 0.565 loading class java/lang/SecurityException
Event: 0.565 loading class java/lang/SecurityException done
Event: 0.565 loading class java/security/Policy
Event: 0.565 loading class java/security/Policy done


Dynamic libraries:
0x00007ff603d50000 - 0x00007ff603d60000 	C:\Program Files\Java\jdk-17\bin\java.exe
0x00007ff9fd350000 - 0x00007ff9fd564000 	C:\WINDOWS\SYSTEM32\ntdll.dll
0x00007ff9fb720000 - 0x00007ff9fb7e2000 	C:\WINDOWS\System32\KERNEL32.DLL
0x00007ff9fa8f0000 - 0x00007ff9fac8c000 	C:\WINDOWS\System32\KERNELBASE.dll
0x00007ff9faed0000 - 0x00007ff9fafe1000 	C:\WINDOWS\System32\ucrtbase.dll
0x00007ff9ee770000 - 0x00007ff9ee78b000 	C:\Program Files\Java\jdk-17\bin\VCRUNTIME140.dll
0x00007ff9f6900000 - 0x00007ff9f6918000 	C:\Program Files\Java\jdk-17\bin\jli.dll
0x00007ff9fc860000 - 0x00007ff9fc90e000 	C:\WINDOWS\System32\ADVAPI32.dll
0x00007ff9fbd50000 - 0x00007ff9fbdf7000 	C:\WINDOWS\System32\msvcrt.dll
0x00007ff9fbc90000 - 0x00007ff9fbd34000 	C:\WINDOWS\System32\sechost.dll
0x00007ff9fbe20000 - 0x00007ff9fbf37000 	C:\WINDOWS\System32\RPCRT4.dll
0x00007ff9fce40000 - 0x00007ff9fcfeb000 	C:\WINDOWS\System32\USER32.dll
0x00007ff9fa800000 - 0x00007ff9fa826000 	C:\WINDOWS\System32\win32u.dll
0x00007ff9d5c00000 - 0x00007ff9d5e8e000 	C:\WINDOWS\WinSxS\amd64_microsoft.windows.common-controls_6595b64144ccf1df_6.0.22621.608_none_a9444ca7c10bb01d\COMCTL32.dll
0x00007ff9fd2e0000 - 0x00007ff9fd309000 	C:\WINDOWS\System32\GDI32.dll
0x00007ff9fad10000 - 0x00007ff9fae23000 	C:\WINDOWS\System32\gdi32full.dll
0x00007ff9fae30000 - 0x00007ff9faeca000 	C:\WINDOWS\System32\msvcp_win.dll
0x00007ff9f7f70000 - 0x00007ff9f7f7a000 	C:\WINDOWS\SYSTEM32\VERSION.dll
0x00007ff9fc730000 - 0x00007ff9fc761000 	C:\WINDOWS\System32\IMM32.DLL
0x00007ff9f6e70000 - 0x00007ff9f6e7c000 	C:\Program Files\Java\jdk-17\bin\vcruntime140_1.dll
0x00007ff9d4c60000 - 0x00007ff9d4cee000 	C:\Program Files\Java\jdk-17\bin\msvcp140.dll
0x00007ff96ec00000 - 0x00007ff96f7d7000 	C:\Program Files\Java\jdk-17\bin\server\jvm.dll
0x00007ff9fc850000 - 0x00007ff9fc858000 	C:\WINDOWS\System32\PSAPI.DLL
0x00007ff9cd780000 - 0x00007ff9cd789000 	C:\WINDOWS\SYSTEM32\WSOCK32.dll
0x00007ff9fb6a0000 - 0x00007ff9fb711000 	C:\WINDOWS\System32\WS2_32.dll
0x00007ff9f1410000 - 0x00007ff9f1444000 	C:\WINDOWS\SYSTEM32\WINMM.dll
0x00007ff9f9860000 - 0x00007ff9f9878000 	C:\WINDOWS\SYSTEM32\kernel.appcore.dll
0x00007ff9f5390000 - 0x00007ff9f539a000 	C:\Program Files\Java\jdk-17\bin\jimage.dll
0x00007ff9f7ce0000 - 0x00007ff9f7f0e000 	C:\WINDOWS\SYSTEM32\DBGHELP.DLL
0x00007ff9fb160000 - 0x00007ff9fb4e9000 	C:\WINDOWS\System32\combase.dll
0x00007ff9fc770000 - 0x00007ff9fc847000 	C:\WINDOWS\System32\OLEAUT32.dll
0x00007ff9cd850000 - 0x00007ff9cd882000 	C:\WINDOWS\SYSTEM32\dbgcore.DLL
0x00007ff9fac90000 - 0x00007ff9fad0b000 	C:\WINDOWS\System32\bcryptPrimitives.dll
0x00007ff9f4aa0000 - 0x00007ff9f4aae000 	C:\Program Files\Java\jdk-17\bin\instrument.dll
0x00007ff9dd3b0000 - 0x00007ff9dd3d5000 	C:\Program Files\Java\jdk-17\bin\java.dll
0x00007ff997800000 - 0x00007ff9978d7000 	C:\Program Files\Java\jdk-17\bin\jsvml.dll
0x00007ff9fbf40000 - 0x00007ff9fc730000 	C:\WINDOWS\System32\SHELL32.dll
0x00007ff9f87a0000 - 0x00007ff9f906d000 	C:\WINDOWS\SYSTEM32\windows.storage.dll
0x00007ff9f8660000 - 0x00007ff9f879e000 	C:\WINDOWS\SYSTEM32\wintypes.dll
0x00007ff9fcff0000 - 0x00007ff9fd0e1000 	C:\WINDOWS\System32\SHCORE.dll
0x00007ff9fcc10000 - 0x00007ff9fcc6e000 	C:\WINDOWS\System32\shlwapi.dll
0x00007ff9fa6c0000 - 0x00007ff9fa6e1000 	C:\WINDOWS\SYSTEM32\profapi.dll
0x00007ff9dd1e0000 - 0x00007ff9dd1f8000 	C:\Program Files\Java\jdk-17\bin\zip.dll
0x00007ff9ee0e0000 - 0x00007ff9ee0f9000 	C:\Program Files\Java\jdk-17\bin\net.dll
0x00007ff9f47c0000 - 0x00007ff9f48f7000 	C:\WINDOWS\SYSTEM32\WINHTTP.dll
0x00007ff9f9d40000 - 0x00007ff9f9da9000 	C:\WINDOWS\system32\mswsock.dll
0x00007ff9dd2a0000 - 0x00007ff9dd2b6000 	C:\Program Files\Java\jdk-17\bin\nio.dll
0x00007ff9f22f0000 - 0x00007ff9f2300000 	C:\Program Files\Java\jdk-17\bin\verify.dll

dbghelp: loaded successfully - version: 4.0.5 - missing functions: none
symbol engine: initialized successfully - sym options: 0x614 - pdb path: .;C:\Program Files\Java\jdk-17\bin;C:\WINDOWS\SYSTEM32;C:\WINDOWS\WinSxS\amd64_microsoft.windows.common-controls_6595b64144ccf1df_6.0.22621.608_none_a9444ca7c10bb01d;C:\Program Files\Java\jdk-17\bin\server

VM Arguments:
jvm_args: --add-modules=ALL-SYSTEM --add-opens=java.base/java.util=ALL-UNNAMED --add-opens=java.base/java.lang=ALL-UNNAMED --add-opens=java.base/sun.nio.fs=ALL-UNNAMED -Declipse.application=org.eclipse.jdt.ls.core.id1 -Dosgi.bundles.defaultStartLevel=4 -Declipse.product=org.eclipse.jdt.ls.core.product -Djava.import.generatesMetadataFilesAtProjectRoot=false -Dfile.encoding=utf8 -XX:+UseParallelGC -XX:GCTimeRatio=4 -XX:AdaptiveSizePolicyWeight=90 -Dsun.zip.disableMemoryMapping=true -Xmx1G -Xms100m -Xlog:disable -javaagent:c:\Users\nat24\.vscode\extensions\redhat.java-1.16.0-win32-x64\lombok\lombok-1.18.24.jar -XX:+HeapDumpOnOutOfMemoryError -XX:HeapDumpPath=c:\Users\nat24\AppData\Roaming\Code\User\workspaceStorage\7ee068461fea0a2cbf1ecac1b635f22a\redhat.java 
java_command: c:\Users\nat24\.vscode\extensions\redhat.java-1.16.0-win32-x64\server\plugins\org.eclipse.equinox.launcher_1.6.400.v20210924-0641.jar -configuration c:\Users\nat24\AppData\Roaming\Code\User\globalStorage\redhat.java\1.16.0\config_win -data c:\Users\nat24\AppData\Roaming\Code\User\workspaceStorage\7ee068461fea0a2cbf1ecac1b635f22a\redhat.java\jdt_ws
java_class_path (initial): c:\Users\nat24\.vscode\extensions\redhat.java-1.16.0-win32-x64\server\plugins\org.eclipse.equinox.launcher_1.6.400.v20210924-0641.jar
Launcher Type: SUN_STANDARD

[Global flags]
    uintx AdaptiveSizePolicyWeight                 = 90                                        {product} {command line}
     intx CICompilerCount                          = 4                                         {product} {ergonomic}
    uintx GCTimeRatio                              = 4                                         {product} {command line}
     bool HeapDumpOnOutOfMemoryError               = true                                   {manageable} {command line}
    ccstr HeapDumpPath                             = c:\Users\nat24\AppData\Roaming\Code\User\workspaceStorage\7ee068461fea0a2cbf1ecac1b635f22a\redhat.java         {manageable} {command line}
   size_t InitialHeapSize                          = 104857600                                 {product} {command line}
   size_t MaxHeapSize                              = 1073741824                                {product} {command line}
   size_t MaxNewSize                               = 357564416                                 {product} {ergonomic}
   size_t MinHeapDeltaBytes                        = 524288                                    {product} {ergonomic}
   size_t MinHeapSize                              = 104857600                                 {product} {command line}
   size_t NewSize                                  = 34603008                                  {product} {ergonomic}
    uintx NonNMethodCodeHeapSize                   = 5839372                                {pd product} {ergonomic}
    uintx NonProfiledCodeHeapSize                  = 122909434                              {pd product} {ergonomic}
   size_t OldSize                                  = 70254592                                  {product} {ergonomic}
    uintx ProfiledCodeHeapSize                     = 122909434                              {pd product} {ergonomic}
    uintx ReservedCodeCacheSize                    = 251658240                              {pd product} {ergonomic}
     bool SegmentedCodeCache                       = true                                      {product} {ergonomic}
   size_t SoftMaxHeapSize                          = 1073741824                             {manageable} {ergonomic}
     bool UseCompressedClassPointers               = true                           {product lp64_product} {ergonomic}
     bool UseCompressedOops                        = true                           {product lp64_product} {ergonomic}
     bool UseLargePagesIndividualAllocation        = false                                  {pd product} {ergonomic}
     bool UseParallelGC                            = true                                      {product} {command line}

Logging:
Log output configuration:
 #0: stdout all=off uptime,level,tags
 #1: stderr all=off uptime,level,tags

Environment Variables:
CLASSPATH=C:\Users\nat24\eclipse-workspace
PATH=C:\Program Files\Common Files\Oracle\Java\javapath;C:\Python310\Scripts\;C:\Python310\;C:\WINDOWS\system32;C:\WINDOWS;C:\WINDOWS\System32\Wbem;C:\WINDOWS\System32\WindowsPowerShell\v1.0\;C:\WINDOWS\System32\OpenSSH\;C:\Program Files\nodejs\;C:\ProgramData\chocolatey\bin;C:\Program Files\Git\cmd;C:\Program Files\PuTTY\;C:\Users\nat24\AppData\Local\Microsoft\WindowsApps;C:\Users\nat24\AppData\Roaming\npm;C:\Users\nat24\eclipse-workspace\Assignment_1\bin;C:\Users\nat24\AppData\Local\Programs\Microsoft VS Code\bin;
USERNAME=nat24
OS=Windows_NT
PROCESSOR_IDENTIFIER=Intel64 Family 6 Model 140 Stepping 1, GenuineIntel



---------------  S Y S T E M  ---------------

OS:
 Windows 11 , 64 bit Build 22621 (10.0.22621.1485)
OS uptime: 0 days 13:04 hours

CPU: total 8 (initial active 8) (4 cores per cpu, 2 threads per core) family 6 model 140 stepping 1 microcode 0xa6, cx8, cmov, fxsr, ht, mmx, 3dnowpref, sse, sse2, sse3, ssse3, sse4.1, sse4.2, popcnt, lzcnt, tsc, tscinvbit, avx, avx2, aes, erms, clmul, bmi1, bmi2, adx, avx512f, avx512dq, avx512cd, avx512bw, avx512vl, sha, fma, vzeroupper, avx512_vpopcntdq, avx512_vpclmulqdq, avx512_vaes, avx512_vnni, clflush, clflushopt, clwb, avx512_vbmi2, avx512_vbmi

Memory: 4k page, system-wide physical 16064M (2600M free)
TotalPageFile size 65216M (AvailPageFile size 5M)
current process WorkingSet (physical memory assigned to process): 60M, peak: 60M
current process commit charge ("private bytes"): 203M, peak: 204M

vm_info: Java HotSpot(TM) 64-Bit Server VM (17.0.6+9-LTS-190) for windows-amd64 JRE (17.0.6+9-LTS-190), built on Dec  6 2022 15:53:54 by "mach5one" with MS VC++ 17.1 (VS2022)

END.
